[3.643s] Invoking command in '/home/abdy/ros2_ws/src/signal_processing': PYTHONPATH=/home/abdy/ros2_ws/build/signal_processing/prefix_override:/usr/lib/python3/dist-packages/colcon_core/task/python/colcon_distutils_commands:/home/abdy/ros2_ws/install/signal_processing/lib/python3.10/site-packages:${PYTHONPATH} /usr/bin/python3 -W ignore:setup.py install is deprecated -W ignore:easy_install command is deprecated setup.py egg_info --egg-base ../../build/signal_processing build --build-base /home/abdy/ros2_ws/build/signal_processing/build install --record /home/abdy/ros2_ws/build/signal_processing/install.log --single-version-externally-managed install_data
[4.433s] running egg_info
[4.435s] writing ../../build/signal_processing/signal_processing.egg-info/PKG-INFO
[4.437s] writing dependency_links to ../../build/signal_processing/signal_processing.egg-info/dependency_links.txt
[4.438s] writing entry points to ../../build/signal_processing/signal_processing.egg-info/entry_points.txt
[4.438s] writing requirements to ../../build/signal_processing/signal_processing.egg-info/requires.txt
[4.439s] writing top-level names to ../../build/signal_processing/signal_processing.egg-info/top_level.txt
[4.444s] reading manifest file '../../build/signal_processing/signal_processing.egg-info/SOURCES.txt'
[4.447s] writing manifest file '../../build/signal_processing/signal_processing.egg-info/SOURCES.txt'
[4.448s] running build
[4.448s] running build_py
[4.450s] running install
[4.451s] running install_lib
[4.459s] running install_data
[4.460s] running install_egg_info
[4.467s] removing '/home/abdy/ros2_ws/install/signal_processing/lib/python3.10/site-packages/signal_processing-0.0.0-py3.10.egg-info' (and everything under it)
[4.469s] Copying ../../build/signal_processing/signal_processing.egg-info to /home/abdy/ros2_ws/install/signal_processing/lib/python3.10/site-packages/signal_processing-0.0.0-py3.10.egg-info
[4.471s] running install_scripts
[4.547s] Installing PROCESS script to /home/abdy/ros2_ws/install/signal_processing/lib/signal_processing
[4.548s] Installing a script to /home/abdy/ros2_ws/install/signal_processing/lib/signal_processing
[4.550s] Installing process script to /home/abdy/ros2_ws/install/signal_processing/lib/signal_processing
[4.551s] Installing random_generator script to /home/abdy/ros2_ws/install/signal_processing/lib/signal_processing
[4.551s] Installing signal_generator script to /home/abdy/ros2_ws/install/signal_processing/lib/signal_processing
[4.552s] Installing signal_generator_param script to /home/abdy/ros2_ws/install/signal_processing/lib/signal_processing
[4.555s] writing list of installed files to '/home/abdy/ros2_ws/build/signal_processing/install.log'
[4.632s] Invoked command in '/home/abdy/ros2_ws/src/signal_processing' returned '0': PYTHONPATH=/home/abdy/ros2_ws/build/signal_processing/prefix_override:/usr/lib/python3/dist-packages/colcon_core/task/python/colcon_distutils_commands:/home/abdy/ros2_ws/install/signal_processing/lib/python3.10/site-packages:${PYTHONPATH} /usr/bin/python3 -W ignore:setup.py install is deprecated -W ignore:easy_install command is deprecated setup.py egg_info --egg-base ../../build/signal_processing build --build-base /home/abdy/ros2_ws/build/signal_processing/build install --record /home/abdy/ros2_ws/build/signal_processing/install.log --single-version-externally-managed install_data
