[0.632s] Invoking command in '/home/abdy/ros2_ws/src/signal_processing': PYTHONPATH=/home/abdy/ros2_ws/build/signal_processing/prefix_override:/usr/lib/python3/dist-packages/colcon_core/task/python/colcon_distutils_commands:/home/abdy/ros2_ws/install/signal_processing/lib/python3.10/site-packages:${PYTHONPATH} /usr/bin/python3 -W ignore:setup.py install is deprecated -W ignore:easy_install command is deprecated setup.py egg_info --egg-base ../../build/signal_processing build --build-base /home/abdy/ros2_ws/build/signal_processing/build install --record /home/abdy/ros2_ws/build/signal_processing/install.log --single-version-externally-managed install_data
[0.832s] running egg_info
[0.833s] writing ../../build/signal_processing/signal_processing.egg-info/PKG-INFO
[0.833s] writing dependency_links to ../../build/signal_processing/signal_processing.egg-info/dependency_links.txt
[0.834s] writing entry points to ../../build/signal_processing/signal_processing.egg-info/entry_points.txt
[0.834s] writing requirements to ../../build/signal_processing/signal_processing.egg-info/requires.txt
[0.834s] writing top-level names to ../../build/signal_processing/signal_processing.egg-info/top_level.txt
[0.837s] reading manifest file '../../build/signal_processing/signal_processing.egg-info/SOURCES.txt'
[0.839s] writing manifest file '../../build/signal_processing/signal_processing.egg-info/SOURCES.txt'
[0.839s] running build
[0.839s] running build_py
[0.839s] copying signal_processing/signal_generator.py -> /home/abdy/ros2_ws/build/signal_processing/build/lib/signal_processing
[0.841s] running install
[0.841s] running install_lib
[0.842s] copying /home/abdy/ros2_ws/build/signal_processing/build/lib/signal_processing/signal_generator.py -> /home/abdy/ros2_ws/install/signal_processing/lib/python3.10/site-packages/signal_processing
[0.843s] byte-compiling /home/abdy/ros2_ws/install/signal_processing/lib/python3.10/site-packages/signal_processing/signal_generator.py to signal_generator.cpython-310.pyc
[0.843s] running install_data
[0.844s] running install_egg_info
[0.845s] removing '/home/abdy/ros2_ws/install/signal_processing/lib/python3.10/site-packages/signal_processing-0.0.0-py3.10.egg-info' (and everything under it)
[0.845s] Copying ../../build/signal_processing/signal_processing.egg-info to /home/abdy/ros2_ws/install/signal_processing/lib/python3.10/site-packages/signal_processing-0.0.0-py3.10.egg-info
[0.847s] running install_scripts
[0.868s] Installing PROCESS script to /home/abdy/ros2_ws/install/signal_processing/lib/signal_processing
[0.868s] Installing a script to /home/abdy/ros2_ws/install/signal_processing/lib/signal_processing
[0.868s] Installing process script to /home/abdy/ros2_ws/install/signal_processing/lib/signal_processing
[0.870s] Installing random_generator script to /home/abdy/ros2_ws/install/signal_processing/lib/signal_processing
[0.870s] Installing signal_generator script to /home/abdy/ros2_ws/install/signal_processing/lib/signal_processing
[0.870s] Installing signal_generator_param script to /home/abdy/ros2_ws/install/signal_processing/lib/signal_processing
[0.870s] writing list of installed files to '/home/abdy/ros2_ws/build/signal_processing/install.log'
[0.896s] Invoked command in '/home/abdy/ros2_ws/src/signal_processing' returned '0': PYTHONPATH=/home/abdy/ros2_ws/build/signal_processing/prefix_override:/usr/lib/python3/dist-packages/colcon_core/task/python/colcon_distutils_commands:/home/abdy/ros2_ws/install/signal_processing/lib/python3.10/site-packages:${PYTHONPATH} /usr/bin/python3 -W ignore:setup.py install is deprecated -W ignore:easy_install command is deprecated setup.py egg_info --egg-base ../../build/signal_processing build --build-base /home/abdy/ros2_ws/build/signal_processing/build install --record /home/abdy/ros2_ws/build/signal_processing/install.log --single-version-externally-managed install_data
