[3.102s] Invoking command in '/home/abdy/ros2_ws/src/motor_control': PYTHONPATH=/home/abdy/ros2_ws/build/motor_control/prefix_override:/usr/lib/python3/dist-packages/colcon_core/task/python/colcon_distutils_commands:/home/abdy/ros2_ws/install/motor_control/lib/python3.10/site-packages:${PYTHONPATH} /usr/bin/python3 -W ignore:setup.py install is deprecated -W ignore:easy_install command is deprecated setup.py egg_info --egg-base ../../build/motor_control build --build-base /home/abdy/ros2_ws/build/motor_control/build install --record /home/abdy/ros2_ws/build/motor_control/install.log --single-version-externally-managed install_data
[4.062s] running egg_info
[4.066s] writing ../../build/motor_control/motor_control.egg-info/PKG-INFO
[4.074s] writing dependency_links to ../../build/motor_control/motor_control.egg-info/dependency_links.txt
[4.074s] writing entry points to ../../build/motor_control/motor_control.egg-info/entry_points.txt
[4.074s] writing requirements to ../../build/motor_control/motor_control.egg-info/requires.txt
[4.074s] writing top-level names to ../../build/motor_control/motor_control.egg-info/top_level.txt
[4.076s] reading manifest file '../../build/motor_control/motor_control.egg-info/SOURCES.txt'
[4.081s] adding license file 'LICENSE'
[4.085s] writing manifest file '../../build/motor_control/motor_control.egg-info/SOURCES.txt'
[4.092s] running build
[4.092s] running build_py
[4.092s] running install
[4.092s] running install_lib
[4.093s] running install_data
[4.099s] running install_egg_info
[4.114s] removing '/home/abdy/ros2_ws/install/motor_control/lib/python3.10/site-packages/motor_control-0.0.0-py3.10.egg-info' (and everything under it)
[4.114s] Copying ../../build/motor_control/motor_control.egg-info to /home/abdy/ros2_ws/install/motor_control/lib/python3.10/site-packages/motor_control-0.0.0-py3.10.egg-info
[4.121s] running install_scripts
[4.255s] Installing dc_motor script to /home/abdy/ros2_ws/install/motor_control/lib/motor_control
[4.257s] Installing set_point script to /home/abdy/ros2_ws/install/motor_control/lib/motor_control
[4.260s] writing list of installed files to '/home/abdy/ros2_ws/build/motor_control/install.log'
[4.402s] Invoked command in '/home/abdy/ros2_ws/src/motor_control' returned '0': PYTHONPATH=/home/abdy/ros2_ws/build/motor_control/prefix_override:/usr/lib/python3/dist-packages/colcon_core/task/python/colcon_distutils_commands:/home/abdy/ros2_ws/install/motor_control/lib/python3.10/site-packages:${PYTHONPATH} /usr/bin/python3 -W ignore:setup.py install is deprecated -W ignore:easy_install command is deprecated setup.py egg_info --egg-base ../../build/motor_control build --build-base /home/abdy/ros2_ws/build/motor_control/build install --record /home/abdy/ros2_ws/build/motor_control/install.log --single-version-externally-managed install_data
