[0.030s] Invoking command in '/home/abdy/ros2_ws/build/my_interfaces': CMAKE_PREFIX_PATH=${CMAKE_PREFIX_PATH}:/home/abdy/ros2_ws/install/signal_processing:/home/abdy/ros2_ws/install/my_py_pkg:/home/abdy/ros2_ws/install/motor_control:/home/abdy/ros2_ws/install/mini_challenge:/home/abdy/ros2_ws/install/challenge_1:/home/abdy/ros2_ws/install/challenge2:/home/abdy/ros2_ws/install/challenge1:/home/abdy/ros2_ws/install/basic_comms:/opt/ros/humble /usr/bin/cmake --build /home/abdy/ros2_ws/build/my_interfaces -- -j6 -l6
[0.246s] [  2%] Built target my_interfaces__cpp
[0.299s] [  2%] Built target ament_cmake_python_copy_my_interfaces
[0.301s] [ 12%] Built target my_interfaces__rosidl_generator_c
[0.350s] [ 23%] Built target my_interfaces__rosidl_typesupport_fastrtps_cpp
[0.361s] [ 33%] Built target my_interfaces__rosidl_typesupport_cpp
[0.381s] [ 43%] Built target my_interfaces__rosidl_typesupport_introspection_cpp
[0.393s] [ 53%] Built target my_interfaces__rosidl_typesupport_introspection_c
[0.418s] [ 64%] Built target my_interfaces__rosidl_typesupport_c
[0.420s] [ 74%] Built target my_interfaces__rosidl_typesupport_fastrtps_c
[0.497s] [ 74%] Built target my_interfaces
[0.558s] [ 76%] Built target my_interfaces__py
[0.647s] [ 84%] Built target my_interfaces__rosidl_generator_py
[0.720s] running egg_info
[0.720s] writing my_interfaces.egg-info/PKG-INFO
[0.720s] writing dependency_links to my_interfaces.egg-info/dependency_links.txt
[0.728s] writing top-level names to my_interfaces.egg-info/top_level.txt
[0.735s] reading manifest file 'my_interfaces.egg-info/SOURCES.txt'
[0.736s] writing manifest file 'my_interfaces.egg-info/SOURCES.txt'
[0.736s] [ 89%] Built target my_interfaces__rosidl_typesupport_introspection_c__pyext
[0.765s] [ 94%] Built target my_interfaces__rosidl_typesupport_fastrtps_c__pyext
[0.791s] [100%] Built target my_interfaces__rosidl_typesupport_c__pyext
[0.810s] [100%] Built target ament_cmake_python_build_my_interfaces_egg
[0.856s] Invoked command in '/home/abdy/ros2_ws/build/my_interfaces' returned '0': CMAKE_PREFIX_PATH=${CMAKE_PREFIX_PATH}:/home/abdy/ros2_ws/install/signal_processing:/home/abdy/ros2_ws/install/my_py_pkg:/home/abdy/ros2_ws/install/motor_control:/home/abdy/ros2_ws/install/mini_challenge:/home/abdy/ros2_ws/install/challenge_1:/home/abdy/ros2_ws/install/challenge2:/home/abdy/ros2_ws/install/challenge1:/home/abdy/ros2_ws/install/basic_comms:/opt/ros/humble /usr/bin/cmake --build /home/abdy/ros2_ws/build/my_interfaces -- -j6 -l6
[0.859s] Invoking command in '/home/abdy/ros2_ws/build/my_interfaces': CMAKE_PREFIX_PATH=${CMAKE_PREFIX_PATH}:/home/abdy/ros2_ws/install/signal_processing:/home/abdy/ros2_ws/install/my_py_pkg:/home/abdy/ros2_ws/install/motor_control:/home/abdy/ros2_ws/install/mini_challenge:/home/abdy/ros2_ws/install/challenge_1:/home/abdy/ros2_ws/install/challenge2:/home/abdy/ros2_ws/install/challenge1:/home/abdy/ros2_ws/install/basic_comms:/opt/ros/humble /usr/bin/cmake --install /home/abdy/ros2_ws/build/my_interfaces
[0.882s] -- Install configuration: ""
[0.888s] -- Up-to-date: /home/abdy/ros2_ws/install/my_interfaces/share/ament_index/resource_index/rosidl_interfaces/my_interfaces
[0.888s] -- Up-to-date: /home/abdy/ros2_ws/install/my_interfaces/include/my_interfaces/my_interfaces
[0.888s] -- Up-to-date: /home/abdy/ros2_ws/install/my_interfaces/include/my_interfaces/my_interfaces/msg
[0.888s] -- Up-to-date: /home/abdy/ros2_ws/install/my_interfaces/include/my_interfaces/my_interfaces/msg/detail
[0.888s] -- Up-to-date: /home/abdy/ros2_ws/install/my_interfaces/include/my_interfaces/my_interfaces/msg/detail/hardware_status__functions.h
[0.888s] -- Up-to-date: /home/abdy/ros2_ws/install/my_interfaces/include/my_interfaces/my_interfaces/msg/detail/hardware_status__struct.h
[0.888s] -- Up-to-date: /home/abdy/ros2_ws/install/my_interfaces/include/my_interfaces/my_interfaces/msg/detail/hardware_status__type_support.h
[0.888s] -- Up-to-date: /home/abdy/ros2_ws/install/my_interfaces/include/my_interfaces/my_interfaces/msg/detail/hardware_status__functions.c
[0.889s] -- Up-to-date: /home/abdy/ros2_ws/install/my_interfaces/include/my_interfaces/my_interfaces/msg/rosidl_generator_c__visibility_control.h
[0.889s] -- Up-to-date: /home/abdy/ros2_ws/install/my_interfaces/include/my_interfaces/my_interfaces/msg/hardware_status.h
[0.889s] -- Up-to-date: /home/abdy/ros2_ws/install/my_interfaces/include/my_interfaces/my_interfaces/srv
[0.891s] -- Up-to-date: /home/abdy/ros2_ws/install/my_interfaces/include/my_interfaces/my_interfaces/srv/compute_rectangle_area.h
[0.892s] -- Up-to-date: /home/abdy/ros2_ws/install/my_interfaces/include/my_interfaces/my_interfaces/srv/detail
[0.892s] -- Up-to-date: /home/abdy/ros2_ws/install/my_interfaces/include/my_interfaces/my_interfaces/srv/detail/compute_rectangle_area__functions.c
[0.892s] -- Up-to-date: /home/abdy/ros2_ws/install/my_interfaces/include/my_interfaces/my_interfaces/srv/detail/compute_rectangle_area__type_support.h
[0.892s] -- Up-to-date: /home/abdy/ros2_ws/install/my_interfaces/include/my_interfaces/my_interfaces/srv/detail/compute_rectangle_area__struct.h
[0.892s] -- Up-to-date: /home/abdy/ros2_ws/install/my_interfaces/include/my_interfaces/my_interfaces/srv/detail/compute_rectangle_area__functions.h
[0.892s] -- Up-to-date: /home/abdy/ros2_ws/install/my_interfaces/share/my_interfaces/environment/library_path.sh
[0.892s] -- Up-to-date: /home/abdy/ros2_ws/install/my_interfaces/share/my_interfaces/environment/library_path.dsv
[0.892s] -- Up-to-date: /home/abdy/ros2_ws/install/my_interfaces/lib/libmy_interfaces__rosidl_generator_c.so
[0.892s] -- Up-to-date: /home/abdy/ros2_ws/install/my_interfaces/include/my_interfaces/my_interfaces
[0.892s] -- Up-to-date: /home/abdy/ros2_ws/install/my_interfaces/include/my_interfaces/my_interfaces/msg
[0.892s] -- Up-to-date: /home/abdy/ros2_ws/install/my_interfaces/include/my_interfaces/my_interfaces/msg/detail
[0.892s] -- Up-to-date: /home/abdy/ros2_ws/install/my_interfaces/include/my_interfaces/my_interfaces/msg/detail/hardware_status__rosidl_typesupport_fastrtps_c.h
[0.892s] -- Up-to-date: /home/abdy/ros2_ws/install/my_interfaces/include/my_interfaces/my_interfaces/msg/rosidl_typesupport_fastrtps_c__visibility_control.h
[0.892s] -- Up-to-date: /home/abdy/ros2_ws/install/my_interfaces/include/my_interfaces/my_interfaces/srv
[0.892s] -- Up-to-date: /home/abdy/ros2_ws/install/my_interfaces/include/my_interfaces/my_interfaces/srv/detail
[0.892s] -- Up-to-date: /home/abdy/ros2_ws/install/my_interfaces/include/my_interfaces/my_interfaces/srv/detail/compute_rectangle_area__rosidl_typesupport_fastrtps_c.h
[0.892s] -- Up-to-date: /home/abdy/ros2_ws/install/my_interfaces/lib/libmy_interfaces__rosidl_typesupport_fastrtps_c.so
[0.892s] -- Up-to-date: /home/abdy/ros2_ws/install/my_interfaces/include/my_interfaces/my_interfaces
[0.892s] -- Up-to-date: /home/abdy/ros2_ws/install/my_interfaces/include/my_interfaces/my_interfaces/msg
[0.892s] -- Up-to-date: /home/abdy/ros2_ws/install/my_interfaces/include/my_interfaces/my_interfaces/msg/rosidl_typesupport_introspection_c__visibility_control.h
[0.892s] -- Up-to-date: /home/abdy/ros2_ws/install/my_interfaces/include/my_interfaces/my_interfaces/msg/detail
[0.892s] -- Up-to-date: /home/abdy/ros2_ws/install/my_interfaces/include/my_interfaces/my_interfaces/msg/detail/hardware_status__rosidl_typesupport_introspection_c.h
[0.892s] -- Up-to-date: /home/abdy/ros2_ws/install/my_interfaces/include/my_interfaces/my_interfaces/msg/detail/hardware_status__type_support.c
[0.892s] -- Up-to-date: /home/abdy/ros2_ws/install/my_interfaces/include/my_interfaces/my_interfaces/srv
[0.893s] -- Up-to-date: /home/abdy/ros2_ws/install/my_interfaces/include/my_interfaces/my_interfaces/srv/detail
[0.893s] -- Up-to-date: /home/abdy/ros2_ws/install/my_interfaces/include/my_interfaces/my_interfaces/srv/detail/compute_rectangle_area__rosidl_typesupport_introspection_c.h
[0.893s] -- Up-to-date: /home/abdy/ros2_ws/install/my_interfaces/include/my_interfaces/my_interfaces/srv/detail/compute_rectangle_area__type_support.c
[0.893s] -- Up-to-date: /home/abdy/ros2_ws/install/my_interfaces/lib/libmy_interfaces__rosidl_typesupport_introspection_c.so
[0.893s] -- Up-to-date: /home/abdy/ros2_ws/install/my_interfaces/lib/libmy_interfaces__rosidl_typesupport_c.so
[0.893s] -- Up-to-date: /home/abdy/ros2_ws/install/my_interfaces/include/my_interfaces/my_interfaces
[0.893s] -- Up-to-date: /home/abdy/ros2_ws/install/my_interfaces/include/my_interfaces/my_interfaces/msg
[0.893s] -- Up-to-date: /home/abdy/ros2_ws/install/my_interfaces/include/my_interfaces/my_interfaces/msg/hardware_status.hpp
[0.893s] -- Up-to-date: /home/abdy/ros2_ws/install/my_interfaces/include/my_interfaces/my_interfaces/msg/detail
[0.893s] -- Up-to-date: /home/abdy/ros2_ws/install/my_interfaces/include/my_interfaces/my_interfaces/msg/detail/hardware_status__struct.hpp
[0.893s] -- Up-to-date: /home/abdy/ros2_ws/install/my_interfaces/include/my_interfaces/my_interfaces/msg/detail/hardware_status__builder.hpp
[0.893s] -- Up-to-date: /home/abdy/ros2_ws/install/my_interfaces/include/my_interfaces/my_interfaces/msg/detail/hardware_status__traits.hpp
[0.893s] -- Up-to-date: /home/abdy/ros2_ws/install/my_interfaces/include/my_interfaces/my_interfaces/msg/detail/hardware_status__type_support.hpp
[0.893s] -- Up-to-date: /home/abdy/ros2_ws/install/my_interfaces/include/my_interfaces/my_interfaces/msg/rosidl_generator_cpp__visibility_control.hpp
[0.893s] -- Up-to-date: /home/abdy/ros2_ws/install/my_interfaces/include/my_interfaces/my_interfaces/srv
[0.893s] -- Up-to-date: /home/abdy/ros2_ws/install/my_interfaces/include/my_interfaces/my_interfaces/srv/compute_rectangle_area.hpp
[0.893s] -- Up-to-date: /home/abdy/ros2_ws/install/my_interfaces/include/my_interfaces/my_interfaces/srv/detail
[0.893s] -- Up-to-date: /home/abdy/ros2_ws/install/my_interfaces/include/my_interfaces/my_interfaces/srv/detail/compute_rectangle_area__builder.hpp
[0.894s] -- Up-to-date: /home/abdy/ros2_ws/install/my_interfaces/include/my_interfaces/my_interfaces/srv/detail/compute_rectangle_area__traits.hpp
[0.894s] -- Up-to-date: /home/abdy/ros2_ws/install/my_interfaces/include/my_interfaces/my_interfaces/srv/detail/compute_rectangle_area__type_support.hpp
[0.894s] -- Up-to-date: /home/abdy/ros2_ws/install/my_interfaces/include/my_interfaces/my_interfaces/srv/detail/compute_rectangle_area__struct.hpp
[0.894s] -- Up-to-date: /home/abdy/ros2_ws/install/my_interfaces/include/my_interfaces/my_interfaces
[0.894s] -- Up-to-date: /home/abdy/ros2_ws/install/my_interfaces/include/my_interfaces/my_interfaces/msg
[0.894s] -- Up-to-date: /home/abdy/ros2_ws/install/my_interfaces/include/my_interfaces/my_interfaces/msg/detail
[0.894s] -- Up-to-date: /home/abdy/ros2_ws/install/my_interfaces/include/my_interfaces/my_interfaces/msg/detail/dds_fastrtps
[0.894s] -- Up-to-date: /home/abdy/ros2_ws/install/my_interfaces/include/my_interfaces/my_interfaces/msg/detail/hardware_status__rosidl_typesupport_fastrtps_cpp.hpp
[0.894s] -- Up-to-date: /home/abdy/ros2_ws/install/my_interfaces/include/my_interfaces/my_interfaces/msg/rosidl_typesupport_fastrtps_cpp__visibility_control.h
[0.894s] -- Up-to-date: /home/abdy/ros2_ws/install/my_interfaces/include/my_interfaces/my_interfaces/srv
[0.894s] -- Up-to-date: /home/abdy/ros2_ws/install/my_interfaces/include/my_interfaces/my_interfaces/srv/detail
[0.894s] -- Up-to-date: /home/abdy/ros2_ws/install/my_interfaces/include/my_interfaces/my_interfaces/srv/detail/dds_fastrtps
[0.894s] -- Up-to-date: /home/abdy/ros2_ws/install/my_interfaces/include/my_interfaces/my_interfaces/srv/detail/compute_rectangle_area__rosidl_typesupport_fastrtps_cpp.hpp
[0.894s] -- Up-to-date: /home/abdy/ros2_ws/install/my_interfaces/lib/libmy_interfaces__rosidl_typesupport_fastrtps_cpp.so
[0.894s] -- Up-to-date: /home/abdy/ros2_ws/install/my_interfaces/include/my_interfaces/my_interfaces
[0.894s] -- Up-to-date: /home/abdy/ros2_ws/install/my_interfaces/include/my_interfaces/my_interfaces/msg
[0.895s] -- Up-to-date: /home/abdy/ros2_ws/install/my_interfaces/include/my_interfaces/my_interfaces/msg/detail
[0.897s] -- Up-to-date: /home/abdy/ros2_ws/install/my_interfaces/include/my_interfaces/my_interfaces/msg/detail/hardware_status__type_support.cpp
[0.897s] -- Up-to-date: /home/abdy/ros2_ws/install/my_interfaces/include/my_interfaces/my_interfaces/msg/detail/hardware_status__rosidl_typesupport_introspection_cpp.hpp
[0.897s] -- Up-to-date: /home/abdy/ros2_ws/install/my_interfaces/include/my_interfaces/my_interfaces/srv
[0.897s] -- Up-to-date: /home/abdy/ros2_ws/install/my_interfaces/include/my_interfaces/my_interfaces/srv/detail
[0.897s] -- Up-to-date: /home/abdy/ros2_ws/install/my_interfaces/include/my_interfaces/my_interfaces/srv/detail/compute_rectangle_area__rosidl_typesupport_introspection_cpp.hpp
[0.897s] -- Up-to-date: /home/abdy/ros2_ws/install/my_interfaces/include/my_interfaces/my_interfaces/srv/detail/compute_rectangle_area__type_support.cpp
[0.897s] -- Up-to-date: /home/abdy/ros2_ws/install/my_interfaces/lib/libmy_interfaces__rosidl_typesupport_introspection_cpp.so
[0.897s] -- Up-to-date: /home/abdy/ros2_ws/install/my_interfaces/lib/libmy_interfaces__rosidl_typesupport_cpp.so
[0.897s] -- Up-to-date: /home/abdy/ros2_ws/install/my_interfaces/share/my_interfaces/environment/pythonpath.sh
[0.898s] -- Up-to-date: /home/abdy/ros2_ws/install/my_interfaces/share/my_interfaces/environment/pythonpath.dsv
[0.898s] -- Up-to-date: /home/abdy/ros2_ws/install/my_interfaces/local/lib/python3.10/dist-packages/my_interfaces-0.0.0-py3.10.egg-info
[0.898s] -- Installing: /home/abdy/ros2_ws/install/my_interfaces/local/lib/python3.10/dist-packages/my_interfaces-0.0.0-py3.10.egg-info/dependency_links.txt
[0.898s] -- Installing: /home/abdy/ros2_ws/install/my_interfaces/local/lib/python3.10/dist-packages/my_interfaces-0.0.0-py3.10.egg-info/SOURCES.txt
[0.898s] -- Installing: /home/abdy/ros2_ws/install/my_interfaces/local/lib/python3.10/dist-packages/my_interfaces-0.0.0-py3.10.egg-info/PKG-INFO
[0.899s] -- Installing: /home/abdy/ros2_ws/install/my_interfaces/local/lib/python3.10/dist-packages/my_interfaces-0.0.0-py3.10.egg-info/top_level.txt
[0.900s] -- Up-to-date: /home/abdy/ros2_ws/install/my_interfaces/local/lib/python3.10/dist-packages/my_interfaces
[0.900s] -- Up-to-date: /home/abdy/ros2_ws/install/my_interfaces/local/lib/python3.10/dist-packages/my_interfaces/__init__.py
[0.900s] -- Up-to-date: /home/abdy/ros2_ws/install/my_interfaces/local/lib/python3.10/dist-packages/my_interfaces/_my_interfaces_s.ep.rosidl_typesupport_introspection_c.c
[0.900s] -- Up-to-date: /home/abdy/ros2_ws/install/my_interfaces/local/lib/python3.10/dist-packages/my_interfaces/_my_interfaces_s.ep.rosidl_typesupport_fastrtps_c.c
[0.906s] -- Up-to-date: /home/abdy/ros2_ws/install/my_interfaces/local/lib/python3.10/dist-packages/my_interfaces/msg
[0.906s] -- Up-to-date: /home/abdy/ros2_ws/install/my_interfaces/local/lib/python3.10/dist-packages/my_interfaces/msg/_hardware_status.py
[0.907s] -- Up-to-date: /home/abdy/ros2_ws/install/my_interfaces/local/lib/python3.10/dist-packages/my_interfaces/msg/_hardware_status_s.c
[0.907s] -- Up-to-date: /home/abdy/ros2_ws/install/my_interfaces/local/lib/python3.10/dist-packages/my_interfaces/msg/__init__.py
[0.907s] -- Up-to-date: /home/abdy/ros2_ws/install/my_interfaces/local/lib/python3.10/dist-packages/my_interfaces/libmy_interfaces__rosidl_generator_py.so
[0.907s] -- Up-to-date: /home/abdy/ros2_ws/install/my_interfaces/local/lib/python3.10/dist-packages/my_interfaces/my_interfaces_s__rosidl_typesupport_c.cpython-310-x86_64-linux-gnu.so
[0.907s] -- Up-to-date: /home/abdy/ros2_ws/install/my_interfaces/local/lib/python3.10/dist-packages/my_interfaces/my_interfaces_s__rosidl_typesupport_introspection_c.cpython-310-x86_64-linux-gnu.so
[0.907s] -- Up-to-date: /home/abdy/ros2_ws/install/my_interfaces/local/lib/python3.10/dist-packages/my_interfaces/_my_interfaces_s.ep.rosidl_typesupport_c.c
[0.907s] -- Up-to-date: /home/abdy/ros2_ws/install/my_interfaces/local/lib/python3.10/dist-packages/my_interfaces/my_interfaces_s__rosidl_typesupport_fastrtps_c.cpython-310-x86_64-linux-gnu.so
[0.907s] -- Up-to-date: /home/abdy/ros2_ws/install/my_interfaces/local/lib/python3.10/dist-packages/my_interfaces/srv
[0.907s] -- Up-to-date: /home/abdy/ros2_ws/install/my_interfaces/local/lib/python3.10/dist-packages/my_interfaces/srv/__init__.py
[0.907s] -- Up-to-date: /home/abdy/ros2_ws/install/my_interfaces/local/lib/python3.10/dist-packages/my_interfaces/srv/_compute_rectangle_area.py
[0.907s] -- Up-to-date: /home/abdy/ros2_ws/install/my_interfaces/local/lib/python3.10/dist-packages/my_interfaces/srv/_compute_rectangle_area_s.c
[0.967s] Listing '/home/abdy/ros2_ws/install/my_interfaces/local/lib/python3.10/dist-packages/my_interfaces'...
[0.968s] Listing '/home/abdy/ros2_ws/install/my_interfaces/local/lib/python3.10/dist-packages/my_interfaces/msg'...
[0.968s] Listing '/home/abdy/ros2_ws/install/my_interfaces/local/lib/python3.10/dist-packages/my_interfaces/srv'...
[0.974s] -- Up-to-date: /home/abdy/ros2_ws/install/my_interfaces/local/lib/python3.10/dist-packages/my_interfaces/my_interfaces_s__rosidl_typesupport_fastrtps_c.cpython-310-x86_64-linux-gnu.so
[0.974s] -- Up-to-date: /home/abdy/ros2_ws/install/my_interfaces/local/lib/python3.10/dist-packages/my_interfaces/my_interfaces_s__rosidl_typesupport_introspection_c.cpython-310-x86_64-linux-gnu.so
[0.976s] -- Up-to-date: /home/abdy/ros2_ws/install/my_interfaces/local/lib/python3.10/dist-packages/my_interfaces/my_interfaces_s__rosidl_typesupport_c.cpython-310-x86_64-linux-gnu.so
[0.977s] -- Up-to-date: /home/abdy/ros2_ws/install/my_interfaces/lib/libmy_interfaces__rosidl_generator_py.so
[0.977s] -- Up-to-date: /home/abdy/ros2_ws/install/my_interfaces/share/my_interfaces/msg/HardwareStatus.idl
[0.977s] -- Up-to-date: /home/abdy/ros2_ws/install/my_interfaces/share/my_interfaces/srv/ComputeRectangleArea.idl
[0.977s] -- Up-to-date: /home/abdy/ros2_ws/install/my_interfaces/share/my_interfaces/msg/HardwareStatus.msg
[0.977s] -- Up-to-date: /home/abdy/ros2_ws/install/my_interfaces/share/my_interfaces/srv/ComputeRectangleArea.srv
[0.977s] -- Up-to-date: /home/abdy/ros2_ws/install/my_interfaces/share/my_interfaces/srv/ComputeRectangleArea_Request.msg
[0.977s] -- Up-to-date: /home/abdy/ros2_ws/install/my_interfaces/share/my_interfaces/srv/ComputeRectangleArea_Response.msg
[0.977s] -- Up-to-date: /home/abdy/ros2_ws/install/my_interfaces/share/ament_index/resource_index/package_run_dependencies/my_interfaces
[0.977s] -- Up-to-date: /home/abdy/ros2_ws/install/my_interfaces/share/ament_index/resource_index/parent_prefix_path/my_interfaces
[0.977s] -- Up-to-date: /home/abdy/ros2_ws/install/my_interfaces/share/my_interfaces/environment/ament_prefix_path.sh
[0.977s] -- Up-to-date: /home/abdy/ros2_ws/install/my_interfaces/share/my_interfaces/environment/ament_prefix_path.dsv
[0.977s] -- Up-to-date: /home/abdy/ros2_ws/install/my_interfaces/share/my_interfaces/environment/path.sh
[0.977s] -- Up-to-date: /home/abdy/ros2_ws/install/my_interfaces/share/my_interfaces/environment/path.dsv
[0.978s] -- Up-to-date: /home/abdy/ros2_ws/install/my_interfaces/share/my_interfaces/local_setup.bash
[0.978s] -- Up-to-date: /home/abdy/ros2_ws/install/my_interfaces/share/my_interfaces/local_setup.sh
[0.978s] -- Up-to-date: /home/abdy/ros2_ws/install/my_interfaces/share/my_interfaces/local_setup.zsh
[0.978s] -- Up-to-date: /home/abdy/ros2_ws/install/my_interfaces/share/my_interfaces/local_setup.dsv
[0.978s] -- Installing: /home/abdy/ros2_ws/install/my_interfaces/share/my_interfaces/package.dsv
[0.979s] -- Up-to-date: /home/abdy/ros2_ws/install/my_interfaces/share/ament_index/resource_index/packages/my_interfaces
[0.979s] -- Up-to-date: /home/abdy/ros2_ws/install/my_interfaces/share/my_interfaces/cmake/export_my_interfaces__rosidl_generator_cExport.cmake
[0.979s] -- Up-to-date: /home/abdy/ros2_ws/install/my_interfaces/share/my_interfaces/cmake/export_my_interfaces__rosidl_generator_cExport-noconfig.cmake
[0.980s] -- Up-to-date: /home/abdy/ros2_ws/install/my_interfaces/share/my_interfaces/cmake/export_my_interfaces__rosidl_typesupport_fastrtps_cExport.cmake
[0.980s] -- Up-to-date: /home/abdy/ros2_ws/install/my_interfaces/share/my_interfaces/cmake/export_my_interfaces__rosidl_typesupport_fastrtps_cExport-noconfig.cmake
[0.980s] -- Up-to-date: /home/abdy/ros2_ws/install/my_interfaces/share/my_interfaces/cmake/my_interfaces__rosidl_typesupport_introspection_cExport.cmake
[0.980s] -- Up-to-date: /home/abdy/ros2_ws/install/my_interfaces/share/my_interfaces/cmake/my_interfaces__rosidl_typesupport_introspection_cExport-noconfig.cmake
[0.980s] -- Up-to-date: /home/abdy/ros2_ws/install/my_interfaces/share/my_interfaces/cmake/my_interfaces__rosidl_typesupport_cExport.cmake
[0.980s] -- Up-to-date: /home/abdy/ros2_ws/install/my_interfaces/share/my_interfaces/cmake/my_interfaces__rosidl_typesupport_cExport-noconfig.cmake
[0.981s] -- Up-to-date: /home/abdy/ros2_ws/install/my_interfaces/share/my_interfaces/cmake/export_my_interfaces__rosidl_generator_cppExport.cmake
[0.981s] -- Up-to-date: /home/abdy/ros2_ws/install/my_interfaces/share/my_interfaces/cmake/export_my_interfaces__rosidl_typesupport_fastrtps_cppExport.cmake
[0.981s] -- Up-to-date: /home/abdy/ros2_ws/install/my_interfaces/share/my_interfaces/cmake/export_my_interfaces__rosidl_typesupport_fastrtps_cppExport-noconfig.cmake
[0.981s] -- Up-to-date: /home/abdy/ros2_ws/install/my_interfaces/share/my_interfaces/cmake/my_interfaces__rosidl_typesupport_introspection_cppExport.cmake
[0.981s] -- Up-to-date: /home/abdy/ros2_ws/install/my_interfaces/share/my_interfaces/cmake/my_interfaces__rosidl_typesupport_introspection_cppExport-noconfig.cmake
[0.981s] -- Up-to-date: /home/abdy/ros2_ws/install/my_interfaces/share/my_interfaces/cmake/my_interfaces__rosidl_typesupport_cppExport.cmake
[0.981s] -- Up-to-date: /home/abdy/ros2_ws/install/my_interfaces/share/my_interfaces/cmake/my_interfaces__rosidl_typesupport_cppExport-noconfig.cmake
[0.982s] -- Up-to-date: /home/abdy/ros2_ws/install/my_interfaces/share/my_interfaces/cmake/export_my_interfaces__rosidl_generator_pyExport.cmake
[0.986s] -- Up-to-date: /home/abdy/ros2_ws/install/my_interfaces/share/my_interfaces/cmake/export_my_interfaces__rosidl_generator_pyExport-noconfig.cmake
[0.987s] -- Up-to-date: /home/abdy/ros2_ws/install/my_interfaces/share/my_interfaces/cmake/rosidl_cmake-extras.cmake
[0.987s] -- Up-to-date: /home/abdy/ros2_ws/install/my_interfaces/share/my_interfaces/cmake/ament_cmake_export_include_directories-extras.cmake
[0.987s] -- Up-to-date: /home/abdy/ros2_ws/install/my_interfaces/share/my_interfaces/cmake/ament_cmake_export_libraries-extras.cmake
[0.987s] -- Up-to-date: /home/abdy/ros2_ws/install/my_interfaces/share/my_interfaces/cmake/ament_cmake_export_targets-extras.cmake
[0.987s] -- Up-to-date: /home/abdy/ros2_ws/install/my_interfaces/share/my_interfaces/cmake/rosidl_cmake_export_typesupport_targets-extras.cmake
[0.987s] -- Up-to-date: /home/abdy/ros2_ws/install/my_interfaces/share/my_interfaces/cmake/ament_cmake_export_dependencies-extras.cmake
[0.988s] -- Up-to-date: /home/abdy/ros2_ws/install/my_interfaces/share/my_interfaces/cmake/rosidl_cmake_export_typesupport_libraries-extras.cmake
[0.988s] -- Up-to-date: /home/abdy/ros2_ws/install/my_interfaces/share/my_interfaces/cmake/my_interfacesConfig.cmake
[0.988s] -- Up-to-date: /home/abdy/ros2_ws/install/my_interfaces/share/my_interfaces/cmake/my_interfacesConfig-version.cmake
[0.996s] -- Up-to-date: /home/abdy/ros2_ws/install/my_interfaces/share/my_interfaces/package.xml
[1.274s] Invoked command in '/home/abdy/ros2_ws/build/my_interfaces' returned '0': CMAKE_PREFIX_PATH=${CMAKE_PREFIX_PATH}:/home/abdy/ros2_ws/install/signal_processing:/home/abdy/ros2_ws/install/my_py_pkg:/home/abdy/ros2_ws/install/motor_control:/home/abdy/ros2_ws/install/mini_challenge:/home/abdy/ros2_ws/install/challenge_1:/home/abdy/ros2_ws/install/challenge2:/home/abdy/ros2_ws/install/challenge1:/home/abdy/ros2_ws/install/basic_comms:/opt/ros/humble /usr/bin/cmake --install /home/abdy/ros2_ws/build/my_interfaces
