running egg_info
writing ../../build/signal_processing/signal_processing.egg-info/PKG-INFO
writing dependency_links to ../../build/signal_processing/signal_processing.egg-info/dependency_links.txt
writing entry points to ../../build/signal_processing/signal_processing.egg-info/entry_points.txt
writing requirements to ../../build/signal_processing/signal_processing.egg-info/requires.txt
writing top-level names to ../../build/signal_processing/signal_processing.egg-info/top_level.txt
reading manifest file '../../build/signal_processing/signal_processing.egg-info/SOURCES.txt'
writing manifest file '../../build/signal_processing/signal_processing.egg-info/SOURCES.txt'
running build
running build_py
copying signal_processing/process.py -> /home/abdy/ros2_ws/build/signal_processing/build/lib/signal_processing
running install
running install_lib
copying /home/abdy/ros2_ws/build/signal_processing/build/lib/signal_processing/process.py -> /home/abdy/ros2_ws/install/signal_processing/lib/python3.10/site-packages/signal_processing
byte-compiling /home/abdy/ros2_ws/install/signal_processing/lib/python3.10/site-packages/signal_processing/process.py to process.cpython-310.pyc
running install_data
running install_egg_info
removing '/home/abdy/ros2_ws/install/signal_processing/lib/python3.10/site-packages/signal_processing-0.0.0-py3.10.egg-info' (and everything under it)
Copying ../../build/signal_processing/signal_processing.egg-info to /home/abdy/ros2_ws/install/signal_processing/lib/python3.10/site-packages/signal_processing-0.0.0-py3.10.egg-info
running install_scripts
Installing random_generator script to /home/abdy/ros2_ws/install/signal_processing/lib/signal_processing
Installing signal_generator script to /home/abdy/ros2_ws/install/signal_processing/lib/signal_processing
Installing signal_processor script to /home/abdy/ros2_ws/install/signal_processing/lib/signal_processing
writing list of installed files to '/home/abdy/ros2_ws/build/signal_processing/install.log'
