[2.083s] Invoking command in '/home/abdy/ros2_ws/src/challenge_1': PYTHONPATH=/home/abdy/ros2_ws/build/challenge_1/prefix_override:/usr/lib/python3/dist-packages/colcon_core/task/python/colcon_distutils_commands:/home/abdy/ros2_ws/install/challenge_1/lib/python3.10/site-packages:${PYTHONPATH} /usr/bin/python3 -W ignore:setup.py install is deprecated -W ignore:easy_install command is deprecated setup.py egg_info --egg-base ../../build/challenge_1 build --build-base /home/abdy/ros2_ws/build/challenge_1/build install --record /home/abdy/ros2_ws/build/challenge_1/install.log --single-version-externally-managed install_data
[2.463s] running egg_info
[2.464s] writing ../../build/challenge_1/challenge_1.egg-info/PKG-INFO
[2.465s] writing dependency_links to ../../build/challenge_1/challenge_1.egg-info/dependency_links.txt
[2.466s] writing entry points to ../../build/challenge_1/challenge_1.egg-info/entry_points.txt
[2.466s] writing requirements to ../../build/challenge_1/challenge_1.egg-info/requires.txt
[2.466s] writing top-level names to ../../build/challenge_1/challenge_1.egg-info/top_level.txt
[2.469s] reading manifest file '../../build/challenge_1/challenge_1.egg-info/SOURCES.txt'
[2.470s] writing manifest file '../../build/challenge_1/challenge_1.egg-info/SOURCES.txt'
[2.470s] running build
[2.470s] running build_py
[2.471s] running install
[2.472s] running install_lib
[2.474s] running install_data
[2.474s] running install_egg_info
[2.477s] removing '/home/abdy/ros2_ws/install/challenge_1/lib/python3.10/site-packages/challenge_1-0.0.0-py3.10.egg-info' (and everything under it)
[2.477s] Copying ../../build/challenge_1/challenge_1.egg-info to /home/abdy/ros2_ws/install/challenge_1/lib/python3.10/site-packages/challenge_1-0.0.0-py3.10.egg-info
[2.480s] running install_scripts
[2.515s] Installing process script to /home/abdy/ros2_ws/install/challenge_1/lib/challenge_1
[2.516s] Installing signal_generator script to /home/abdy/ros2_ws/install/challenge_1/lib/challenge_1
[2.517s] writing list of installed files to '/home/abdy/ros2_ws/build/challenge_1/install.log'
[2.549s] Invoked command in '/home/abdy/ros2_ws/src/challenge_1' returned '0': PYTHONPATH=/home/abdy/ros2_ws/build/challenge_1/prefix_override:/usr/lib/python3/dist-packages/colcon_core/task/python/colcon_distutils_commands:/home/abdy/ros2_ws/install/challenge_1/lib/python3.10/site-packages:${PYTHONPATH} /usr/bin/python3 -W ignore:setup.py install is deprecated -W ignore:easy_install command is deprecated setup.py egg_info --egg-base ../../build/challenge_1 build --build-base /home/abdy/ros2_ws/build/challenge_1/build install --record /home/abdy/ros2_ws/build/challenge_1/install.log --single-version-externally-managed install_data
