[1.571s] Invoking command in '/home/abdy/ros2_ws/src/motor_control': PYTHONPATH=/home/abdy/ros2_ws/build/motor_control/prefix_override:/usr/lib/python3/dist-packages/colcon_core/task/python/colcon_distutils_commands:/home/abdy/ros2_ws/install/motor_control/lib/python3.10/site-packages:${PYTHONPATH} /usr/bin/python3 -W ignore:setup.py install is deprecated -W ignore:easy_install command is deprecated setup.py egg_info --egg-base ../../build/motor_control build --build-base /home/abdy/ros2_ws/build/motor_control/build install --record /home/abdy/ros2_ws/build/motor_control/install.log --single-version-externally-managed install_data
[1.995s] running egg_info
[1.996s] writing ../../build/motor_control/motor_control.egg-info/PKG-INFO
[1.996s] writing dependency_links to ../../build/motor_control/motor_control.egg-info/dependency_links.txt
[1.996s] writing entry points to ../../build/motor_control/motor_control.egg-info/entry_points.txt
[1.997s] writing requirements to ../../build/motor_control/motor_control.egg-info/requires.txt
[1.997s] writing top-level names to ../../build/motor_control/motor_control.egg-info/top_level.txt
[1.999s] reading manifest file '../../build/motor_control/motor_control.egg-info/SOURCES.txt'
[1.999s] adding license file 'LICENSE'
[2.000s] writing manifest file '../../build/motor_control/motor_control.egg-info/SOURCES.txt'
[2.000s] running build
[2.000s] running build_py
[2.000s] running install
[2.000s] running install_lib
[2.002s] running install_data
[2.005s] running install_egg_info
[2.010s] removing '/home/abdy/ros2_ws/install/motor_control/lib/python3.10/site-packages/motor_control-0.0.0-py3.10.egg-info' (and everything under it)
[2.013s] Copying ../../build/motor_control/motor_control.egg-info to /home/abdy/ros2_ws/install/motor_control/lib/python3.10/site-packages/motor_control-0.0.0-py3.10.egg-info
[2.013s] running install_scripts
[2.029s] Installing dc_motor script to /home/abdy/ros2_ws/install/motor_control/lib/motor_control
[2.030s] Installing set_point script to /home/abdy/ros2_ws/install/motor_control/lib/motor_control
[2.030s] writing list of installed files to '/home/abdy/ros2_ws/build/motor_control/install.log'
[2.706s] Invoked command in '/home/abdy/ros2_ws/src/motor_control' returned '0': PYTHONPATH=/home/abdy/ros2_ws/build/motor_control/prefix_override:/usr/lib/python3/dist-packages/colcon_core/task/python/colcon_distutils_commands:/home/abdy/ros2_ws/install/motor_control/lib/python3.10/site-packages:${PYTHONPATH} /usr/bin/python3 -W ignore:setup.py install is deprecated -W ignore:easy_install command is deprecated setup.py egg_info --egg-base ../../build/motor_control build --build-base /home/abdy/ros2_ws/build/motor_control/build install --record /home/abdy/ros2_ws/build/motor_control/install.log --single-version-externally-managed install_data
