[1.350s] Invoking command in '/home/abdy/ros2_ws/src/motor_control': PYTHONPATH=/home/abdy/ros2_ws/build/motor_control/prefix_override:/usr/lib/python3/dist-packages/colcon_core/task/python/colcon_distutils_commands:/home/abdy/ros2_ws/install/motor_control/lib/python3.10/site-packages:${PYTHONPATH} /usr/bin/python3 -W ignore:setup.py install is deprecated -W ignore:easy_install command is deprecated setup.py egg_info --egg-base ../../build/motor_control build --build-base /home/abdy/ros2_ws/build/motor_control/build install --record /home/abdy/ros2_ws/build/motor_control/install.log --single-version-externally-managed install_data
[1.637s] running egg_info
[1.638s] writing ../../build/motor_control/motor_control.egg-info/PKG-INFO
[1.638s] writing dependency_links to ../../build/motor_control/motor_control.egg-info/dependency_links.txt
[1.641s] writing entry points to ../../build/motor_control/motor_control.egg-info/entry_points.txt
[1.641s] writing requirements to ../../build/motor_control/motor_control.egg-info/requires.txt
[1.641s] writing top-level names to ../../build/motor_control/motor_control.egg-info/top_level.txt
[1.641s] reading manifest file '../../build/motor_control/motor_control.egg-info/SOURCES.txt'
[1.641s] adding license file 'LICENSE'
[1.641s] writing manifest file '../../build/motor_control/motor_control.egg-info/SOURCES.txt'
[1.641s] running build
[1.642s] running build_py
[1.642s] running install
[1.642s] running install_lib
[1.643s] running install_data
[1.643s] running install_egg_info
[1.646s] removing '/home/abdy/ros2_ws/install/motor_control/lib/python3.10/site-packages/motor_control-0.0.0-py3.10.egg-info' (and everything under it)
[1.646s] Copying ../../build/motor_control/motor_control.egg-info to /home/abdy/ros2_ws/install/motor_control/lib/python3.10/site-packages/motor_control-0.0.0-py3.10.egg-info
[1.648s] running install_scripts
[1.690s] Installing dc_motor script to /home/abdy/ros2_ws/install/motor_control/lib/motor_control
[1.691s] Installing set_point script to /home/abdy/ros2_ws/install/motor_control/lib/motor_control
[1.691s] writing list of installed files to '/home/abdy/ros2_ws/build/motor_control/install.log'
[1.739s] Invoked command in '/home/abdy/ros2_ws/src/motor_control' returned '0': PYTHONPATH=/home/abdy/ros2_ws/build/motor_control/prefix_override:/usr/lib/python3/dist-packages/colcon_core/task/python/colcon_distutils_commands:/home/abdy/ros2_ws/install/motor_control/lib/python3.10/site-packages:${PYTHONPATH} /usr/bin/python3 -W ignore:setup.py install is deprecated -W ignore:easy_install command is deprecated setup.py egg_info --egg-base ../../build/motor_control build --build-base /home/abdy/ros2_ws/build/motor_control/build install --record /home/abdy/ros2_ws/build/motor_control/install.log --single-version-externally-managed install_data
