[1.583s] Invoking command in '/home/abdy/ros2_ws/src/mini_challenge': PYTHONPATH=/home/abdy/ros2_ws/build/mini_challenge/prefix_override:/usr/lib/python3/dist-packages/colcon_core/task/python/colcon_distutils_commands:/home/abdy/ros2_ws/install/mini_challenge/lib/python3.10/site-packages:${PYTHONPATH} /usr/bin/python3 -W ignore:setup.py install is deprecated -W ignore:easy_install command is deprecated setup.py egg_info --egg-base ../../build/mini_challenge build --build-base /home/abdy/ros2_ws/build/mini_challenge/build install --record /home/abdy/ros2_ws/build/mini_challenge/install.log --single-version-externally-managed install_data
[1.947s] running egg_info
[1.948s] writing ../../build/mini_challenge/mini_challenge.egg-info/PKG-INFO
[1.948s] writing dependency_links to ../../build/mini_challenge/mini_challenge.egg-info/dependency_links.txt
[1.949s] writing entry points to ../../build/mini_challenge/mini_challenge.egg-info/entry_points.txt
[1.949s] writing requirements to ../../build/mini_challenge/mini_challenge.egg-info/requires.txt
[1.949s] writing top-level names to ../../build/mini_challenge/mini_challenge.egg-info/top_level.txt
[1.951s] reading manifest file '../../build/mini_challenge/mini_challenge.egg-info/SOURCES.txt'
[1.951s] writing manifest file '../../build/mini_challenge/mini_challenge.egg-info/SOURCES.txt'
[1.952s] running build
[1.952s] running build_py
[1.952s] running install
[1.952s] running install_lib
[1.953s] running install_data
[1.953s] running install_egg_info
[1.955s] removing '/home/abdy/ros2_ws/install/mini_challenge/lib/python3.10/site-packages/mini_challenge-0.0.0-py3.10.egg-info' (and everything under it)
[1.955s] Copying ../../build/mini_challenge/mini_challenge.egg-info to /home/abdy/ros2_ws/install/mini_challenge/lib/python3.10/site-packages/mini_challenge-0.0.0-py3.10.egg-info
[1.956s] running install_scripts
[1.973s] Installing process_mini script to /home/abdy/ros2_ws/install/mini_challenge/lib/mini_challenge
[1.973s] Installing signal_generator_mini script to /home/abdy/ros2_ws/install/mini_challenge/lib/mini_challenge
[1.974s] writing list of installed files to '/home/abdy/ros2_ws/build/mini_challenge/install.log'
[2.118s] Invoked command in '/home/abdy/ros2_ws/src/mini_challenge' returned '0': PYTHONPATH=/home/abdy/ros2_ws/build/mini_challenge/prefix_override:/usr/lib/python3/dist-packages/colcon_core/task/python/colcon_distutils_commands:/home/abdy/ros2_ws/install/mini_challenge/lib/python3.10/site-packages:${PYTHONPATH} /usr/bin/python3 -W ignore:setup.py install is deprecated -W ignore:easy_install command is deprecated setup.py egg_info --egg-base ../../build/mini_challenge build --build-base /home/abdy/ros2_ws/build/mini_challenge/build install --record /home/abdy/ros2_ws/build/mini_challenge/install.log --single-version-externally-managed install_data
