[0.553s] Invoking command in '/home/abdy/ros2_ws/src/signal_processing': PYTHONPATH=/home/abdy/ros2_ws/build/signal_processing/prefix_override:/usr/lib/python3/dist-packages/colcon_core/task/python/colcon_distutils_commands:/home/abdy/ros2_ws/install/signal_processing/lib/python3.10/site-packages:${PYTHONPATH} /usr/bin/python3 -W ignore:setup.py install is deprecated -W ignore:easy_install command is deprecated setup.py egg_info --egg-base ../../build/signal_processing build --build-base /home/abdy/ros2_ws/build/signal_processing/build install --record /home/abdy/ros2_ws/build/signal_processing/install.log --single-version-externally-managed install_data
[0.749s] running egg_info
[0.749s] writing ../../build/signal_processing/signal_processing.egg-info/PKG-INFO
[0.750s] writing dependency_links to ../../build/signal_processing/signal_processing.egg-info/dependency_links.txt
[0.750s] writing entry points to ../../build/signal_processing/signal_processing.egg-info/entry_points.txt
[0.751s] writing requirements to ../../build/signal_processing/signal_processing.egg-info/requires.txt
[0.751s] writing top-level names to ../../build/signal_processing/signal_processing.egg-info/top_level.txt
[0.752s] reading manifest file '../../build/signal_processing/signal_processing.egg-info/SOURCES.txt'
[0.753s] writing manifest file '../../build/signal_processing/signal_processing.egg-info/SOURCES.txt'
[0.753s] running build
[0.753s] running build_py
[0.754s] running install
[0.754s] running install_lib
[0.755s] running install_data
[0.755s] running install_egg_info
[0.757s] removing '/home/abdy/ros2_ws/install/signal_processing/lib/python3.10/site-packages/signal_processing-0.0.0-py3.10.egg-info' (and everything under it)
[0.757s] Copying ../../build/signal_processing/signal_processing.egg-info to /home/abdy/ros2_ws/install/signal_processing/lib/python3.10/site-packages/signal_processing-0.0.0-py3.10.egg-info
[0.758s] running install_scripts
[0.776s] Installing PROCESS script to /home/abdy/ros2_ws/install/signal_processing/lib/signal_processing
[0.776s] Installing a script to /home/abdy/ros2_ws/install/signal_processing/lib/signal_processing
[0.776s] Installing process script to /home/abdy/ros2_ws/install/signal_processing/lib/signal_processing
[0.776s] Installing random_generator script to /home/abdy/ros2_ws/install/signal_processing/lib/signal_processing
[0.777s] Installing signal_generator script to /home/abdy/ros2_ws/install/signal_processing/lib/signal_processing
[0.777s] Installing signal_generator_param script to /home/abdy/ros2_ws/install/signal_processing/lib/signal_processing
[0.777s] writing list of installed files to '/home/abdy/ros2_ws/build/signal_processing/install.log'
[0.800s] Invoked command in '/home/abdy/ros2_ws/src/signal_processing' returned '0': PYTHONPATH=/home/abdy/ros2_ws/build/signal_processing/prefix_override:/usr/lib/python3/dist-packages/colcon_core/task/python/colcon_distutils_commands:/home/abdy/ros2_ws/install/signal_processing/lib/python3.10/site-packages:${PYTHONPATH} /usr/bin/python3 -W ignore:setup.py install is deprecated -W ignore:easy_install command is deprecated setup.py egg_info --egg-base ../../build/signal_processing build --build-base /home/abdy/ros2_ws/build/signal_processing/build install --record /home/abdy/ros2_ws/build/signal_processing/install.log --single-version-externally-managed install_data
