[2.179s] Invoking command in '/home/abdy/ros2_ws/src/signal_processing': PYTHONPATH=/home/abdy/ros2_ws/build/signal_processing/prefix_override:/usr/lib/python3/dist-packages/colcon_core/task/python/colcon_distutils_commands:/home/abdy/ros2_ws/install/signal_processing/lib/python3.10/site-packages:${PYTHONPATH} /usr/bin/python3 -W ignore:setup.py install is deprecated -W ignore:easy_install command is deprecated setup.py egg_info --egg-base ../../build/signal_processing build --build-base /home/abdy/ros2_ws/build/signal_processing/build install --record /home/abdy/ros2_ws/build/signal_processing/install.log --single-version-externally-managed install_data
[2.543s] running egg_info
[2.543s] writing ../../build/signal_processing/signal_processing.egg-info/PKG-INFO
[2.546s] writing dependency_links to ../../build/signal_processing/signal_processing.egg-info/dependency_links.txt
[2.546s] writing entry points to ../../build/signal_processing/signal_processing.egg-info/entry_points.txt
[2.546s] writing requirements to ../../build/signal_processing/signal_processing.egg-info/requires.txt
[2.546s] writing top-level names to ../../build/signal_processing/signal_processing.egg-info/top_level.txt
[2.549s] reading manifest file '../../build/signal_processing/signal_processing.egg-info/SOURCES.txt'
[2.552s] writing manifest file '../../build/signal_processing/signal_processing.egg-info/SOURCES.txt'
[2.552s] running build
[2.552s] running build_py
[2.554s] running install
[2.554s] running install_lib
[2.559s] running install_data
[2.562s] running install_egg_info
[2.566s] removing '/home/abdy/ros2_ws/install/signal_processing/lib/python3.10/site-packages/signal_processing-0.0.0-py3.10.egg-info' (and everything under it)
[2.566s] Copying ../../build/signal_processing/signal_processing.egg-info to /home/abdy/ros2_ws/install/signal_processing/lib/python3.10/site-packages/signal_processing-0.0.0-py3.10.egg-info
[2.568s] running install_scripts
[2.598s] Installing PROCESS script to /home/abdy/ros2_ws/install/signal_processing/lib/signal_processing
[2.599s] Installing a script to /home/abdy/ros2_ws/install/signal_processing/lib/signal_processing
[2.600s] Installing process script to /home/abdy/ros2_ws/install/signal_processing/lib/signal_processing
[2.600s] Installing random_generator script to /home/abdy/ros2_ws/install/signal_processing/lib/signal_processing
[2.600s] Installing signal_generator script to /home/abdy/ros2_ws/install/signal_processing/lib/signal_processing
[2.600s] Installing signal_generator_param script to /home/abdy/ros2_ws/install/signal_processing/lib/signal_processing
[2.602s] writing list of installed files to '/home/abdy/ros2_ws/build/signal_processing/install.log'
[2.629s] Invoked command in '/home/abdy/ros2_ws/src/signal_processing' returned '0': PYTHONPATH=/home/abdy/ros2_ws/build/signal_processing/prefix_override:/usr/lib/python3/dist-packages/colcon_core/task/python/colcon_distutils_commands:/home/abdy/ros2_ws/install/signal_processing/lib/python3.10/site-packages:${PYTHONPATH} /usr/bin/python3 -W ignore:setup.py install is deprecated -W ignore:easy_install command is deprecated setup.py egg_info --egg-base ../../build/signal_processing build --build-base /home/abdy/ros2_ws/build/signal_processing/build install --record /home/abdy/ros2_ws/build/signal_processing/install.log --single-version-externally-managed install_data
