[1.215s] Invoking command in '/home/abdy/ros2_ws/src/signal_processing': PYTHONPATH=/home/abdy/ros2_ws/build/signal_processing/prefix_override:/usr/lib/python3/dist-packages/colcon_core/task/python/colcon_distutils_commands:/home/abdy/ros2_ws/install/signal_processing/lib/python3.10/site-packages:${PYTHONPATH} /usr/bin/python3 -W ignore:setup.py install is deprecated -W ignore:easy_install command is deprecated setup.py egg_info --egg-base ../../build/signal_processing build --build-base /home/abdy/ros2_ws/build/signal_processing/build install --record /home/abdy/ros2_ws/build/signal_processing/install.log --single-version-externally-managed install_data
[1.490s] running egg_info
[1.491s] writing ../../build/signal_processing/signal_processing.egg-info/PKG-INFO
[1.491s] writing dependency_links to ../../build/signal_processing/signal_processing.egg-info/dependency_links.txt
[1.491s] writing entry points to ../../build/signal_processing/signal_processing.egg-info/entry_points.txt
[1.492s] writing requirements to ../../build/signal_processing/signal_processing.egg-info/requires.txt
[1.492s] writing top-level names to ../../build/signal_processing/signal_processing.egg-info/top_level.txt
[1.495s] reading manifest file '../../build/signal_processing/signal_processing.egg-info/SOURCES.txt'
[1.498s] writing manifest file '../../build/signal_processing/signal_processing.egg-info/SOURCES.txt'
[1.499s] running build
[1.499s] running build_py
[1.499s] running install
[1.499s] running install_lib
[1.501s] running install_data
[1.501s] running install_egg_info
[1.504s] removing '/home/abdy/ros2_ws/install/signal_processing/lib/python3.10/site-packages/signal_processing-0.0.0-py3.10.egg-info' (and everything under it)
[1.504s] Copying ../../build/signal_processing/signal_processing.egg-info to /home/abdy/ros2_ws/install/signal_processing/lib/python3.10/site-packages/signal_processing-0.0.0-py3.10.egg-info
[1.506s] running install_scripts
[1.537s] Installing random_generator script to /home/abdy/ros2_ws/install/signal_processing/lib/signal_processing
[1.538s] Installing signal_generator script to /home/abdy/ros2_ws/install/signal_processing/lib/signal_processing
[1.538s] writing list of installed files to '/home/abdy/ros2_ws/build/signal_processing/install.log'
[1.569s] Invoked command in '/home/abdy/ros2_ws/src/signal_processing' returned '0': PYTHONPATH=/home/abdy/ros2_ws/build/signal_processing/prefix_override:/usr/lib/python3/dist-packages/colcon_core/task/python/colcon_distutils_commands:/home/abdy/ros2_ws/install/signal_processing/lib/python3.10/site-packages:${PYTHONPATH} /usr/bin/python3 -W ignore:setup.py install is deprecated -W ignore:easy_install command is deprecated setup.py egg_info --egg-base ../../build/signal_processing build --build-base /home/abdy/ros2_ws/build/signal_processing/build install --record /home/abdy/ros2_ws/build/signal_processing/install.log --single-version-externally-managed install_data
