[1.672s] Invoking command in '/home/abdy/ros2_ws/src/motor_control': PYTHONPATH=/home/abdy/ros2_ws/build/motor_control/prefix_override:/usr/lib/python3/dist-packages/colcon_core/task/python/colcon_distutils_commands:/home/abdy/ros2_ws/install/motor_control/lib/python3.10/site-packages:${PYTHONPATH} /usr/bin/python3 -W ignore:setup.py install is deprecated -W ignore:easy_install command is deprecated setup.py egg_info --egg-base ../../build/motor_control build --build-base /home/abdy/ros2_ws/build/motor_control/build install --record /home/abdy/ros2_ws/build/motor_control/install.log --single-version-externally-managed install_data
[1.938s] running egg_info
[1.940s] writing ../../build/motor_control/motor_control.egg-info/PKG-INFO
[1.940s] writing dependency_links to ../../build/motor_control/motor_control.egg-info/dependency_links.txt
[1.940s] writing entry points to ../../build/motor_control/motor_control.egg-info/entry_points.txt
[1.940s] writing requirements to ../../build/motor_control/motor_control.egg-info/requires.txt
[1.941s] writing top-level names to ../../build/motor_control/motor_control.egg-info/top_level.txt
[1.944s] reading manifest file '../../build/motor_control/motor_control.egg-info/SOURCES.txt'
[1.946s] adding license file 'LICENSE'
[1.946s] writing manifest file '../../build/motor_control/motor_control.egg-info/SOURCES.txt'
[1.948s] running build
[1.948s] running build_py
[1.948s] copying motor_control/dc_motor.py -> /home/abdy/ros2_ws/build/motor_control/build/lib/motor_control
[1.948s] running install
[1.948s] running install_lib
[1.953s] copying /home/abdy/ros2_ws/build/motor_control/build/lib/motor_control/dc_motor.py -> /home/abdy/ros2_ws/install/motor_control/lib/python3.10/site-packages/motor_control
[1.956s] byte-compiling /home/abdy/ros2_ws/install/motor_control/lib/python3.10/site-packages/motor_control/dc_motor.py to dc_motor.cpython-310.pyc
[1.956s] running install_data
[1.956s] running install_egg_info
[1.956s] removing '/home/abdy/ros2_ws/install/motor_control/lib/python3.10/site-packages/motor_control-0.0.0-py3.10.egg-info' (and everything under it)
[1.956s] Copying ../../build/motor_control/motor_control.egg-info to /home/abdy/ros2_ws/install/motor_control/lib/python3.10/site-packages/motor_control-0.0.0-py3.10.egg-info
[1.956s] running install_scripts
[1.974s] Installing dc_motor script to /home/abdy/ros2_ws/install/motor_control/lib/motor_control
[1.974s] Installing set_point script to /home/abdy/ros2_ws/install/motor_control/lib/motor_control
[1.975s] writing list of installed files to '/home/abdy/ros2_ws/build/motor_control/install.log'
[2.001s] Invoked command in '/home/abdy/ros2_ws/src/motor_control' returned '0': PYTHONPATH=/home/abdy/ros2_ws/build/motor_control/prefix_override:/usr/lib/python3/dist-packages/colcon_core/task/python/colcon_distutils_commands:/home/abdy/ros2_ws/install/motor_control/lib/python3.10/site-packages:${PYTHONPATH} /usr/bin/python3 -W ignore:setup.py install is deprecated -W ignore:easy_install command is deprecated setup.py egg_info --egg-base ../../build/motor_control build --build-base /home/abdy/ros2_ws/build/motor_control/build install --record /home/abdy/ros2_ws/build/motor_control/install.log --single-version-externally-managed install_data
