[0.806s] Invoking command in '/home/abdy/ros2_ws/src/basic_comms': PYTHONPATH=/home/abdy/ros2_ws/build/basic_comms/prefix_override:/usr/lib/python3/dist-packages/colcon_core/task/python/colcon_distutils_commands:/home/abdy/ros2_ws/install/basic_comms/lib/python3.10/site-packages:${PYTHONPATH} /usr/bin/python3 -W ignore:setup.py install is deprecated -W ignore:easy_install command is deprecated setup.py egg_info --egg-base ../../build/basic_comms build --build-base /home/abdy/ros2_ws/build/basic_comms/build install --record /home/abdy/ros2_ws/build/basic_comms/install.log --single-version-externally-managed install_data
[0.976s] running egg_info
[0.976s] writing ../../build/basic_comms/basic_comms.egg-info/PKG-INFO
[0.977s] writing dependency_links to ../../build/basic_comms/basic_comms.egg-info/dependency_links.txt
[0.978s] writing entry points to ../../build/basic_comms/basic_comms.egg-info/entry_points.txt
[0.978s] writing requirements to ../../build/basic_comms/basic_comms.egg-info/requires.txt
[0.978s] writing top-level names to ../../build/basic_comms/basic_comms.egg-info/top_level.txt
[0.979s] reading manifest file '../../build/basic_comms/basic_comms.egg-info/SOURCES.txt'
[0.979s] writing manifest file '../../build/basic_comms/basic_comms.egg-info/SOURCES.txt'
[0.980s] running build
[0.980s] running build_py
[0.980s] running install
[0.980s] running install_lib
[0.981s] running install_data
[0.981s] running install_egg_info
[0.983s] removing '/home/abdy/ros2_ws/install/basic_comms/lib/python3.10/site-packages/basic_comms-0.0.0-py3.10.egg-info' (and everything under it)
[0.983s] Copying ../../build/basic_comms/basic_comms.egg-info to /home/abdy/ros2_ws/install/basic_comms/lib/python3.10/site-packages/basic_comms-0.0.0-py3.10.egg-info
[0.984s] running install_scripts
[1.000s] Installing listener script to /home/abdy/ros2_ws/install/basic_comms/lib/basic_comms
[1.000s] Installing talker script to /home/abdy/ros2_ws/install/basic_comms/lib/basic_comms
[1.001s] writing list of installed files to '/home/abdy/ros2_ws/build/basic_comms/install.log'
[1.036s] Invoked command in '/home/abdy/ros2_ws/src/basic_comms' returned '0': PYTHONPATH=/home/abdy/ros2_ws/build/basic_comms/prefix_override:/usr/lib/python3/dist-packages/colcon_core/task/python/colcon_distutils_commands:/home/abdy/ros2_ws/install/basic_comms/lib/python3.10/site-packages:${PYTHONPATH} /usr/bin/python3 -W ignore:setup.py install is deprecated -W ignore:easy_install command is deprecated setup.py egg_info --egg-base ../../build/basic_comms build --build-base /home/abdy/ros2_ws/build/basic_comms/build install --record /home/abdy/ros2_ws/build/basic_comms/install.log --single-version-externally-managed install_data
