[2.230s] Invoking command in '/home/abdy/ros2_ws/src/basic_comms': PYTHONPATH=/home/abdy/ros2_ws/build/basic_comms/prefix_override:/usr/lib/python3/dist-packages/colcon_core/task/python/colcon_distutils_commands:/home/abdy/ros2_ws/install/basic_comms/lib/python3.10/site-packages:${PYTHONPATH} /usr/bin/python3 -W ignore:setup.py install is deprecated -W ignore:easy_install command is deprecated setup.py egg_info --egg-base ../../build/basic_comms build --build-base /home/abdy/ros2_ws/build/basic_comms/build install --record /home/abdy/ros2_ws/build/basic_comms/install.log --single-version-externally-managed install_data
[2.594s] running egg_info
[2.595s] writing ../../build/basic_comms/basic_comms.egg-info/PKG-INFO
[2.596s] writing dependency_links to ../../build/basic_comms/basic_comms.egg-info/dependency_links.txt
[2.597s] writing entry points to ../../build/basic_comms/basic_comms.egg-info/entry_points.txt
[2.597s] writing requirements to ../../build/basic_comms/basic_comms.egg-info/requires.txt
[2.598s] writing top-level names to ../../build/basic_comms/basic_comms.egg-info/top_level.txt
[2.601s] reading manifest file '../../build/basic_comms/basic_comms.egg-info/SOURCES.txt'
[2.603s] writing manifest file '../../build/basic_comms/basic_comms.egg-info/SOURCES.txt'
[2.603s] running build
[2.604s] running build_py
[2.605s] running install
[2.606s] running install_lib
[2.610s] running install_data
[2.611s] running install_egg_info
[2.613s] removing '/home/abdy/ros2_ws/install/basic_comms/lib/python3.10/site-packages/basic_comms-0.0.0-py3.10.egg-info' (and everything under it)
[2.614s] Copying ../../build/basic_comms/basic_comms.egg-info to /home/abdy/ros2_ws/install/basic_comms/lib/python3.10/site-packages/basic_comms-0.0.0-py3.10.egg-info
[2.617s] running install_scripts
[2.661s] Installing listener script to /home/abdy/ros2_ws/install/basic_comms/lib/basic_comms
[2.662s] Installing talker script to /home/abdy/ros2_ws/install/basic_comms/lib/basic_comms
[2.662s] writing list of installed files to '/home/abdy/ros2_ws/build/basic_comms/install.log'
[2.707s] Invoked command in '/home/abdy/ros2_ws/src/basic_comms' returned '0': PYTHONPATH=/home/abdy/ros2_ws/build/basic_comms/prefix_override:/usr/lib/python3/dist-packages/colcon_core/task/python/colcon_distutils_commands:/home/abdy/ros2_ws/install/basic_comms/lib/python3.10/site-packages:${PYTHONPATH} /usr/bin/python3 -W ignore:setup.py install is deprecated -W ignore:easy_install command is deprecated setup.py egg_info --egg-base ../../build/basic_comms build --build-base /home/abdy/ros2_ws/build/basic_comms/build install --record /home/abdy/ros2_ws/build/basic_comms/install.log --single-version-externally-managed install_data
