[4.528s] Invoking command in '/home/abdy/ros2_ws/src/basic_comms': PYTHONPATH=/home/abdy/ros2_ws/build/basic_comms/prefix_override:/usr/lib/python3/dist-packages/colcon_core/task/python/colcon_distutils_commands:/home/abdy/ros2_ws/install/basic_comms/lib/python3.10/site-packages:${PYTHONPATH} /usr/bin/python3 -W ignore:setup.py install is deprecated -W ignore:easy_install command is deprecated setup.py egg_info --egg-base ../../build/basic_comms build --build-base /home/abdy/ros2_ws/build/basic_comms/build install --record /home/abdy/ros2_ws/build/basic_comms/install.log --single-version-externally-managed install_data
[5.481s] running egg_info
[5.485s] writing ../../build/basic_comms/basic_comms.egg-info/PKG-INFO
[5.487s] writing dependency_links to ../../build/basic_comms/basic_comms.egg-info/dependency_links.txt
[5.488s] writing entry points to ../../build/basic_comms/basic_comms.egg-info/entry_points.txt
[5.488s] writing requirements to ../../build/basic_comms/basic_comms.egg-info/requires.txt
[5.488s] writing top-level names to ../../build/basic_comms/basic_comms.egg-info/top_level.txt
[5.498s] reading manifest file '../../build/basic_comms/basic_comms.egg-info/SOURCES.txt'
[5.501s] writing manifest file '../../build/basic_comms/basic_comms.egg-info/SOURCES.txt'
[5.501s] running build
[5.501s] running build_py
[5.503s] running install
[5.504s] running install_lib
[5.510s] running install_data
[5.511s] running install_egg_info
[5.522s] removing '/home/abdy/ros2_ws/install/basic_comms/lib/python3.10/site-packages/basic_comms-0.0.0-py3.10.egg-info' (and everything under it)
[5.527s] Copying ../../build/basic_comms/basic_comms.egg-info to /home/abdy/ros2_ws/install/basic_comms/lib/python3.10/site-packages/basic_comms-0.0.0-py3.10.egg-info
[5.527s] running install_scripts
[5.609s] Installing listener script to /home/abdy/ros2_ws/install/basic_comms/lib/basic_comms
[5.611s] Installing talker script to /home/abdy/ros2_ws/install/basic_comms/lib/basic_comms
[5.612s] writing list of installed files to '/home/abdy/ros2_ws/build/basic_comms/install.log'
[5.678s] Invoked command in '/home/abdy/ros2_ws/src/basic_comms' returned '0': PYTHONPATH=/home/abdy/ros2_ws/build/basic_comms/prefix_override:/usr/lib/python3/dist-packages/colcon_core/task/python/colcon_distutils_commands:/home/abdy/ros2_ws/install/basic_comms/lib/python3.10/site-packages:${PYTHONPATH} /usr/bin/python3 -W ignore:setup.py install is deprecated -W ignore:easy_install command is deprecated setup.py egg_info --egg-base ../../build/basic_comms build --build-base /home/abdy/ros2_ws/build/basic_comms/build install --record /home/abdy/ros2_ws/build/basic_comms/install.log --single-version-externally-managed install_data
