[3.773s] Invoking command in '/home/abdy/ros2_ws/src/signal_processing': PYTHONPATH=/home/abdy/ros2_ws/build/signal_processing/prefix_override:/usr/lib/python3/dist-packages/colcon_core/task/python/colcon_distutils_commands:/home/abdy/ros2_ws/install/signal_processing/lib/python3.10/site-packages:${PYTHONPATH} /usr/bin/python3 -W ignore:setup.py install is deprecated -W ignore:easy_install command is deprecated setup.py egg_info --egg-base ../../build/signal_processing build --build-base /home/abdy/ros2_ws/build/signal_processing/build install --record /home/abdy/ros2_ws/build/signal_processing/install.log --single-version-externally-managed install_data
[4.713s] running egg_info
[4.713s] writing ../../build/signal_processing/signal_processing.egg-info/PKG-INFO
[4.714s] writing dependency_links to ../../build/signal_processing/signal_processing.egg-info/dependency_links.txt
[4.721s] writing entry points to ../../build/signal_processing/signal_processing.egg-info/entry_points.txt
[4.721s] writing requirements to ../../build/signal_processing/signal_processing.egg-info/requires.txt
[4.721s] writing top-level names to ../../build/signal_processing/signal_processing.egg-info/top_level.txt
[4.727s] reading manifest file '../../build/signal_processing/signal_processing.egg-info/SOURCES.txt'
[4.734s] writing manifest file '../../build/signal_processing/signal_processing.egg-info/SOURCES.txt'
[4.734s] running build
[4.735s] running build_py
[4.738s] running install
[4.739s] running install_lib
[4.750s] running install_data
[4.751s] running install_egg_info
[4.763s] removing '/home/abdy/ros2_ws/install/signal_processing/lib/python3.10/site-packages/signal_processing-0.0.0-py3.10.egg-info' (and everything under it)
[4.764s] Copying ../../build/signal_processing/signal_processing.egg-info to /home/abdy/ros2_ws/install/signal_processing/lib/python3.10/site-packages/signal_processing-0.0.0-py3.10.egg-info
[4.769s] running install_scripts
[4.858s] Installing PROCESS script to /home/abdy/ros2_ws/install/signal_processing/lib/signal_processing
[4.861s] Installing a script to /home/abdy/ros2_ws/install/signal_processing/lib/signal_processing
[4.861s] Installing process script to /home/abdy/ros2_ws/install/signal_processing/lib/signal_processing
[4.861s] Installing random_generator script to /home/abdy/ros2_ws/install/signal_processing/lib/signal_processing
[4.862s] Installing signal_generator script to /home/abdy/ros2_ws/install/signal_processing/lib/signal_processing
[4.862s] Installing signal_generator_param script to /home/abdy/ros2_ws/install/signal_processing/lib/signal_processing
[4.864s] writing list of installed files to '/home/abdy/ros2_ws/build/signal_processing/install.log'
[4.941s] Invoked command in '/home/abdy/ros2_ws/src/signal_processing' returned '0': PYTHONPATH=/home/abdy/ros2_ws/build/signal_processing/prefix_override:/usr/lib/python3/dist-packages/colcon_core/task/python/colcon_distutils_commands:/home/abdy/ros2_ws/install/signal_processing/lib/python3.10/site-packages:${PYTHONPATH} /usr/bin/python3 -W ignore:setup.py install is deprecated -W ignore:easy_install command is deprecated setup.py egg_info --egg-base ../../build/signal_processing build --build-base /home/abdy/ros2_ws/build/signal_processing/build install --record /home/abdy/ros2_ws/build/signal_processing/install.log --single-version-externally-managed install_data
