[1.613s] Invoking command in '/home/abdy/ros2_ws/src/challenge2': PYTHONPATH=/home/abdy/ros2_ws/build/challenge2/prefix_override:/usr/lib/python3/dist-packages/colcon_core/task/python/colcon_distutils_commands:/home/abdy/ros2_ws/install/challenge2/lib/python3.10/site-packages:${PYTHONPATH} /usr/bin/python3 -W ignore:setup.py install is deprecated -W ignore:easy_install command is deprecated setup.py egg_info --egg-base ../../build/challenge2 build --build-base /home/abdy/ros2_ws/build/challenge2/build install --record /home/abdy/ros2_ws/build/challenge2/install.log --single-version-externally-managed install_data
[2.065s] running egg_info
[2.066s] writing ../../build/challenge2/challenge2.egg-info/PKG-INFO
[2.066s] writing dependency_links to ../../build/challenge2/challenge2.egg-info/dependency_links.txt
[2.067s] writing entry points to ../../build/challenge2/challenge2.egg-info/entry_points.txt
[2.067s] writing requirements to ../../build/challenge2/challenge2.egg-info/requires.txt
[2.068s] writing top-level names to ../../build/challenge2/challenge2.egg-info/top_level.txt
[2.070s] reading manifest file '../../build/challenge2/challenge2.egg-info/SOURCES.txt'
[2.074s] writing manifest file '../../build/challenge2/challenge2.egg-info/SOURCES.txt'
[2.074s] running build
[2.074s] running build_py
[2.074s] running install
[2.074s] running install_lib
[2.074s] running install_data
[2.075s] running install_egg_info
[2.078s] removing '/home/abdy/ros2_ws/install/challenge2/lib/python3.10/site-packages/challenge2-0.0.0-py3.10.egg-info' (and everything under it)
[2.078s] Copying ../../build/challenge2/challenge2.egg-info to /home/abdy/ros2_ws/install/challenge2/lib/python3.10/site-packages/challenge2-0.0.0-py3.10.egg-info
[2.081s] running install_scripts
[2.099s] Installing ctrl script to /home/abdy/ros2_ws/install/challenge2/lib/challenge2
[2.100s] Installing motor_sys script to /home/abdy/ros2_ws/install/challenge2/lib/challenge2
[2.100s] Installing sp_gen script to /home/abdy/ros2_ws/install/challenge2/lib/challenge2
[2.100s] writing list of installed files to '/home/abdy/ros2_ws/build/challenge2/install.log'
[2.327s] Invoked command in '/home/abdy/ros2_ws/src/challenge2' returned '0': PYTHONPATH=/home/abdy/ros2_ws/build/challenge2/prefix_override:/usr/lib/python3/dist-packages/colcon_core/task/python/colcon_distutils_commands:/home/abdy/ros2_ws/install/challenge2/lib/python3.10/site-packages:${PYTHONPATH} /usr/bin/python3 -W ignore:setup.py install is deprecated -W ignore:easy_install command is deprecated setup.py egg_info --egg-base ../../build/challenge2 build --build-base /home/abdy/ros2_ws/build/challenge2/build install --record /home/abdy/ros2_ws/build/challenge2/install.log --single-version-externally-managed install_data
