[2.530s] Invoking command in '/home/abdy/ros2_ws/build/custom_interfaces': CMAKE_PREFIX_PATH=${CMAKE_PREFIX_PATH}:/home/abdy/ros2_ws/install/signal_processing:/home/abdy/ros2_ws/install/my_py_pkg:/home/abdy/ros2_ws/install/motor_control:/home/abdy/ros2_ws/install/mini_challenge:/home/abdy/ros2_ws/install/challenge_1:/home/abdy/ros2_ws/install/challenge2:/home/abdy/ros2_ws/install/challenge1:/home/abdy/ros2_ws/install/basic_comms:/opt/ros/humble /usr/bin/cmake --build /home/abdy/ros2_ws/build/custom_interfaces -- -j6 -l6
[3.410s] [  3%] Built target custom_interfaces__cpp
[3.410s] [ 12%] Built target custom_interfaces__rosidl_generator_c
[3.411s] [ 12%] Built target ament_cmake_python_copy_custom_interfaces
[3.411s] [ 22%] Built target custom_interfaces__rosidl_typesupport_fastrtps_cpp
[3.411s] [ 32%] Built target custom_interfaces__rosidl_typesupport_fastrtps_c
[3.411s] [ 41%] Built target custom_interfaces__rosidl_typesupport_introspection_cpp
[3.412s] [ 51%] Built target custom_interfaces__rosidl_typesupport_introspection_c
[3.412s] [ 61%] Built target custom_interfaces__rosidl_typesupport_cpp
[3.412s] [ 70%] Built target custom_interfaces__rosidl_typesupport_c
[3.413s] [ 70%] Built target custom_interfaces
[3.413s] [ 74%] Built target custom_interfaces__py
[3.414s] [ 80%] Built target custom_interfaces__rosidl_generator_py
[3.491s] [ 87%] Built target custom_interfaces__rosidl_typesupport_fastrtps_c__pyext
[3.492s] [ 93%] Built target custom_interfaces__rosidl_typesupport_introspection_c__pyext
[3.493s] [100%] Built target custom_interfaces__rosidl_typesupport_c__pyext
[3.879s] running egg_info
[3.882s] writing custom_interfaces.egg-info/PKG-INFO
[3.883s] writing dependency_links to custom_interfaces.egg-info/dependency_links.txt
[3.883s] writing top-level names to custom_interfaces.egg-info/top_level.txt
[3.896s] reading manifest file 'custom_interfaces.egg-info/SOURCES.txt'
[3.900s] writing manifest file 'custom_interfaces.egg-info/SOURCES.txt'
[3.970s] [100%] Built target ament_cmake_python_build_custom_interfaces_egg
[4.308s] Invoked command in '/home/abdy/ros2_ws/build/custom_interfaces' returned '0': CMAKE_PREFIX_PATH=${CMAKE_PREFIX_PATH}:/home/abdy/ros2_ws/install/signal_processing:/home/abdy/ros2_ws/install/my_py_pkg:/home/abdy/ros2_ws/install/motor_control:/home/abdy/ros2_ws/install/mini_challenge:/home/abdy/ros2_ws/install/challenge_1:/home/abdy/ros2_ws/install/challenge2:/home/abdy/ros2_ws/install/challenge1:/home/abdy/ros2_ws/install/basic_comms:/opt/ros/humble /usr/bin/cmake --build /home/abdy/ros2_ws/build/custom_interfaces -- -j6 -l6
[4.344s] Invoking command in '/home/abdy/ros2_ws/build/custom_interfaces': CMAKE_PREFIX_PATH=${CMAKE_PREFIX_PATH}:/home/abdy/ros2_ws/install/signal_processing:/home/abdy/ros2_ws/install/my_py_pkg:/home/abdy/ros2_ws/install/motor_control:/home/abdy/ros2_ws/install/mini_challenge:/home/abdy/ros2_ws/install/challenge_1:/home/abdy/ros2_ws/install/challenge2:/home/abdy/ros2_ws/install/challenge1:/home/abdy/ros2_ws/install/basic_comms:/opt/ros/humble /usr/bin/cmake --install /home/abdy/ros2_ws/build/custom_interfaces
[4.383s] -- Install configuration: ""
[4.384s] -- Up-to-date: /home/abdy/ros2_ws/install/custom_interfaces/share/ament_index/resource_index/rosidl_interfaces/custom_interfaces
[4.384s] -- Up-to-date: /home/abdy/ros2_ws/install/custom_interfaces/include/custom_interfaces/custom_interfaces
[4.384s] -- Up-to-date: /home/abdy/ros2_ws/install/custom_interfaces/include/custom_interfaces/custom_interfaces/msg
[4.384s] -- Up-to-date: /home/abdy/ros2_ws/install/custom_interfaces/include/custom_interfaces/custom_interfaces/msg/rosidl_generator_c__visibility_control.h
[4.384s] -- Up-to-date: /home/abdy/ros2_ws/install/custom_interfaces/include/custom_interfaces/custom_interfaces/srv
[4.385s] -- Up-to-date: /home/abdy/ros2_ws/install/custom_interfaces/include/custom_interfaces/custom_interfaces/srv/detail
[4.385s] -- Up-to-date: /home/abdy/ros2_ws/install/custom_interfaces/include/custom_interfaces/custom_interfaces/srv/detail/set_process_bool__struct.h
[4.385s] -- Up-to-date: /home/abdy/ros2_ws/install/custom_interfaces/include/custom_interfaces/custom_interfaces/srv/detail/set_process_bool__functions.h
[4.385s] -- Up-to-date: /home/abdy/ros2_ws/install/custom_interfaces/include/custom_interfaces/custom_interfaces/srv/detail/set_process_bool__type_support.h
[4.386s] -- Up-to-date: /home/abdy/ros2_ws/install/custom_interfaces/include/custom_interfaces/custom_interfaces/srv/detail/set_process_bool__functions.c
[4.389s] -- Up-to-date: /home/abdy/ros2_ws/install/custom_interfaces/include/custom_interfaces/custom_interfaces/srv/set_process_bool.h
[4.390s] -- Up-to-date: /home/abdy/ros2_ws/install/custom_interfaces/share/custom_interfaces/environment/library_path.sh
[4.390s] -- Up-to-date: /home/abdy/ros2_ws/install/custom_interfaces/share/custom_interfaces/environment/library_path.dsv
[4.392s] -- Up-to-date: /home/abdy/ros2_ws/install/custom_interfaces/lib/libcustom_interfaces__rosidl_generator_c.so
[4.392s] -- Up-to-date: /home/abdy/ros2_ws/install/custom_interfaces/include/custom_interfaces/custom_interfaces
[4.392s] -- Up-to-date: /home/abdy/ros2_ws/install/custom_interfaces/include/custom_interfaces/custom_interfaces/msg
[4.393s] -- Up-to-date: /home/abdy/ros2_ws/install/custom_interfaces/include/custom_interfaces/custom_interfaces/msg/rosidl_typesupport_fastrtps_c__visibility_control.h
[4.393s] -- Up-to-date: /home/abdy/ros2_ws/install/custom_interfaces/include/custom_interfaces/custom_interfaces/srv
[4.393s] -- Up-to-date: /home/abdy/ros2_ws/install/custom_interfaces/include/custom_interfaces/custom_interfaces/srv/detail
[4.393s] -- Up-to-date: /home/abdy/ros2_ws/install/custom_interfaces/include/custom_interfaces/custom_interfaces/srv/detail/set_process_bool__rosidl_typesupport_fastrtps_c.h
[4.396s] -- Up-to-date: /home/abdy/ros2_ws/install/custom_interfaces/lib/libcustom_interfaces__rosidl_typesupport_fastrtps_c.so
[4.400s] -- Up-to-date: /home/abdy/ros2_ws/install/custom_interfaces/include/custom_interfaces/custom_interfaces
[4.401s] -- Up-to-date: /home/abdy/ros2_ws/install/custom_interfaces/include/custom_interfaces/custom_interfaces/msg
[4.401s] -- Up-to-date: /home/abdy/ros2_ws/install/custom_interfaces/include/custom_interfaces/custom_interfaces/msg/rosidl_generator_cpp__visibility_control.hpp
[4.402s] -- Up-to-date: /home/abdy/ros2_ws/install/custom_interfaces/include/custom_interfaces/custom_interfaces/srv
[4.402s] -- Up-to-date: /home/abdy/ros2_ws/install/custom_interfaces/include/custom_interfaces/custom_interfaces/srv/detail
[4.402s] -- Up-to-date: /home/abdy/ros2_ws/install/custom_interfaces/include/custom_interfaces/custom_interfaces/srv/detail/set_process_bool__traits.hpp
[4.402s] -- Up-to-date: /home/abdy/ros2_ws/install/custom_interfaces/include/custom_interfaces/custom_interfaces/srv/detail/set_process_bool__builder.hpp
[4.402s] -- Up-to-date: /home/abdy/ros2_ws/install/custom_interfaces/include/custom_interfaces/custom_interfaces/srv/detail/set_process_bool__type_support.hpp
[4.402s] -- Up-to-date: /home/abdy/ros2_ws/install/custom_interfaces/include/custom_interfaces/custom_interfaces/srv/detail/set_process_bool__struct.hpp
[4.403s] -- Up-to-date: /home/abdy/ros2_ws/install/custom_interfaces/include/custom_interfaces/custom_interfaces/srv/set_process_bool.hpp
[4.403s] -- Up-to-date: /home/abdy/ros2_ws/install/custom_interfaces/include/custom_interfaces/custom_interfaces
[4.406s] -- Up-to-date: /home/abdy/ros2_ws/install/custom_interfaces/include/custom_interfaces/custom_interfaces/msg
[4.407s] -- Up-to-date: /home/abdy/ros2_ws/install/custom_interfaces/include/custom_interfaces/custom_interfaces/msg/rosidl_typesupport_fastrtps_cpp__visibility_control.h
[4.407s] -- Up-to-date: /home/abdy/ros2_ws/install/custom_interfaces/include/custom_interfaces/custom_interfaces/srv
[4.407s] -- Up-to-date: /home/abdy/ros2_ws/install/custom_interfaces/include/custom_interfaces/custom_interfaces/srv/detail
[4.409s] -- Up-to-date: /home/abdy/ros2_ws/install/custom_interfaces/include/custom_interfaces/custom_interfaces/srv/detail/set_process_bool__rosidl_typesupport_fastrtps_cpp.hpp
[4.409s] -- Up-to-date: /home/abdy/ros2_ws/install/custom_interfaces/include/custom_interfaces/custom_interfaces/srv/detail/dds_fastrtps
[4.411s] -- Up-to-date: /home/abdy/ros2_ws/install/custom_interfaces/lib/libcustom_interfaces__rosidl_typesupport_fastrtps_cpp.so
[4.414s] -- Up-to-date: /home/abdy/ros2_ws/install/custom_interfaces/include/custom_interfaces/custom_interfaces
[4.414s] -- Up-to-date: /home/abdy/ros2_ws/install/custom_interfaces/include/custom_interfaces/custom_interfaces/msg
[4.414s] -- Up-to-date: /home/abdy/ros2_ws/install/custom_interfaces/include/custom_interfaces/custom_interfaces/msg/rosidl_typesupport_introspection_c__visibility_control.h
[4.415s] -- Up-to-date: /home/abdy/ros2_ws/install/custom_interfaces/include/custom_interfaces/custom_interfaces/srv
[4.415s] -- Up-to-date: /home/abdy/ros2_ws/install/custom_interfaces/include/custom_interfaces/custom_interfaces/srv/detail
[4.415s] -- Up-to-date: /home/abdy/ros2_ws/install/custom_interfaces/include/custom_interfaces/custom_interfaces/srv/detail/set_process_bool__rosidl_typesupport_introspection_c.h
[4.415s] -- Up-to-date: /home/abdy/ros2_ws/install/custom_interfaces/include/custom_interfaces/custom_interfaces/srv/detail/set_process_bool__type_support.c
[4.418s] -- Up-to-date: /home/abdy/ros2_ws/install/custom_interfaces/lib/libcustom_interfaces__rosidl_typesupport_introspection_c.so
[4.424s] -- Up-to-date: /home/abdy/ros2_ws/install/custom_interfaces/lib/libcustom_interfaces__rosidl_typesupport_c.so
[4.425s] -- Up-to-date: /home/abdy/ros2_ws/install/custom_interfaces/include/custom_interfaces/custom_interfaces
[4.425s] -- Up-to-date: /home/abdy/ros2_ws/install/custom_interfaces/include/custom_interfaces/custom_interfaces/srv
[4.425s] -- Up-to-date: /home/abdy/ros2_ws/install/custom_interfaces/include/custom_interfaces/custom_interfaces/srv/detail
[4.425s] -- Up-to-date: /home/abdy/ros2_ws/install/custom_interfaces/include/custom_interfaces/custom_interfaces/srv/detail/set_process_bool__rosidl_typesupport_introspection_cpp.hpp
[4.426s] -- Up-to-date: /home/abdy/ros2_ws/install/custom_interfaces/include/custom_interfaces/custom_interfaces/srv/detail/set_process_bool__type_support.cpp
[4.432s] -- Up-to-date: /home/abdy/ros2_ws/install/custom_interfaces/lib/libcustom_interfaces__rosidl_typesupport_introspection_cpp.so
[4.435s] -- Up-to-date: /home/abdy/ros2_ws/install/custom_interfaces/lib/libcustom_interfaces__rosidl_typesupport_cpp.so
[4.440s] -- Up-to-date: /home/abdy/ros2_ws/install/custom_interfaces/share/custom_interfaces/environment/pythonpath.sh
[4.440s] -- Up-to-date: /home/abdy/ros2_ws/install/custom_interfaces/share/custom_interfaces/environment/pythonpath.dsv
[4.441s] -- Up-to-date: /home/abdy/ros2_ws/install/custom_interfaces/local/lib/python3.10/dist-packages/custom_interfaces-0.0.0-py3.10.egg-info
[4.441s] -- Installing: /home/abdy/ros2_ws/install/custom_interfaces/local/lib/python3.10/dist-packages/custom_interfaces-0.0.0-py3.10.egg-info/dependency_links.txt
[4.441s] -- Installing: /home/abdy/ros2_ws/install/custom_interfaces/local/lib/python3.10/dist-packages/custom_interfaces-0.0.0-py3.10.egg-info/SOURCES.txt
[4.442s] -- Installing: /home/abdy/ros2_ws/install/custom_interfaces/local/lib/python3.10/dist-packages/custom_interfaces-0.0.0-py3.10.egg-info/PKG-INFO
[4.445s] -- Installing: /home/abdy/ros2_ws/install/custom_interfaces/local/lib/python3.10/dist-packages/custom_interfaces-0.0.0-py3.10.egg-info/top_level.txt
[4.445s] -- Up-to-date: /home/abdy/ros2_ws/install/custom_interfaces/local/lib/python3.10/dist-packages/custom_interfaces
[4.445s] -- Up-to-date: /home/abdy/ros2_ws/install/custom_interfaces/local/lib/python3.10/dist-packages/custom_interfaces/_custom_interfaces_s.ep.rosidl_typesupport_fastrtps_c.c
[4.445s] -- Up-to-date: /home/abdy/ros2_ws/install/custom_interfaces/local/lib/python3.10/dist-packages/custom_interfaces/_custom_interfaces_s.ep.rosidl_typesupport_introspection_c.c
[4.445s] -- Up-to-date: /home/abdy/ros2_ws/install/custom_interfaces/local/lib/python3.10/dist-packages/custom_interfaces/custom_interfaces_s__rosidl_typesupport_introspection_c.cpython-310-x86_64-linux-gnu.so
[4.446s] -- Up-to-date: /home/abdy/ros2_ws/install/custom_interfaces/local/lib/python3.10/dist-packages/custom_interfaces/_custom_interfaces_s.ep.rosidl_typesupport_c.c
[4.446s] -- Up-to-date: /home/abdy/ros2_ws/install/custom_interfaces/local/lib/python3.10/dist-packages/custom_interfaces/__init__.py
[4.446s] -- Up-to-date: /home/abdy/ros2_ws/install/custom_interfaces/local/lib/python3.10/dist-packages/custom_interfaces/custom_interfaces_s__rosidl_typesupport_c.cpython-310-x86_64-linux-gnu.so
[4.446s] -- Up-to-date: /home/abdy/ros2_ws/install/custom_interfaces/local/lib/python3.10/dist-packages/custom_interfaces/libcustom_interfaces__rosidl_generator_py.so
[4.446s] -- Up-to-date: /home/abdy/ros2_ws/install/custom_interfaces/local/lib/python3.10/dist-packages/custom_interfaces/custom_interfaces_s__rosidl_typesupport_fastrtps_c.cpython-310-x86_64-linux-gnu.so
[4.446s] -- Up-to-date: /home/abdy/ros2_ws/install/custom_interfaces/local/lib/python3.10/dist-packages/custom_interfaces/srv
[4.447s] -- Up-to-date: /home/abdy/ros2_ws/install/custom_interfaces/local/lib/python3.10/dist-packages/custom_interfaces/srv/_set_process_bool.py
[4.447s] -- Up-to-date: /home/abdy/ros2_ws/install/custom_interfaces/local/lib/python3.10/dist-packages/custom_interfaces/srv/__init__.py
[4.450s] -- Up-to-date: /home/abdy/ros2_ws/install/custom_interfaces/local/lib/python3.10/dist-packages/custom_interfaces/srv/_set_process_bool_s.c
[4.720s] Listing '/home/abdy/ros2_ws/install/custom_interfaces/local/lib/python3.10/dist-packages/custom_interfaces'...
[4.722s] Listing '/home/abdy/ros2_ws/install/custom_interfaces/local/lib/python3.10/dist-packages/custom_interfaces/srv'...
[4.738s] -- Up-to-date: /home/abdy/ros2_ws/install/custom_interfaces/local/lib/python3.10/dist-packages/custom_interfaces/custom_interfaces_s__rosidl_typesupport_fastrtps_c.cpython-310-x86_64-linux-gnu.so
[4.747s] -- Up-to-date: /home/abdy/ros2_ws/install/custom_interfaces/local/lib/python3.10/dist-packages/custom_interfaces/custom_interfaces_s__rosidl_typesupport_introspection_c.cpython-310-x86_64-linux-gnu.so
[4.750s] -- Up-to-date: /home/abdy/ros2_ws/install/custom_interfaces/local/lib/python3.10/dist-packages/custom_interfaces/custom_interfaces_s__rosidl_typesupport_c.cpython-310-x86_64-linux-gnu.so
[4.760s] -- Up-to-date: /home/abdy/ros2_ws/install/custom_interfaces/lib/libcustom_interfaces__rosidl_generator_py.so
[4.764s] -- Up-to-date: /home/abdy/ros2_ws/install/custom_interfaces/share/custom_interfaces/srv/SetProcessBool.idl
[4.765s] -- Up-to-date: /home/abdy/ros2_ws/install/custom_interfaces/share/custom_interfaces/srv/SetProcessBool.srv
[4.771s] -- Up-to-date: /home/abdy/ros2_ws/install/custom_interfaces/share/custom_interfaces/srv/SetProcessBool_Request.msg
[4.772s] -- Up-to-date: /home/abdy/ros2_ws/install/custom_interfaces/share/custom_interfaces/srv/SetProcessBool_Response.msg
[4.772s] -- Up-to-date: /home/abdy/ros2_ws/install/custom_interfaces/share/ament_index/resource_index/package_run_dependencies/custom_interfaces
[4.772s] -- Up-to-date: /home/abdy/ros2_ws/install/custom_interfaces/share/ament_index/resource_index/parent_prefix_path/custom_interfaces
[4.772s] -- Up-to-date: /home/abdy/ros2_ws/install/custom_interfaces/share/custom_interfaces/environment/ament_prefix_path.sh
[4.772s] -- Up-to-date: /home/abdy/ros2_ws/install/custom_interfaces/share/custom_interfaces/environment/ament_prefix_path.dsv
[4.773s] -- Up-to-date: /home/abdy/ros2_ws/install/custom_interfaces/share/custom_interfaces/environment/path.sh
[4.773s] -- Up-to-date: /home/abdy/ros2_ws/install/custom_interfaces/share/custom_interfaces/environment/path.dsv
[4.776s] -- Up-to-date: /home/abdy/ros2_ws/install/custom_interfaces/share/custom_interfaces/local_setup.bash
[4.777s] -- Up-to-date: /home/abdy/ros2_ws/install/custom_interfaces/share/custom_interfaces/local_setup.sh
[4.777s] -- Up-to-date: /home/abdy/ros2_ws/install/custom_interfaces/share/custom_interfaces/local_setup.zsh
[4.777s] -- Up-to-date: /home/abdy/ros2_ws/install/custom_interfaces/share/custom_interfaces/local_setup.dsv
[4.784s] -- Installing: /home/abdy/ros2_ws/install/custom_interfaces/share/custom_interfaces/package.dsv
[4.785s] -- Up-to-date: /home/abdy/ros2_ws/install/custom_interfaces/share/ament_index/resource_index/packages/custom_interfaces
[4.787s] -- Up-to-date: /home/abdy/ros2_ws/install/custom_interfaces/share/custom_interfaces/cmake/export_custom_interfaces__rosidl_generator_cExport.cmake
[4.788s] -- Up-to-date: /home/abdy/ros2_ws/install/custom_interfaces/share/custom_interfaces/cmake/export_custom_interfaces__rosidl_generator_cExport-noconfig.cmake
[4.788s] -- Up-to-date: /home/abdy/ros2_ws/install/custom_interfaces/share/custom_interfaces/cmake/export_custom_interfaces__rosidl_typesupport_fastrtps_cExport.cmake
[4.788s] -- Up-to-date: /home/abdy/ros2_ws/install/custom_interfaces/share/custom_interfaces/cmake/export_custom_interfaces__rosidl_typesupport_fastrtps_cExport-noconfig.cmake
[4.789s] -- Up-to-date: /home/abdy/ros2_ws/install/custom_interfaces/share/custom_interfaces/cmake/export_custom_interfaces__rosidl_generator_cppExport.cmake
[4.789s] -- Up-to-date: /home/abdy/ros2_ws/install/custom_interfaces/share/custom_interfaces/cmake/export_custom_interfaces__rosidl_typesupport_fastrtps_cppExport.cmake
[4.789s] -- Up-to-date: /home/abdy/ros2_ws/install/custom_interfaces/share/custom_interfaces/cmake/export_custom_interfaces__rosidl_typesupport_fastrtps_cppExport-noconfig.cmake
[4.789s] -- Up-to-date: /home/abdy/ros2_ws/install/custom_interfaces/share/custom_interfaces/cmake/custom_interfaces__rosidl_typesupport_introspection_cExport.cmake
[4.789s] -- Up-to-date: /home/abdy/ros2_ws/install/custom_interfaces/share/custom_interfaces/cmake/custom_interfaces__rosidl_typesupport_introspection_cExport-noconfig.cmake
[4.790s] -- Up-to-date: /home/abdy/ros2_ws/install/custom_interfaces/share/custom_interfaces/cmake/custom_interfaces__rosidl_typesupport_cExport.cmake
[4.790s] -- Up-to-date: /home/abdy/ros2_ws/install/custom_interfaces/share/custom_interfaces/cmake/custom_interfaces__rosidl_typesupport_cExport-noconfig.cmake
[4.797s] -- Up-to-date: /home/abdy/ros2_ws/install/custom_interfaces/share/custom_interfaces/cmake/custom_interfaces__rosidl_typesupport_introspection_cppExport.cmake
[4.797s] -- Up-to-date: /home/abdy/ros2_ws/install/custom_interfaces/share/custom_interfaces/cmake/custom_interfaces__rosidl_typesupport_introspection_cppExport-noconfig.cmake
[4.797s] -- Up-to-date: /home/abdy/ros2_ws/install/custom_interfaces/share/custom_interfaces/cmake/custom_interfaces__rosidl_typesupport_cppExport.cmake
[4.799s] -- Up-to-date: /home/abdy/ros2_ws/install/custom_interfaces/share/custom_interfaces/cmake/custom_interfaces__rosidl_typesupport_cppExport-noconfig.cmake
[4.803s] -- Up-to-date: /home/abdy/ros2_ws/install/custom_interfaces/share/custom_interfaces/cmake/export_custom_interfaces__rosidl_generator_pyExport.cmake
[4.804s] -- Up-to-date: /home/abdy/ros2_ws/install/custom_interfaces/share/custom_interfaces/cmake/export_custom_interfaces__rosidl_generator_pyExport-noconfig.cmake
[4.804s] -- Up-to-date: /home/abdy/ros2_ws/install/custom_interfaces/share/custom_interfaces/cmake/rosidl_cmake-extras.cmake
[4.804s] -- Up-to-date: /home/abdy/ros2_ws/install/custom_interfaces/share/custom_interfaces/cmake/ament_cmake_export_dependencies-extras.cmake
[4.804s] -- Up-to-date: /home/abdy/ros2_ws/install/custom_interfaces/share/custom_interfaces/cmake/ament_cmake_export_include_directories-extras.cmake
[4.804s] -- Up-to-date: /home/abdy/ros2_ws/install/custom_interfaces/share/custom_interfaces/cmake/ament_cmake_export_libraries-extras.cmake
[4.805s] -- Up-to-date: /home/abdy/ros2_ws/install/custom_interfaces/share/custom_interfaces/cmake/ament_cmake_export_targets-extras.cmake
[4.805s] -- Up-to-date: /home/abdy/ros2_ws/install/custom_interfaces/share/custom_interfaces/cmake/rosidl_cmake_export_typesupport_targets-extras.cmake
[4.805s] -- Up-to-date: /home/abdy/ros2_ws/install/custom_interfaces/share/custom_interfaces/cmake/rosidl_cmake_export_typesupport_libraries-extras.cmake
[4.805s] -- Up-to-date: /home/abdy/ros2_ws/install/custom_interfaces/share/custom_interfaces/cmake/custom_interfacesConfig.cmake
[4.805s] -- Up-to-date: /home/abdy/ros2_ws/install/custom_interfaces/share/custom_interfaces/cmake/custom_interfacesConfig-version.cmake
[4.805s] -- Up-to-date: /home/abdy/ros2_ws/install/custom_interfaces/share/custom_interfaces/package.xml
[4.826s] Invoked command in '/home/abdy/ros2_ws/build/custom_interfaces' returned '0': CMAKE_PREFIX_PATH=${CMAKE_PREFIX_PATH}:/home/abdy/ros2_ws/install/signal_processing:/home/abdy/ros2_ws/install/my_py_pkg:/home/abdy/ros2_ws/install/motor_control:/home/abdy/ros2_ws/install/mini_challenge:/home/abdy/ros2_ws/install/challenge_1:/home/abdy/ros2_ws/install/challenge2:/home/abdy/ros2_ws/install/challenge1:/home/abdy/ros2_ws/install/basic_comms:/opt/ros/humble /usr/bin/cmake --install /home/abdy/ros2_ws/build/custom_interfaces
