[0.629s] Invoking command in '/home/abdy/ros2_ws/src/signal_processing': PYTHONPATH=/home/abdy/ros2_ws/build/signal_processing/prefix_override:/usr/lib/python3/dist-packages/colcon_core/task/python/colcon_distutils_commands:/home/abdy/ros2_ws/install/signal_processing/lib/python3.10/site-packages:${PYTHONPATH} /usr/bin/python3 -W ignore:setup.py install is deprecated -W ignore:easy_install command is deprecated setup.py egg_info --egg-base ../../build/signal_processing build --build-base /home/abdy/ros2_ws/build/signal_processing/build install --record /home/abdy/ros2_ws/build/signal_processing/install.log --single-version-externally-managed install_data
[0.825s] running egg_info
[0.825s] writing ../../build/signal_processing/signal_processing.egg-info/PKG-INFO
[0.826s] writing dependency_links to ../../build/signal_processing/signal_processing.egg-info/dependency_links.txt
[0.826s] writing entry points to ../../build/signal_processing/signal_processing.egg-info/entry_points.txt
[0.826s] writing requirements to ../../build/signal_processing/signal_processing.egg-info/requires.txt
[0.826s] writing top-level names to ../../build/signal_processing/signal_processing.egg-info/top_level.txt
[0.828s] reading manifest file '../../build/signal_processing/signal_processing.egg-info/SOURCES.txt'
[0.828s] writing manifest file '../../build/signal_processing/signal_processing.egg-info/SOURCES.txt'
[0.828s] running build
[0.828s] running build_py
[0.829s] copying signal_processing/signal_generator.py -> /home/abdy/ros2_ws/build/signal_processing/build/lib/signal_processing
[0.829s] running install
[0.829s] running install_lib
[0.830s] copying /home/abdy/ros2_ws/build/signal_processing/build/lib/signal_processing/signal_generator.py -> /home/abdy/ros2_ws/install/signal_processing/lib/python3.10/site-packages/signal_processing
[0.831s] byte-compiling /home/abdy/ros2_ws/install/signal_processing/lib/python3.10/site-packages/signal_processing/signal_generator.py to signal_generator.cpython-310.pyc
[0.831s] running install_data
[0.832s] running install_egg_info
[0.833s] removing '/home/abdy/ros2_ws/install/signal_processing/lib/python3.10/site-packages/signal_processing-0.0.0-py3.10.egg-info' (and everything under it)
[0.833s] Copying ../../build/signal_processing/signal_processing.egg-info to /home/abdy/ros2_ws/install/signal_processing/lib/python3.10/site-packages/signal_processing-0.0.0-py3.10.egg-info
[0.834s] running install_scripts
[0.852s] Installing PROCESS script to /home/abdy/ros2_ws/install/signal_processing/lib/signal_processing
[0.853s] Installing a script to /home/abdy/ros2_ws/install/signal_processing/lib/signal_processing
[0.853s] Installing process script to /home/abdy/ros2_ws/install/signal_processing/lib/signal_processing
[0.854s] Installing random_generator script to /home/abdy/ros2_ws/install/signal_processing/lib/signal_processing
[0.854s] Installing signal_generator script to /home/abdy/ros2_ws/install/signal_processing/lib/signal_processing
[0.854s] Installing signal_generator_param script to /home/abdy/ros2_ws/install/signal_processing/lib/signal_processing
[0.854s] writing list of installed files to '/home/abdy/ros2_ws/build/signal_processing/install.log'
[0.880s] Invoked command in '/home/abdy/ros2_ws/src/signal_processing' returned '0': PYTHONPATH=/home/abdy/ros2_ws/build/signal_processing/prefix_override:/usr/lib/python3/dist-packages/colcon_core/task/python/colcon_distutils_commands:/home/abdy/ros2_ws/install/signal_processing/lib/python3.10/site-packages:${PYTHONPATH} /usr/bin/python3 -W ignore:setup.py install is deprecated -W ignore:easy_install command is deprecated setup.py egg_info --egg-base ../../build/signal_processing build --build-base /home/abdy/ros2_ws/build/signal_processing/build install --record /home/abdy/ros2_ws/build/signal_processing/install.log --single-version-externally-managed install_data
