[6.340s] Invoking command in '/home/abdy/ros2_ws/src/motor_control': PYTHONPATH=/home/abdy/ros2_ws/build/motor_control/prefix_override:/usr/lib/python3/dist-packages/colcon_core/task/python/colcon_distutils_commands:/home/abdy/ros2_ws/install/motor_control/lib/python3.10/site-packages:${PYTHONPATH} /usr/bin/python3 -W ignore:setup.py install is deprecated -W ignore:easy_install command is deprecated setup.py egg_info --egg-base ../../build/motor_control build --build-base /home/abdy/ros2_ws/build/motor_control/build install --record /home/abdy/ros2_ws/build/motor_control/install.log --single-version-externally-managed install_data
[7.959s] running egg_info
[7.968s] writing ../../build/motor_control/motor_control.egg-info/PKG-INFO
[7.969s] writing dependency_links to ../../build/motor_control/motor_control.egg-info/dependency_links.txt
[7.974s] writing entry points to ../../build/motor_control/motor_control.egg-info/entry_points.txt
[7.974s] writing requirements to ../../build/motor_control/motor_control.egg-info/requires.txt
[7.974s] writing top-level names to ../../build/motor_control/motor_control.egg-info/top_level.txt
[7.982s] reading manifest file '../../build/motor_control/motor_control.egg-info/SOURCES.txt'
[7.987s] adding license file 'LICENSE'
[7.994s] writing manifest file '../../build/motor_control/motor_control.egg-info/SOURCES.txt'
[8.001s] running build
[8.003s] running build_py
[8.003s] running install
[8.014s] running install_lib
[8.025s] running install_data
[8.031s] running install_egg_info
[8.048s] removing '/home/abdy/ros2_ws/install/motor_control/lib/python3.10/site-packages/motor_control-0.0.0-py3.10.egg-info' (and everything under it)
[8.050s] Copying ../../build/motor_control/motor_control.egg-info to /home/abdy/ros2_ws/install/motor_control/lib/python3.10/site-packages/motor_control-0.0.0-py3.10.egg-info
[8.064s] running install_scripts
[8.210s] Installing dc_motor script to /home/abdy/ros2_ws/install/motor_control/lib/motor_control
[8.210s] Installing set_point script to /home/abdy/ros2_ws/install/motor_control/lib/motor_control
[8.210s] writing list of installed files to '/home/abdy/ros2_ws/build/motor_control/install.log'
[8.426s] Invoked command in '/home/abdy/ros2_ws/src/motor_control' returned '0': PYTHONPATH=/home/abdy/ros2_ws/build/motor_control/prefix_override:/usr/lib/python3/dist-packages/colcon_core/task/python/colcon_distutils_commands:/home/abdy/ros2_ws/install/motor_control/lib/python3.10/site-packages:${PYTHONPATH} /usr/bin/python3 -W ignore:setup.py install is deprecated -W ignore:easy_install command is deprecated setup.py egg_info --egg-base ../../build/motor_control build --build-base /home/abdy/ros2_ws/build/motor_control/build install --record /home/abdy/ros2_ws/build/motor_control/install.log --single-version-externally-managed install_data
