[0.076s] DEBUG:colcon:Command line arguments: ['/usr/bin/colcon', 'build']
[0.076s] DEBUG:colcon:Parsed command line arguments: Namespace(log_base=None, log_level=None, verb_name='build', build_base='build', install_base='install', merge_install=False, symlink_install=False, test_result_base=None, continue_on_error=False, executor='parallel', parallel_workers=6, event_handlers=None, ignore_user_meta=False, metas=['./colcon.meta'], base_paths=['.'], packages_ignore=None, packages_ignore_regex=None, paths=None, packages_up_to=None, packages_up_to_regex=None, packages_above=None, packages_above_and_dependencies=None, packages_above_depth=None, packages_select_by_dep=None, packages_skip_by_dep=None, packages_skip_up_to=None, packages_select_build_failed=False, packages_skip_build_finished=False, packages_select_test_failures=False, packages_skip_test_passed=False, packages_select=None, packages_skip=None, packages_select_regex=None, packages_skip_regex=None, packages_start=None, packages_end=None, allow_overriding=[], cmake_args=None, cmake_target=None, cmake_target_skip_unavailable=False, cmake_clean_cache=False, cmake_clean_first=False, cmake_force_configure=False, ament_cmake_args=None, catkin_cmake_args=None, catkin_skip_building_tests=False, verb_parser=<colcon_defaults.argument_parser.defaults.DefaultArgumentsDecorator object at 0x7189aaaf3820>, verb_extension=<colcon_core.verb.build.BuildVerb object at 0x7189aaaf3280>, main=<bound method BuildVerb.main of <colcon_core.verb.build.BuildVerb object at 0x7189aaaf3280>>)
[0.187s] Level 1:colcon.colcon_core.package_discovery:discover_packages(colcon_meta) check parameters
[0.187s] Level 1:colcon.colcon_core.package_discovery:discover_packages(recursive) check parameters
[0.187s] Level 1:colcon.colcon_core.package_discovery:discover_packages(ignore) check parameters
[0.187s] Level 1:colcon.colcon_core.package_discovery:discover_packages(path) check parameters
[0.187s] Level 1:colcon.colcon_core.package_discovery:discover_packages(colcon_meta) discover
[0.187s] Level 1:colcon.colcon_core.package_discovery:discover_packages(recursive) discover
[0.187s] INFO:colcon.colcon_core.package_discovery:Crawling recursively for packages in '/home/abdy/ros2_ws'
[0.187s] Level 1:colcon.colcon_core.package_identification:_identify(.) by extensions ['ignore', 'ignore_ament_install']
[0.187s] Level 1:colcon.colcon_core.package_identification:_identify(.) by extension 'ignore'
[0.187s] Level 1:colcon.colcon_core.package_identification:_identify(.) by extension 'ignore_ament_install'
[0.188s] Level 1:colcon.colcon_core.package_identification:_identify(.) by extensions ['colcon_pkg']
[0.188s] Level 1:colcon.colcon_core.package_identification:_identify(.) by extension 'colcon_pkg'
[0.188s] Level 1:colcon.colcon_core.package_identification:_identify(.) by extensions ['colcon_meta']
[0.188s] Level 1:colcon.colcon_core.package_identification:_identify(.) by extension 'colcon_meta'
[0.188s] Level 1:colcon.colcon_core.package_identification:_identify(.) by extensions ['ros']
[0.188s] Level 1:colcon.colcon_core.package_identification:_identify(.) by extension 'ros'
[0.196s] Level 1:colcon.colcon_core.package_identification:_identify(.) by extensions ['cmake', 'python']
[0.196s] Level 1:colcon.colcon_core.package_identification:_identify(.) by extension 'cmake'
[0.196s] Level 1:colcon.colcon_core.package_identification:_identify(.) by extension 'python'
[0.196s] Level 1:colcon.colcon_core.package_identification:_identify(.) by extensions ['python_setup_py']
[0.196s] Level 1:colcon.colcon_core.package_identification:_identify(.) by extension 'python_setup_py'
[0.196s] Level 1:colcon.colcon_core.package_identification:_identify(build) by extensions ['ignore', 'ignore_ament_install']
[0.196s] Level 1:colcon.colcon_core.package_identification:_identify(build) by extension 'ignore'
[0.196s] Level 1:colcon.colcon_core.package_identification:_identify(build) ignored
[0.196s] Level 1:colcon.colcon_core.package_identification:_identify(install) by extensions ['ignore', 'ignore_ament_install']
[0.197s] Level 1:colcon.colcon_core.package_identification:_identify(install) by extension 'ignore'
[0.197s] Level 1:colcon.colcon_core.package_identification:_identify(install) ignored
[0.197s] Level 1:colcon.colcon_core.package_identification:_identify(log) by extensions ['ignore', 'ignore_ament_install']
[0.197s] Level 1:colcon.colcon_core.package_identification:_identify(log) by extension 'ignore'
[0.197s] Level 1:colcon.colcon_core.package_identification:_identify(log) ignored
[0.197s] Level 1:colcon.colcon_core.package_identification:_identify(src) by extensions ['ignore', 'ignore_ament_install']
[0.197s] Level 1:colcon.colcon_core.package_identification:_identify(src) by extension 'ignore'
[0.197s] Level 1:colcon.colcon_core.package_identification:_identify(src) by extension 'ignore_ament_install'
[0.197s] Level 1:colcon.colcon_core.package_identification:_identify(src) by extensions ['colcon_pkg']
[0.197s] Level 1:colcon.colcon_core.package_identification:_identify(src) by extension 'colcon_pkg'
[0.197s] Level 1:colcon.colcon_core.package_identification:_identify(src) by extensions ['colcon_meta']
[0.197s] Level 1:colcon.colcon_core.package_identification:_identify(src) by extension 'colcon_meta'
[0.197s] Level 1:colcon.colcon_core.package_identification:_identify(src) by extensions ['ros']
[0.197s] Level 1:colcon.colcon_core.package_identification:_identify(src) by extension 'ros'
[0.197s] Level 1:colcon.colcon_core.package_identification:_identify(src) by extensions ['cmake', 'python']
[0.197s] Level 1:colcon.colcon_core.package_identification:_identify(src) by extension 'cmake'
[0.197s] Level 1:colcon.colcon_core.package_identification:_identify(src) by extension 'python'
[0.197s] Level 1:colcon.colcon_core.package_identification:_identify(src) by extensions ['python_setup_py']
[0.197s] Level 1:colcon.colcon_core.package_identification:_identify(src) by extension 'python_setup_py'
[0.197s] Level 1:colcon.colcon_core.package_identification:_identify(src/basic_comms) by extensions ['ignore', 'ignore_ament_install']
[0.198s] Level 1:colcon.colcon_core.package_identification:_identify(src/basic_comms) by extension 'ignore'
[0.198s] Level 1:colcon.colcon_core.package_identification:_identify(src/basic_comms) by extension 'ignore_ament_install'
[0.198s] Level 1:colcon.colcon_core.package_identification:_identify(src/basic_comms) by extensions ['colcon_pkg']
[0.198s] Level 1:colcon.colcon_core.package_identification:_identify(src/basic_comms) by extension 'colcon_pkg'
[0.198s] Level 1:colcon.colcon_core.package_identification:_identify(src/basic_comms) by extensions ['colcon_meta']
[0.198s] Level 1:colcon.colcon_core.package_identification:_identify(src/basic_comms) by extension 'colcon_meta'
[0.198s] Level 1:colcon.colcon_core.package_identification:_identify(src/basic_comms) by extensions ['ros']
[0.198s] Level 1:colcon.colcon_core.package_identification:_identify(src/basic_comms) by extension 'ros'
[0.199s] DEBUG:colcon.colcon_core.package_identification:Package 'src/basic_comms' with type 'ros.ament_python' and name 'basic_comms'
[0.200s] Level 1:colcon.colcon_core.package_identification:_identify(src/my_interfaces) by extensions ['ignore', 'ignore_ament_install']
[0.200s] Level 1:colcon.colcon_core.package_identification:_identify(src/my_interfaces) by extension 'ignore'
[0.200s] Level 1:colcon.colcon_core.package_identification:_identify(src/my_interfaces) by extension 'ignore_ament_install'
[0.200s] Level 1:colcon.colcon_core.package_identification:_identify(src/my_interfaces) by extensions ['colcon_pkg']
[0.200s] Level 1:colcon.colcon_core.package_identification:_identify(src/my_interfaces) by extension 'colcon_pkg'
[0.200s] Level 1:colcon.colcon_core.package_identification:_identify(src/my_interfaces) by extensions ['colcon_meta']
[0.200s] Level 1:colcon.colcon_core.package_identification:_identify(src/my_interfaces) by extension 'colcon_meta'
[0.200s] Level 1:colcon.colcon_core.package_identification:_identify(src/my_interfaces) by extensions ['ros']
[0.200s] Level 1:colcon.colcon_core.package_identification:_identify(src/my_interfaces) by extension 'ros'
[0.200s] DEBUG:colcon.colcon_core.package_identification:Package 'src/my_interfaces' with type 'ros.ament_cmake' and name 'my_interfaces'
[0.200s] Level 1:colcon.colcon_core.package_identification:_identify(src/my_py_pkg) by extensions ['ignore', 'ignore_ament_install']
[0.200s] Level 1:colcon.colcon_core.package_identification:_identify(src/my_py_pkg) by extension 'ignore'
[0.200s] Level 1:colcon.colcon_core.package_identification:_identify(src/my_py_pkg) by extension 'ignore_ament_install'
[0.200s] Level 1:colcon.colcon_core.package_identification:_identify(src/my_py_pkg) by extensions ['colcon_pkg']
[0.200s] Level 1:colcon.colcon_core.package_identification:_identify(src/my_py_pkg) by extension 'colcon_pkg'
[0.200s] Level 1:colcon.colcon_core.package_identification:_identify(src/my_py_pkg) by extensions ['colcon_meta']
[0.201s] Level 1:colcon.colcon_core.package_identification:_identify(src/my_py_pkg) by extension 'colcon_meta'
[0.201s] Level 1:colcon.colcon_core.package_identification:_identify(src/my_py_pkg) by extensions ['ros']
[0.201s] Level 1:colcon.colcon_core.package_identification:_identify(src/my_py_pkg) by extension 'ros'
[0.201s] DEBUG:colcon.colcon_core.package_identification:Package 'src/my_py_pkg' with type 'ros.ament_python' and name 'my_py_pkg'
[0.201s] Level 1:colcon.colcon_core.package_identification:_identify(src/signal_processing) by extensions ['ignore', 'ignore_ament_install']
[0.201s] Level 1:colcon.colcon_core.package_identification:_identify(src/signal_processing) by extension 'ignore'
[0.201s] Level 1:colcon.colcon_core.package_identification:_identify(src/signal_processing) by extension 'ignore_ament_install'
[0.201s] Level 1:colcon.colcon_core.package_identification:_identify(src/signal_processing) by extensions ['colcon_pkg']
[0.201s] Level 1:colcon.colcon_core.package_identification:_identify(src/signal_processing) by extension 'colcon_pkg'
[0.201s] Level 1:colcon.colcon_core.package_identification:_identify(src/signal_processing) by extensions ['colcon_meta']
[0.201s] Level 1:colcon.colcon_core.package_identification:_identify(src/signal_processing) by extension 'colcon_meta'
[0.201s] Level 1:colcon.colcon_core.package_identification:_identify(src/signal_processing) by extensions ['ros']
[0.201s] Level 1:colcon.colcon_core.package_identification:_identify(src/signal_processing) by extension 'ros'
[0.202s] DEBUG:colcon.colcon_core.package_identification:Package 'src/signal_processing' with type 'ros.ament_python' and name 'signal_processing'
[0.202s] Level 1:colcon.colcon_core.package_discovery:discover_packages(recursive) using defaults
[0.202s] Level 1:colcon.colcon_core.package_discovery:discover_packages(ignore) discover
[0.202s] Level 1:colcon.colcon_core.package_discovery:discover_packages(ignore) using defaults
[0.202s] Level 1:colcon.colcon_core.package_discovery:discover_packages(path) discover
[0.202s] Level 1:colcon.colcon_core.package_discovery:discover_packages(path) using defaults
[0.216s] Level 1:colcon.colcon_core.package_discovery:discover_packages(prefix_path) check parameters
[0.216s] Level 1:colcon.colcon_core.package_discovery:discover_packages(prefix_path) discover
[0.218s] DEBUG:colcon.colcon_installed_package_information.package_discovery:Found 3 installed packages in /home/abdy/ros2_ws/install
[0.219s] DEBUG:colcon.colcon_installed_package_information.package_discovery:Found 271 installed packages in /opt/ros/humble
[0.220s] Level 1:colcon.colcon_core.package_discovery:discover_packages(prefix_path) using defaults
[0.254s] Level 5:colcon.colcon_core.verb:set package 'basic_comms' build argument 'cmake_args' from command line to 'None'
[0.254s] Level 5:colcon.colcon_core.verb:set package 'basic_comms' build argument 'cmake_target' from command line to 'None'
[0.254s] Level 5:colcon.colcon_core.verb:set package 'basic_comms' build argument 'cmake_target_skip_unavailable' from command line to 'False'
[0.254s] Level 5:colcon.colcon_core.verb:set package 'basic_comms' build argument 'cmake_clean_cache' from command line to 'False'
[0.254s] Level 5:colcon.colcon_core.verb:set package 'basic_comms' build argument 'cmake_clean_first' from command line to 'False'
[0.254s] Level 5:colcon.colcon_core.verb:set package 'basic_comms' build argument 'cmake_force_configure' from command line to 'False'
[0.254s] Level 5:colcon.colcon_core.verb:set package 'basic_comms' build argument 'ament_cmake_args' from command line to 'None'
[0.254s] Level 5:colcon.colcon_core.verb:set package 'basic_comms' build argument 'catkin_cmake_args' from command line to 'None'
[0.254s] Level 5:colcon.colcon_core.verb:set package 'basic_comms' build argument 'catkin_skip_building_tests' from command line to 'False'
[0.254s] DEBUG:colcon.colcon_core.verb:Building package 'basic_comms' with the following arguments: {'ament_cmake_args': None, 'build_base': '/home/abdy/ros2_ws/build/basic_comms', 'catkin_cmake_args': None, 'catkin_skip_building_tests': False, 'cmake_args': None, 'cmake_clean_cache': False, 'cmake_clean_first': False, 'cmake_force_configure': False, 'cmake_target': None, 'cmake_target_skip_unavailable': False, 'install_base': '/home/abdy/ros2_ws/install/basic_comms', 'merge_install': False, 'path': '/home/abdy/ros2_ws/src/basic_comms', 'symlink_install': False, 'test_result_base': None}
[0.254s] Level 5:colcon.colcon_core.verb:set package 'my_interfaces' build argument 'cmake_args' from command line to 'None'
[0.254s] Level 5:colcon.colcon_core.verb:set package 'my_interfaces' build argument 'cmake_target' from command line to 'None'
[0.254s] Level 5:colcon.colcon_core.verb:set package 'my_interfaces' build argument 'cmake_target_skip_unavailable' from command line to 'False'
[0.254s] Level 5:colcon.colcon_core.verb:set package 'my_interfaces' build argument 'cmake_clean_cache' from command line to 'False'
[0.254s] Level 5:colcon.colcon_core.verb:set package 'my_interfaces' build argument 'cmake_clean_first' from command line to 'False'
[0.254s] Level 5:colcon.colcon_core.verb:set package 'my_interfaces' build argument 'cmake_force_configure' from command line to 'False'
[0.254s] Level 5:colcon.colcon_core.verb:set package 'my_interfaces' build argument 'ament_cmake_args' from command line to 'None'
[0.254s] Level 5:colcon.colcon_core.verb:set package 'my_interfaces' build argument 'catkin_cmake_args' from command line to 'None'
[0.254s] Level 5:colcon.colcon_core.verb:set package 'my_interfaces' build argument 'catkin_skip_building_tests' from command line to 'False'
[0.254s] DEBUG:colcon.colcon_core.verb:Building package 'my_interfaces' with the following arguments: {'ament_cmake_args': None, 'build_base': '/home/abdy/ros2_ws/build/my_interfaces', 'catkin_cmake_args': None, 'catkin_skip_building_tests': False, 'cmake_args': None, 'cmake_clean_cache': False, 'cmake_clean_first': False, 'cmake_force_configure': False, 'cmake_target': None, 'cmake_target_skip_unavailable': False, 'install_base': '/home/abdy/ros2_ws/install/my_interfaces', 'merge_install': False, 'path': '/home/abdy/ros2_ws/src/my_interfaces', 'symlink_install': False, 'test_result_base': None}
[0.255s] Level 5:colcon.colcon_core.verb:set package 'my_py_pkg' build argument 'cmake_args' from command line to 'None'
[0.255s] Level 5:colcon.colcon_core.verb:set package 'my_py_pkg' build argument 'cmake_target' from command line to 'None'
[0.255s] Level 5:colcon.colcon_core.verb:set package 'my_py_pkg' build argument 'cmake_target_skip_unavailable' from command line to 'False'
[0.255s] Level 5:colcon.colcon_core.verb:set package 'my_py_pkg' build argument 'cmake_clean_cache' from command line to 'False'
[0.255s] Level 5:colcon.colcon_core.verb:set package 'my_py_pkg' build argument 'cmake_clean_first' from command line to 'False'
[0.255s] Level 5:colcon.colcon_core.verb:set package 'my_py_pkg' build argument 'cmake_force_configure' from command line to 'False'
[0.255s] Level 5:colcon.colcon_core.verb:set package 'my_py_pkg' build argument 'ament_cmake_args' from command line to 'None'
[0.255s] Level 5:colcon.colcon_core.verb:set package 'my_py_pkg' build argument 'catkin_cmake_args' from command line to 'None'
[0.255s] Level 5:colcon.colcon_core.verb:set package 'my_py_pkg' build argument 'catkin_skip_building_tests' from command line to 'False'
[0.255s] DEBUG:colcon.colcon_core.verb:Building package 'my_py_pkg' with the following arguments: {'ament_cmake_args': None, 'build_base': '/home/abdy/ros2_ws/build/my_py_pkg', 'catkin_cmake_args': None, 'catkin_skip_building_tests': False, 'cmake_args': None, 'cmake_clean_cache': False, 'cmake_clean_first': False, 'cmake_force_configure': False, 'cmake_target': None, 'cmake_target_skip_unavailable': False, 'install_base': '/home/abdy/ros2_ws/install/my_py_pkg', 'merge_install': False, 'path': '/home/abdy/ros2_ws/src/my_py_pkg', 'symlink_install': False, 'test_result_base': None}
[0.255s] Level 5:colcon.colcon_core.verb:set package 'signal_processing' build argument 'cmake_args' from command line to 'None'
[0.255s] Level 5:colcon.colcon_core.verb:set package 'signal_processing' build argument 'cmake_target' from command line to 'None'
[0.255s] Level 5:colcon.colcon_core.verb:set package 'signal_processing' build argument 'cmake_target_skip_unavailable' from command line to 'False'
[0.255s] Level 5:colcon.colcon_core.verb:set package 'signal_processing' build argument 'cmake_clean_cache' from command line to 'False'
[0.255s] Level 5:colcon.colcon_core.verb:set package 'signal_processing' build argument 'cmake_clean_first' from command line to 'False'
[0.255s] Level 5:colcon.colcon_core.verb:set package 'signal_processing' build argument 'cmake_force_configure' from command line to 'False'
[0.255s] Level 5:colcon.colcon_core.verb:set package 'signal_processing' build argument 'ament_cmake_args' from command line to 'None'
[0.255s] Level 5:colcon.colcon_core.verb:set package 'signal_processing' build argument 'catkin_cmake_args' from command line to 'None'
[0.255s] Level 5:colcon.colcon_core.verb:set package 'signal_processing' build argument 'catkin_skip_building_tests' from command line to 'False'
[0.255s] DEBUG:colcon.colcon_core.verb:Building package 'signal_processing' with the following arguments: {'ament_cmake_args': None, 'build_base': '/home/abdy/ros2_ws/build/signal_processing', 'catkin_cmake_args': None, 'catkin_skip_building_tests': False, 'cmake_args': None, 'cmake_clean_cache': False, 'cmake_clean_first': False, 'cmake_force_configure': False, 'cmake_target': None, 'cmake_target_skip_unavailable': False, 'install_base': '/home/abdy/ros2_ws/install/signal_processing', 'merge_install': False, 'path': '/home/abdy/ros2_ws/src/signal_processing', 'symlink_install': False, 'test_result_base': None}
[0.255s] INFO:colcon.colcon_core.executor:Executing jobs using 'parallel' executor
[0.256s] DEBUG:colcon.colcon_parallel_executor.executor.parallel:run_until_complete
[0.257s] INFO:colcon.colcon_ros.task.ament_python.build:Building ROS package in '/home/abdy/ros2_ws/src/basic_comms' with build type 'ament_python'
[0.257s] Level 1:colcon.colcon_core.shell:create_environment_hook('basic_comms', 'ament_prefix_path')
[0.259s] INFO:colcon.colcon_core.plugin_system:Skipping extension 'colcon_core.shell.bat': Not used on non-Windows systems
[0.259s] INFO:colcon.colcon_core.shell:Creating environment hook '/home/abdy/ros2_ws/install/basic_comms/share/basic_comms/hook/ament_prefix_path.ps1'
[0.259s] INFO:colcon.colcon_core.shell:Creating environment descriptor '/home/abdy/ros2_ws/install/basic_comms/share/basic_comms/hook/ament_prefix_path.dsv'
[0.260s] INFO:colcon.colcon_core.shell:Creating environment hook '/home/abdy/ros2_ws/install/basic_comms/share/basic_comms/hook/ament_prefix_path.sh'
[0.261s] INFO:colcon.colcon_core.shell:Skip shell extension 'powershell' for command environment: Not usable outside of PowerShell
[0.261s] DEBUG:colcon.colcon_core.shell:Skip shell extension 'dsv' for command environment
[0.264s] INFO:colcon.colcon_ros.task.ament_cmake.build:Building ROS package in '/home/abdy/ros2_ws/src/my_interfaces' with build type 'ament_cmake'
[0.264s] INFO:colcon.colcon_cmake.task.cmake.build:Building CMake package in '/home/abdy/ros2_ws/src/my_interfaces'
[0.264s] INFO:colcon.colcon_core.shell:Skip shell extension 'powershell' for command environment: Not usable outside of PowerShell
[0.264s] DEBUG:colcon.colcon_core.shell:Skip shell extension 'dsv' for command environment
[0.267s] INFO:colcon.colcon_ros.task.ament_python.build:Building ROS package in '/home/abdy/ros2_ws/src/my_py_pkg' with build type 'ament_python'
[0.267s] Level 1:colcon.colcon_core.shell:create_environment_hook('my_py_pkg', 'ament_prefix_path')
[0.267s] INFO:colcon.colcon_core.shell:Creating environment hook '/home/abdy/ros2_ws/install/my_py_pkg/share/my_py_pkg/hook/ament_prefix_path.ps1'
[0.268s] INFO:colcon.colcon_core.shell:Creating environment descriptor '/home/abdy/ros2_ws/install/my_py_pkg/share/my_py_pkg/hook/ament_prefix_path.dsv'
[0.268s] INFO:colcon.colcon_core.shell:Creating environment hook '/home/abdy/ros2_ws/install/my_py_pkg/share/my_py_pkg/hook/ament_prefix_path.sh'
[0.269s] INFO:colcon.colcon_core.shell:Skip shell extension 'powershell' for command environment: Not usable outside of PowerShell
[0.269s] DEBUG:colcon.colcon_core.shell:Skip shell extension 'dsv' for command environment
[0.272s] INFO:colcon.colcon_ros.task.ament_python.build:Building ROS package in '/home/abdy/ros2_ws/src/signal_processing' with build type 'ament_python'
[0.272s] Level 1:colcon.colcon_core.shell:create_environment_hook('signal_processing', 'ament_prefix_path')
[0.272s] INFO:colcon.colcon_core.shell:Creating environment hook '/home/abdy/ros2_ws/install/signal_processing/share/signal_processing/hook/ament_prefix_path.ps1'
[0.273s] INFO:colcon.colcon_core.shell:Creating environment descriptor '/home/abdy/ros2_ws/install/signal_processing/share/signal_processing/hook/ament_prefix_path.dsv'
[0.273s] INFO:colcon.colcon_core.shell:Creating environment hook '/home/abdy/ros2_ws/install/signal_processing/share/signal_processing/hook/ament_prefix_path.sh'
[0.274s] INFO:colcon.colcon_core.shell:Skip shell extension 'powershell' for command environment: Not usable outside of PowerShell
[0.274s] DEBUG:colcon.colcon_core.shell:Skip shell extension 'dsv' for command environment
[0.457s] INFO:colcon.colcon_core.task.python.build:Building Python package in '/home/abdy/ros2_ws/src/basic_comms'
[0.457s] INFO:colcon.colcon_core.shell:Skip shell extension 'powershell' for command environment: Not usable outside of PowerShell
[0.457s] DEBUG:colcon.colcon_core.shell:Skip shell extension 'dsv' for command environment
[0.465s] DEBUG:colcon.colcon_core.event_handler.log_command:Invoking command in '/home/abdy/ros2_ws/build/my_interfaces': CMAKE_PREFIX_PATH=/home/abdy/ros2_ws/install/signal_processing:/home/abdy/ros2_ws/install/my_py_pkg:/home/abdy/ros2_ws/install/basic_comms:/opt/ros/humble /usr/bin/cmake /home/abdy/ros2_ws/src/my_interfaces -DCMAKE_INSTALL_PREFIX=/home/abdy/ros2_ws/install/my_interfaces
[0.659s] INFO:colcon.colcon_core.task.python.build:Building Python package in '/home/abdy/ros2_ws/src/my_py_pkg'
[0.659s] INFO:colcon.colcon_core.shell:Skip shell extension 'powershell' for command environment: Not usable outside of PowerShell
[0.659s] DEBUG:colcon.colcon_core.shell:Skip shell extension 'dsv' for command environment
[0.859s] INFO:colcon.colcon_core.task.python.build:Building Python package in '/home/abdy/ros2_ws/src/signal_processing'
[0.859s] INFO:colcon.colcon_core.shell:Skip shell extension 'powershell' for command environment: Not usable outside of PowerShell
[0.859s] DEBUG:colcon.colcon_core.shell:Skip shell extension 'dsv' for command environment
[1.115s] DEBUG:colcon.colcon_core.event_handler.log_command:Invoking command in '/home/abdy/ros2_ws/src/basic_comms': PYTHONPATH=/home/abdy/ros2_ws/build/basic_comms/prefix_override:/usr/lib/python3/dist-packages/colcon_core/task/python/colcon_distutils_commands:/home/abdy/ros2_ws/install/basic_comms/lib/python3.10/site-packages:${PYTHONPATH} /usr/bin/python3 -W ignore:setup.py install is deprecated -W ignore:easy_install command is deprecated setup.py egg_info --egg-base ../../build/basic_comms build --build-base /home/abdy/ros2_ws/build/basic_comms/build install --record /home/abdy/ros2_ws/build/basic_comms/install.log --single-version-externally-managed install_data
[1.128s] DEBUG:colcon.colcon_core.event_handler.log_command:Invoking command in '/home/abdy/ros2_ws/src/signal_processing': PYTHONPATH=/home/abdy/ros2_ws/build/signal_processing/prefix_override:/usr/lib/python3/dist-packages/colcon_core/task/python/colcon_distutils_commands:/home/abdy/ros2_ws/install/signal_processing/lib/python3.10/site-packages:${PYTHONPATH} /usr/bin/python3 -W ignore:setup.py install is deprecated -W ignore:easy_install command is deprecated setup.py egg_info --egg-base ../../build/signal_processing build --build-base /home/abdy/ros2_ws/build/signal_processing/build install --record /home/abdy/ros2_ws/build/signal_processing/install.log --single-version-externally-managed install_data
[1.132s] DEBUG:colcon.colcon_core.event_handler.log_command:Invoking command in '/home/abdy/ros2_ws/src/my_py_pkg': PYTHONPATH=/home/abdy/ros2_ws/build/my_py_pkg/prefix_override:/usr/lib/python3/dist-packages/colcon_core/task/python/colcon_distutils_commands:/home/abdy/ros2_ws/install/my_py_pkg/lib/python3.10/site-packages:${PYTHONPATH} /usr/bin/python3 -W ignore:setup.py install is deprecated -W ignore:easy_install command is deprecated setup.py egg_info --egg-base ../../build/my_py_pkg build --build-base /home/abdy/ros2_ws/build/my_py_pkg/build install --record /home/abdy/ros2_ws/build/my_py_pkg/install.log --single-version-externally-managed install_data
[1.348s] DEBUG:colcon.colcon_core.event_handler.log_command:Invoked command in '/home/abdy/ros2_ws/src/basic_comms' returned '0': PYTHONPATH=/home/abdy/ros2_ws/build/basic_comms/prefix_override:/usr/lib/python3/dist-packages/colcon_core/task/python/colcon_distutils_commands:/home/abdy/ros2_ws/install/basic_comms/lib/python3.10/site-packages:${PYTHONPATH} /usr/bin/python3 -W ignore:setup.py install is deprecated -W ignore:easy_install command is deprecated setup.py egg_info --egg-base ../../build/basic_comms build --build-base /home/abdy/ros2_ws/build/basic_comms/build install --record /home/abdy/ros2_ws/build/basic_comms/install.log --single-version-externally-managed install_data
[1.350s] Level 1:colcon.colcon_core.environment:checking '/home/abdy/ros2_ws/install/basic_comms' for CMake module files
[1.350s] Level 1:colcon.colcon_core.environment:checking '/home/abdy/ros2_ws/install/basic_comms' for CMake config files
[1.351s] Level 1:colcon.colcon_core.environment:checking '/home/abdy/ros2_ws/install/basic_comms/lib'
[1.351s] Level 1:colcon.colcon_core.environment:checking '/home/abdy/ros2_ws/install/basic_comms/bin'
[1.351s] Level 1:colcon.colcon_core.environment:checking '/home/abdy/ros2_ws/install/basic_comms/lib/pkgconfig/basic_comms.pc'
[1.352s] Level 1:colcon.colcon_core.environment:checking '/home/abdy/ros2_ws/install/basic_comms/lib/python3.10/site-packages'
[1.352s] Level 1:colcon.colcon_core.shell:create_environment_hook('basic_comms', 'pythonpath')
[1.352s] INFO:colcon.colcon_core.shell:Creating environment hook '/home/abdy/ros2_ws/install/basic_comms/share/basic_comms/hook/pythonpath.ps1'
[1.353s] INFO:colcon.colcon_core.shell:Creating environment descriptor '/home/abdy/ros2_ws/install/basic_comms/share/basic_comms/hook/pythonpath.dsv'
[1.354s] INFO:colcon.colcon_core.shell:Creating environment hook '/home/abdy/ros2_ws/install/basic_comms/share/basic_comms/hook/pythonpath.sh'
[1.355s] Level 1:colcon.colcon_core.environment:checking '/home/abdy/ros2_ws/install/basic_comms/bin'
[1.355s] Level 1:colcon.colcon_core.environment:create_environment_scripts_only(basic_comms)
[1.355s] INFO:colcon.colcon_core.shell:Creating package script '/home/abdy/ros2_ws/install/basic_comms/share/basic_comms/package.ps1'
[1.356s] INFO:colcon.colcon_core.shell:Creating package descriptor '/home/abdy/ros2_ws/install/basic_comms/share/basic_comms/package.dsv'
[1.357s] INFO:colcon.colcon_core.shell:Creating package script '/home/abdy/ros2_ws/install/basic_comms/share/basic_comms/package.sh'
[1.358s] INFO:colcon.colcon_core.shell:Creating package script '/home/abdy/ros2_ws/install/basic_comms/share/basic_comms/package.bash'
[1.358s] INFO:colcon.colcon_core.shell:Creating package script '/home/abdy/ros2_ws/install/basic_comms/share/basic_comms/package.zsh'
[1.359s] Level 1:colcon.colcon_core.environment:create_file_with_runtime_dependencies(/home/abdy/ros2_ws/install/basic_comms/share/colcon-core/packages/basic_comms)
[1.361s] Level 1:colcon.colcon_core.environment:checking '/home/abdy/ros2_ws/install/signal_processing' for CMake module files
[1.363s] Level 1:colcon.colcon_core.environment:checking '/home/abdy/ros2_ws/install/signal_processing' for CMake config files
[1.363s] DEBUG:colcon.colcon_core.event_handler.log_command:Invoked command in '/home/abdy/ros2_ws/src/signal_processing' returned '0': PYTHONPATH=/home/abdy/ros2_ws/build/signal_processing/prefix_override:/usr/lib/python3/dist-packages/colcon_core/task/python/colcon_distutils_commands:/home/abdy/ros2_ws/install/signal_processing/lib/python3.10/site-packages:${PYTHONPATH} /usr/bin/python3 -W ignore:setup.py install is deprecated -W ignore:easy_install command is deprecated setup.py egg_info --egg-base ../../build/signal_processing build --build-base /home/abdy/ros2_ws/build/signal_processing/build install --record /home/abdy/ros2_ws/build/signal_processing/install.log --single-version-externally-managed install_data
[1.363s] Level 1:colcon.colcon_core.environment:checking '/home/abdy/ros2_ws/install/signal_processing/lib'
[1.364s] Level 1:colcon.colcon_core.environment:checking '/home/abdy/ros2_ws/install/signal_processing/bin'
[1.364s] Level 1:colcon.colcon_core.environment:checking '/home/abdy/ros2_ws/install/signal_processing/lib/pkgconfig/signal_processing.pc'
[1.364s] Level 1:colcon.colcon_core.environment:checking '/home/abdy/ros2_ws/install/signal_processing/lib/python3.10/site-packages'
[1.364s] Level 1:colcon.colcon_core.shell:create_environment_hook('signal_processing', 'pythonpath')
[1.364s] INFO:colcon.colcon_core.shell:Creating environment hook '/home/abdy/ros2_ws/install/signal_processing/share/signal_processing/hook/pythonpath.ps1'
[1.365s] INFO:colcon.colcon_core.shell:Creating environment descriptor '/home/abdy/ros2_ws/install/signal_processing/share/signal_processing/hook/pythonpath.dsv'
[1.365s] INFO:colcon.colcon_core.shell:Creating environment hook '/home/abdy/ros2_ws/install/signal_processing/share/signal_processing/hook/pythonpath.sh'
[1.366s] Level 1:colcon.colcon_core.environment:checking '/home/abdy/ros2_ws/install/signal_processing/bin'
[1.366s] Level 1:colcon.colcon_core.environment:create_environment_scripts_only(signal_processing)
[1.366s] INFO:colcon.colcon_core.shell:Creating package script '/home/abdy/ros2_ws/install/signal_processing/share/signal_processing/package.ps1'
[1.367s] INFO:colcon.colcon_core.shell:Creating package descriptor '/home/abdy/ros2_ws/install/signal_processing/share/signal_processing/package.dsv'
[1.367s] INFO:colcon.colcon_core.shell:Creating package script '/home/abdy/ros2_ws/install/signal_processing/share/signal_processing/package.sh'
[1.368s] INFO:colcon.colcon_core.shell:Creating package script '/home/abdy/ros2_ws/install/signal_processing/share/signal_processing/package.bash'
[1.368s] INFO:colcon.colcon_core.shell:Creating package script '/home/abdy/ros2_ws/install/signal_processing/share/signal_processing/package.zsh'
[1.369s] Level 1:colcon.colcon_core.environment:create_file_with_runtime_dependencies(/home/abdy/ros2_ws/install/signal_processing/share/colcon-core/packages/signal_processing)
[1.370s] Level 1:colcon.colcon_core.environment:checking '/home/abdy/ros2_ws/install/my_py_pkg' for CMake module files
[1.371s] DEBUG:colcon.colcon_core.event_handler.log_command:Invoked command in '/home/abdy/ros2_ws/src/my_py_pkg' returned '0': PYTHONPATH=/home/abdy/ros2_ws/build/my_py_pkg/prefix_override:/usr/lib/python3/dist-packages/colcon_core/task/python/colcon_distutils_commands:/home/abdy/ros2_ws/install/my_py_pkg/lib/python3.10/site-packages:${PYTHONPATH} /usr/bin/python3 -W ignore:setup.py install is deprecated -W ignore:easy_install command is deprecated setup.py egg_info --egg-base ../../build/my_py_pkg build --build-base /home/abdy/ros2_ws/build/my_py_pkg/build install --record /home/abdy/ros2_ws/build/my_py_pkg/install.log --single-version-externally-managed install_data
[1.371s] Level 1:colcon.colcon_core.environment:checking '/home/abdy/ros2_ws/install/my_py_pkg' for CMake config files
[1.372s] Level 1:colcon.colcon_core.environment:checking '/home/abdy/ros2_ws/install/my_py_pkg/lib'
[1.372s] Level 1:colcon.colcon_core.environment:checking '/home/abdy/ros2_ws/install/my_py_pkg/bin'
[1.372s] Level 1:colcon.colcon_core.environment:checking '/home/abdy/ros2_ws/install/my_py_pkg/lib/pkgconfig/my_py_pkg.pc'
[1.372s] Level 1:colcon.colcon_core.environment:checking '/home/abdy/ros2_ws/install/my_py_pkg/lib/python3.10/site-packages'
[1.372s] Level 1:colcon.colcon_core.shell:create_environment_hook('my_py_pkg', 'pythonpath')
[1.372s] INFO:colcon.colcon_core.shell:Creating environment hook '/home/abdy/ros2_ws/install/my_py_pkg/share/my_py_pkg/hook/pythonpath.ps1'
[1.373s] INFO:colcon.colcon_core.shell:Creating environment descriptor '/home/abdy/ros2_ws/install/my_py_pkg/share/my_py_pkg/hook/pythonpath.dsv'
[1.373s] INFO:colcon.colcon_core.shell:Creating environment hook '/home/abdy/ros2_ws/install/my_py_pkg/share/my_py_pkg/hook/pythonpath.sh'
[1.374s] Level 1:colcon.colcon_core.environment:checking '/home/abdy/ros2_ws/install/my_py_pkg/bin'
[1.374s] Level 1:colcon.colcon_core.environment:create_environment_scripts_only(my_py_pkg)
[1.374s] INFO:colcon.colcon_core.shell:Creating package script '/home/abdy/ros2_ws/install/my_py_pkg/share/my_py_pkg/package.ps1'
[1.375s] INFO:colcon.colcon_core.shell:Creating package descriptor '/home/abdy/ros2_ws/install/my_py_pkg/share/my_py_pkg/package.dsv'
[1.375s] INFO:colcon.colcon_core.shell:Creating package script '/home/abdy/ros2_ws/install/my_py_pkg/share/my_py_pkg/package.sh'
[1.376s] INFO:colcon.colcon_core.shell:Creating package script '/home/abdy/ros2_ws/install/my_py_pkg/share/my_py_pkg/package.bash'
[1.376s] INFO:colcon.colcon_core.shell:Creating package script '/home/abdy/ros2_ws/install/my_py_pkg/share/my_py_pkg/package.zsh'
[1.376s] Level 1:colcon.colcon_core.environment:create_file_with_runtime_dependencies(/home/abdy/ros2_ws/install/my_py_pkg/share/colcon-core/packages/my_py_pkg)
[2.041s] DEBUG:colcon.colcon_core.event_handler.log_command:Invoked command in '/home/abdy/ros2_ws/build/my_interfaces' returned '0': CMAKE_PREFIX_PATH=/home/abdy/ros2_ws/install/signal_processing:/home/abdy/ros2_ws/install/my_py_pkg:/home/abdy/ros2_ws/install/basic_comms:/opt/ros/humble /usr/bin/cmake /home/abdy/ros2_ws/src/my_interfaces -DCMAKE_INSTALL_PREFIX=/home/abdy/ros2_ws/install/my_interfaces
[2.044s] DEBUG:colcon.colcon_core.event_handler.log_command:Invoking command in '/home/abdy/ros2_ws/build/my_interfaces': CMAKE_PREFIX_PATH=/home/abdy/ros2_ws/install/signal_processing:/home/abdy/ros2_ws/install/my_py_pkg:/home/abdy/ros2_ws/install/basic_comms:/opt/ros/humble /usr/bin/cmake --build /home/abdy/ros2_ws/build/my_interfaces -- -j6 -l6
[3.842s] DEBUG:colcon.colcon_core.event_handler.log_command:Invoked command in '/home/abdy/ros2_ws/build/my_interfaces' returned '0': CMAKE_PREFIX_PATH=/home/abdy/ros2_ws/install/signal_processing:/home/abdy/ros2_ws/install/my_py_pkg:/home/abdy/ros2_ws/install/basic_comms:/opt/ros/humble /usr/bin/cmake --build /home/abdy/ros2_ws/build/my_interfaces -- -j6 -l6
[3.853s] DEBUG:colcon.colcon_core.event_handler.log_command:Invoking command in '/home/abdy/ros2_ws/build/my_interfaces': CMAKE_PREFIX_PATH=/home/abdy/ros2_ws/install/signal_processing:/home/abdy/ros2_ws/install/my_py_pkg:/home/abdy/ros2_ws/install/basic_comms:/opt/ros/humble /usr/bin/cmake --install /home/abdy/ros2_ws/build/my_interfaces
[3.913s] Level 1:colcon.colcon_core.environment:create_environment_scripts_only(my_interfaces)
[3.913s] Level 1:colcon.colcon_core.environment:checking '/home/abdy/ros2_ws/install/my_interfaces' for CMake module files
[3.913s] DEBUG:colcon.colcon_core.event_handler.log_command:Invoked command in '/home/abdy/ros2_ws/build/my_interfaces' returned '0': CMAKE_PREFIX_PATH=/home/abdy/ros2_ws/install/signal_processing:/home/abdy/ros2_ws/install/my_py_pkg:/home/abdy/ros2_ws/install/basic_comms:/opt/ros/humble /usr/bin/cmake --install /home/abdy/ros2_ws/build/my_interfaces
[3.914s] Level 1:colcon.colcon_core.environment:checking '/home/abdy/ros2_ws/install/my_interfaces' for CMake config files
[3.915s] Level 1:colcon.colcon_core.shell:create_environment_hook('my_interfaces', 'cmake_prefix_path')
[3.915s] INFO:colcon.colcon_core.shell:Creating environment hook '/home/abdy/ros2_ws/install/my_interfaces/share/my_interfaces/hook/cmake_prefix_path.ps1'
[3.915s] INFO:colcon.colcon_core.shell:Creating environment descriptor '/home/abdy/ros2_ws/install/my_interfaces/share/my_interfaces/hook/cmake_prefix_path.dsv'
[3.916s] INFO:colcon.colcon_core.shell:Creating environment hook '/home/abdy/ros2_ws/install/my_interfaces/share/my_interfaces/hook/cmake_prefix_path.sh'
[3.916s] Level 1:colcon.colcon_core.environment:checking '/home/abdy/ros2_ws/install/my_interfaces/lib'
[3.916s] Level 1:colcon.colcon_core.shell:create_environment_hook('my_interfaces', 'ld_library_path_lib')
[3.916s] INFO:colcon.colcon_core.shell:Creating environment hook '/home/abdy/ros2_ws/install/my_interfaces/share/my_interfaces/hook/ld_library_path_lib.ps1'
[3.917s] INFO:colcon.colcon_core.shell:Creating environment descriptor '/home/abdy/ros2_ws/install/my_interfaces/share/my_interfaces/hook/ld_library_path_lib.dsv'
[3.917s] INFO:colcon.colcon_core.shell:Creating environment hook '/home/abdy/ros2_ws/install/my_interfaces/share/my_interfaces/hook/ld_library_path_lib.sh'
[3.917s] Level 1:colcon.colcon_core.environment:checking '/home/abdy/ros2_ws/install/my_interfaces/bin'
[3.917s] Level 1:colcon.colcon_core.environment:checking '/home/abdy/ros2_ws/install/my_interfaces/lib/pkgconfig/my_interfaces.pc'
[3.918s] Level 1:colcon.colcon_core.environment:checking '/home/abdy/ros2_ws/install/my_interfaces/lib/python3.10/site-packages'
[3.918s] Level 1:colcon.colcon_core.environment:checking '/home/abdy/ros2_ws/install/my_interfaces/bin'
[3.918s] INFO:colcon.colcon_core.shell:Creating package script '/home/abdy/ros2_ws/install/my_interfaces/share/my_interfaces/package.ps1'
[3.918s] INFO:colcon.colcon_core.shell:Creating package descriptor '/home/abdy/ros2_ws/install/my_interfaces/share/my_interfaces/package.dsv'
[3.919s] INFO:colcon.colcon_core.shell:Creating package script '/home/abdy/ros2_ws/install/my_interfaces/share/my_interfaces/package.sh'
[3.919s] INFO:colcon.colcon_core.shell:Creating package script '/home/abdy/ros2_ws/install/my_interfaces/share/my_interfaces/package.bash'
[3.919s] INFO:colcon.colcon_core.shell:Creating package script '/home/abdy/ros2_ws/install/my_interfaces/share/my_interfaces/package.zsh'
[3.920s] Level 1:colcon.colcon_core.environment:create_file_with_runtime_dependencies(/home/abdy/ros2_ws/install/my_interfaces/share/colcon-core/packages/my_interfaces)
[3.920s] Level 1:colcon.colcon_core.environment:create_environment_scripts_only(my_interfaces)
[3.920s] Level 1:colcon.colcon_core.environment:checking '/home/abdy/ros2_ws/install/my_interfaces' for CMake module files
[3.921s] Level 1:colcon.colcon_core.environment:checking '/home/abdy/ros2_ws/install/my_interfaces' for CMake config files
[3.921s] Level 1:colcon.colcon_core.shell:create_environment_hook('my_interfaces', 'cmake_prefix_path')
[3.921s] INFO:colcon.colcon_core.shell:Creating environment hook '/home/abdy/ros2_ws/install/my_interfaces/share/my_interfaces/hook/cmake_prefix_path.ps1'
[3.922s] INFO:colcon.colcon_core.shell:Creating environment descriptor '/home/abdy/ros2_ws/install/my_interfaces/share/my_interfaces/hook/cmake_prefix_path.dsv'
[3.922s] INFO:colcon.colcon_core.shell:Creating environment hook '/home/abdy/ros2_ws/install/my_interfaces/share/my_interfaces/hook/cmake_prefix_path.sh'
[3.923s] Level 1:colcon.colcon_core.environment:checking '/home/abdy/ros2_ws/install/my_interfaces/lib'
[3.923s] Level 1:colcon.colcon_core.shell:create_environment_hook('my_interfaces', 'ld_library_path_lib')
[3.923s] INFO:colcon.colcon_core.shell:Creating environment hook '/home/abdy/ros2_ws/install/my_interfaces/share/my_interfaces/hook/ld_library_path_lib.ps1'
[3.923s] INFO:colcon.colcon_core.shell:Creating environment descriptor '/home/abdy/ros2_ws/install/my_interfaces/share/my_interfaces/hook/ld_library_path_lib.dsv'
[3.924s] INFO:colcon.colcon_core.shell:Creating environment hook '/home/abdy/ros2_ws/install/my_interfaces/share/my_interfaces/hook/ld_library_path_lib.sh'
[3.924s] Level 1:colcon.colcon_core.environment:checking '/home/abdy/ros2_ws/install/my_interfaces/bin'
[3.924s] Level 1:colcon.colcon_core.environment:checking '/home/abdy/ros2_ws/install/my_interfaces/lib/pkgconfig/my_interfaces.pc'
[3.924s] Level 1:colcon.colcon_core.environment:checking '/home/abdy/ros2_ws/install/my_interfaces/lib/python3.10/site-packages'
[3.925s] Level 1:colcon.colcon_core.environment:checking '/home/abdy/ros2_ws/install/my_interfaces/bin'
[3.925s] INFO:colcon.colcon_core.shell:Creating package script '/home/abdy/ros2_ws/install/my_interfaces/share/my_interfaces/package.ps1'
[3.925s] INFO:colcon.colcon_core.shell:Creating package descriptor '/home/abdy/ros2_ws/install/my_interfaces/share/my_interfaces/package.dsv'
[3.926s] INFO:colcon.colcon_core.shell:Creating package script '/home/abdy/ros2_ws/install/my_interfaces/share/my_interfaces/package.sh'
[3.926s] INFO:colcon.colcon_core.shell:Creating package script '/home/abdy/ros2_ws/install/my_interfaces/share/my_interfaces/package.bash'
[3.926s] INFO:colcon.colcon_core.shell:Creating package script '/home/abdy/ros2_ws/install/my_interfaces/share/my_interfaces/package.zsh'
[3.927s] Level 1:colcon.colcon_core.environment:create_file_with_runtime_dependencies(/home/abdy/ros2_ws/install/my_interfaces/share/colcon-core/packages/my_interfaces)
[3.927s] DEBUG:colcon.colcon_parallel_executor.executor.parallel:closing loop
[3.928s] DEBUG:colcon.colcon_parallel_executor.executor.parallel:loop closed
[3.928s] DEBUG:colcon.colcon_parallel_executor.executor.parallel:run_until_complete finished with '0'
[3.928s] DEBUG:colcon.colcon_core.event_reactor:joining thread
[3.933s] INFO:colcon.colcon_core.plugin_system:Skipping extension 'colcon_notification.desktop_notification.terminal_notifier': Not used on non-Darwin systems
[3.933s] INFO:colcon.colcon_core.plugin_system:Skipping extension 'colcon_notification.desktop_notification.win32': Not used on non-Windows systems
[3.933s] INFO:colcon.colcon_notification.desktop_notification:Sending desktop notification using 'notify2'
[3.944s] DEBUG:colcon.colcon_core.event_reactor:joined thread
[3.944s] INFO:colcon.colcon_core.shell:Creating prefix script '/home/abdy/ros2_ws/install/local_setup.ps1'
[3.945s] INFO:colcon.colcon_core.shell:Creating prefix util module '/home/abdy/ros2_ws/install/_local_setup_util_ps1.py'
[3.947s] INFO:colcon.colcon_core.shell:Creating prefix chain script '/home/abdy/ros2_ws/install/setup.ps1'
[3.948s] INFO:colcon.colcon_core.shell:Creating prefix script '/home/abdy/ros2_ws/install/local_setup.sh'
[3.948s] INFO:colcon.colcon_core.shell:Creating prefix util module '/home/abdy/ros2_ws/install/_local_setup_util_sh.py'
[3.949s] INFO:colcon.colcon_core.shell:Creating prefix chain script '/home/abdy/ros2_ws/install/setup.sh'
[3.950s] INFO:colcon.colcon_core.shell:Creating prefix script '/home/abdy/ros2_ws/install/local_setup.bash'
[3.950s] INFO:colcon.colcon_core.shell:Creating prefix chain script '/home/abdy/ros2_ws/install/setup.bash'
[3.951s] INFO:colcon.colcon_core.shell:Creating prefix script '/home/abdy/ros2_ws/install/local_setup.zsh'
[3.952s] INFO:colcon.colcon_core.shell:Creating prefix chain script '/home/abdy/ros2_ws/install/setup.zsh'
