[2.300s] Invoking command in '/home/abdy/ros2_ws/src/challenge2': PYTHONPATH=/home/abdy/ros2_ws/build/challenge2/prefix_override:/usr/lib/python3/dist-packages/colcon_core/task/python/colcon_distutils_commands:/home/abdy/ros2_ws/install/challenge2/lib/python3.10/site-packages:${PYTHONPATH} /usr/bin/python3 -W ignore:setup.py install is deprecated -W ignore:easy_install command is deprecated setup.py egg_info --egg-base ../../build/challenge2 build --build-base /home/abdy/ros2_ws/build/challenge2/build install --record /home/abdy/ros2_ws/build/challenge2/install.log --single-version-externally-managed install_data
[2.670s] running egg_info
[2.671s] writing ../../build/challenge2/challenge2.egg-info/PKG-INFO
[2.672s] writing dependency_links to ../../build/challenge2/challenge2.egg-info/dependency_links.txt
[2.674s] writing entry points to ../../build/challenge2/challenge2.egg-info/entry_points.txt
[2.674s] writing requirements to ../../build/challenge2/challenge2.egg-info/requires.txt
[2.675s] writing top-level names to ../../build/challenge2/challenge2.egg-info/top_level.txt
[2.677s] reading manifest file '../../build/challenge2/challenge2.egg-info/SOURCES.txt'
[2.681s] writing manifest file '../../build/challenge2/challenge2.egg-info/SOURCES.txt'
[2.682s] running build
[2.682s] running build_py
[2.682s] running install
[2.682s] running install_lib
[2.684s] running install_data
[2.685s] running install_egg_info
[2.688s] removing '/home/abdy/ros2_ws/install/challenge2/lib/python3.10/site-packages/challenge2-0.0.0-py3.10.egg-info' (and everything under it)
[2.688s] Copying ../../build/challenge2/challenge2.egg-info to /home/abdy/ros2_ws/install/challenge2/lib/python3.10/site-packages/challenge2-0.0.0-py3.10.egg-info
[2.691s] running install_scripts
[2.721s] Installing ctrl script to /home/abdy/ros2_ws/install/challenge2/lib/challenge2
[2.722s] Installing motor_sys script to /home/abdy/ros2_ws/install/challenge2/lib/challenge2
[2.722s] Installing sp_gen script to /home/abdy/ros2_ws/install/challenge2/lib/challenge2
[2.724s] writing list of installed files to '/home/abdy/ros2_ws/build/challenge2/install.log'
[2.813s] Invoked command in '/home/abdy/ros2_ws/src/challenge2' returned '0': PYTHONPATH=/home/abdy/ros2_ws/build/challenge2/prefix_override:/usr/lib/python3/dist-packages/colcon_core/task/python/colcon_distutils_commands:/home/abdy/ros2_ws/install/challenge2/lib/python3.10/site-packages:${PYTHONPATH} /usr/bin/python3 -W ignore:setup.py install is deprecated -W ignore:easy_install command is deprecated setup.py egg_info --egg-base ../../build/challenge2 build --build-base /home/abdy/ros2_ws/build/challenge2/build install --record /home/abdy/ros2_ws/build/challenge2/install.log --single-version-externally-managed install_data
