[3.562s] Invoking command in '/home/abdy/ros2_ws/src/challenge2': PYTHONPATH=/home/abdy/ros2_ws/build/challenge2/prefix_override:/usr/lib/python3/dist-packages/colcon_core/task/python/colcon_distutils_commands:/home/abdy/ros2_ws/install/challenge2/lib/python3.10/site-packages:${PYTHONPATH} /usr/bin/python3 -W ignore:setup.py install is deprecated -W ignore:easy_install command is deprecated setup.py egg_info --egg-base ../../build/challenge2 build --build-base /home/abdy/ros2_ws/build/challenge2/build install --record /home/abdy/ros2_ws/build/challenge2/install.log --single-version-externally-managed install_data
[4.708s] running egg_info
[4.709s] writing ../../build/challenge2/challenge2.egg-info/PKG-INFO
[4.711s] writing dependency_links to ../../build/challenge2/challenge2.egg-info/dependency_links.txt
[4.711s] writing entry points to ../../build/challenge2/challenge2.egg-info/entry_points.txt
[4.711s] writing requirements to ../../build/challenge2/challenge2.egg-info/requires.txt
[4.711s] writing top-level names to ../../build/challenge2/challenge2.egg-info/top_level.txt
[4.715s] reading manifest file '../../build/challenge2/challenge2.egg-info/SOURCES.txt'
[4.717s] writing manifest file '../../build/challenge2/challenge2.egg-info/SOURCES.txt'
[4.717s] running build
[4.719s] running build_py
[4.721s] running install
[4.721s] running install_lib
[4.724s] running install_data
[4.724s] running install_egg_info
[4.732s] removing '/home/abdy/ros2_ws/install/challenge2/lib/python3.10/site-packages/challenge2-0.0.0-py3.10.egg-info' (and everything under it)
[4.736s] Copying ../../build/challenge2/challenge2.egg-info to /home/abdy/ros2_ws/install/challenge2/lib/python3.10/site-packages/challenge2-0.0.0-py3.10.egg-info
[4.736s] running install_scripts
[4.819s] Installing ctrl script to /home/abdy/ros2_ws/install/challenge2/lib/challenge2
[4.822s] Installing motor_sys script to /home/abdy/ros2_ws/install/challenge2/lib/challenge2
[4.822s] Installing sp_gen script to /home/abdy/ros2_ws/install/challenge2/lib/challenge2
[4.822s] writing list of installed files to '/home/abdy/ros2_ws/build/challenge2/install.log'
[4.912s] Invoked command in '/home/abdy/ros2_ws/src/challenge2' returned '0': PYTHONPATH=/home/abdy/ros2_ws/build/challenge2/prefix_override:/usr/lib/python3/dist-packages/colcon_core/task/python/colcon_distutils_commands:/home/abdy/ros2_ws/install/challenge2/lib/python3.10/site-packages:${PYTHONPATH} /usr/bin/python3 -W ignore:setup.py install is deprecated -W ignore:easy_install command is deprecated setup.py egg_info --egg-base ../../build/challenge2 build --build-base /home/abdy/ros2_ws/build/challenge2/build install --record /home/abdy/ros2_ws/build/challenge2/install.log --single-version-externally-managed install_data
