running egg_info
writing ../../build/challenge2/challenge2.egg-info/PKG-INFO
writing dependency_links to ../../build/challenge2/challenge2.egg-info/dependency_links.txt
writing entry points to ../../build/challenge2/challenge2.egg-info/entry_points.txt
writing requirements to ../../build/challenge2/challenge2.egg-info/requires.txt
writing top-level names to ../../build/challenge2/challenge2.egg-info/top_level.txt
reading manifest file '../../build/challenge2/challenge2.egg-info/SOURCES.txt'
writing manifest file '../../build/challenge2/challenge2.egg-info/SOURCES.txt'
running build
running build_py
running install
running install_lib
running install_data
running install_egg_info
removing '/home/abdy/ros2_ws/install/challenge2/lib/python3.10/site-packages/challenge2-0.0.0-py3.10.egg-info' (and everything under it)
Copying ../../build/challenge2/challenge2.egg-info to /home/abdy/ros2_ws/install/challenge2/lib/python3.10/site-packages/challenge2-0.0.0-py3.10.egg-info
running install_scripts
Installing ctrl script to /home/abdy/ros2_ws/install/challenge2/lib/challenge2
Installing motor_sys script to /home/abdy/ros2_ws/install/challenge2/lib/challenge2
Installing sp_gen script to /home/abdy/ros2_ws/install/challenge2/lib/challenge2
writing list of installed files to '/home/abdy/ros2_ws/build/challenge2/install.log'
