[2.609s] Invoking command in '/home/abdy/ros2_ws/src/signal_processing': PYTHONPATH=/home/abdy/ros2_ws/build/signal_processing/prefix_override:/usr/lib/python3/dist-packages/colcon_core/task/python/colcon_distutils_commands:/home/abdy/ros2_ws/install/signal_processing/lib/python3.10/site-packages:${PYTHONPATH} /usr/bin/python3 -W ignore:setup.py install is deprecated -W ignore:easy_install command is deprecated setup.py egg_info --egg-base ../../build/signal_processing build --build-base /home/abdy/ros2_ws/build/signal_processing/build install --record /home/abdy/ros2_ws/build/signal_processing/install.log --single-version-externally-managed install_data
[2.990s] running egg_info
[2.992s] writing ../../build/signal_processing/signal_processing.egg-info/PKG-INFO
[2.992s] writing dependency_links to ../../build/signal_processing/signal_processing.egg-info/dependency_links.txt
[2.992s] writing entry points to ../../build/signal_processing/signal_processing.egg-info/entry_points.txt
[2.994s] writing requirements to ../../build/signal_processing/signal_processing.egg-info/requires.txt
[2.994s] writing top-level names to ../../build/signal_processing/signal_processing.egg-info/top_level.txt
[3.000s] reading manifest file '../../build/signal_processing/signal_processing.egg-info/SOURCES.txt'
[3.000s] writing manifest file '../../build/signal_processing/signal_processing.egg-info/SOURCES.txt'
[3.000s] running build
[3.000s] running build_py
[3.001s] running install
[3.001s] running install_lib
[3.003s] running install_data
[3.003s] running install_egg_info
[3.006s] removing '/home/abdy/ros2_ws/install/signal_processing/lib/python3.10/site-packages/signal_processing-0.0.0-py3.10.egg-info' (and everything under it)
[3.008s] Copying ../../build/signal_processing/signal_processing.egg-info to /home/abdy/ros2_ws/install/signal_processing/lib/python3.10/site-packages/signal_processing-0.0.0-py3.10.egg-info
[3.009s] running install_scripts
[3.042s] Installing PROCESS script to /home/abdy/ros2_ws/install/signal_processing/lib/signal_processing
[3.044s] Installing a script to /home/abdy/ros2_ws/install/signal_processing/lib/signal_processing
[3.044s] Installing process script to /home/abdy/ros2_ws/install/signal_processing/lib/signal_processing
[3.044s] Installing random_generator script to /home/abdy/ros2_ws/install/signal_processing/lib/signal_processing
[3.044s] Installing signal_generator script to /home/abdy/ros2_ws/install/signal_processing/lib/signal_processing
[3.046s] Installing signal_generator_param script to /home/abdy/ros2_ws/install/signal_processing/lib/signal_processing
[3.047s] writing list of installed files to '/home/abdy/ros2_ws/build/signal_processing/install.log'
[3.072s] Invoked command in '/home/abdy/ros2_ws/src/signal_processing' returned '0': PYTHONPATH=/home/abdy/ros2_ws/build/signal_processing/prefix_override:/usr/lib/python3/dist-packages/colcon_core/task/python/colcon_distutils_commands:/home/abdy/ros2_ws/install/signal_processing/lib/python3.10/site-packages:${PYTHONPATH} /usr/bin/python3 -W ignore:setup.py install is deprecated -W ignore:easy_install command is deprecated setup.py egg_info --egg-base ../../build/signal_processing build --build-base /home/abdy/ros2_ws/build/signal_processing/build install --record /home/abdy/ros2_ws/build/signal_processing/install.log --single-version-externally-managed install_data
