[1.349s] Invoking command in '/home/abdy/ros2_ws/src/challenge2': PYTHONPATH=/home/abdy/ros2_ws/build/challenge2/prefix_override:/usr/lib/python3/dist-packages/colcon_core/task/python/colcon_distutils_commands:/home/abdy/ros2_ws/install/challenge2/lib/python3.10/site-packages:${PYTHONPATH} /usr/bin/python3 -W ignore:setup.py install is deprecated -W ignore:easy_install command is deprecated setup.py egg_info --egg-base ../../build/challenge2 build --build-base /home/abdy/ros2_ws/build/challenge2/build install --record /home/abdy/ros2_ws/build/challenge2/install.log --single-version-externally-managed install_data
[1.766s] running egg_info
[1.766s] writing ../../build/challenge2/challenge2.egg-info/PKG-INFO
[1.767s] writing dependency_links to ../../build/challenge2/challenge2.egg-info/dependency_links.txt
[1.767s] writing entry points to ../../build/challenge2/challenge2.egg-info/entry_points.txt
[1.767s] writing requirements to ../../build/challenge2/challenge2.egg-info/requires.txt
[1.767s] writing top-level names to ../../build/challenge2/challenge2.egg-info/top_level.txt
[1.773s] reading manifest file '../../build/challenge2/challenge2.egg-info/SOURCES.txt'
[1.773s] writing manifest file '../../build/challenge2/challenge2.egg-info/SOURCES.txt'
[1.773s] running build
[1.773s] running build_py
[1.773s] copying challenge2/sp_gen.py -> /home/abdy/ros2_ws/build/challenge2/build/lib/challenge2
[1.773s] copying challenge2/motor_sys.py -> /home/abdy/ros2_ws/build/challenge2/build/lib/challenge2
[1.773s] copying challenge2/ctrl.py -> /home/abdy/ros2_ws/build/challenge2/build/lib/challenge2
[1.773s] running install
[1.773s] running install_lib
[1.773s] copying /home/abdy/ros2_ws/build/challenge2/build/lib/challenge2/sp_gen.py -> /home/abdy/ros2_ws/install/challenge2/lib/python3.10/site-packages/challenge2
[1.773s] copying /home/abdy/ros2_ws/build/challenge2/build/lib/challenge2/motor_sys.py -> /home/abdy/ros2_ws/install/challenge2/lib/python3.10/site-packages/challenge2
[1.774s] copying /home/abdy/ros2_ws/build/challenge2/build/lib/challenge2/ctrl.py -> /home/abdy/ros2_ws/install/challenge2/lib/python3.10/site-packages/challenge2
[1.774s] byte-compiling /home/abdy/ros2_ws/install/challenge2/lib/python3.10/site-packages/challenge2/sp_gen.py to sp_gen.cpython-310.pyc
[1.775s] byte-compiling /home/abdy/ros2_ws/install/challenge2/lib/python3.10/site-packages/challenge2/motor_sys.py to motor_sys.cpython-310.pyc
[1.776s] byte-compiling /home/abdy/ros2_ws/install/challenge2/lib/python3.10/site-packages/challenge2/ctrl.py to ctrl.cpython-310.pyc
[1.777s] running install_data
[1.777s] copying launch/single_launch.py -> /home/abdy/ros2_ws/install/challenge2/share/challenge2/launch
[1.777s] copying config/pid_params.yaml -> /home/abdy/ros2_ws/install/challenge2/share/challenge2/config
[1.777s] running install_egg_info
[1.784s] removing '/home/abdy/ros2_ws/install/challenge2/lib/python3.10/site-packages/challenge2-0.0.0-py3.10.egg-info' (and everything under it)
[1.784s] Copying ../../build/challenge2/challenge2.egg-info to /home/abdy/ros2_ws/install/challenge2/lib/python3.10/site-packages/challenge2-0.0.0-py3.10.egg-info
[1.785s] running install_scripts
[1.812s] Installing ctrl script to /home/abdy/ros2_ws/install/challenge2/lib/challenge2
[1.812s] Installing motor_sys script to /home/abdy/ros2_ws/install/challenge2/lib/challenge2
[1.812s] Installing sp_gen script to /home/abdy/ros2_ws/install/challenge2/lib/challenge2
[1.812s] writing list of installed files to '/home/abdy/ros2_ws/build/challenge2/install.log'
[2.029s] Invoked command in '/home/abdy/ros2_ws/src/challenge2' returned '0': PYTHONPATH=/home/abdy/ros2_ws/build/challenge2/prefix_override:/usr/lib/python3/dist-packages/colcon_core/task/python/colcon_distutils_commands:/home/abdy/ros2_ws/install/challenge2/lib/python3.10/site-packages:${PYTHONPATH} /usr/bin/python3 -W ignore:setup.py install is deprecated -W ignore:easy_install command is deprecated setup.py egg_info --egg-base ../../build/challenge2 build --build-base /home/abdy/ros2_ws/build/challenge2/build install --record /home/abdy/ros2_ws/build/challenge2/install.log --single-version-externally-managed install_data
