[3.963s] Invoking command in '/home/abdy/ros2_ws/src/my_py_pkg': PYTHONPATH=/home/abdy/ros2_ws/build/my_py_pkg/prefix_override:/usr/lib/python3/dist-packages/colcon_core/task/python/colcon_distutils_commands:/home/abdy/ros2_ws/install/my_py_pkg/lib/python3.10/site-packages:${PYTHONPATH} /usr/bin/python3 -W ignore:setup.py install is deprecated -W ignore:easy_install command is deprecated setup.py egg_info --egg-base ../../build/my_py_pkg build --build-base /home/abdy/ros2_ws/build/my_py_pkg/build install --record /home/abdy/ros2_ws/build/my_py_pkg/install.log --single-version-externally-managed install_data
[4.689s] running egg_info
[4.692s] writing ../../build/my_py_pkg/my_py_pkg.egg-info/PKG-INFO
[4.693s] writing dependency_links to ../../build/my_py_pkg/my_py_pkg.egg-info/dependency_links.txt
[4.694s] writing entry points to ../../build/my_py_pkg/my_py_pkg.egg-info/entry_points.txt
[4.695s] writing requirements to ../../build/my_py_pkg/my_py_pkg.egg-info/requires.txt
[4.696s] writing top-level names to ../../build/my_py_pkg/my_py_pkg.egg-info/top_level.txt
[4.702s] reading manifest file '../../build/my_py_pkg/my_py_pkg.egg-info/SOURCES.txt'
[4.705s] writing manifest file '../../build/my_py_pkg/my_py_pkg.egg-info/SOURCES.txt'
[4.706s] running build
[4.706s] running build_py
[4.707s] copying my_py_pkg/ComputeRectangleArea_client.py -> /home/abdy/ros2_ws/build/my_py_pkg/build/lib/my_py_pkg
[4.708s] copying my_py_pkg/ComputeRectangleArea_server.py -> /home/abdy/ros2_ws/build/my_py_pkg/build/lib/my_py_pkg
[4.709s] running install
[4.710s] running install_lib
[4.713s] copying /home/abdy/ros2_ws/build/my_py_pkg/build/lib/my_py_pkg/ComputeRectangleArea_client.py -> /home/abdy/ros2_ws/install/my_py_pkg/lib/python3.10/site-packages/my_py_pkg
[4.714s] copying /home/abdy/ros2_ws/build/my_py_pkg/build/lib/my_py_pkg/ComputeRectangleArea_server.py -> /home/abdy/ros2_ws/install/my_py_pkg/lib/python3.10/site-packages/my_py_pkg
[4.716s] byte-compiling /home/abdy/ros2_ws/install/my_py_pkg/lib/python3.10/site-packages/my_py_pkg/ComputeRectangleArea_client.py to ComputeRectangleArea_client.cpython-310.pyc
[4.718s] byte-compiling /home/abdy/ros2_ws/install/my_py_pkg/lib/python3.10/site-packages/my_py_pkg/ComputeRectangleArea_server.py to ComputeRectangleArea_server.cpython-310.pyc
[4.720s] running install_data
[4.720s] running install_egg_info
[4.726s] removing '/home/abdy/ros2_ws/install/my_py_pkg/lib/python3.10/site-packages/my_py_pkg-0.0.0-py3.10.egg-info' (and everything under it)
[4.727s] Copying ../../build/my_py_pkg/my_py_pkg.egg-info to /home/abdy/ros2_ws/install/my_py_pkg/lib/python3.10/site-packages/my_py_pkg-0.0.0-py3.10.egg-info
[4.730s] running install_scripts
[4.805s] Installing add_2ints_client script to /home/abdy/ros2_ws/install/my_py_pkg/lib/my_py_pkg
[4.806s] Installing add_2ints_server script to /home/abdy/ros2_ws/install/my_py_pkg/lib/my_py_pkg
[4.806s] Installing cra_client script to /home/abdy/ros2_ws/install/my_py_pkg/lib/my_py_pkg
[4.806s] Installing cra_server script to /home/abdy/ros2_ws/install/my_py_pkg/lib/my_py_pkg
[4.807s] Installing hola_incrementar script to /home/abdy/ros2_ws/install/my_py_pkg/lib/my_py_pkg
[4.808s] Installing hola_mundo script to /home/abdy/ros2_ws/install/my_py_pkg/lib/my_py_pkg
[4.808s] Installing hw_status_publisher script to /home/abdy/ros2_ws/install/my_py_pkg/lib/my_py_pkg
[4.809s] Installing hw_status_subscriber script to /home/abdy/ros2_ws/install/my_py_pkg/lib/my_py_pkg
[4.810s] Installing my_listener script to /home/abdy/ros2_ws/install/my_py_pkg/lib/my_py_pkg
[4.811s] Installing my_talker script to /home/abdy/ros2_ws/install/my_py_pkg/lib/my_py_pkg
[4.813s] writing list of installed files to '/home/abdy/ros2_ws/build/my_py_pkg/install.log'
[4.894s] Invoked command in '/home/abdy/ros2_ws/src/my_py_pkg' returned '0': PYTHONPATH=/home/abdy/ros2_ws/build/my_py_pkg/prefix_override:/usr/lib/python3/dist-packages/colcon_core/task/python/colcon_distutils_commands:/home/abdy/ros2_ws/install/my_py_pkg/lib/python3.10/site-packages:${PYTHONPATH} /usr/bin/python3 -W ignore:setup.py install is deprecated -W ignore:easy_install command is deprecated setup.py egg_info --egg-base ../../build/my_py_pkg build --build-base /home/abdy/ros2_ws/build/my_py_pkg/build install --record /home/abdy/ros2_ws/build/my_py_pkg/install.log --single-version-externally-managed install_data
