[1.696s] Invoking command in '/home/abdy/ros2_ws/src/challenge1': PYTHONPATH=/home/abdy/ros2_ws/build/challenge1/prefix_override:/usr/lib/python3/dist-packages/colcon_core/task/python/colcon_distutils_commands:/home/abdy/ros2_ws/install/challenge1/lib/python3.10/site-packages:${PYTHONPATH} /usr/bin/python3 -W ignore:setup.py install is deprecated -W ignore:easy_install command is deprecated setup.py egg_info --egg-base ../../build/challenge1 build --build-base /home/abdy/ros2_ws/build/challenge1/build install --record /home/abdy/ros2_ws/build/challenge1/install.log --single-version-externally-managed install_data
[2.067s] running egg_info
[2.067s] writing ../../build/challenge1/challenge1.egg-info/PKG-INFO
[2.067s] writing dependency_links to ../../build/challenge1/challenge1.egg-info/dependency_links.txt
[2.067s] writing entry points to ../../build/challenge1/challenge1.egg-info/entry_points.txt
[2.067s] writing requirements to ../../build/challenge1/challenge1.egg-info/requires.txt
[2.067s] writing top-level names to ../../build/challenge1/challenge1.egg-info/top_level.txt
[2.067s] reading manifest file '../../build/challenge1/challenge1.egg-info/SOURCES.txt'
[2.067s] writing manifest file '../../build/challenge1/challenge1.egg-info/SOURCES.txt'
[2.067s] running build
[2.067s] running build_py
[2.069s] running install
[2.069s] running install_lib
[2.072s] running install_data
[2.073s] running install_egg_info
[2.073s] removing '/home/abdy/ros2_ws/install/challenge1/lib/python3.10/site-packages/challenge1-0.0.0-py3.10.egg-info' (and everything under it)
[2.073s] Copying ../../build/challenge1/challenge1.egg-info to /home/abdy/ros2_ws/install/challenge1/lib/python3.10/site-packages/challenge1-0.0.0-py3.10.egg-info
[2.081s] running install_scripts
[2.106s] Installing process script to /home/abdy/ros2_ws/install/challenge1/lib/challenge1
[2.106s] Installing signal_generator script to /home/abdy/ros2_ws/install/challenge1/lib/challenge1
[2.107s] writing list of installed files to '/home/abdy/ros2_ws/build/challenge1/install.log'
[2.340s] Invoked command in '/home/abdy/ros2_ws/src/challenge1' returned '0': PYTHONPATH=/home/abdy/ros2_ws/build/challenge1/prefix_override:/usr/lib/python3/dist-packages/colcon_core/task/python/colcon_distutils_commands:/home/abdy/ros2_ws/install/challenge1/lib/python3.10/site-packages:${PYTHONPATH} /usr/bin/python3 -W ignore:setup.py install is deprecated -W ignore:easy_install command is deprecated setup.py egg_info --egg-base ../../build/challenge1 build --build-base /home/abdy/ros2_ws/build/challenge1/build install --record /home/abdy/ros2_ws/build/challenge1/install.log --single-version-externally-managed install_data
