[1.494s] Invoking command in '/home/abdy/ros2_ws/src/challenge2': PYTHONPATH=/home/abdy/ros2_ws/build/challenge2/prefix_override:/usr/lib/python3/dist-packages/colcon_core/task/python/colcon_distutils_commands:/home/abdy/ros2_ws/install/challenge2/lib/python3.10/site-packages:${PYTHONPATH} /usr/bin/python3 -W ignore:setup.py install is deprecated -W ignore:easy_install command is deprecated setup.py egg_info --egg-base ../../build/challenge2 build --build-base /home/abdy/ros2_ws/build/challenge2/build install --record /home/abdy/ros2_ws/build/challenge2/install.log --single-version-externally-managed install_data
[1.764s] running egg_info
[1.764s] writing ../../build/challenge2/challenge2.egg-info/PKG-INFO
[1.765s] writing dependency_links to ../../build/challenge2/challenge2.egg-info/dependency_links.txt
[1.766s] writing entry points to ../../build/challenge2/challenge2.egg-info/entry_points.txt
[1.766s] writing requirements to ../../build/challenge2/challenge2.egg-info/requires.txt
[1.766s] writing top-level names to ../../build/challenge2/challenge2.egg-info/top_level.txt
[1.769s] reading manifest file '../../build/challenge2/challenge2.egg-info/SOURCES.txt'
[1.771s] writing manifest file '../../build/challenge2/challenge2.egg-info/SOURCES.txt'
[1.771s] running build
[1.771s] running build_py
[1.771s] running install
[1.771s] running install_lib
[1.773s] running install_data
[1.776s] copying launch/single_launch.py -> /home/abdy/ros2_ws/install/challenge2/share/challenge2/launch
[1.776s] copying config/pid_params.yaml -> /home/abdy/ros2_ws/install/challenge2/share/challenge2/config
[1.776s] running install_egg_info
[1.778s] removing '/home/abdy/ros2_ws/install/challenge2/lib/python3.10/site-packages/challenge2-0.0.0-py3.10.egg-info' (and everything under it)
[1.781s] Copying ../../build/challenge2/challenge2.egg-info to /home/abdy/ros2_ws/install/challenge2/lib/python3.10/site-packages/challenge2-0.0.0-py3.10.egg-info
[1.784s] running install_scripts
[1.836s] Installing ctrl script to /home/abdy/ros2_ws/install/challenge2/lib/challenge2
[1.840s] Installing motor_sys script to /home/abdy/ros2_ws/install/challenge2/lib/challenge2
[1.844s] Installing sp_gen script to /home/abdy/ros2_ws/install/challenge2/lib/challenge2
[1.844s] writing list of installed files to '/home/abdy/ros2_ws/build/challenge2/install.log'
[1.916s] Invoked command in '/home/abdy/ros2_ws/src/challenge2' returned '0': PYTHONPATH=/home/abdy/ros2_ws/build/challenge2/prefix_override:/usr/lib/python3/dist-packages/colcon_core/task/python/colcon_distutils_commands:/home/abdy/ros2_ws/install/challenge2/lib/python3.10/site-packages:${PYTHONPATH} /usr/bin/python3 -W ignore:setup.py install is deprecated -W ignore:easy_install command is deprecated setup.py egg_info --egg-base ../../build/challenge2 build --build-base /home/abdy/ros2_ws/build/challenge2/build install --record /home/abdy/ros2_ws/build/challenge2/install.log --single-version-externally-managed install_data
