[0.022s] Invoking command in '/home/abdy/ros2_ws/build/my_interfaces': CMAKE_PREFIX_PATH=${CMAKE_PREFIX_PATH}:/home/abdy/ros2_ws/install/signal_processing:/home/abdy/ros2_ws/install/my_py_pkg:/home/abdy/ros2_ws/install/motor_control:/home/abdy/ros2_ws/install/mini_challenge:/home/abdy/ros2_ws/install/challenge_1:/home/abdy/ros2_ws/install/challenge2:/home/abdy/ros2_ws/install/challenge1:/home/abdy/ros2_ws/install/basic_comms:/opt/ros/humble /usr/bin/cmake --build /home/abdy/ros2_ws/build/my_interfaces -- -j6 -l6
[0.139s] [  2%] Built target my_interfaces__cpp
[0.143s] [ 12%] Built target my_interfaces__rosidl_generator_c
[0.189s] [ 12%] Built target ament_cmake_python_copy_my_interfaces
[0.231s] [ 23%] Built target my_interfaces__rosidl_typesupport_cpp
[0.231s] [ 33%] Built target my_interfaces__rosidl_typesupport_fastrtps_cpp
[0.257s] [ 43%] Built target my_interfaces__rosidl_typesupport_c
[0.257s] [ 53%] Built target my_interfaces__rosidl_typesupport_fastrtps_c
[0.265s] [ 64%] Built target my_interfaces__rosidl_typesupport_introspection_cpp
[0.275s] [ 74%] Built target my_interfaces__rosidl_typesupport_introspection_c
[0.342s] [ 74%] Built target my_interfaces
[0.419s] [ 76%] Built target my_interfaces__py
[0.516s] [ 84%] Built target my_interfaces__rosidl_generator_py
[0.599s] [ 89%] Built target my_interfaces__rosidl_typesupport_fastrtps_c__pyext
[0.614s] [ 94%] Built target my_interfaces__rosidl_typesupport_c__pyext
[0.614s] [100%] Built target my_interfaces__rosidl_typesupport_introspection_c__pyext
[0.705s] running egg_info
[0.709s] writing my_interfaces.egg-info/PKG-INFO
[0.714s] writing dependency_links to my_interfaces.egg-info/dependency_links.txt
[0.714s] writing top-level names to my_interfaces.egg-info/top_level.txt
[0.715s] reading manifest file 'my_interfaces.egg-info/SOURCES.txt'
[0.717s] writing manifest file 'my_interfaces.egg-info/SOURCES.txt'
[0.748s] [100%] Built target ament_cmake_python_build_my_interfaces_egg
[0.971s] Invoked command in '/home/abdy/ros2_ws/build/my_interfaces' returned '0': CMAKE_PREFIX_PATH=${CMAKE_PREFIX_PATH}:/home/abdy/ros2_ws/install/signal_processing:/home/abdy/ros2_ws/install/my_py_pkg:/home/abdy/ros2_ws/install/motor_control:/home/abdy/ros2_ws/install/mini_challenge:/home/abdy/ros2_ws/install/challenge_1:/home/abdy/ros2_ws/install/challenge2:/home/abdy/ros2_ws/install/challenge1:/home/abdy/ros2_ws/install/basic_comms:/opt/ros/humble /usr/bin/cmake --build /home/abdy/ros2_ws/build/my_interfaces -- -j6 -l6
[0.975s] Invoking command in '/home/abdy/ros2_ws/build/my_interfaces': CMAKE_PREFIX_PATH=${CMAKE_PREFIX_PATH}:/home/abdy/ros2_ws/install/signal_processing:/home/abdy/ros2_ws/install/my_py_pkg:/home/abdy/ros2_ws/install/motor_control:/home/abdy/ros2_ws/install/mini_challenge:/home/abdy/ros2_ws/install/challenge_1:/home/abdy/ros2_ws/install/challenge2:/home/abdy/ros2_ws/install/challenge1:/home/abdy/ros2_ws/install/basic_comms:/opt/ros/humble /usr/bin/cmake --install /home/abdy/ros2_ws/build/my_interfaces
[0.999s] -- Install configuration: ""
[1.000s] -- Up-to-date: /home/abdy/ros2_ws/install/my_interfaces/share/ament_index/resource_index/rosidl_interfaces/my_interfaces
[1.000s] -- Up-to-date: /home/abdy/ros2_ws/install/my_interfaces/include/my_interfaces/my_interfaces
[1.001s] -- Up-to-date: /home/abdy/ros2_ws/install/my_interfaces/include/my_interfaces/my_interfaces/msg
[1.001s] -- Up-to-date: /home/abdy/ros2_ws/install/my_interfaces/include/my_interfaces/my_interfaces/msg/detail
[1.001s] -- Up-to-date: /home/abdy/ros2_ws/install/my_interfaces/include/my_interfaces/my_interfaces/msg/detail/hardware_status__functions.h
[1.001s] -- Up-to-date: /home/abdy/ros2_ws/install/my_interfaces/include/my_interfaces/my_interfaces/msg/detail/hardware_status__struct.h
[1.001s] -- Up-to-date: /home/abdy/ros2_ws/install/my_interfaces/include/my_interfaces/my_interfaces/msg/detail/hardware_status__type_support.h
[1.001s] -- Up-to-date: /home/abdy/ros2_ws/install/my_interfaces/include/my_interfaces/my_interfaces/msg/detail/hardware_status__functions.c
[1.001s] -- Up-to-date: /home/abdy/ros2_ws/install/my_interfaces/include/my_interfaces/my_interfaces/msg/rosidl_generator_c__visibility_control.h
[1.002s] -- Up-to-date: /home/abdy/ros2_ws/install/my_interfaces/include/my_interfaces/my_interfaces/msg/hardware_status.h
[1.002s] -- Up-to-date: /home/abdy/ros2_ws/install/my_interfaces/include/my_interfaces/my_interfaces/srv
[1.002s] -- Up-to-date: /home/abdy/ros2_ws/install/my_interfaces/include/my_interfaces/my_interfaces/srv/compute_rectangle_area.h
[1.002s] -- Up-to-date: /home/abdy/ros2_ws/install/my_interfaces/include/my_interfaces/my_interfaces/srv/detail
[1.002s] -- Up-to-date: /home/abdy/ros2_ws/install/my_interfaces/include/my_interfaces/my_interfaces/srv/detail/compute_rectangle_area__functions.c
[1.002s] -- Up-to-date: /home/abdy/ros2_ws/install/my_interfaces/include/my_interfaces/my_interfaces/srv/detail/compute_rectangle_area__type_support.h
[1.002s] -- Up-to-date: /home/abdy/ros2_ws/install/my_interfaces/include/my_interfaces/my_interfaces/srv/detail/compute_rectangle_area__struct.h
[1.002s] -- Up-to-date: /home/abdy/ros2_ws/install/my_interfaces/include/my_interfaces/my_interfaces/srv/detail/compute_rectangle_area__functions.h
[1.002s] -- Up-to-date: /home/abdy/ros2_ws/install/my_interfaces/share/my_interfaces/environment/library_path.sh
[1.002s] -- Up-to-date: /home/abdy/ros2_ws/install/my_interfaces/share/my_interfaces/environment/library_path.dsv
[1.002s] -- Up-to-date: /home/abdy/ros2_ws/install/my_interfaces/lib/libmy_interfaces__rosidl_generator_c.so
[1.002s] -- Up-to-date: /home/abdy/ros2_ws/install/my_interfaces/include/my_interfaces/my_interfaces
[1.002s] -- Up-to-date: /home/abdy/ros2_ws/install/my_interfaces/include/my_interfaces/my_interfaces/msg
[1.002s] -- Up-to-date: /home/abdy/ros2_ws/install/my_interfaces/include/my_interfaces/my_interfaces/msg/detail
[1.002s] -- Up-to-date: /home/abdy/ros2_ws/install/my_interfaces/include/my_interfaces/my_interfaces/msg/detail/hardware_status__rosidl_typesupport_fastrtps_c.h
[1.003s] -- Up-to-date: /home/abdy/ros2_ws/install/my_interfaces/include/my_interfaces/my_interfaces/msg/rosidl_typesupport_fastrtps_c__visibility_control.h
[1.003s] -- Up-to-date: /home/abdy/ros2_ws/install/my_interfaces/include/my_interfaces/my_interfaces/srv
[1.003s] -- Up-to-date: /home/abdy/ros2_ws/install/my_interfaces/include/my_interfaces/my_interfaces/srv/detail
[1.003s] -- Up-to-date: /home/abdy/ros2_ws/install/my_interfaces/include/my_interfaces/my_interfaces/srv/detail/compute_rectangle_area__rosidl_typesupport_fastrtps_c.h
[1.003s] -- Up-to-date: /home/abdy/ros2_ws/install/my_interfaces/lib/libmy_interfaces__rosidl_typesupport_fastrtps_c.so
[1.003s] -- Up-to-date: /home/abdy/ros2_ws/install/my_interfaces/include/my_interfaces/my_interfaces
[1.003s] -- Up-to-date: /home/abdy/ros2_ws/install/my_interfaces/include/my_interfaces/my_interfaces/msg
[1.003s] -- Up-to-date: /home/abdy/ros2_ws/install/my_interfaces/include/my_interfaces/my_interfaces/msg/rosidl_typesupport_introspection_c__visibility_control.h
[1.003s] -- Up-to-date: /home/abdy/ros2_ws/install/my_interfaces/include/my_interfaces/my_interfaces/msg/detail
[1.003s] -- Up-to-date: /home/abdy/ros2_ws/install/my_interfaces/include/my_interfaces/my_interfaces/msg/detail/hardware_status__rosidl_typesupport_introspection_c.h
[1.003s] -- Up-to-date: /home/abdy/ros2_ws/install/my_interfaces/include/my_interfaces/my_interfaces/msg/detail/hardware_status__type_support.c
[1.003s] -- Up-to-date: /home/abdy/ros2_ws/install/my_interfaces/include/my_interfaces/my_interfaces/srv
[1.003s] -- Up-to-date: /home/abdy/ros2_ws/install/my_interfaces/include/my_interfaces/my_interfaces/srv/detail
[1.003s] -- Up-to-date: /home/abdy/ros2_ws/install/my_interfaces/include/my_interfaces/my_interfaces/srv/detail/compute_rectangle_area__rosidl_typesupport_introspection_c.h
[1.005s] -- Up-to-date: /home/abdy/ros2_ws/install/my_interfaces/include/my_interfaces/my_interfaces/srv/detail/compute_rectangle_area__type_support.c
[1.005s] -- Up-to-date: /home/abdy/ros2_ws/install/my_interfaces/lib/libmy_interfaces__rosidl_typesupport_introspection_c.so
[1.005s] -- Up-to-date: /home/abdy/ros2_ws/install/my_interfaces/lib/libmy_interfaces__rosidl_typesupport_c.so
[1.005s] -- Up-to-date: /home/abdy/ros2_ws/install/my_interfaces/include/my_interfaces/my_interfaces
[1.005s] -- Up-to-date: /home/abdy/ros2_ws/install/my_interfaces/include/my_interfaces/my_interfaces/msg
[1.005s] -- Up-to-date: /home/abdy/ros2_ws/install/my_interfaces/include/my_interfaces/my_interfaces/msg/hardware_status.hpp
[1.005s] -- Up-to-date: /home/abdy/ros2_ws/install/my_interfaces/include/my_interfaces/my_interfaces/msg/detail
[1.005s] -- Up-to-date: /home/abdy/ros2_ws/install/my_interfaces/include/my_interfaces/my_interfaces/msg/detail/hardware_status__struct.hpp
[1.005s] -- Up-to-date: /home/abdy/ros2_ws/install/my_interfaces/include/my_interfaces/my_interfaces/msg/detail/hardware_status__builder.hpp
[1.005s] -- Up-to-date: /home/abdy/ros2_ws/install/my_interfaces/include/my_interfaces/my_interfaces/msg/detail/hardware_status__traits.hpp
[1.005s] -- Up-to-date: /home/abdy/ros2_ws/install/my_interfaces/include/my_interfaces/my_interfaces/msg/detail/hardware_status__type_support.hpp
[1.005s] -- Up-to-date: /home/abdy/ros2_ws/install/my_interfaces/include/my_interfaces/my_interfaces/msg/rosidl_generator_cpp__visibility_control.hpp
[1.005s] -- Up-to-date: /home/abdy/ros2_ws/install/my_interfaces/include/my_interfaces/my_interfaces/srv
[1.005s] -- Up-to-date: /home/abdy/ros2_ws/install/my_interfaces/include/my_interfaces/my_interfaces/srv/compute_rectangle_area.hpp
[1.005s] -- Up-to-date: /home/abdy/ros2_ws/install/my_interfaces/include/my_interfaces/my_interfaces/srv/detail
[1.005s] -- Up-to-date: /home/abdy/ros2_ws/install/my_interfaces/include/my_interfaces/my_interfaces/srv/detail/compute_rectangle_area__builder.hpp
[1.005s] -- Up-to-date: /home/abdy/ros2_ws/install/my_interfaces/include/my_interfaces/my_interfaces/srv/detail/compute_rectangle_area__traits.hpp
[1.005s] -- Up-to-date: /home/abdy/ros2_ws/install/my_interfaces/include/my_interfaces/my_interfaces/srv/detail/compute_rectangle_area__type_support.hpp
[1.005s] -- Up-to-date: /home/abdy/ros2_ws/install/my_interfaces/include/my_interfaces/my_interfaces/srv/detail/compute_rectangle_area__struct.hpp
[1.005s] -- Up-to-date: /home/abdy/ros2_ws/install/my_interfaces/include/my_interfaces/my_interfaces
[1.005s] -- Up-to-date: /home/abdy/ros2_ws/install/my_interfaces/include/my_interfaces/my_interfaces/msg
[1.006s] -- Up-to-date: /home/abdy/ros2_ws/install/my_interfaces/include/my_interfaces/my_interfaces/msg/detail
[1.006s] -- Up-to-date: /home/abdy/ros2_ws/install/my_interfaces/include/my_interfaces/my_interfaces/msg/detail/dds_fastrtps
[1.006s] -- Up-to-date: /home/abdy/ros2_ws/install/my_interfaces/include/my_interfaces/my_interfaces/msg/detail/hardware_status__rosidl_typesupport_fastrtps_cpp.hpp
[1.006s] -- Up-to-date: /home/abdy/ros2_ws/install/my_interfaces/include/my_interfaces/my_interfaces/msg/rosidl_typesupport_fastrtps_cpp__visibility_control.h
[1.006s] -- Up-to-date: /home/abdy/ros2_ws/install/my_interfaces/include/my_interfaces/my_interfaces/srv
[1.006s] -- Up-to-date: /home/abdy/ros2_ws/install/my_interfaces/include/my_interfaces/my_interfaces/srv/detail
[1.006s] -- Up-to-date: /home/abdy/ros2_ws/install/my_interfaces/include/my_interfaces/my_interfaces/srv/detail/dds_fastrtps
[1.006s] -- Up-to-date: /home/abdy/ros2_ws/install/my_interfaces/include/my_interfaces/my_interfaces/srv/detail/compute_rectangle_area__rosidl_typesupport_fastrtps_cpp.hpp
[1.006s] -- Up-to-date: /home/abdy/ros2_ws/install/my_interfaces/lib/libmy_interfaces__rosidl_typesupport_fastrtps_cpp.so
[1.006s] -- Up-to-date: /home/abdy/ros2_ws/install/my_interfaces/include/my_interfaces/my_interfaces
[1.006s] -- Up-to-date: /home/abdy/ros2_ws/install/my_interfaces/include/my_interfaces/my_interfaces/msg
[1.006s] -- Up-to-date: /home/abdy/ros2_ws/install/my_interfaces/include/my_interfaces/my_interfaces/msg/detail
[1.006s] -- Up-to-date: /home/abdy/ros2_ws/install/my_interfaces/include/my_interfaces/my_interfaces/msg/detail/hardware_status__type_support.cpp
[1.006s] -- Up-to-date: /home/abdy/ros2_ws/install/my_interfaces/include/my_interfaces/my_interfaces/msg/detail/hardware_status__rosidl_typesupport_introspection_cpp.hpp
[1.006s] -- Up-to-date: /home/abdy/ros2_ws/install/my_interfaces/include/my_interfaces/my_interfaces/srv
[1.006s] -- Up-to-date: /home/abdy/ros2_ws/install/my_interfaces/include/my_interfaces/my_interfaces/srv/detail
[1.006s] -- Up-to-date: /home/abdy/ros2_ws/install/my_interfaces/include/my_interfaces/my_interfaces/srv/detail/compute_rectangle_area__rosidl_typesupport_introspection_cpp.hpp
[1.006s] -- Up-to-date: /home/abdy/ros2_ws/install/my_interfaces/include/my_interfaces/my_interfaces/srv/detail/compute_rectangle_area__type_support.cpp
[1.006s] -- Up-to-date: /home/abdy/ros2_ws/install/my_interfaces/lib/libmy_interfaces__rosidl_typesupport_introspection_cpp.so
[1.008s] -- Up-to-date: /home/abdy/ros2_ws/install/my_interfaces/lib/libmy_interfaces__rosidl_typesupport_cpp.so
[1.008s] -- Up-to-date: /home/abdy/ros2_ws/install/my_interfaces/share/my_interfaces/environment/pythonpath.sh
[1.008s] -- Up-to-date: /home/abdy/ros2_ws/install/my_interfaces/share/my_interfaces/environment/pythonpath.dsv
[1.008s] -- Up-to-date: /home/abdy/ros2_ws/install/my_interfaces/local/lib/python3.10/dist-packages/my_interfaces-0.0.0-py3.10.egg-info
[1.008s] -- Installing: /home/abdy/ros2_ws/install/my_interfaces/local/lib/python3.10/dist-packages/my_interfaces-0.0.0-py3.10.egg-info/dependency_links.txt
[1.008s] -- Installing: /home/abdy/ros2_ws/install/my_interfaces/local/lib/python3.10/dist-packages/my_interfaces-0.0.0-py3.10.egg-info/SOURCES.txt
[1.008s] -- Installing: /home/abdy/ros2_ws/install/my_interfaces/local/lib/python3.10/dist-packages/my_interfaces-0.0.0-py3.10.egg-info/PKG-INFO
[1.008s] -- Installing: /home/abdy/ros2_ws/install/my_interfaces/local/lib/python3.10/dist-packages/my_interfaces-0.0.0-py3.10.egg-info/top_level.txt
[1.008s] -- Up-to-date: /home/abdy/ros2_ws/install/my_interfaces/local/lib/python3.10/dist-packages/my_interfaces
[1.008s] -- Up-to-date: /home/abdy/ros2_ws/install/my_interfaces/local/lib/python3.10/dist-packages/my_interfaces/__init__.py
[1.008s] -- Up-to-date: /home/abdy/ros2_ws/install/my_interfaces/local/lib/python3.10/dist-packages/my_interfaces/_my_interfaces_s.ep.rosidl_typesupport_introspection_c.c
[1.008s] -- Up-to-date: /home/abdy/ros2_ws/install/my_interfaces/local/lib/python3.10/dist-packages/my_interfaces/_my_interfaces_s.ep.rosidl_typesupport_fastrtps_c.c
[1.008s] -- Up-to-date: /home/abdy/ros2_ws/install/my_interfaces/local/lib/python3.10/dist-packages/my_interfaces/msg
[1.008s] -- Up-to-date: /home/abdy/ros2_ws/install/my_interfaces/local/lib/python3.10/dist-packages/my_interfaces/msg/_hardware_status.py
[1.008s] -- Up-to-date: /home/abdy/ros2_ws/install/my_interfaces/local/lib/python3.10/dist-packages/my_interfaces/msg/_hardware_status_s.c
[1.008s] -- Up-to-date: /home/abdy/ros2_ws/install/my_interfaces/local/lib/python3.10/dist-packages/my_interfaces/msg/__init__.py
[1.008s] -- Up-to-date: /home/abdy/ros2_ws/install/my_interfaces/local/lib/python3.10/dist-packages/my_interfaces/libmy_interfaces__rosidl_generator_py.so
[1.008s] -- Up-to-date: /home/abdy/ros2_ws/install/my_interfaces/local/lib/python3.10/dist-packages/my_interfaces/my_interfaces_s__rosidl_typesupport_c.cpython-310-x86_64-linux-gnu.so
[1.008s] -- Up-to-date: /home/abdy/ros2_ws/install/my_interfaces/local/lib/python3.10/dist-packages/my_interfaces/my_interfaces_s__rosidl_typesupport_introspection_c.cpython-310-x86_64-linux-gnu.so
[1.009s] -- Up-to-date: /home/abdy/ros2_ws/install/my_interfaces/local/lib/python3.10/dist-packages/my_interfaces/_my_interfaces_s.ep.rosidl_typesupport_c.c
[1.009s] -- Up-to-date: /home/abdy/ros2_ws/install/my_interfaces/local/lib/python3.10/dist-packages/my_interfaces/my_interfaces_s__rosidl_typesupport_fastrtps_c.cpython-310-x86_64-linux-gnu.so
[1.009s] -- Up-to-date: /home/abdy/ros2_ws/install/my_interfaces/local/lib/python3.10/dist-packages/my_interfaces/srv
[1.009s] -- Up-to-date: /home/abdy/ros2_ws/install/my_interfaces/local/lib/python3.10/dist-packages/my_interfaces/srv/__init__.py
[1.009s] -- Up-to-date: /home/abdy/ros2_ws/install/my_interfaces/local/lib/python3.10/dist-packages/my_interfaces/srv/_compute_rectangle_area.py
[1.009s] -- Up-to-date: /home/abdy/ros2_ws/install/my_interfaces/local/lib/python3.10/dist-packages/my_interfaces/srv/_compute_rectangle_area_s.c
[1.049s] Listing '/home/abdy/ros2_ws/install/my_interfaces/local/lib/python3.10/dist-packages/my_interfaces'...
[1.049s] Listing '/home/abdy/ros2_ws/install/my_interfaces/local/lib/python3.10/dist-packages/my_interfaces/msg'...
[1.049s] Listing '/home/abdy/ros2_ws/install/my_interfaces/local/lib/python3.10/dist-packages/my_interfaces/srv'...
[1.054s] -- Up-to-date: /home/abdy/ros2_ws/install/my_interfaces/local/lib/python3.10/dist-packages/my_interfaces/my_interfaces_s__rosidl_typesupport_fastrtps_c.cpython-310-x86_64-linux-gnu.so
[1.055s] -- Up-to-date: /home/abdy/ros2_ws/install/my_interfaces/local/lib/python3.10/dist-packages/my_interfaces/my_interfaces_s__rosidl_typesupport_introspection_c.cpython-310-x86_64-linux-gnu.so
[1.057s] -- Up-to-date: /home/abdy/ros2_ws/install/my_interfaces/local/lib/python3.10/dist-packages/my_interfaces/my_interfaces_s__rosidl_typesupport_c.cpython-310-x86_64-linux-gnu.so
[1.061s] -- Up-to-date: /home/abdy/ros2_ws/install/my_interfaces/lib/libmy_interfaces__rosidl_generator_py.so
[1.061s] -- Up-to-date: /home/abdy/ros2_ws/install/my_interfaces/share/my_interfaces/msg/HardwareStatus.idl
[1.061s] -- Up-to-date: /home/abdy/ros2_ws/install/my_interfaces/share/my_interfaces/srv/ComputeRectangleArea.idl
[1.061s] -- Up-to-date: /home/abdy/ros2_ws/install/my_interfaces/share/my_interfaces/msg/HardwareStatus.msg
[1.061s] -- Up-to-date: /home/abdy/ros2_ws/install/my_interfaces/share/my_interfaces/srv/ComputeRectangleArea.srv
[1.061s] -- Up-to-date: /home/abdy/ros2_ws/install/my_interfaces/share/my_interfaces/srv/ComputeRectangleArea_Request.msg
[1.061s] -- Up-to-date: /home/abdy/ros2_ws/install/my_interfaces/share/my_interfaces/srv/ComputeRectangleArea_Response.msg
[1.061s] -- Up-to-date: /home/abdy/ros2_ws/install/my_interfaces/share/ament_index/resource_index/package_run_dependencies/my_interfaces
[1.061s] -- Up-to-date: /home/abdy/ros2_ws/install/my_interfaces/share/ament_index/resource_index/parent_prefix_path/my_interfaces
[1.061s] -- Up-to-date: /home/abdy/ros2_ws/install/my_interfaces/share/my_interfaces/environment/ament_prefix_path.sh
[1.061s] -- Up-to-date: /home/abdy/ros2_ws/install/my_interfaces/share/my_interfaces/environment/ament_prefix_path.dsv
[1.061s] -- Up-to-date: /home/abdy/ros2_ws/install/my_interfaces/share/my_interfaces/environment/path.sh
[1.061s] -- Up-to-date: /home/abdy/ros2_ws/install/my_interfaces/share/my_interfaces/environment/path.dsv
[1.062s] -- Up-to-date: /home/abdy/ros2_ws/install/my_interfaces/share/my_interfaces/local_setup.bash
[1.062s] -- Up-to-date: /home/abdy/ros2_ws/install/my_interfaces/share/my_interfaces/local_setup.sh
[1.062s] -- Up-to-date: /home/abdy/ros2_ws/install/my_interfaces/share/my_interfaces/local_setup.zsh
[1.062s] -- Up-to-date: /home/abdy/ros2_ws/install/my_interfaces/share/my_interfaces/local_setup.dsv
[1.062s] -- Installing: /home/abdy/ros2_ws/install/my_interfaces/share/my_interfaces/package.dsv
[1.062s] -- Up-to-date: /home/abdy/ros2_ws/install/my_interfaces/share/ament_index/resource_index/packages/my_interfaces
[1.064s] -- Up-to-date: /home/abdy/ros2_ws/install/my_interfaces/share/my_interfaces/cmake/export_my_interfaces__rosidl_generator_cExport.cmake
[1.064s] -- Up-to-date: /home/abdy/ros2_ws/install/my_interfaces/share/my_interfaces/cmake/export_my_interfaces__rosidl_generator_cExport-noconfig.cmake
[1.065s] -- Up-to-date: /home/abdy/ros2_ws/install/my_interfaces/share/my_interfaces/cmake/export_my_interfaces__rosidl_typesupport_fastrtps_cExport.cmake
[1.065s] -- Up-to-date: /home/abdy/ros2_ws/install/my_interfaces/share/my_interfaces/cmake/export_my_interfaces__rosidl_typesupport_fastrtps_cExport-noconfig.cmake
[1.066s] -- Up-to-date: /home/abdy/ros2_ws/install/my_interfaces/share/my_interfaces/cmake/my_interfaces__rosidl_typesupport_introspection_cExport.cmake
[1.066s] -- Up-to-date: /home/abdy/ros2_ws/install/my_interfaces/share/my_interfaces/cmake/my_interfaces__rosidl_typesupport_introspection_cExport-noconfig.cmake
[1.068s] -- Up-to-date: /home/abdy/ros2_ws/install/my_interfaces/share/my_interfaces/cmake/my_interfaces__rosidl_typesupport_cExport.cmake
[1.068s] -- Up-to-date: /home/abdy/ros2_ws/install/my_interfaces/share/my_interfaces/cmake/my_interfaces__rosidl_typesupport_cExport-noconfig.cmake
[1.069s] -- Up-to-date: /home/abdy/ros2_ws/install/my_interfaces/share/my_interfaces/cmake/export_my_interfaces__rosidl_generator_cppExport.cmake
[1.070s] -- Up-to-date: /home/abdy/ros2_ws/install/my_interfaces/share/my_interfaces/cmake/export_my_interfaces__rosidl_typesupport_fastrtps_cppExport.cmake
[1.070s] -- Up-to-date: /home/abdy/ros2_ws/install/my_interfaces/share/my_interfaces/cmake/export_my_interfaces__rosidl_typesupport_fastrtps_cppExport-noconfig.cmake
[1.071s] -- Up-to-date: /home/abdy/ros2_ws/install/my_interfaces/share/my_interfaces/cmake/my_interfaces__rosidl_typesupport_introspection_cppExport.cmake
[1.071s] -- Up-to-date: /home/abdy/ros2_ws/install/my_interfaces/share/my_interfaces/cmake/my_interfaces__rosidl_typesupport_introspection_cppExport-noconfig.cmake
[1.071s] -- Up-to-date: /home/abdy/ros2_ws/install/my_interfaces/share/my_interfaces/cmake/my_interfaces__rosidl_typesupport_cppExport.cmake
[1.072s] -- Up-to-date: /home/abdy/ros2_ws/install/my_interfaces/share/my_interfaces/cmake/my_interfaces__rosidl_typesupport_cppExport-noconfig.cmake
[1.072s] -- Up-to-date: /home/abdy/ros2_ws/install/my_interfaces/share/my_interfaces/cmake/export_my_interfaces__rosidl_generator_pyExport.cmake
[1.072s] -- Up-to-date: /home/abdy/ros2_ws/install/my_interfaces/share/my_interfaces/cmake/export_my_interfaces__rosidl_generator_pyExport-noconfig.cmake
[1.073s] -- Up-to-date: /home/abdy/ros2_ws/install/my_interfaces/share/my_interfaces/cmake/rosidl_cmake-extras.cmake
[1.073s] -- Up-to-date: /home/abdy/ros2_ws/install/my_interfaces/share/my_interfaces/cmake/ament_cmake_export_include_directories-extras.cmake
[1.073s] -- Up-to-date: /home/abdy/ros2_ws/install/my_interfaces/share/my_interfaces/cmake/ament_cmake_export_libraries-extras.cmake
[1.073s] -- Up-to-date: /home/abdy/ros2_ws/install/my_interfaces/share/my_interfaces/cmake/ament_cmake_export_targets-extras.cmake
[1.073s] -- Up-to-date: /home/abdy/ros2_ws/install/my_interfaces/share/my_interfaces/cmake/rosidl_cmake_export_typesupport_targets-extras.cmake
[1.073s] -- Up-to-date: /home/abdy/ros2_ws/install/my_interfaces/share/my_interfaces/cmake/ament_cmake_export_dependencies-extras.cmake
[1.073s] -- Up-to-date: /home/abdy/ros2_ws/install/my_interfaces/share/my_interfaces/cmake/rosidl_cmake_export_typesupport_libraries-extras.cmake
[1.073s] -- Up-to-date: /home/abdy/ros2_ws/install/my_interfaces/share/my_interfaces/cmake/my_interfacesConfig.cmake
[1.073s] -- Up-to-date: /home/abdy/ros2_ws/install/my_interfaces/share/my_interfaces/cmake/my_interfacesConfig-version.cmake
[1.073s] -- Up-to-date: /home/abdy/ros2_ws/install/my_interfaces/share/my_interfaces/package.xml
[1.272s] Invoked command in '/home/abdy/ros2_ws/build/my_interfaces' returned '0': CMAKE_PREFIX_PATH=${CMAKE_PREFIX_PATH}:/home/abdy/ros2_ws/install/signal_processing:/home/abdy/ros2_ws/install/my_py_pkg:/home/abdy/ros2_ws/install/motor_control:/home/abdy/ros2_ws/install/mini_challenge:/home/abdy/ros2_ws/install/challenge_1:/home/abdy/ros2_ws/install/challenge2:/home/abdy/ros2_ws/install/challenge1:/home/abdy/ros2_ws/install/basic_comms:/opt/ros/humble /usr/bin/cmake --install /home/abdy/ros2_ws/build/my_interfaces
