[3.147s] Invoking command in '/home/abdy/ros2_ws/src/basic_comms': PYTHONPATH=/home/abdy/ros2_ws/build/basic_comms/prefix_override:/usr/lib/python3/dist-packages/colcon_core/task/python/colcon_distutils_commands:/home/abdy/ros2_ws/install/basic_comms/lib/python3.10/site-packages:${PYTHONPATH} /usr/bin/python3 -W ignore:setup.py install is deprecated -W ignore:easy_install command is deprecated setup.py egg_info --egg-base ../../build/basic_comms build --build-base /home/abdy/ros2_ws/build/basic_comms/build install --record /home/abdy/ros2_ws/build/basic_comms/install.log --single-version-externally-managed install_data
[4.493s] running egg_info
[4.493s] writing ../../build/basic_comms/basic_comms.egg-info/PKG-INFO
[4.494s] writing dependency_links to ../../build/basic_comms/basic_comms.egg-info/dependency_links.txt
[4.494s] writing entry points to ../../build/basic_comms/basic_comms.egg-info/entry_points.txt
[4.494s] writing requirements to ../../build/basic_comms/basic_comms.egg-info/requires.txt
[4.495s] writing top-level names to ../../build/basic_comms/basic_comms.egg-info/top_level.txt
[4.504s] reading manifest file '../../build/basic_comms/basic_comms.egg-info/SOURCES.txt'
[4.504s] writing manifest file '../../build/basic_comms/basic_comms.egg-info/SOURCES.txt'
[4.504s] running build
[4.505s] running build_py
[4.506s] running install
[4.507s] running install_lib
[4.512s] running install_data
[4.512s] running install_egg_info
[4.518s] removing '/home/abdy/ros2_ws/install/basic_comms/lib/python3.10/site-packages/basic_comms-0.0.0-py3.10.egg-info' (and everything under it)
[4.518s] Copying ../../build/basic_comms/basic_comms.egg-info to /home/abdy/ros2_ws/install/basic_comms/lib/python3.10/site-packages/basic_comms-0.0.0-py3.10.egg-info
[4.524s] running install_scripts
[4.592s] Installing listener script to /home/abdy/ros2_ws/install/basic_comms/lib/basic_comms
[4.598s] Installing talker script to /home/abdy/ros2_ws/install/basic_comms/lib/basic_comms
[4.598s] writing list of installed files to '/home/abdy/ros2_ws/build/basic_comms/install.log'
[5.702s] Invoked command in '/home/abdy/ros2_ws/src/basic_comms' returned '0': PYTHONPATH=/home/abdy/ros2_ws/build/basic_comms/prefix_override:/usr/lib/python3/dist-packages/colcon_core/task/python/colcon_distutils_commands:/home/abdy/ros2_ws/install/basic_comms/lib/python3.10/site-packages:${PYTHONPATH} /usr/bin/python3 -W ignore:setup.py install is deprecated -W ignore:easy_install command is deprecated setup.py egg_info --egg-base ../../build/basic_comms build --build-base /home/abdy/ros2_ws/build/basic_comms/build install --record /home/abdy/ros2_ws/build/basic_comms/install.log --single-version-externally-managed install_data
