running egg_info
creating ../../build/challenge_1/challenge_1.egg-info
writing ../../build/challenge_1/challenge_1.egg-info/PKG-INFO
writing dependency_links to ../../build/challenge_1/challenge_1.egg-info/dependency_links.txt
writing entry points to ../../build/challenge_1/challenge_1.egg-info/entry_points.txt
writing requirements to ../../build/challenge_1/challenge_1.egg-info/requires.txt
writing top-level names to ../../build/challenge_1/challenge_1.egg-info/top_level.txt
writing manifest file '../../build/challenge_1/challenge_1.egg-info/SOURCES.txt'
reading manifest file '../../build/challenge_1/challenge_1.egg-info/SOURCES.txt'
writing manifest file '../../build/challenge_1/challenge_1.egg-info/SOURCES.txt'
running build
running build_py
creating /home/abdy/ros2_ws/build/challenge_1/build
creating /home/abdy/ros2_ws/build/challenge_1/build/lib
creating /home/abdy/ros2_ws/build/challenge_1/build/lib/challenge_1
copying challenge_1/signal_generator.py -> /home/abdy/ros2_ws/build/challenge_1/build/lib/challenge_1
copying challenge_1/__init__.py -> /home/abdy/ros2_ws/build/challenge_1/build/lib/challenge_1
copying challenge_1/process.py -> /home/abdy/ros2_ws/build/challenge_1/build/lib/challenge_1
running install
running install_lib
creating /home/abdy/ros2_ws/install/challenge_1/lib/python3.10/site-packages/challenge_1
copying /home/abdy/ros2_ws/build/challenge_1/build/lib/challenge_1/signal_generator.py -> /home/abdy/ros2_ws/install/challenge_1/lib/python3.10/site-packages/challenge_1
copying /home/abdy/ros2_ws/build/challenge_1/build/lib/challenge_1/__init__.py -> /home/abdy/ros2_ws/install/challenge_1/lib/python3.10/site-packages/challenge_1
copying /home/abdy/ros2_ws/build/challenge_1/build/lib/challenge_1/process.py -> /home/abdy/ros2_ws/install/challenge_1/lib/python3.10/site-packages/challenge_1
byte-compiling /home/abdy/ros2_ws/install/challenge_1/lib/python3.10/site-packages/challenge_1/signal_generator.py to signal_generator.cpython-310.pyc
byte-compiling /home/abdy/ros2_ws/install/challenge_1/lib/python3.10/site-packages/challenge_1/__init__.py to __init__.cpython-310.pyc
byte-compiling /home/abdy/ros2_ws/install/challenge_1/lib/python3.10/site-packages/challenge_1/process.py to process.cpython-310.pyc
running install_data
creating /home/abdy/ros2_ws/install/challenge_1/share/ament_index
creating /home/abdy/ros2_ws/install/challenge_1/share/ament_index/resource_index
creating /home/abdy/ros2_ws/install/challenge_1/share/ament_index/resource_index/packages
copying resource/challenge_1 -> /home/abdy/ros2_ws/install/challenge_1/share/ament_index/resource_index/packages
copying package.xml -> /home/abdy/ros2_ws/install/challenge_1/share/challenge_1
creating /home/abdy/ros2_ws/install/challenge_1/share/challenge_1/launch
copying launch/mini_challenge_1.launch.xml -> /home/abdy/ros2_ws/install/challenge_1/share/challenge_1/launch
running install_egg_info
Copying ../../build/challenge_1/challenge_1.egg-info to /home/abdy/ros2_ws/install/challenge_1/lib/python3.10/site-packages/challenge_1-0.0.0-py3.10.egg-info
running install_scripts
Installing process script to /home/abdy/ros2_ws/install/challenge_1/lib/challenge_1
Installing signal_generator script to /home/abdy/ros2_ws/install/challenge_1/lib/challenge_1
writing list of installed files to '/home/abdy/ros2_ws/build/challenge_1/install.log'
