[2.217s] Invoking command in '/home/abdy/ros2_ws/src/challenge_1': PYTHONPATH=/home/abdy/ros2_ws/build/challenge_1/prefix_override:/usr/lib/python3/dist-packages/colcon_core/task/python/colcon_distutils_commands:/home/abdy/ros2_ws/install/challenge_1/lib/python3.10/site-packages:${PYTHONPATH} /usr/bin/python3 -W ignore:setup.py install is deprecated -W ignore:easy_install command is deprecated setup.py egg_info --egg-base ../../build/challenge_1 build --build-base /home/abdy/ros2_ws/build/challenge_1/build install --record /home/abdy/ros2_ws/build/challenge_1/install.log --single-version-externally-managed install_data
[2.604s] running egg_info
[2.606s] creating ../../build/challenge_1/challenge_1.egg-info
[2.607s] writing ../../build/challenge_1/challenge_1.egg-info/PKG-INFO
[2.607s] writing dependency_links to ../../build/challenge_1/challenge_1.egg-info/dependency_links.txt
[2.607s] writing entry points to ../../build/challenge_1/challenge_1.egg-info/entry_points.txt
[2.607s] writing requirements to ../../build/challenge_1/challenge_1.egg-info/requires.txt
[2.607s] writing top-level names to ../../build/challenge_1/challenge_1.egg-info/top_level.txt
[2.607s] writing manifest file '../../build/challenge_1/challenge_1.egg-info/SOURCES.txt'
[2.609s] reading manifest file '../../build/challenge_1/challenge_1.egg-info/SOURCES.txt'
[2.610s] writing manifest file '../../build/challenge_1/challenge_1.egg-info/SOURCES.txt'
[2.611s] running build
[2.611s] running build_py
[2.612s] creating /home/abdy/ros2_ws/build/challenge_1/build
[2.612s] creating /home/abdy/ros2_ws/build/challenge_1/build/lib
[2.612s] creating /home/abdy/ros2_ws/build/challenge_1/build/lib/challenge_1
[2.612s] copying challenge_1/signal_generator.py -> /home/abdy/ros2_ws/build/challenge_1/build/lib/challenge_1
[2.612s] copying challenge_1/__init__.py -> /home/abdy/ros2_ws/build/challenge_1/build/lib/challenge_1
[2.613s] copying challenge_1/process.py -> /home/abdy/ros2_ws/build/challenge_1/build/lib/challenge_1
[2.613s] running install
[2.613s] running install_lib
[2.614s] creating /home/abdy/ros2_ws/install/challenge_1/lib/python3.10/site-packages/challenge_1
[2.614s] copying /home/abdy/ros2_ws/build/challenge_1/build/lib/challenge_1/signal_generator.py -> /home/abdy/ros2_ws/install/challenge_1/lib/python3.10/site-packages/challenge_1
[2.615s] copying /home/abdy/ros2_ws/build/challenge_1/build/lib/challenge_1/__init__.py -> /home/abdy/ros2_ws/install/challenge_1/lib/python3.10/site-packages/challenge_1
[2.616s] copying /home/abdy/ros2_ws/build/challenge_1/build/lib/challenge_1/process.py -> /home/abdy/ros2_ws/install/challenge_1/lib/python3.10/site-packages/challenge_1
[2.616s] byte-compiling /home/abdy/ros2_ws/install/challenge_1/lib/python3.10/site-packages/challenge_1/signal_generator.py to signal_generator.cpython-310.pyc
[2.617s] byte-compiling /home/abdy/ros2_ws/install/challenge_1/lib/python3.10/site-packages/challenge_1/__init__.py to __init__.cpython-310.pyc
[2.617s] byte-compiling /home/abdy/ros2_ws/install/challenge_1/lib/python3.10/site-packages/challenge_1/process.py to process.cpython-310.pyc
[2.618s] running install_data
[2.618s] creating /home/abdy/ros2_ws/install/challenge_1/share/ament_index
[2.618s] creating /home/abdy/ros2_ws/install/challenge_1/share/ament_index/resource_index
[2.619s] creating /home/abdy/ros2_ws/install/challenge_1/share/ament_index/resource_index/packages
[2.619s] copying resource/challenge_1 -> /home/abdy/ros2_ws/install/challenge_1/share/ament_index/resource_index/packages
[2.619s] copying package.xml -> /home/abdy/ros2_ws/install/challenge_1/share/challenge_1
[2.619s] creating /home/abdy/ros2_ws/install/challenge_1/share/challenge_1/launch
[2.619s] copying launch/mini_challenge_1.launch.xml -> /home/abdy/ros2_ws/install/challenge_1/share/challenge_1/launch
[2.620s] running install_egg_info
[2.622s] Copying ../../build/challenge_1/challenge_1.egg-info to /home/abdy/ros2_ws/install/challenge_1/lib/python3.10/site-packages/challenge_1-0.0.0-py3.10.egg-info
[2.624s] running install_scripts
[2.657s] Installing process script to /home/abdy/ros2_ws/install/challenge_1/lib/challenge_1
[2.657s] Installing signal_generator script to /home/abdy/ros2_ws/install/challenge_1/lib/challenge_1
[2.657s] writing list of installed files to '/home/abdy/ros2_ws/build/challenge_1/install.log'
[2.700s] Invoked command in '/home/abdy/ros2_ws/src/challenge_1' returned '0': PYTHONPATH=/home/abdy/ros2_ws/build/challenge_1/prefix_override:/usr/lib/python3/dist-packages/colcon_core/task/python/colcon_distutils_commands:/home/abdy/ros2_ws/install/challenge_1/lib/python3.10/site-packages:${PYTHONPATH} /usr/bin/python3 -W ignore:setup.py install is deprecated -W ignore:easy_install command is deprecated setup.py egg_info --egg-base ../../build/challenge_1 build --build-base /home/abdy/ros2_ws/build/challenge_1/build install --record /home/abdy/ros2_ws/build/challenge_1/install.log --single-version-externally-managed install_data
