[1.489s] Invoking command in '/home/abdy/ros2_ws/src/basic_comms': PYTHONPATH=/home/abdy/ros2_ws/build/basic_comms/prefix_override:/usr/lib/python3/dist-packages/colcon_core/task/python/colcon_distutils_commands:/home/abdy/ros2_ws/install/basic_comms/lib/python3.10/site-packages:${PYTHONPATH} /usr/bin/python3 -W ignore:setup.py install is deprecated -W ignore:easy_install command is deprecated setup.py egg_info --egg-base ../../build/basic_comms build --build-base /home/abdy/ros2_ws/build/basic_comms/build install --record /home/abdy/ros2_ws/build/basic_comms/install.log --single-version-externally-managed install_data
[1.712s] running egg_info
[1.713s] writing ../../build/basic_comms/basic_comms.egg-info/PKG-INFO
[1.713s] writing dependency_links to ../../build/basic_comms/basic_comms.egg-info/dependency_links.txt
[1.713s] writing entry points to ../../build/basic_comms/basic_comms.egg-info/entry_points.txt
[1.713s] writing requirements to ../../build/basic_comms/basic_comms.egg-info/requires.txt
[1.713s] writing top-level names to ../../build/basic_comms/basic_comms.egg-info/top_level.txt
[1.713s] reading manifest file '../../build/basic_comms/basic_comms.egg-info/SOURCES.txt'
[1.714s] writing manifest file '../../build/basic_comms/basic_comms.egg-info/SOURCES.txt'
[1.714s] running build
[1.714s] running build_py
[1.716s] running install
[1.716s] running install_lib
[1.721s] running install_data
[1.722s] running install_egg_info
[1.723s] removing '/home/abdy/ros2_ws/install/basic_comms/lib/python3.10/site-packages/basic_comms-0.0.0-py3.10.egg-info' (and everything under it)
[1.725s] Copying ../../build/basic_comms/basic_comms.egg-info to /home/abdy/ros2_ws/install/basic_comms/lib/python3.10/site-packages/basic_comms-0.0.0-py3.10.egg-info
[1.726s] running install_scripts
[1.759s] Installing listener script to /home/abdy/ros2_ws/install/basic_comms/lib/basic_comms
[1.759s] Installing talker script to /home/abdy/ros2_ws/install/basic_comms/lib/basic_comms
[1.760s] writing list of installed files to '/home/abdy/ros2_ws/build/basic_comms/install.log'
[2.038s] Invoked command in '/home/abdy/ros2_ws/src/basic_comms' returned '0': PYTHONPATH=/home/abdy/ros2_ws/build/basic_comms/prefix_override:/usr/lib/python3/dist-packages/colcon_core/task/python/colcon_distutils_commands:/home/abdy/ros2_ws/install/basic_comms/lib/python3.10/site-packages:${PYTHONPATH} /usr/bin/python3 -W ignore:setup.py install is deprecated -W ignore:easy_install command is deprecated setup.py egg_info --egg-base ../../build/basic_comms build --build-base /home/abdy/ros2_ws/build/basic_comms/build install --record /home/abdy/ros2_ws/build/basic_comms/install.log --single-version-externally-managed install_data
