[0.828s] Invoking command in '/home/abdy/ros2_ws/src/step_signal_pkg': PYTHONPATH=/home/abdy/ros2_ws/build/step_signal_pkg/prefix_override:/usr/lib/python3/dist-packages/colcon_core/task/python/colcon_distutils_commands:/home/abdy/ros2_ws/install/step_signal_pkg/lib/python3.10/site-packages:${PYTHONPATH} /usr/bin/python3 -W ignore:setup.py install is deprecated -W ignore:easy_install command is deprecated setup.py egg_info --egg-base ../../build/step_signal_pkg build --build-base /home/abdy/ros2_ws/build/step_signal_pkg/build install --record /home/abdy/ros2_ws/build/step_signal_pkg/install.log --single-version-externally-managed install_data
[1.017s] running egg_info
[1.017s] creating ../../build/step_signal_pkg/step_signal_pkg.egg-info
[1.017s] writing ../../build/step_signal_pkg/step_signal_pkg.egg-info/PKG-INFO
[1.018s] writing dependency_links to ../../build/step_signal_pkg/step_signal_pkg.egg-info/dependency_links.txt
[1.018s] writing entry points to ../../build/step_signal_pkg/step_signal_pkg.egg-info/entry_points.txt
[1.018s] writing requirements to ../../build/step_signal_pkg/step_signal_pkg.egg-info/requires.txt
[1.018s] writing top-level names to ../../build/step_signal_pkg/step_signal_pkg.egg-info/top_level.txt
[1.018s] writing manifest file '../../build/step_signal_pkg/step_signal_pkg.egg-info/SOURCES.txt'
[1.019s] reading manifest file '../../build/step_signal_pkg/step_signal_pkg.egg-info/SOURCES.txt'
[1.020s] writing manifest file '../../build/step_signal_pkg/step_signal_pkg.egg-info/SOURCES.txt'
[1.020s] running build
[1.020s] running build_py
[1.020s] creating /home/abdy/ros2_ws/build/step_signal_pkg/build
[1.021s] creating /home/abdy/ros2_ws/build/step_signal_pkg/build/lib
[1.021s] creating /home/abdy/ros2_ws/build/step_signal_pkg/build/lib/step_signal_pkg
[1.021s] copying step_signal_pkg/__init__.py -> /home/abdy/ros2_ws/build/step_signal_pkg/build/lib/step_signal_pkg
[1.021s] copying step_signal_pkg/step_signal_node.py -> /home/abdy/ros2_ws/build/step_signal_pkg/build/lib/step_signal_pkg
[1.021s] running install
[1.021s] running install_lib
[1.021s] creating /home/abdy/ros2_ws/install/step_signal_pkg/lib/python3.10/site-packages/step_signal_pkg
[1.021s] copying /home/abdy/ros2_ws/build/step_signal_pkg/build/lib/step_signal_pkg/__init__.py -> /home/abdy/ros2_ws/install/step_signal_pkg/lib/python3.10/site-packages/step_signal_pkg
[1.021s] copying /home/abdy/ros2_ws/build/step_signal_pkg/build/lib/step_signal_pkg/step_signal_node.py -> /home/abdy/ros2_ws/install/step_signal_pkg/lib/python3.10/site-packages/step_signal_pkg
[1.022s] byte-compiling /home/abdy/ros2_ws/install/step_signal_pkg/lib/python3.10/site-packages/step_signal_pkg/__init__.py to __init__.cpython-310.pyc
[1.022s] byte-compiling /home/abdy/ros2_ws/install/step_signal_pkg/lib/python3.10/site-packages/step_signal_pkg/step_signal_node.py to step_signal_node.cpython-310.pyc
[1.023s] running install_data
[1.023s] creating /home/abdy/ros2_ws/install/step_signal_pkg/share/ament_index
[1.023s] creating /home/abdy/ros2_ws/install/step_signal_pkg/share/ament_index/resource_index
[1.024s] creating /home/abdy/ros2_ws/install/step_signal_pkg/share/ament_index/resource_index/packages
[1.024s] copying resource/step_signal_pkg -> /home/abdy/ros2_ws/install/step_signal_pkg/share/ament_index/resource_index/packages
[1.024s] copying package.xml -> /home/abdy/ros2_ws/install/step_signal_pkg/share/step_signal_pkg
[1.024s] running install_egg_info
[1.025s] Copying ../../build/step_signal_pkg/step_signal_pkg.egg-info to /home/abdy/ros2_ws/install/step_signal_pkg/lib/python3.10/site-packages/step_signal_pkg-0.0.0-py3.10.egg-info
[1.026s] running install_scripts
[1.045s] Installing step_signal_node script to /home/abdy/ros2_ws/install/step_signal_pkg/lib/step_signal_pkg
[1.046s] writing list of installed files to '/home/abdy/ros2_ws/build/step_signal_pkg/install.log'
[1.068s] Invoked command in '/home/abdy/ros2_ws/src/step_signal_pkg' returned '0': PYTHONPATH=/home/abdy/ros2_ws/build/step_signal_pkg/prefix_override:/usr/lib/python3/dist-packages/colcon_core/task/python/colcon_distutils_commands:/home/abdy/ros2_ws/install/step_signal_pkg/lib/python3.10/site-packages:${PYTHONPATH} /usr/bin/python3 -W ignore:setup.py install is deprecated -W ignore:easy_install command is deprecated setup.py egg_info --egg-base ../../build/step_signal_pkg build --build-base /home/abdy/ros2_ws/build/step_signal_pkg/build install --record /home/abdy/ros2_ws/build/step_signal_pkg/install.log --single-version-externally-managed install_data
