[0.188s] DEBUG:colcon:Command line arguments: ['/usr/bin/colcon', 'build']
[0.188s] DEBUG:colcon:Parsed command line arguments: Namespace(log_base=None, log_level=None, verb_name='build', build_base='build', install_base='install', merge_install=False, symlink_install=False, test_result_base=None, continue_on_error=False, executor='parallel', parallel_workers=6, event_handlers=None, ignore_user_meta=False, metas=['./colcon.meta'], base_paths=['.'], packages_ignore=None, packages_ignore_regex=None, paths=None, packages_up_to=None, packages_up_to_regex=None, packages_above=None, packages_above_and_dependencies=None, packages_above_depth=None, packages_select_by_dep=None, packages_skip_by_dep=None, packages_skip_up_to=None, packages_select_build_failed=False, packages_skip_build_finished=False, packages_select_test_failures=False, packages_skip_test_passed=False, packages_select=None, packages_skip=None, packages_select_regex=None, packages_skip_regex=None, packages_start=None, packages_end=None, allow_overriding=[], cmake_args=None, cmake_target=None, cmake_target_skip_unavailable=False, cmake_clean_cache=False, cmake_clean_first=False, cmake_force_configure=False, ament_cmake_args=None, catkin_cmake_args=None, catkin_skip_building_tests=False, verb_parser=<colcon_defaults.argument_parser.defaults.DefaultArgumentsDecorator object at 0x71910c0fdc90>, verb_extension=<colcon_core.verb.build.BuildVerb object at 0x71910c0fd750>, main=<bound method BuildVerb.main of <colcon_core.verb.build.BuildVerb object at 0x71910c0fd750>>)
[0.433s] Level 1:colcon.colcon_core.package_discovery:discover_packages(colcon_meta) check parameters
[0.433s] Level 1:colcon.colcon_core.package_discovery:discover_packages(recursive) check parameters
[0.433s] Level 1:colcon.colcon_core.package_discovery:discover_packages(ignore) check parameters
[0.433s] Level 1:colcon.colcon_core.package_discovery:discover_packages(path) check parameters
[0.434s] Level 1:colcon.colcon_core.package_discovery:discover_packages(colcon_meta) discover
[0.434s] Level 1:colcon.colcon_core.package_discovery:discover_packages(recursive) discover
[0.434s] INFO:colcon.colcon_core.package_discovery:Crawling recursively for packages in '/home/abdy/ros2_ws'
[0.434s] Level 1:colcon.colcon_core.package_identification:_identify(.) by extensions ['ignore', 'ignore_ament_install']
[0.434s] Level 1:colcon.colcon_core.package_identification:_identify(.) by extension 'ignore'
[0.434s] Level 1:colcon.colcon_core.package_identification:_identify(.) by extension 'ignore_ament_install'
[0.434s] Level 1:colcon.colcon_core.package_identification:_identify(.) by extensions ['colcon_pkg']
[0.434s] Level 1:colcon.colcon_core.package_identification:_identify(.) by extension 'colcon_pkg'
[0.434s] Level 1:colcon.colcon_core.package_identification:_identify(.) by extensions ['colcon_meta']
[0.434s] Level 1:colcon.colcon_core.package_identification:_identify(.) by extension 'colcon_meta'
[0.434s] Level 1:colcon.colcon_core.package_identification:_identify(.) by extensions ['ros']
[0.434s] Level 1:colcon.colcon_core.package_identification:_identify(.) by extension 'ros'
[0.450s] Level 1:colcon.colcon_core.package_identification:_identify(.) by extensions ['cmake', 'python']
[0.450s] Level 1:colcon.colcon_core.package_identification:_identify(.) by extension 'cmake'
[0.450s] Level 1:colcon.colcon_core.package_identification:_identify(.) by extension 'python'
[0.450s] Level 1:colcon.colcon_core.package_identification:_identify(.) by extensions ['python_setup_py']
[0.450s] Level 1:colcon.colcon_core.package_identification:_identify(.) by extension 'python_setup_py'
[0.450s] Level 1:colcon.colcon_core.package_identification:_identify(build) by extensions ['ignore', 'ignore_ament_install']
[0.450s] Level 1:colcon.colcon_core.package_identification:_identify(build) by extension 'ignore'
[0.450s] Level 1:colcon.colcon_core.package_identification:_identify(build) ignored
[0.451s] Level 1:colcon.colcon_core.package_identification:_identify(install) by extensions ['ignore', 'ignore_ament_install']
[0.451s] Level 1:colcon.colcon_core.package_identification:_identify(install) by extension 'ignore'
[0.451s] Level 1:colcon.colcon_core.package_identification:_identify(install) ignored
[0.451s] Level 1:colcon.colcon_core.package_identification:_identify(log) by extensions ['ignore', 'ignore_ament_install']
[0.451s] Level 1:colcon.colcon_core.package_identification:_identify(log) by extension 'ignore'
[0.451s] Level 1:colcon.colcon_core.package_identification:_identify(log) ignored
[0.451s] Level 1:colcon.colcon_core.package_identification:_identify(src) by extensions ['ignore', 'ignore_ament_install']
[0.451s] Level 1:colcon.colcon_core.package_identification:_identify(src) by extension 'ignore'
[0.452s] Level 1:colcon.colcon_core.package_identification:_identify(src) by extension 'ignore_ament_install'
[0.452s] Level 1:colcon.colcon_core.package_identification:_identify(src) by extensions ['colcon_pkg']
[0.452s] Level 1:colcon.colcon_core.package_identification:_identify(src) by extension 'colcon_pkg'
[0.452s] Level 1:colcon.colcon_core.package_identification:_identify(src) by extensions ['colcon_meta']
[0.452s] Level 1:colcon.colcon_core.package_identification:_identify(src) by extension 'colcon_meta'
[0.452s] Level 1:colcon.colcon_core.package_identification:_identify(src) by extensions ['ros']
[0.452s] Level 1:colcon.colcon_core.package_identification:_identify(src) by extension 'ros'
[0.452s] Level 1:colcon.colcon_core.package_identification:_identify(src) by extensions ['cmake', 'python']
[0.452s] Level 1:colcon.colcon_core.package_identification:_identify(src) by extension 'cmake'
[0.452s] Level 1:colcon.colcon_core.package_identification:_identify(src) by extension 'python'
[0.452s] Level 1:colcon.colcon_core.package_identification:_identify(src) by extensions ['python_setup_py']
[0.452s] Level 1:colcon.colcon_core.package_identification:_identify(src) by extension 'python_setup_py'
[0.453s] Level 1:colcon.colcon_core.package_identification:_identify(src/basic_comms) by extensions ['ignore', 'ignore_ament_install']
[0.453s] Level 1:colcon.colcon_core.package_identification:_identify(src/basic_comms) by extension 'ignore'
[0.453s] Level 1:colcon.colcon_core.package_identification:_identify(src/basic_comms) by extension 'ignore_ament_install'
[0.453s] Level 1:colcon.colcon_core.package_identification:_identify(src/basic_comms) by extensions ['colcon_pkg']
[0.453s] Level 1:colcon.colcon_core.package_identification:_identify(src/basic_comms) by extension 'colcon_pkg'
[0.453s] Level 1:colcon.colcon_core.package_identification:_identify(src/basic_comms) by extensions ['colcon_meta']
[0.453s] Level 1:colcon.colcon_core.package_identification:_identify(src/basic_comms) by extension 'colcon_meta'
[0.453s] Level 1:colcon.colcon_core.package_identification:_identify(src/basic_comms) by extensions ['ros']
[0.453s] Level 1:colcon.colcon_core.package_identification:_identify(src/basic_comms) by extension 'ros'
[0.456s] DEBUG:colcon.colcon_core.package_identification:Package 'src/basic_comms' with type 'ros.ament_python' and name 'basic_comms'
[0.456s] Level 1:colcon.colcon_core.package_identification:_identify(src/challenge1) by extensions ['ignore', 'ignore_ament_install']
[0.456s] Level 1:colcon.colcon_core.package_identification:_identify(src/challenge1) by extension 'ignore'
[0.456s] Level 1:colcon.colcon_core.package_identification:_identify(src/challenge1) by extension 'ignore_ament_install'
[0.456s] Level 1:colcon.colcon_core.package_identification:_identify(src/challenge1) by extensions ['colcon_pkg']
[0.456s] Level 1:colcon.colcon_core.package_identification:_identify(src/challenge1) by extension 'colcon_pkg'
[0.456s] Level 1:colcon.colcon_core.package_identification:_identify(src/challenge1) by extensions ['colcon_meta']
[0.457s] Level 1:colcon.colcon_core.package_identification:_identify(src/challenge1) by extension 'colcon_meta'
[0.457s] Level 1:colcon.colcon_core.package_identification:_identify(src/challenge1) by extensions ['ros']
[0.457s] Level 1:colcon.colcon_core.package_identification:_identify(src/challenge1) by extension 'ros'
[0.457s] DEBUG:colcon.colcon_core.package_identification:Package 'src/challenge1' with type 'ros.ament_python' and name 'challenge1'
[0.458s] Level 1:colcon.colcon_core.package_identification:_identify(src/challenge2) by extensions ['ignore', 'ignore_ament_install']
[0.458s] Level 1:colcon.colcon_core.package_identification:_identify(src/challenge2) by extension 'ignore'
[0.458s] Level 1:colcon.colcon_core.package_identification:_identify(src/challenge2) by extension 'ignore_ament_install'
[0.458s] Level 1:colcon.colcon_core.package_identification:_identify(src/challenge2) by extensions ['colcon_pkg']
[0.458s] Level 1:colcon.colcon_core.package_identification:_identify(src/challenge2) by extension 'colcon_pkg'
[0.458s] Level 1:colcon.colcon_core.package_identification:_identify(src/challenge2) by extensions ['colcon_meta']
[0.458s] Level 1:colcon.colcon_core.package_identification:_identify(src/challenge2) by extension 'colcon_meta'
[0.458s] Level 1:colcon.colcon_core.package_identification:_identify(src/challenge2) by extensions ['ros']
[0.458s] Level 1:colcon.colcon_core.package_identification:_identify(src/challenge2) by extension 'ros'
[0.459s] DEBUG:colcon.colcon_core.package_identification:Package 'src/challenge2' with type 'ros.ament_python' and name 'challenge2'
[0.459s] Level 1:colcon.colcon_core.package_identification:_identify(src/custom_interfaces) by extensions ['ignore', 'ignore_ament_install']
[0.459s] Level 1:colcon.colcon_core.package_identification:_identify(src/custom_interfaces) by extension 'ignore'
[0.459s] Level 1:colcon.colcon_core.package_identification:_identify(src/custom_interfaces) by extension 'ignore_ament_install'
[0.459s] Level 1:colcon.colcon_core.package_identification:_identify(src/custom_interfaces) by extensions ['colcon_pkg']
[0.459s] Level 1:colcon.colcon_core.package_identification:_identify(src/custom_interfaces) by extension 'colcon_pkg'
[0.459s] Level 1:colcon.colcon_core.package_identification:_identify(src/custom_interfaces) by extensions ['colcon_meta']
[0.460s] Level 1:colcon.colcon_core.package_identification:_identify(src/custom_interfaces) by extension 'colcon_meta'
[0.460s] Level 1:colcon.colcon_core.package_identification:_identify(src/custom_interfaces) by extensions ['ros']
[0.460s] Level 1:colcon.colcon_core.package_identification:_identify(src/custom_interfaces) by extension 'ros'
[0.461s] DEBUG:colcon.colcon_core.package_identification:Package 'src/custom_interfaces' with type 'ros.ament_cmake' and name 'custom_interfaces'
[0.461s] Level 1:colcon.colcon_core.package_identification:_identify(src/mini_challenge) by extensions ['ignore', 'ignore_ament_install']
[0.461s] Level 1:colcon.colcon_core.package_identification:_identify(src/mini_challenge) by extension 'ignore'
[0.461s] Level 1:colcon.colcon_core.package_identification:_identify(src/mini_challenge) by extension 'ignore_ament_install'
[0.461s] Level 1:colcon.colcon_core.package_identification:_identify(src/mini_challenge) by extensions ['colcon_pkg']
[0.461s] Level 1:colcon.colcon_core.package_identification:_identify(src/mini_challenge) by extension 'colcon_pkg'
[0.461s] Level 1:colcon.colcon_core.package_identification:_identify(src/mini_challenge) by extensions ['colcon_meta']
[0.461s] Level 1:colcon.colcon_core.package_identification:_identify(src/mini_challenge) by extension 'colcon_meta'
[0.461s] Level 1:colcon.colcon_core.package_identification:_identify(src/mini_challenge) by extensions ['ros']
[0.462s] Level 1:colcon.colcon_core.package_identification:_identify(src/mini_challenge) by extension 'ros'
[0.462s] DEBUG:colcon.colcon_core.package_identification:Package 'src/mini_challenge' with type 'ros.ament_python' and name 'mini_challenge'
[0.462s] Level 1:colcon.colcon_core.package_identification:_identify(src/motor_control) by extensions ['ignore', 'ignore_ament_install']
[0.462s] Level 1:colcon.colcon_core.package_identification:_identify(src/motor_control) by extension 'ignore'
[0.463s] Level 1:colcon.colcon_core.package_identification:_identify(src/motor_control) by extension 'ignore_ament_install'
[0.463s] Level 1:colcon.colcon_core.package_identification:_identify(src/motor_control) by extensions ['colcon_pkg']
[0.463s] Level 1:colcon.colcon_core.package_identification:_identify(src/motor_control) by extension 'colcon_pkg'
[0.463s] Level 1:colcon.colcon_core.package_identification:_identify(src/motor_control) by extensions ['colcon_meta']
[0.463s] Level 1:colcon.colcon_core.package_identification:_identify(src/motor_control) by extension 'colcon_meta'
[0.463s] Level 1:colcon.colcon_core.package_identification:_identify(src/motor_control) by extensions ['ros']
[0.463s] Level 1:colcon.colcon_core.package_identification:_identify(src/motor_control) by extension 'ros'
[0.464s] DEBUG:colcon.colcon_core.package_identification:Package 'src/motor_control' with type 'ros.ament_python' and name 'motor_control'
[0.464s] Level 1:colcon.colcon_core.package_identification:_identify(src/my_interfaces) by extensions ['ignore', 'ignore_ament_install']
[0.464s] Level 1:colcon.colcon_core.package_identification:_identify(src/my_interfaces) by extension 'ignore'
[0.464s] Level 1:colcon.colcon_core.package_identification:_identify(src/my_interfaces) by extension 'ignore_ament_install'
[0.464s] Level 1:colcon.colcon_core.package_identification:_identify(src/my_interfaces) by extensions ['colcon_pkg']
[0.464s] Level 1:colcon.colcon_core.package_identification:_identify(src/my_interfaces) by extension 'colcon_pkg'
[0.464s] Level 1:colcon.colcon_core.package_identification:_identify(src/my_interfaces) by extensions ['colcon_meta']
[0.464s] Level 1:colcon.colcon_core.package_identification:_identify(src/my_interfaces) by extension 'colcon_meta'
[0.464s] Level 1:colcon.colcon_core.package_identification:_identify(src/my_interfaces) by extensions ['ros']
[0.464s] Level 1:colcon.colcon_core.package_identification:_identify(src/my_interfaces) by extension 'ros'
[0.465s] DEBUG:colcon.colcon_core.package_identification:Package 'src/my_interfaces' with type 'ros.ament_cmake' and name 'my_interfaces'
[0.465s] Level 1:colcon.colcon_core.package_identification:_identify(src/my_py_pkg) by extensions ['ignore', 'ignore_ament_install']
[0.465s] Level 1:colcon.colcon_core.package_identification:_identify(src/my_py_pkg) by extension 'ignore'
[0.465s] Level 1:colcon.colcon_core.package_identification:_identify(src/my_py_pkg) by extension 'ignore_ament_install'
[0.466s] Level 1:colcon.colcon_core.package_identification:_identify(src/my_py_pkg) by extensions ['colcon_pkg']
[0.466s] Level 1:colcon.colcon_core.package_identification:_identify(src/my_py_pkg) by extension 'colcon_pkg'
[0.466s] Level 1:colcon.colcon_core.package_identification:_identify(src/my_py_pkg) by extensions ['colcon_meta']
[0.466s] Level 1:colcon.colcon_core.package_identification:_identify(src/my_py_pkg) by extension 'colcon_meta'
[0.466s] Level 1:colcon.colcon_core.package_identification:_identify(src/my_py_pkg) by extensions ['ros']
[0.466s] Level 1:colcon.colcon_core.package_identification:_identify(src/my_py_pkg) by extension 'ros'
[0.467s] DEBUG:colcon.colcon_core.package_identification:Package 'src/my_py_pkg' with type 'ros.ament_python' and name 'my_py_pkg'
[0.467s] Level 1:colcon.colcon_core.package_identification:_identify(src/signal_processing) by extensions ['ignore', 'ignore_ament_install']
[0.467s] Level 1:colcon.colcon_core.package_identification:_identify(src/signal_processing) by extension 'ignore'
[0.467s] Level 1:colcon.colcon_core.package_identification:_identify(src/signal_processing) by extension 'ignore_ament_install'
[0.467s] Level 1:colcon.colcon_core.package_identification:_identify(src/signal_processing) by extensions ['colcon_pkg']
[0.467s] Level 1:colcon.colcon_core.package_identification:_identify(src/signal_processing) by extension 'colcon_pkg'
[0.467s] Level 1:colcon.colcon_core.package_identification:_identify(src/signal_processing) by extensions ['colcon_meta']
[0.467s] Level 1:colcon.colcon_core.package_identification:_identify(src/signal_processing) by extension 'colcon_meta'
[0.467s] Level 1:colcon.colcon_core.package_identification:_identify(src/signal_processing) by extensions ['ros']
[0.467s] Level 1:colcon.colcon_core.package_identification:_identify(src/signal_processing) by extension 'ros'
[0.468s] DEBUG:colcon.colcon_core.package_identification:Package 'src/signal_processing' with type 'ros.ament_python' and name 'signal_processing'
[0.468s] Level 1:colcon.colcon_core.package_discovery:discover_packages(recursive) using defaults
[0.468s] Level 1:colcon.colcon_core.package_discovery:discover_packages(ignore) discover
[0.468s] Level 1:colcon.colcon_core.package_discovery:discover_packages(ignore) using defaults
[0.468s] Level 1:colcon.colcon_core.package_discovery:discover_packages(path) discover
[0.468s] Level 1:colcon.colcon_core.package_discovery:discover_packages(path) using defaults
[0.509s] Level 1:colcon.colcon_core.package_discovery:discover_packages(prefix_path) check parameters
[0.509s] Level 1:colcon.colcon_core.package_discovery:discover_packages(prefix_path) discover
[0.520s] DEBUG:colcon.colcon_installed_package_information.package_discovery:Found 3 installed packages in /home/abdy/uros_ws/install
[0.522s] DEBUG:colcon.colcon_installed_package_information.package_discovery:Found 10 installed packages in /home/abdy/ros2_ws/install
[0.525s] DEBUG:colcon.colcon_installed_package_information.package_discovery:Found 271 installed packages in /opt/ros/humble
[0.527s] Level 1:colcon.colcon_core.package_discovery:discover_packages(prefix_path) using defaults
[0.592s] Level 5:colcon.colcon_core.verb:set package 'basic_comms' build argument 'cmake_args' from command line to 'None'
[0.592s] Level 5:colcon.colcon_core.verb:set package 'basic_comms' build argument 'cmake_target' from command line to 'None'
[0.592s] Level 5:colcon.colcon_core.verb:set package 'basic_comms' build argument 'cmake_target_skip_unavailable' from command line to 'False'
[0.592s] Level 5:colcon.colcon_core.verb:set package 'basic_comms' build argument 'cmake_clean_cache' from command line to 'False'
[0.592s] Level 5:colcon.colcon_core.verb:set package 'basic_comms' build argument 'cmake_clean_first' from command line to 'False'
[0.592s] Level 5:colcon.colcon_core.verb:set package 'basic_comms' build argument 'cmake_force_configure' from command line to 'False'
[0.593s] Level 5:colcon.colcon_core.verb:set package 'basic_comms' build argument 'ament_cmake_args' from command line to 'None'
[0.593s] Level 5:colcon.colcon_core.verb:set package 'basic_comms' build argument 'catkin_cmake_args' from command line to 'None'
[0.593s] Level 5:colcon.colcon_core.verb:set package 'basic_comms' build argument 'catkin_skip_building_tests' from command line to 'False'
[0.593s] DEBUG:colcon.colcon_core.verb:Building package 'basic_comms' with the following arguments: {'ament_cmake_args': None, 'build_base': '/home/abdy/ros2_ws/build/basic_comms', 'catkin_cmake_args': None, 'catkin_skip_building_tests': False, 'cmake_args': None, 'cmake_clean_cache': False, 'cmake_clean_first': False, 'cmake_force_configure': False, 'cmake_target': None, 'cmake_target_skip_unavailable': False, 'install_base': '/home/abdy/ros2_ws/install/basic_comms', 'merge_install': False, 'path': '/home/abdy/ros2_ws/src/basic_comms', 'symlink_install': False, 'test_result_base': None}
[0.593s] Level 5:colcon.colcon_core.verb:set package 'challenge1' build argument 'cmake_args' from command line to 'None'
[0.593s] Level 5:colcon.colcon_core.verb:set package 'challenge1' build argument 'cmake_target' from command line to 'None'
[0.593s] Level 5:colcon.colcon_core.verb:set package 'challenge1' build argument 'cmake_target_skip_unavailable' from command line to 'False'
[0.593s] Level 5:colcon.colcon_core.verb:set package 'challenge1' build argument 'cmake_clean_cache' from command line to 'False'
[0.593s] Level 5:colcon.colcon_core.verb:set package 'challenge1' build argument 'cmake_clean_first' from command line to 'False'
[0.593s] Level 5:colcon.colcon_core.verb:set package 'challenge1' build argument 'cmake_force_configure' from command line to 'False'
[0.593s] Level 5:colcon.colcon_core.verb:set package 'challenge1' build argument 'ament_cmake_args' from command line to 'None'
[0.593s] Level 5:colcon.colcon_core.verb:set package 'challenge1' build argument 'catkin_cmake_args' from command line to 'None'
[0.594s] Level 5:colcon.colcon_core.verb:set package 'challenge1' build argument 'catkin_skip_building_tests' from command line to 'False'
[0.594s] DEBUG:colcon.colcon_core.verb:Building package 'challenge1' with the following arguments: {'ament_cmake_args': None, 'build_base': '/home/abdy/ros2_ws/build/challenge1', 'catkin_cmake_args': None, 'catkin_skip_building_tests': False, 'cmake_args': None, 'cmake_clean_cache': False, 'cmake_clean_first': False, 'cmake_force_configure': False, 'cmake_target': None, 'cmake_target_skip_unavailable': False, 'install_base': '/home/abdy/ros2_ws/install/challenge1', 'merge_install': False, 'path': '/home/abdy/ros2_ws/src/challenge1', 'symlink_install': False, 'test_result_base': None}
[0.594s] Level 5:colcon.colcon_core.verb:set package 'challenge2' build argument 'cmake_args' from command line to 'None'
[0.594s] Level 5:colcon.colcon_core.verb:set package 'challenge2' build argument 'cmake_target' from command line to 'None'
[0.594s] Level 5:colcon.colcon_core.verb:set package 'challenge2' build argument 'cmake_target_skip_unavailable' from command line to 'False'
[0.594s] Level 5:colcon.colcon_core.verb:set package 'challenge2' build argument 'cmake_clean_cache' from command line to 'False'
[0.594s] Level 5:colcon.colcon_core.verb:set package 'challenge2' build argument 'cmake_clean_first' from command line to 'False'
[0.594s] Level 5:colcon.colcon_core.verb:set package 'challenge2' build argument 'cmake_force_configure' from command line to 'False'
[0.594s] Level 5:colcon.colcon_core.verb:set package 'challenge2' build argument 'ament_cmake_args' from command line to 'None'
[0.594s] Level 5:colcon.colcon_core.verb:set package 'challenge2' build argument 'catkin_cmake_args' from command line to 'None'
[0.594s] Level 5:colcon.colcon_core.verb:set package 'challenge2' build argument 'catkin_skip_building_tests' from command line to 'False'
[0.594s] DEBUG:colcon.colcon_core.verb:Building package 'challenge2' with the following arguments: {'ament_cmake_args': None, 'build_base': '/home/abdy/ros2_ws/build/challenge2', 'catkin_cmake_args': None, 'catkin_skip_building_tests': False, 'cmake_args': None, 'cmake_clean_cache': False, 'cmake_clean_first': False, 'cmake_force_configure': False, 'cmake_target': None, 'cmake_target_skip_unavailable': False, 'install_base': '/home/abdy/ros2_ws/install/challenge2', 'merge_install': False, 'path': '/home/abdy/ros2_ws/src/challenge2', 'symlink_install': False, 'test_result_base': None}
[0.595s] Level 5:colcon.colcon_core.verb:set package 'custom_interfaces' build argument 'cmake_args' from command line to 'None'
[0.595s] Level 5:colcon.colcon_core.verb:set package 'custom_interfaces' build argument 'cmake_target' from command line to 'None'
[0.595s] Level 5:colcon.colcon_core.verb:set package 'custom_interfaces' build argument 'cmake_target_skip_unavailable' from command line to 'False'
[0.595s] Level 5:colcon.colcon_core.verb:set package 'custom_interfaces' build argument 'cmake_clean_cache' from command line to 'False'
[0.595s] Level 5:colcon.colcon_core.verb:set package 'custom_interfaces' build argument 'cmake_clean_first' from command line to 'False'
[0.595s] Level 5:colcon.colcon_core.verb:set package 'custom_interfaces' build argument 'cmake_force_configure' from command line to 'False'
[0.595s] Level 5:colcon.colcon_core.verb:set package 'custom_interfaces' build argument 'ament_cmake_args' from command line to 'None'
[0.595s] Level 5:colcon.colcon_core.verb:set package 'custom_interfaces' build argument 'catkin_cmake_args' from command line to 'None'
[0.595s] Level 5:colcon.colcon_core.verb:set package 'custom_interfaces' build argument 'catkin_skip_building_tests' from command line to 'False'
[0.595s] DEBUG:colcon.colcon_core.verb:Building package 'custom_interfaces' with the following arguments: {'ament_cmake_args': None, 'build_base': '/home/abdy/ros2_ws/build/custom_interfaces', 'catkin_cmake_args': None, 'catkin_skip_building_tests': False, 'cmake_args': None, 'cmake_clean_cache': False, 'cmake_clean_first': False, 'cmake_force_configure': False, 'cmake_target': None, 'cmake_target_skip_unavailable': False, 'install_base': '/home/abdy/ros2_ws/install/custom_interfaces', 'merge_install': False, 'path': '/home/abdy/ros2_ws/src/custom_interfaces', 'symlink_install': False, 'test_result_base': None}
[0.595s] Level 5:colcon.colcon_core.verb:set package 'mini_challenge' build argument 'cmake_args' from command line to 'None'
[0.596s] Level 5:colcon.colcon_core.verb:set package 'mini_challenge' build argument 'cmake_target' from command line to 'None'
[0.596s] Level 5:colcon.colcon_core.verb:set package 'mini_challenge' build argument 'cmake_target_skip_unavailable' from command line to 'False'
[0.596s] Level 5:colcon.colcon_core.verb:set package 'mini_challenge' build argument 'cmake_clean_cache' from command line to 'False'
[0.596s] Level 5:colcon.colcon_core.verb:set package 'mini_challenge' build argument 'cmake_clean_first' from command line to 'False'
[0.596s] Level 5:colcon.colcon_core.verb:set package 'mini_challenge' build argument 'cmake_force_configure' from command line to 'False'
[0.596s] Level 5:colcon.colcon_core.verb:set package 'mini_challenge' build argument 'ament_cmake_args' from command line to 'None'
[0.596s] Level 5:colcon.colcon_core.verb:set package 'mini_challenge' build argument 'catkin_cmake_args' from command line to 'None'
[0.596s] Level 5:colcon.colcon_core.verb:set package 'mini_challenge' build argument 'catkin_skip_building_tests' from command line to 'False'
[0.596s] DEBUG:colcon.colcon_core.verb:Building package 'mini_challenge' with the following arguments: {'ament_cmake_args': None, 'build_base': '/home/abdy/ros2_ws/build/mini_challenge', 'catkin_cmake_args': None, 'catkin_skip_building_tests': False, 'cmake_args': None, 'cmake_clean_cache': False, 'cmake_clean_first': False, 'cmake_force_configure': False, 'cmake_target': None, 'cmake_target_skip_unavailable': False, 'install_base': '/home/abdy/ros2_ws/install/mini_challenge', 'merge_install': False, 'path': '/home/abdy/ros2_ws/src/mini_challenge', 'symlink_install': False, 'test_result_base': None}
[0.596s] Level 5:colcon.colcon_core.verb:set package 'motor_control' build argument 'cmake_args' from command line to 'None'
[0.596s] Level 5:colcon.colcon_core.verb:set package 'motor_control' build argument 'cmake_target' from command line to 'None'
[0.596s] Level 5:colcon.colcon_core.verb:set package 'motor_control' build argument 'cmake_target_skip_unavailable' from command line to 'False'
[0.596s] Level 5:colcon.colcon_core.verb:set package 'motor_control' build argument 'cmake_clean_cache' from command line to 'False'
[0.596s] Level 5:colcon.colcon_core.verb:set package 'motor_control' build argument 'cmake_clean_first' from command line to 'False'
[0.596s] Level 5:colcon.colcon_core.verb:set package 'motor_control' build argument 'cmake_force_configure' from command line to 'False'
[0.597s] Level 5:colcon.colcon_core.verb:set package 'motor_control' build argument 'ament_cmake_args' from command line to 'None'
[0.597s] Level 5:colcon.colcon_core.verb:set package 'motor_control' build argument 'catkin_cmake_args' from command line to 'None'
[0.597s] Level 5:colcon.colcon_core.verb:set package 'motor_control' build argument 'catkin_skip_building_tests' from command line to 'False'
[0.597s] DEBUG:colcon.colcon_core.verb:Building package 'motor_control' with the following arguments: {'ament_cmake_args': None, 'build_base': '/home/abdy/ros2_ws/build/motor_control', 'catkin_cmake_args': None, 'catkin_skip_building_tests': False, 'cmake_args': None, 'cmake_clean_cache': False, 'cmake_clean_first': False, 'cmake_force_configure': False, 'cmake_target': None, 'cmake_target_skip_unavailable': False, 'install_base': '/home/abdy/ros2_ws/install/motor_control', 'merge_install': False, 'path': '/home/abdy/ros2_ws/src/motor_control', 'symlink_install': False, 'test_result_base': None}
[0.597s] Level 5:colcon.colcon_core.verb:set package 'my_interfaces' build argument 'cmake_args' from command line to 'None'
[0.597s] Level 5:colcon.colcon_core.verb:set package 'my_interfaces' build argument 'cmake_target' from command line to 'None'
[0.597s] Level 5:colcon.colcon_core.verb:set package 'my_interfaces' build argument 'cmake_target_skip_unavailable' from command line to 'False'
[0.597s] Level 5:colcon.colcon_core.verb:set package 'my_interfaces' build argument 'cmake_clean_cache' from command line to 'False'
[0.597s] Level 5:colcon.colcon_core.verb:set package 'my_interfaces' build argument 'cmake_clean_first' from command line to 'False'
[0.597s] Level 5:colcon.colcon_core.verb:set package 'my_interfaces' build argument 'cmake_force_configure' from command line to 'False'
[0.597s] Level 5:colcon.colcon_core.verb:set package 'my_interfaces' build argument 'ament_cmake_args' from command line to 'None'
[0.597s] Level 5:colcon.colcon_core.verb:set package 'my_interfaces' build argument 'catkin_cmake_args' from command line to 'None'
[0.597s] Level 5:colcon.colcon_core.verb:set package 'my_interfaces' build argument 'catkin_skip_building_tests' from command line to 'False'
[0.597s] DEBUG:colcon.colcon_core.verb:Building package 'my_interfaces' with the following arguments: {'ament_cmake_args': None, 'build_base': '/home/abdy/ros2_ws/build/my_interfaces', 'catkin_cmake_args': None, 'catkin_skip_building_tests': False, 'cmake_args': None, 'cmake_clean_cache': False, 'cmake_clean_first': False, 'cmake_force_configure': False, 'cmake_target': None, 'cmake_target_skip_unavailable': False, 'install_base': '/home/abdy/ros2_ws/install/my_interfaces', 'merge_install': False, 'path': '/home/abdy/ros2_ws/src/my_interfaces', 'symlink_install': False, 'test_result_base': None}
[0.598s] Level 5:colcon.colcon_core.verb:set package 'my_py_pkg' build argument 'cmake_args' from command line to 'None'
[0.598s] Level 5:colcon.colcon_core.verb:set package 'my_py_pkg' build argument 'cmake_target' from command line to 'None'
[0.598s] Level 5:colcon.colcon_core.verb:set package 'my_py_pkg' build argument 'cmake_target_skip_unavailable' from command line to 'False'
[0.598s] Level 5:colcon.colcon_core.verb:set package 'my_py_pkg' build argument 'cmake_clean_cache' from command line to 'False'
[0.598s] Level 5:colcon.colcon_core.verb:set package 'my_py_pkg' build argument 'cmake_clean_first' from command line to 'False'
[0.598s] Level 5:colcon.colcon_core.verb:set package 'my_py_pkg' build argument 'cmake_force_configure' from command line to 'False'
[0.598s] Level 5:colcon.colcon_core.verb:set package 'my_py_pkg' build argument 'ament_cmake_args' from command line to 'None'
[0.598s] Level 5:colcon.colcon_core.verb:set package 'my_py_pkg' build argument 'catkin_cmake_args' from command line to 'None'
[0.598s] Level 5:colcon.colcon_core.verb:set package 'my_py_pkg' build argument 'catkin_skip_building_tests' from command line to 'False'
[0.598s] DEBUG:colcon.colcon_core.verb:Building package 'my_py_pkg' with the following arguments: {'ament_cmake_args': None, 'build_base': '/home/abdy/ros2_ws/build/my_py_pkg', 'catkin_cmake_args': None, 'catkin_skip_building_tests': False, 'cmake_args': None, 'cmake_clean_cache': False, 'cmake_clean_first': False, 'cmake_force_configure': False, 'cmake_target': None, 'cmake_target_skip_unavailable': False, 'install_base': '/home/abdy/ros2_ws/install/my_py_pkg', 'merge_install': False, 'path': '/home/abdy/ros2_ws/src/my_py_pkg', 'symlink_install': False, 'test_result_base': None}
[0.598s] Level 5:colcon.colcon_core.verb:set package 'signal_processing' build argument 'cmake_args' from command line to 'None'
[0.599s] Level 5:colcon.colcon_core.verb:set package 'signal_processing' build argument 'cmake_target' from command line to 'None'
[0.599s] Level 5:colcon.colcon_core.verb:set package 'signal_processing' build argument 'cmake_target_skip_unavailable' from command line to 'False'
[0.599s] Level 5:colcon.colcon_core.verb:set package 'signal_processing' build argument 'cmake_clean_cache' from command line to 'False'
[0.599s] Level 5:colcon.colcon_core.verb:set package 'signal_processing' build argument 'cmake_clean_first' from command line to 'False'
[0.599s] Level 5:colcon.colcon_core.verb:set package 'signal_processing' build argument 'cmake_force_configure' from command line to 'False'
[0.599s] Level 5:colcon.colcon_core.verb:set package 'signal_processing' build argument 'ament_cmake_args' from command line to 'None'
[0.599s] Level 5:colcon.colcon_core.verb:set package 'signal_processing' build argument 'catkin_cmake_args' from command line to 'None'
[0.599s] Level 5:colcon.colcon_core.verb:set package 'signal_processing' build argument 'catkin_skip_building_tests' from command line to 'False'
[0.599s] DEBUG:colcon.colcon_core.verb:Building package 'signal_processing' with the following arguments: {'ament_cmake_args': None, 'build_base': '/home/abdy/ros2_ws/build/signal_processing', 'catkin_cmake_args': None, 'catkin_skip_building_tests': False, 'cmake_args': None, 'cmake_clean_cache': False, 'cmake_clean_first': False, 'cmake_force_configure': False, 'cmake_target': None, 'cmake_target_skip_unavailable': False, 'install_base': '/home/abdy/ros2_ws/install/signal_processing', 'merge_install': False, 'path': '/home/abdy/ros2_ws/src/signal_processing', 'symlink_install': False, 'test_result_base': None}
[0.599s] INFO:colcon.colcon_core.executor:Executing jobs using 'parallel' executor
[0.601s] DEBUG:colcon.colcon_parallel_executor.executor.parallel:run_until_complete
[0.601s] INFO:colcon.colcon_ros.task.ament_python.build:Building ROS package in '/home/abdy/ros2_ws/src/basic_comms' with build type 'ament_python'
[0.601s] Level 1:colcon.colcon_core.shell:create_environment_hook('basic_comms', 'ament_prefix_path')
[0.611s] INFO:colcon.colcon_core.plugin_system:Skipping extension 'colcon_core.shell.bat': Not used on non-Windows systems
[0.612s] INFO:colcon.colcon_core.shell:Creating environment hook '/home/abdy/ros2_ws/install/basic_comms/share/basic_comms/hook/ament_prefix_path.ps1'
[0.613s] INFO:colcon.colcon_core.shell:Creating environment descriptor '/home/abdy/ros2_ws/install/basic_comms/share/basic_comms/hook/ament_prefix_path.dsv'
[0.615s] INFO:colcon.colcon_core.shell:Creating environment hook '/home/abdy/ros2_ws/install/basic_comms/share/basic_comms/hook/ament_prefix_path.sh'
[0.616s] INFO:colcon.colcon_core.shell:Skip shell extension 'powershell' for command environment: Not usable outside of PowerShell
[0.617s] DEBUG:colcon.colcon_core.shell:Skip shell extension 'dsv' for command environment
[0.628s] INFO:colcon.colcon_ros.task.ament_python.build:Building ROS package in '/home/abdy/ros2_ws/src/challenge1' with build type 'ament_python'
[0.628s] Level 1:colcon.colcon_core.shell:create_environment_hook('challenge1', 'ament_prefix_path')
[0.628s] INFO:colcon.colcon_core.shell:Creating environment hook '/home/abdy/ros2_ws/install/challenge1/share/challenge1/hook/ament_prefix_path.ps1'
[0.630s] INFO:colcon.colcon_core.shell:Creating environment descriptor '/home/abdy/ros2_ws/install/challenge1/share/challenge1/hook/ament_prefix_path.dsv'
[0.630s] INFO:colcon.colcon_core.shell:Creating environment hook '/home/abdy/ros2_ws/install/challenge1/share/challenge1/hook/ament_prefix_path.sh'
[0.631s] INFO:colcon.colcon_core.shell:Skip shell extension 'powershell' for command environment: Not usable outside of PowerShell
[0.631s] DEBUG:colcon.colcon_core.shell:Skip shell extension 'dsv' for command environment
[0.643s] INFO:colcon.colcon_ros.task.ament_python.build:Building ROS package in '/home/abdy/ros2_ws/src/challenge2' with build type 'ament_python'
[0.644s] Level 1:colcon.colcon_core.shell:create_environment_hook('challenge2', 'ament_prefix_path')
[0.644s] INFO:colcon.colcon_core.shell:Creating environment hook '/home/abdy/ros2_ws/install/challenge2/share/challenge2/hook/ament_prefix_path.ps1'
[0.645s] INFO:colcon.colcon_core.shell:Creating environment descriptor '/home/abdy/ros2_ws/install/challenge2/share/challenge2/hook/ament_prefix_path.dsv'
[0.645s] INFO:colcon.colcon_core.shell:Creating environment hook '/home/abdy/ros2_ws/install/challenge2/share/challenge2/hook/ament_prefix_path.sh'
[0.646s] INFO:colcon.colcon_core.shell:Skip shell extension 'powershell' for command environment: Not usable outside of PowerShell
[0.646s] DEBUG:colcon.colcon_core.shell:Skip shell extension 'dsv' for command environment
[0.657s] INFO:colcon.colcon_ros.task.ament_cmake.build:Building ROS package in '/home/abdy/ros2_ws/src/custom_interfaces' with build type 'ament_cmake'
[0.658s] INFO:colcon.colcon_cmake.task.cmake.build:Building CMake package in '/home/abdy/ros2_ws/src/custom_interfaces'
[0.659s] INFO:colcon.colcon_core.shell:Skip shell extension 'powershell' for command environment: Not usable outside of PowerShell
[0.659s] DEBUG:colcon.colcon_core.shell:Skip shell extension 'dsv' for command environment
[0.671s] INFO:colcon.colcon_ros.task.ament_python.build:Building ROS package in '/home/abdy/ros2_ws/src/mini_challenge' with build type 'ament_python'
[0.671s] Level 1:colcon.colcon_core.shell:create_environment_hook('mini_challenge', 'ament_prefix_path')
[0.671s] INFO:colcon.colcon_core.shell:Creating environment hook '/home/abdy/ros2_ws/install/mini_challenge/share/mini_challenge/hook/ament_prefix_path.ps1'
[0.673s] INFO:colcon.colcon_core.shell:Creating environment descriptor '/home/abdy/ros2_ws/install/mini_challenge/share/mini_challenge/hook/ament_prefix_path.dsv'
[0.673s] INFO:colcon.colcon_core.shell:Creating environment hook '/home/abdy/ros2_ws/install/mini_challenge/share/mini_challenge/hook/ament_prefix_path.sh'
[0.674s] INFO:colcon.colcon_core.shell:Skip shell extension 'powershell' for command environment: Not usable outside of PowerShell
[0.674s] DEBUG:colcon.colcon_core.shell:Skip shell extension 'dsv' for command environment
[0.686s] INFO:colcon.colcon_ros.task.ament_python.build:Building ROS package in '/home/abdy/ros2_ws/src/motor_control' with build type 'ament_python'
[0.687s] Level 1:colcon.colcon_core.shell:create_environment_hook('motor_control', 'ament_prefix_path')
[0.687s] INFO:colcon.colcon_core.shell:Creating environment hook '/home/abdy/ros2_ws/install/motor_control/share/motor_control/hook/ament_prefix_path.ps1'
[0.688s] INFO:colcon.colcon_core.shell:Creating environment descriptor '/home/abdy/ros2_ws/install/motor_control/share/motor_control/hook/ament_prefix_path.dsv'
[0.689s] INFO:colcon.colcon_core.shell:Creating environment hook '/home/abdy/ros2_ws/install/motor_control/share/motor_control/hook/ament_prefix_path.sh'
[0.690s] INFO:colcon.colcon_core.shell:Skip shell extension 'powershell' for command environment: Not usable outside of PowerShell
[0.690s] DEBUG:colcon.colcon_core.shell:Skip shell extension 'dsv' for command environment
[1.120s] INFO:colcon.colcon_core.task.python.build:Building Python package in '/home/abdy/ros2_ws/src/basic_comms'
[1.120s] INFO:colcon.colcon_core.shell:Skip shell extension 'powershell' for command environment: Not usable outside of PowerShell
[1.120s] DEBUG:colcon.colcon_core.shell:Skip shell extension 'dsv' for command environment
[1.523s] INFO:colcon.colcon_core.task.python.build:Building Python package in '/home/abdy/ros2_ws/src/challenge1'
[1.523s] INFO:colcon.colcon_core.shell:Skip shell extension 'powershell' for command environment: Not usable outside of PowerShell
[1.523s] DEBUG:colcon.colcon_core.shell:Skip shell extension 'dsv' for command environment
[1.941s] INFO:colcon.colcon_core.task.python.build:Building Python package in '/home/abdy/ros2_ws/src/challenge2'
[1.942s] INFO:colcon.colcon_core.shell:Skip shell extension 'powershell' for command environment: Not usable outside of PowerShell
[1.942s] DEBUG:colcon.colcon_core.shell:Skip shell extension 'dsv' for command environment
[1.960s] DEBUG:colcon.colcon_core.event_handler.log_command:Invoking command in '/home/abdy/ros2_ws/build/custom_interfaces': CMAKE_PREFIX_PATH=${CMAKE_PREFIX_PATH}:/home/abdy/ros2_ws/install/signal_processing:/home/abdy/ros2_ws/install/my_py_pkg:/home/abdy/ros2_ws/install/motor_control:/home/abdy/ros2_ws/install/mini_challenge:/home/abdy/ros2_ws/install/challenge_1:/home/abdy/ros2_ws/install/challenge2:/home/abdy/ros2_ws/install/challenge1:/home/abdy/ros2_ws/install/basic_comms:/opt/ros/humble /usr/bin/cmake --build /home/abdy/ros2_ws/build/custom_interfaces -- -j6 -l6
[2.416s] INFO:colcon.colcon_core.task.python.build:Building Python package in '/home/abdy/ros2_ws/src/mini_challenge'
[2.417s] INFO:colcon.colcon_core.shell:Skip shell extension 'powershell' for command environment: Not usable outside of PowerShell
[2.417s] DEBUG:colcon.colcon_core.shell:Skip shell extension 'dsv' for command environment
[2.871s] INFO:colcon.colcon_core.task.python.build:Building Python package in '/home/abdy/ros2_ws/src/motor_control'
[2.872s] INFO:colcon.colcon_core.shell:Skip shell extension 'powershell' for command environment: Not usable outside of PowerShell
[2.872s] DEBUG:colcon.colcon_core.shell:Skip shell extension 'dsv' for command environment
[2.928s] DEBUG:colcon.colcon_core.event_handler.log_command:Invoked command in '/home/abdy/ros2_ws/build/custom_interfaces' returned '0': CMAKE_PREFIX_PATH=${CMAKE_PREFIX_PATH}:/home/abdy/ros2_ws/install/signal_processing:/home/abdy/ros2_ws/install/my_py_pkg:/home/abdy/ros2_ws/install/motor_control:/home/abdy/ros2_ws/install/mini_challenge:/home/abdy/ros2_ws/install/challenge_1:/home/abdy/ros2_ws/install/challenge2:/home/abdy/ros2_ws/install/challenge1:/home/abdy/ros2_ws/install/basic_comms:/opt/ros/humble /usr/bin/cmake --build /home/abdy/ros2_ws/build/custom_interfaces -- -j6 -l6
[2.985s] DEBUG:colcon.colcon_core.event_handler.log_command:Invoking command in '/home/abdy/ros2_ws/build/custom_interfaces': CMAKE_PREFIX_PATH=${CMAKE_PREFIX_PATH}:/home/abdy/ros2_ws/install/signal_processing:/home/abdy/ros2_ws/install/my_py_pkg:/home/abdy/ros2_ws/install/motor_control:/home/abdy/ros2_ws/install/mini_challenge:/home/abdy/ros2_ws/install/challenge_1:/home/abdy/ros2_ws/install/challenge2:/home/abdy/ros2_ws/install/challenge1:/home/abdy/ros2_ws/install/basic_comms:/opt/ros/humble /usr/bin/cmake --install /home/abdy/ros2_ws/build/custom_interfaces
[3.329s] Level 1:colcon.colcon_core.environment:create_environment_scripts_only(custom_interfaces)
[3.331s] DEBUG:colcon.colcon_core.event_handler.log_command:Invoked command in '/home/abdy/ros2_ws/build/custom_interfaces' returned '0': CMAKE_PREFIX_PATH=${CMAKE_PREFIX_PATH}:/home/abdy/ros2_ws/install/signal_processing:/home/abdy/ros2_ws/install/my_py_pkg:/home/abdy/ros2_ws/install/motor_control:/home/abdy/ros2_ws/install/mini_challenge:/home/abdy/ros2_ws/install/challenge_1:/home/abdy/ros2_ws/install/challenge2:/home/abdy/ros2_ws/install/challenge1:/home/abdy/ros2_ws/install/basic_comms:/opt/ros/humble /usr/bin/cmake --install /home/abdy/ros2_ws/build/custom_interfaces
[3.346s] Level 1:colcon.colcon_core.environment:checking '/home/abdy/ros2_ws/install/custom_interfaces' for CMake module files
[3.351s] Level 1:colcon.colcon_core.environment:checking '/home/abdy/ros2_ws/install/custom_interfaces' for CMake config files
[3.352s] Level 1:colcon.colcon_core.shell:create_environment_hook('custom_interfaces', 'cmake_prefix_path')
[3.352s] INFO:colcon.colcon_core.shell:Creating environment hook '/home/abdy/ros2_ws/install/custom_interfaces/share/custom_interfaces/hook/cmake_prefix_path.ps1'
[3.354s] INFO:colcon.colcon_core.shell:Creating environment descriptor '/home/abdy/ros2_ws/install/custom_interfaces/share/custom_interfaces/hook/cmake_prefix_path.dsv'
[3.355s] INFO:colcon.colcon_core.shell:Creating environment hook '/home/abdy/ros2_ws/install/custom_interfaces/share/custom_interfaces/hook/cmake_prefix_path.sh'
[3.359s] Level 1:colcon.colcon_core.environment:checking '/home/abdy/ros2_ws/install/custom_interfaces/lib'
[3.360s] Level 1:colcon.colcon_core.shell:create_environment_hook('custom_interfaces', 'ld_library_path_lib')
[3.360s] INFO:colcon.colcon_core.shell:Creating environment hook '/home/abdy/ros2_ws/install/custom_interfaces/share/custom_interfaces/hook/ld_library_path_lib.ps1'
[3.361s] INFO:colcon.colcon_core.shell:Creating environment descriptor '/home/abdy/ros2_ws/install/custom_interfaces/share/custom_interfaces/hook/ld_library_path_lib.dsv'
[3.364s] INFO:colcon.colcon_core.shell:Creating environment hook '/home/abdy/ros2_ws/install/custom_interfaces/share/custom_interfaces/hook/ld_library_path_lib.sh'
[3.365s] Level 1:colcon.colcon_core.environment:checking '/home/abdy/ros2_ws/install/custom_interfaces/bin'
[3.365s] Level 1:colcon.colcon_core.environment:checking '/home/abdy/ros2_ws/install/custom_interfaces/lib/pkgconfig/custom_interfaces.pc'
[3.366s] Level 1:colcon.colcon_core.environment:checking '/home/abdy/ros2_ws/install/custom_interfaces/lib/python3.10/site-packages'
[3.366s] Level 1:colcon.colcon_core.environment:checking '/home/abdy/ros2_ws/install/custom_interfaces/bin'
[3.366s] INFO:colcon.colcon_core.shell:Creating package script '/home/abdy/ros2_ws/install/custom_interfaces/share/custom_interfaces/package.ps1'
[3.371s] INFO:colcon.colcon_core.shell:Creating package descriptor '/home/abdy/ros2_ws/install/custom_interfaces/share/custom_interfaces/package.dsv'
[3.373s] INFO:colcon.colcon_core.shell:Creating package script '/home/abdy/ros2_ws/install/custom_interfaces/share/custom_interfaces/package.sh'
[3.375s] INFO:colcon.colcon_core.shell:Creating package script '/home/abdy/ros2_ws/install/custom_interfaces/share/custom_interfaces/package.bash'
[3.378s] INFO:colcon.colcon_core.shell:Creating package script '/home/abdy/ros2_ws/install/custom_interfaces/share/custom_interfaces/package.zsh'
[3.382s] Level 1:colcon.colcon_core.environment:create_file_with_runtime_dependencies(/home/abdy/ros2_ws/install/custom_interfaces/share/colcon-core/packages/custom_interfaces)
[3.386s] Level 1:colcon.colcon_core.environment:create_environment_scripts_only(custom_interfaces)
[3.387s] Level 1:colcon.colcon_core.environment:checking '/home/abdy/ros2_ws/install/custom_interfaces' for CMake module files
[3.388s] Level 1:colcon.colcon_core.environment:checking '/home/abdy/ros2_ws/install/custom_interfaces' for CMake config files
[3.388s] Level 1:colcon.colcon_core.shell:create_environment_hook('custom_interfaces', 'cmake_prefix_path')
[3.389s] INFO:colcon.colcon_core.shell:Creating environment hook '/home/abdy/ros2_ws/install/custom_interfaces/share/custom_interfaces/hook/cmake_prefix_path.ps1'
[3.389s] INFO:colcon.colcon_core.shell:Creating environment descriptor '/home/abdy/ros2_ws/install/custom_interfaces/share/custom_interfaces/hook/cmake_prefix_path.dsv'
[3.393s] INFO:colcon.colcon_core.shell:Creating environment hook '/home/abdy/ros2_ws/install/custom_interfaces/share/custom_interfaces/hook/cmake_prefix_path.sh'
[3.397s] Level 1:colcon.colcon_core.environment:checking '/home/abdy/ros2_ws/install/custom_interfaces/lib'
[3.398s] Level 1:colcon.colcon_core.shell:create_environment_hook('custom_interfaces', 'ld_library_path_lib')
[3.398s] INFO:colcon.colcon_core.shell:Creating environment hook '/home/abdy/ros2_ws/install/custom_interfaces/share/custom_interfaces/hook/ld_library_path_lib.ps1'
[3.399s] INFO:colcon.colcon_core.shell:Creating environment descriptor '/home/abdy/ros2_ws/install/custom_interfaces/share/custom_interfaces/hook/ld_library_path_lib.dsv'
[3.399s] INFO:colcon.colcon_core.shell:Creating environment hook '/home/abdy/ros2_ws/install/custom_interfaces/share/custom_interfaces/hook/ld_library_path_lib.sh'
[3.400s] Level 1:colcon.colcon_core.environment:checking '/home/abdy/ros2_ws/install/custom_interfaces/bin'
[3.400s] Level 1:colcon.colcon_core.environment:checking '/home/abdy/ros2_ws/install/custom_interfaces/lib/pkgconfig/custom_interfaces.pc'
[3.403s] Level 1:colcon.colcon_core.environment:checking '/home/abdy/ros2_ws/install/custom_interfaces/lib/python3.10/site-packages'
[3.403s] Level 1:colcon.colcon_core.environment:checking '/home/abdy/ros2_ws/install/custom_interfaces/bin'
[3.403s] INFO:colcon.colcon_core.shell:Creating package script '/home/abdy/ros2_ws/install/custom_interfaces/share/custom_interfaces/package.ps1'
[3.405s] INFO:colcon.colcon_core.shell:Creating package descriptor '/home/abdy/ros2_ws/install/custom_interfaces/share/custom_interfaces/package.dsv'
[3.406s] INFO:colcon.colcon_core.shell:Creating package script '/home/abdy/ros2_ws/install/custom_interfaces/share/custom_interfaces/package.sh'
[3.410s] INFO:colcon.colcon_core.shell:Creating package script '/home/abdy/ros2_ws/install/custom_interfaces/share/custom_interfaces/package.bash'
[3.411s] INFO:colcon.colcon_core.shell:Creating package script '/home/abdy/ros2_ws/install/custom_interfaces/share/custom_interfaces/package.zsh'
[3.412s] Level 1:colcon.colcon_core.environment:create_file_with_runtime_dependencies(/home/abdy/ros2_ws/install/custom_interfaces/share/colcon-core/packages/custom_interfaces)
[3.415s] INFO:colcon.colcon_ros.task.ament_cmake.build:Building ROS package in '/home/abdy/ros2_ws/src/my_interfaces' with build type 'ament_cmake'
[3.416s] INFO:colcon.colcon_cmake.task.cmake.build:Building CMake package in '/home/abdy/ros2_ws/src/my_interfaces'
[3.416s] INFO:colcon.colcon_core.shell:Skip shell extension 'powershell' for command environment: Not usable outside of PowerShell
[3.416s] DEBUG:colcon.colcon_core.shell:Skip shell extension 'dsv' for command environment
[3.478s] DEBUG:colcon.colcon_core.event_handler.log_command:Invoking command in '/home/abdy/ros2_ws/build/my_interfaces': CMAKE_PREFIX_PATH=${CMAKE_PREFIX_PATH}:/home/abdy/ros2_ws/install/signal_processing:/home/abdy/ros2_ws/install/my_py_pkg:/home/abdy/ros2_ws/install/motor_control:/home/abdy/ros2_ws/install/mini_challenge:/home/abdy/ros2_ws/install/challenge_1:/home/abdy/ros2_ws/install/challenge2:/home/abdy/ros2_ws/install/challenge1:/home/abdy/ros2_ws/install/basic_comms:/opt/ros/humble /usr/bin/cmake --build /home/abdy/ros2_ws/build/my_interfaces -- -j6 -l6
[3.750s] DEBUG:colcon.colcon_core.event_handler.log_command:Invoking command in '/home/abdy/ros2_ws/src/basic_comms': PYTHONPATH=/home/abdy/ros2_ws/build/basic_comms/prefix_override:/usr/lib/python3/dist-packages/colcon_core/task/python/colcon_distutils_commands:/home/abdy/ros2_ws/install/basic_comms/lib/python3.10/site-packages:${PYTHONPATH} /usr/bin/python3 -W ignore:setup.py install is deprecated -W ignore:easy_install command is deprecated setup.py egg_info --egg-base ../../build/basic_comms build --build-base /home/abdy/ros2_ws/build/basic_comms/build install --record /home/abdy/ros2_ws/build/basic_comms/install.log --single-version-externally-managed install_data
[3.789s] DEBUG:colcon.colcon_core.event_handler.log_command:Invoking command in '/home/abdy/ros2_ws/src/motor_control': PYTHONPATH=/home/abdy/ros2_ws/build/motor_control/prefix_override:/usr/lib/python3/dist-packages/colcon_core/task/python/colcon_distutils_commands:/home/abdy/ros2_ws/install/motor_control/lib/python3.10/site-packages:${PYTHONPATH} /usr/bin/python3 -W ignore:setup.py install is deprecated -W ignore:easy_install command is deprecated setup.py egg_info --egg-base ../../build/motor_control build --build-base /home/abdy/ros2_ws/build/motor_control/build install --record /home/abdy/ros2_ws/build/motor_control/install.log --single-version-externally-managed install_data
[3.804s] DEBUG:colcon.colcon_core.event_handler.log_command:Invoking command in '/home/abdy/ros2_ws/src/challenge1': PYTHONPATH=/home/abdy/ros2_ws/build/challenge1/prefix_override:/usr/lib/python3/dist-packages/colcon_core/task/python/colcon_distutils_commands:/home/abdy/ros2_ws/install/challenge1/lib/python3.10/site-packages:${PYTHONPATH} /usr/bin/python3 -W ignore:setup.py install is deprecated -W ignore:easy_install command is deprecated setup.py egg_info --egg-base ../../build/challenge1 build --build-base /home/abdy/ros2_ws/build/challenge1/build install --record /home/abdy/ros2_ws/build/challenge1/install.log --single-version-externally-managed install_data
[3.828s] DEBUG:colcon.colcon_core.event_handler.log_command:Invoking command in '/home/abdy/ros2_ws/src/challenge2': PYTHONPATH=/home/abdy/ros2_ws/build/challenge2/prefix_override:/usr/lib/python3/dist-packages/colcon_core/task/python/colcon_distutils_commands:/home/abdy/ros2_ws/install/challenge2/lib/python3.10/site-packages:${PYTHONPATH} /usr/bin/python3 -W ignore:setup.py install is deprecated -W ignore:easy_install command is deprecated setup.py egg_info --egg-base ../../build/challenge2 build --build-base /home/abdy/ros2_ws/build/challenge2/build install --record /home/abdy/ros2_ws/build/challenge2/install.log --single-version-externally-managed install_data
[3.859s] DEBUG:colcon.colcon_core.event_handler.log_command:Invoking command in '/home/abdy/ros2_ws/src/mini_challenge': PYTHONPATH=/home/abdy/ros2_ws/build/mini_challenge/prefix_override:/usr/lib/python3/dist-packages/colcon_core/task/python/colcon_distutils_commands:/home/abdy/ros2_ws/install/mini_challenge/lib/python3.10/site-packages:${PYTHONPATH} /usr/bin/python3 -W ignore:setup.py install is deprecated -W ignore:easy_install command is deprecated setup.py egg_info --egg-base ../../build/mini_challenge build --build-base /home/abdy/ros2_ws/build/mini_challenge/build install --record /home/abdy/ros2_ws/build/mini_challenge/install.log --single-version-externally-managed install_data
[5.049s] Level 1:colcon.colcon_core.environment:checking '/home/abdy/ros2_ws/install/mini_challenge' for CMake module files
[5.055s] Level 1:colcon.colcon_core.environment:checking '/home/abdy/ros2_ws/install/mini_challenge' for CMake config files
[5.060s] Level 1:colcon.colcon_core.environment:checking '/home/abdy/ros2_ws/install/mini_challenge/lib'
[5.060s] Level 1:colcon.colcon_core.environment:checking '/home/abdy/ros2_ws/install/mini_challenge/bin'
[5.060s] Level 1:colcon.colcon_core.environment:checking '/home/abdy/ros2_ws/install/mini_challenge/lib/pkgconfig/mini_challenge.pc'
[5.060s] Level 1:colcon.colcon_core.environment:checking '/home/abdy/ros2_ws/install/mini_challenge/lib/python3.10/site-packages'
[5.063s] DEBUG:colcon.colcon_core.event_handler.log_command:Invoked command in '/home/abdy/ros2_ws/src/mini_challenge' returned '0': PYTHONPATH=/home/abdy/ros2_ws/build/mini_challenge/prefix_override:/usr/lib/python3/dist-packages/colcon_core/task/python/colcon_distutils_commands:/home/abdy/ros2_ws/install/mini_challenge/lib/python3.10/site-packages:${PYTHONPATH} /usr/bin/python3 -W ignore:setup.py install is deprecated -W ignore:easy_install command is deprecated setup.py egg_info --egg-base ../../build/mini_challenge build --build-base /home/abdy/ros2_ws/build/mini_challenge/build install --record /home/abdy/ros2_ws/build/mini_challenge/install.log --single-version-externally-managed install_data
[5.063s] Level 1:colcon.colcon_core.shell:create_environment_hook('mini_challenge', 'pythonpath')
[5.064s] INFO:colcon.colcon_core.shell:Creating environment hook '/home/abdy/ros2_ws/install/mini_challenge/share/mini_challenge/hook/pythonpath.ps1'
[5.065s] INFO:colcon.colcon_core.shell:Creating environment descriptor '/home/abdy/ros2_ws/install/mini_challenge/share/mini_challenge/hook/pythonpath.dsv'
[5.071s] INFO:colcon.colcon_core.shell:Creating environment hook '/home/abdy/ros2_ws/install/mini_challenge/share/mini_challenge/hook/pythonpath.sh'
[5.072s] Level 1:colcon.colcon_core.environment:checking '/home/abdy/ros2_ws/install/mini_challenge/bin'
[5.074s] Level 1:colcon.colcon_core.environment:create_environment_scripts_only(mini_challenge)
[5.075s] INFO:colcon.colcon_core.shell:Creating package script '/home/abdy/ros2_ws/install/mini_challenge/share/mini_challenge/package.ps1'
[5.076s] INFO:colcon.colcon_core.shell:Creating package descriptor '/home/abdy/ros2_ws/install/mini_challenge/share/mini_challenge/package.dsv'
[5.077s] INFO:colcon.colcon_core.shell:Creating package script '/home/abdy/ros2_ws/install/mini_challenge/share/mini_challenge/package.sh'
[5.078s] INFO:colcon.colcon_core.shell:Creating package script '/home/abdy/ros2_ws/install/mini_challenge/share/mini_challenge/package.bash'
[5.079s] INFO:colcon.colcon_core.shell:Creating package script '/home/abdy/ros2_ws/install/mini_challenge/share/mini_challenge/package.zsh'
[5.080s] Level 1:colcon.colcon_core.environment:create_file_with_runtime_dependencies(/home/abdy/ros2_ws/install/mini_challenge/share/colcon-core/packages/mini_challenge)
[5.083s] Level 1:colcon.colcon_core.environment:checking '/home/abdy/ros2_ws/install/motor_control' for CMake module files
[5.084s] Level 1:colcon.colcon_core.environment:checking '/home/abdy/ros2_ws/install/motor_control' for CMake config files
[5.088s] DEBUG:colcon.colcon_core.event_handler.log_command:Invoked command in '/home/abdy/ros2_ws/src/motor_control' returned '0': PYTHONPATH=/home/abdy/ros2_ws/build/motor_control/prefix_override:/usr/lib/python3/dist-packages/colcon_core/task/python/colcon_distutils_commands:/home/abdy/ros2_ws/install/motor_control/lib/python3.10/site-packages:${PYTHONPATH} /usr/bin/python3 -W ignore:setup.py install is deprecated -W ignore:easy_install command is deprecated setup.py egg_info --egg-base ../../build/motor_control build --build-base /home/abdy/ros2_ws/build/motor_control/build install --record /home/abdy/ros2_ws/build/motor_control/install.log --single-version-externally-managed install_data
[5.092s] Level 1:colcon.colcon_core.environment:checking '/home/abdy/ros2_ws/install/motor_control/lib'
[5.092s] Level 1:colcon.colcon_core.environment:checking '/home/abdy/ros2_ws/install/motor_control/bin'
[5.093s] Level 1:colcon.colcon_core.environment:checking '/home/abdy/ros2_ws/install/motor_control/lib/pkgconfig/motor_control.pc'
[5.094s] Level 1:colcon.colcon_core.environment:checking '/home/abdy/ros2_ws/install/motor_control/lib/python3.10/site-packages'
[5.094s] Level 1:colcon.colcon_core.shell:create_environment_hook('motor_control', 'pythonpath')
[5.099s] INFO:colcon.colcon_core.shell:Creating environment hook '/home/abdy/ros2_ws/install/motor_control/share/motor_control/hook/pythonpath.ps1'
[5.103s] INFO:colcon.colcon_core.shell:Creating environment descriptor '/home/abdy/ros2_ws/install/motor_control/share/motor_control/hook/pythonpath.dsv'
[5.105s] INFO:colcon.colcon_core.shell:Creating environment hook '/home/abdy/ros2_ws/install/motor_control/share/motor_control/hook/pythonpath.sh'
[5.106s] Level 1:colcon.colcon_core.environment:checking '/home/abdy/ros2_ws/install/motor_control/bin'
[5.106s] Level 1:colcon.colcon_core.environment:create_environment_scripts_only(motor_control)
[5.107s] INFO:colcon.colcon_core.shell:Creating package script '/home/abdy/ros2_ws/install/motor_control/share/motor_control/package.ps1'
[5.109s] INFO:colcon.colcon_core.shell:Creating package descriptor '/home/abdy/ros2_ws/install/motor_control/share/motor_control/package.dsv'
[5.110s] INFO:colcon.colcon_core.shell:Creating package script '/home/abdy/ros2_ws/install/motor_control/share/motor_control/package.sh'
[5.111s] INFO:colcon.colcon_core.shell:Creating package script '/home/abdy/ros2_ws/install/motor_control/share/motor_control/package.bash'
[5.116s] INFO:colcon.colcon_core.shell:Creating package script '/home/abdy/ros2_ws/install/motor_control/share/motor_control/package.zsh'
[5.116s] Level 1:colcon.colcon_core.environment:create_file_with_runtime_dependencies(/home/abdy/ros2_ws/install/motor_control/share/colcon-core/packages/motor_control)
[5.118s] INFO:colcon.colcon_ros.task.ament_python.build:Building ROS package in '/home/abdy/ros2_ws/src/my_py_pkg' with build type 'ament_python'
[5.118s] Level 1:colcon.colcon_core.shell:create_environment_hook('my_py_pkg', 'ament_prefix_path')
[5.118s] INFO:colcon.colcon_core.shell:Creating environment hook '/home/abdy/ros2_ws/install/my_py_pkg/share/my_py_pkg/hook/ament_prefix_path.ps1'
[5.121s] INFO:colcon.colcon_core.shell:Creating environment descriptor '/home/abdy/ros2_ws/install/my_py_pkg/share/my_py_pkg/hook/ament_prefix_path.dsv'
[5.122s] INFO:colcon.colcon_core.shell:Creating environment hook '/home/abdy/ros2_ws/install/my_py_pkg/share/my_py_pkg/hook/ament_prefix_path.sh'
[5.123s] INFO:colcon.colcon_core.shell:Skip shell extension 'powershell' for command environment: Not usable outside of PowerShell
[5.125s] DEBUG:colcon.colcon_core.shell:Skip shell extension 'dsv' for command environment
[5.154s] INFO:colcon.colcon_ros.task.ament_python.build:Building ROS package in '/home/abdy/ros2_ws/src/signal_processing' with build type 'ament_python'
[5.154s] Level 1:colcon.colcon_core.shell:create_environment_hook('signal_processing', 'ament_prefix_path')
[5.155s] INFO:colcon.colcon_core.shell:Creating environment hook '/home/abdy/ros2_ws/install/signal_processing/share/signal_processing/hook/ament_prefix_path.ps1'
[5.156s] INFO:colcon.colcon_core.shell:Creating environment descriptor '/home/abdy/ros2_ws/install/signal_processing/share/signal_processing/hook/ament_prefix_path.dsv'
[5.158s] INFO:colcon.colcon_core.shell:Creating environment hook '/home/abdy/ros2_ws/install/signal_processing/share/signal_processing/hook/ament_prefix_path.sh'
[5.159s] INFO:colcon.colcon_core.shell:Skip shell extension 'powershell' for command environment: Not usable outside of PowerShell
[5.159s] DEBUG:colcon.colcon_core.shell:Skip shell extension 'dsv' for command environment
[5.187s] DEBUG:colcon.colcon_core.event_handler.log_command:Invoked command in '/home/abdy/ros2_ws/build/my_interfaces' returned '0': CMAKE_PREFIX_PATH=${CMAKE_PREFIX_PATH}:/home/abdy/ros2_ws/install/signal_processing:/home/abdy/ros2_ws/install/my_py_pkg:/home/abdy/ros2_ws/install/motor_control:/home/abdy/ros2_ws/install/mini_challenge:/home/abdy/ros2_ws/install/challenge_1:/home/abdy/ros2_ws/install/challenge2:/home/abdy/ros2_ws/install/challenge1:/home/abdy/ros2_ws/install/basic_comms:/opt/ros/humble /usr/bin/cmake --build /home/abdy/ros2_ws/build/my_interfaces -- -j6 -l6
[5.200s] DEBUG:colcon.colcon_core.event_handler.log_command:Invoking command in '/home/abdy/ros2_ws/build/my_interfaces': CMAKE_PREFIX_PATH=${CMAKE_PREFIX_PATH}:/home/abdy/ros2_ws/install/signal_processing:/home/abdy/ros2_ws/install/my_py_pkg:/home/abdy/ros2_ws/install/motor_control:/home/abdy/ros2_ws/install/mini_challenge:/home/abdy/ros2_ws/install/challenge_1:/home/abdy/ros2_ws/install/challenge2:/home/abdy/ros2_ws/install/challenge1:/home/abdy/ros2_ws/install/basic_comms:/opt/ros/humble /usr/bin/cmake --install /home/abdy/ros2_ws/build/my_interfaces
[5.204s] Level 1:colcon.colcon_core.environment:checking '/home/abdy/ros2_ws/install/challenge1' for CMake module files
[5.206s] Level 1:colcon.colcon_core.environment:checking '/home/abdy/ros2_ws/install/challenge1' for CMake config files
[5.209s] Level 1:colcon.colcon_core.environment:checking '/home/abdy/ros2_ws/install/challenge1/lib'
[5.209s] Level 1:colcon.colcon_core.environment:checking '/home/abdy/ros2_ws/install/challenge1/bin'
[5.209s] Level 1:colcon.colcon_core.environment:checking '/home/abdy/ros2_ws/install/challenge1/lib/pkgconfig/challenge1.pc'
[5.207s] DEBUG:colcon.colcon_core.event_handler.log_command:Invoked command in '/home/abdy/ros2_ws/src/challenge1' returned '0': PYTHONPATH=/home/abdy/ros2_ws/build/challenge1/prefix_override:/usr/lib/python3/dist-packages/colcon_core/task/python/colcon_distutils_commands:/home/abdy/ros2_ws/install/challenge1/lib/python3.10/site-packages:${PYTHONPATH} /usr/bin/python3 -W ignore:setup.py install is deprecated -W ignore:easy_install command is deprecated setup.py egg_info --egg-base ../../build/challenge1 build --build-base /home/abdy/ros2_ws/build/challenge1/build install --record /home/abdy/ros2_ws/build/challenge1/install.log --single-version-externally-managed install_data
[5.210s] Level 1:colcon.colcon_core.environment:checking '/home/abdy/ros2_ws/install/challenge1/lib/python3.10/site-packages'
[5.210s] Level 1:colcon.colcon_core.shell:create_environment_hook('challenge1', 'pythonpath')
[5.210s] INFO:colcon.colcon_core.shell:Creating environment hook '/home/abdy/ros2_ws/install/challenge1/share/challenge1/hook/pythonpath.ps1'
[5.213s] INFO:colcon.colcon_core.shell:Creating environment descriptor '/home/abdy/ros2_ws/install/challenge1/share/challenge1/hook/pythonpath.dsv'
[5.214s] INFO:colcon.colcon_core.shell:Creating environment hook '/home/abdy/ros2_ws/install/challenge1/share/challenge1/hook/pythonpath.sh'
[5.216s] Level 1:colcon.colcon_core.environment:checking '/home/abdy/ros2_ws/install/challenge1/bin'
[5.217s] Level 1:colcon.colcon_core.environment:create_environment_scripts_only(challenge1)
[5.217s] INFO:colcon.colcon_core.shell:Creating package script '/home/abdy/ros2_ws/install/challenge1/share/challenge1/package.ps1'
[5.220s] INFO:colcon.colcon_core.shell:Creating package descriptor '/home/abdy/ros2_ws/install/challenge1/share/challenge1/package.dsv'
[5.222s] INFO:colcon.colcon_core.shell:Creating package script '/home/abdy/ros2_ws/install/challenge1/share/challenge1/package.sh'
[5.224s] INFO:colcon.colcon_core.shell:Creating package script '/home/abdy/ros2_ws/install/challenge1/share/challenge1/package.bash'
[5.225s] INFO:colcon.colcon_core.shell:Creating package script '/home/abdy/ros2_ws/install/challenge1/share/challenge1/package.zsh'
[5.226s] Level 1:colcon.colcon_core.environment:create_file_with_runtime_dependencies(/home/abdy/ros2_ws/install/challenge1/share/colcon-core/packages/challenge1)
[5.727s] INFO:colcon.colcon_core.task.python.build:Building Python package in '/home/abdy/ros2_ws/src/my_py_pkg'
[5.728s] INFO:colcon.colcon_core.shell:Skip shell extension 'powershell' for command environment: Not usable outside of PowerShell
[5.728s] DEBUG:colcon.colcon_core.shell:Skip shell extension 'dsv' for command environment
[6.240s] INFO:colcon.colcon_core.task.python.build:Building Python package in '/home/abdy/ros2_ws/src/signal_processing'
[6.241s] INFO:colcon.colcon_core.shell:Skip shell extension 'powershell' for command environment: Not usable outside of PowerShell
[6.241s] DEBUG:colcon.colcon_core.shell:Skip shell extension 'dsv' for command environment
[6.254s] Level 1:colcon.colcon_core.environment:create_environment_scripts_only(my_interfaces)
[6.254s] Level 1:colcon.colcon_core.environment:checking '/home/abdy/ros2_ws/install/my_interfaces' for CMake module files
[6.256s] DEBUG:colcon.colcon_core.event_handler.log_command:Invoked command in '/home/abdy/ros2_ws/build/my_interfaces' returned '0': CMAKE_PREFIX_PATH=${CMAKE_PREFIX_PATH}:/home/abdy/ros2_ws/install/signal_processing:/home/abdy/ros2_ws/install/my_py_pkg:/home/abdy/ros2_ws/install/motor_control:/home/abdy/ros2_ws/install/mini_challenge:/home/abdy/ros2_ws/install/challenge_1:/home/abdy/ros2_ws/install/challenge2:/home/abdy/ros2_ws/install/challenge1:/home/abdy/ros2_ws/install/basic_comms:/opt/ros/humble /usr/bin/cmake --install /home/abdy/ros2_ws/build/my_interfaces
[6.257s] Level 1:colcon.colcon_core.environment:checking '/home/abdy/ros2_ws/install/my_interfaces' for CMake config files
[6.258s] Level 1:colcon.colcon_core.shell:create_environment_hook('my_interfaces', 'cmake_prefix_path')
[6.259s] INFO:colcon.colcon_core.shell:Creating environment hook '/home/abdy/ros2_ws/install/my_interfaces/share/my_interfaces/hook/cmake_prefix_path.ps1'
[6.259s] INFO:colcon.colcon_core.shell:Creating environment descriptor '/home/abdy/ros2_ws/install/my_interfaces/share/my_interfaces/hook/cmake_prefix_path.dsv'
[6.260s] INFO:colcon.colcon_core.shell:Creating environment hook '/home/abdy/ros2_ws/install/my_interfaces/share/my_interfaces/hook/cmake_prefix_path.sh'
[6.261s] Level 1:colcon.colcon_core.environment:checking '/home/abdy/ros2_ws/install/my_interfaces/lib'
[6.261s] Level 1:colcon.colcon_core.shell:create_environment_hook('my_interfaces', 'ld_library_path_lib')
[6.262s] INFO:colcon.colcon_core.shell:Creating environment hook '/home/abdy/ros2_ws/install/my_interfaces/share/my_interfaces/hook/ld_library_path_lib.ps1'
[6.262s] INFO:colcon.colcon_core.shell:Creating environment descriptor '/home/abdy/ros2_ws/install/my_interfaces/share/my_interfaces/hook/ld_library_path_lib.dsv'
[6.263s] INFO:colcon.colcon_core.shell:Creating environment hook '/home/abdy/ros2_ws/install/my_interfaces/share/my_interfaces/hook/ld_library_path_lib.sh'
[6.264s] Level 1:colcon.colcon_core.environment:checking '/home/abdy/ros2_ws/install/my_interfaces/bin'
[6.264s] Level 1:colcon.colcon_core.environment:checking '/home/abdy/ros2_ws/install/my_interfaces/lib/pkgconfig/my_interfaces.pc'
[6.264s] Level 1:colcon.colcon_core.environment:checking '/home/abdy/ros2_ws/install/my_interfaces/lib/python3.10/site-packages'
[6.264s] Level 1:colcon.colcon_core.environment:checking '/home/abdy/ros2_ws/install/my_interfaces/bin'
[6.265s] INFO:colcon.colcon_core.shell:Creating package script '/home/abdy/ros2_ws/install/my_interfaces/share/my_interfaces/package.ps1'
[6.267s] INFO:colcon.colcon_core.shell:Creating package descriptor '/home/abdy/ros2_ws/install/my_interfaces/share/my_interfaces/package.dsv'
[6.268s] INFO:colcon.colcon_core.shell:Creating package script '/home/abdy/ros2_ws/install/my_interfaces/share/my_interfaces/package.sh'
[6.270s] INFO:colcon.colcon_core.shell:Creating package script '/home/abdy/ros2_ws/install/my_interfaces/share/my_interfaces/package.bash'
[6.270s] INFO:colcon.colcon_core.shell:Creating package script '/home/abdy/ros2_ws/install/my_interfaces/share/my_interfaces/package.zsh'
[6.271s] Level 1:colcon.colcon_core.environment:create_file_with_runtime_dependencies(/home/abdy/ros2_ws/install/my_interfaces/share/colcon-core/packages/my_interfaces)
[6.273s] Level 1:colcon.colcon_core.environment:create_environment_scripts_only(my_interfaces)
[6.273s] Level 1:colcon.colcon_core.environment:checking '/home/abdy/ros2_ws/install/my_interfaces' for CMake module files
[6.274s] Level 1:colcon.colcon_core.environment:checking '/home/abdy/ros2_ws/install/my_interfaces' for CMake config files
[6.275s] Level 1:colcon.colcon_core.shell:create_environment_hook('my_interfaces', 'cmake_prefix_path')
[6.275s] INFO:colcon.colcon_core.shell:Creating environment hook '/home/abdy/ros2_ws/install/my_interfaces/share/my_interfaces/hook/cmake_prefix_path.ps1'
[6.276s] INFO:colcon.colcon_core.shell:Creating environment descriptor '/home/abdy/ros2_ws/install/my_interfaces/share/my_interfaces/hook/cmake_prefix_path.dsv'
[6.277s] INFO:colcon.colcon_core.shell:Creating environment hook '/home/abdy/ros2_ws/install/my_interfaces/share/my_interfaces/hook/cmake_prefix_path.sh'
[6.278s] Level 1:colcon.colcon_core.environment:checking '/home/abdy/ros2_ws/install/my_interfaces/lib'
[6.278s] Level 1:colcon.colcon_core.shell:create_environment_hook('my_interfaces', 'ld_library_path_lib')
[6.279s] INFO:colcon.colcon_core.shell:Creating environment hook '/home/abdy/ros2_ws/install/my_interfaces/share/my_interfaces/hook/ld_library_path_lib.ps1'
[6.279s] INFO:colcon.colcon_core.shell:Creating environment descriptor '/home/abdy/ros2_ws/install/my_interfaces/share/my_interfaces/hook/ld_library_path_lib.dsv'
[6.280s] INFO:colcon.colcon_core.shell:Creating environment hook '/home/abdy/ros2_ws/install/my_interfaces/share/my_interfaces/hook/ld_library_path_lib.sh'
[6.281s] Level 1:colcon.colcon_core.environment:checking '/home/abdy/ros2_ws/install/my_interfaces/bin'
[6.281s] Level 1:colcon.colcon_core.environment:checking '/home/abdy/ros2_ws/install/my_interfaces/lib/pkgconfig/my_interfaces.pc'
[6.281s] Level 1:colcon.colcon_core.environment:checking '/home/abdy/ros2_ws/install/my_interfaces/lib/python3.10/site-packages'
[6.281s] Level 1:colcon.colcon_core.environment:checking '/home/abdy/ros2_ws/install/my_interfaces/bin'
[6.281s] INFO:colcon.colcon_core.shell:Creating package script '/home/abdy/ros2_ws/install/my_interfaces/share/my_interfaces/package.ps1'
[6.282s] INFO:colcon.colcon_core.shell:Creating package descriptor '/home/abdy/ros2_ws/install/my_interfaces/share/my_interfaces/package.dsv'
[6.283s] INFO:colcon.colcon_core.shell:Creating package script '/home/abdy/ros2_ws/install/my_interfaces/share/my_interfaces/package.sh'
[6.284s] INFO:colcon.colcon_core.shell:Creating package script '/home/abdy/ros2_ws/install/my_interfaces/share/my_interfaces/package.bash'
[6.285s] INFO:colcon.colcon_core.shell:Creating package script '/home/abdy/ros2_ws/install/my_interfaces/share/my_interfaces/package.zsh'
[6.286s] Level 1:colcon.colcon_core.environment:create_file_with_runtime_dependencies(/home/abdy/ros2_ws/install/my_interfaces/share/colcon-core/packages/my_interfaces)
[6.287s] Level 1:colcon.colcon_core.environment:checking '/home/abdy/ros2_ws/install/challenge2' for CMake module files
[6.290s] Level 1:colcon.colcon_core.environment:checking '/home/abdy/ros2_ws/install/challenge2' for CMake config files
[6.291s] DEBUG:colcon.colcon_core.event_handler.log_command:Invoked command in '/home/abdy/ros2_ws/src/challenge2' returned '0': PYTHONPATH=/home/abdy/ros2_ws/build/challenge2/prefix_override:/usr/lib/python3/dist-packages/colcon_core/task/python/colcon_distutils_commands:/home/abdy/ros2_ws/install/challenge2/lib/python3.10/site-packages:${PYTHONPATH} /usr/bin/python3 -W ignore:setup.py install is deprecated -W ignore:easy_install command is deprecated setup.py egg_info --egg-base ../../build/challenge2 build --build-base /home/abdy/ros2_ws/build/challenge2/build install --record /home/abdy/ros2_ws/build/challenge2/install.log --single-version-externally-managed install_data
[6.293s] Level 1:colcon.colcon_core.environment:checking '/home/abdy/ros2_ws/install/challenge2/lib'
[6.293s] Level 1:colcon.colcon_core.environment:checking '/home/abdy/ros2_ws/install/challenge2/bin'
[6.293s] Level 1:colcon.colcon_core.environment:checking '/home/abdy/ros2_ws/install/challenge2/lib/pkgconfig/challenge2.pc'
[6.293s] Level 1:colcon.colcon_core.environment:checking '/home/abdy/ros2_ws/install/challenge2/lib/python3.10/site-packages'
[6.294s] Level 1:colcon.colcon_core.shell:create_environment_hook('challenge2', 'pythonpath')
[6.294s] INFO:colcon.colcon_core.shell:Creating environment hook '/home/abdy/ros2_ws/install/challenge2/share/challenge2/hook/pythonpath.ps1'
[6.295s] INFO:colcon.colcon_core.shell:Creating environment descriptor '/home/abdy/ros2_ws/install/challenge2/share/challenge2/hook/pythonpath.dsv'
[6.295s] INFO:colcon.colcon_core.shell:Creating environment hook '/home/abdy/ros2_ws/install/challenge2/share/challenge2/hook/pythonpath.sh'
[6.296s] Level 1:colcon.colcon_core.environment:checking '/home/abdy/ros2_ws/install/challenge2/bin'
[6.296s] Level 1:colcon.colcon_core.environment:create_environment_scripts_only(challenge2)
[6.297s] INFO:colcon.colcon_core.shell:Creating package script '/home/abdy/ros2_ws/install/challenge2/share/challenge2/package.ps1'
[6.298s] INFO:colcon.colcon_core.shell:Creating package descriptor '/home/abdy/ros2_ws/install/challenge2/share/challenge2/package.dsv'
[6.298s] INFO:colcon.colcon_core.shell:Creating package script '/home/abdy/ros2_ws/install/challenge2/share/challenge2/package.sh'
[6.299s] INFO:colcon.colcon_core.shell:Creating package script '/home/abdy/ros2_ws/install/challenge2/share/challenge2/package.bash'
[6.300s] INFO:colcon.colcon_core.shell:Creating package script '/home/abdy/ros2_ws/install/challenge2/share/challenge2/package.zsh'
[6.301s] Level 1:colcon.colcon_core.environment:create_file_with_runtime_dependencies(/home/abdy/ros2_ws/install/challenge2/share/colcon-core/packages/challenge2)
[6.302s] Level 1:colcon.colcon_core.environment:checking '/home/abdy/ros2_ws/install/basic_comms' for CMake module files
[6.302s] Level 1:colcon.colcon_core.environment:checking '/home/abdy/ros2_ws/install/basic_comms' for CMake config files
[6.305s] DEBUG:colcon.colcon_core.event_handler.log_command:Invoked command in '/home/abdy/ros2_ws/src/basic_comms' returned '0': PYTHONPATH=/home/abdy/ros2_ws/build/basic_comms/prefix_override:/usr/lib/python3/dist-packages/colcon_core/task/python/colcon_distutils_commands:/home/abdy/ros2_ws/install/basic_comms/lib/python3.10/site-packages:${PYTHONPATH} /usr/bin/python3 -W ignore:setup.py install is deprecated -W ignore:easy_install command is deprecated setup.py egg_info --egg-base ../../build/basic_comms build --build-base /home/abdy/ros2_ws/build/basic_comms/build install --record /home/abdy/ros2_ws/build/basic_comms/install.log --single-version-externally-managed install_data
[6.306s] Level 1:colcon.colcon_core.environment:checking '/home/abdy/ros2_ws/install/basic_comms/lib'
[6.307s] Level 1:colcon.colcon_core.environment:checking '/home/abdy/ros2_ws/install/basic_comms/bin'
[6.307s] Level 1:colcon.colcon_core.environment:checking '/home/abdy/ros2_ws/install/basic_comms/lib/pkgconfig/basic_comms.pc'
[6.307s] Level 1:colcon.colcon_core.environment:checking '/home/abdy/ros2_ws/install/basic_comms/lib/python3.10/site-packages'
[6.308s] Level 1:colcon.colcon_core.shell:create_environment_hook('basic_comms', 'pythonpath')
[6.308s] INFO:colcon.colcon_core.shell:Creating environment hook '/home/abdy/ros2_ws/install/basic_comms/share/basic_comms/hook/pythonpath.ps1'
[6.309s] INFO:colcon.colcon_core.shell:Creating environment descriptor '/home/abdy/ros2_ws/install/basic_comms/share/basic_comms/hook/pythonpath.dsv'
[6.310s] INFO:colcon.colcon_core.shell:Creating environment hook '/home/abdy/ros2_ws/install/basic_comms/share/basic_comms/hook/pythonpath.sh'
[6.310s] Level 1:colcon.colcon_core.environment:checking '/home/abdy/ros2_ws/install/basic_comms/bin'
[6.311s] Level 1:colcon.colcon_core.environment:create_environment_scripts_only(basic_comms)
[6.311s] INFO:colcon.colcon_core.shell:Creating package script '/home/abdy/ros2_ws/install/basic_comms/share/basic_comms/package.ps1'
[6.312s] INFO:colcon.colcon_core.shell:Creating package descriptor '/home/abdy/ros2_ws/install/basic_comms/share/basic_comms/package.dsv'
[6.313s] INFO:colcon.colcon_core.shell:Creating package script '/home/abdy/ros2_ws/install/basic_comms/share/basic_comms/package.sh'
[6.313s] INFO:colcon.colcon_core.shell:Creating package script '/home/abdy/ros2_ws/install/basic_comms/share/basic_comms/package.bash'
[6.314s] INFO:colcon.colcon_core.shell:Creating package script '/home/abdy/ros2_ws/install/basic_comms/share/basic_comms/package.zsh'
[6.315s] Level 1:colcon.colcon_core.environment:create_file_with_runtime_dependencies(/home/abdy/ros2_ws/install/basic_comms/share/colcon-core/packages/basic_comms)
[6.949s] DEBUG:colcon.colcon_core.event_handler.log_command:Invoking command in '/home/abdy/ros2_ws/src/my_py_pkg': PYTHONPATH=/home/abdy/ros2_ws/build/my_py_pkg/prefix_override:/usr/lib/python3/dist-packages/colcon_core/task/python/colcon_distutils_commands:/home/abdy/ros2_ws/install/my_py_pkg/lib/python3.10/site-packages:${PYTHONPATH} /usr/bin/python3 -W ignore:setup.py install is deprecated -W ignore:easy_install command is deprecated setup.py egg_info --egg-base ../../build/my_py_pkg build --build-base /home/abdy/ros2_ws/build/my_py_pkg/build install --record /home/abdy/ros2_ws/build/my_py_pkg/install.log --single-version-externally-managed install_data
[6.982s] DEBUG:colcon.colcon_core.event_handler.log_command:Invoking command in '/home/abdy/ros2_ws/src/signal_processing': PYTHONPATH=/home/abdy/ros2_ws/build/signal_processing/prefix_override:/usr/lib/python3/dist-packages/colcon_core/task/python/colcon_distutils_commands:/home/abdy/ros2_ws/install/signal_processing/lib/python3.10/site-packages:${PYTHONPATH} /usr/bin/python3 -W ignore:setup.py install is deprecated -W ignore:easy_install command is deprecated setup.py egg_info --egg-base ../../build/signal_processing build --build-base /home/abdy/ros2_ws/build/signal_processing/build install --record /home/abdy/ros2_ws/build/signal_processing/install.log --single-version-externally-managed install_data
[7.467s] Level 1:colcon.colcon_core.environment:checking '/home/abdy/ros2_ws/install/my_py_pkg' for CMake module files
[7.468s] DEBUG:colcon.colcon_core.event_handler.log_command:Invoked command in '/home/abdy/ros2_ws/src/my_py_pkg' returned '0': PYTHONPATH=/home/abdy/ros2_ws/build/my_py_pkg/prefix_override:/usr/lib/python3/dist-packages/colcon_core/task/python/colcon_distutils_commands:/home/abdy/ros2_ws/install/my_py_pkg/lib/python3.10/site-packages:${PYTHONPATH} /usr/bin/python3 -W ignore:setup.py install is deprecated -W ignore:easy_install command is deprecated setup.py egg_info --egg-base ../../build/my_py_pkg build --build-base /home/abdy/ros2_ws/build/my_py_pkg/build install --record /home/abdy/ros2_ws/build/my_py_pkg/install.log --single-version-externally-managed install_data
[7.469s] Level 1:colcon.colcon_core.environment:checking '/home/abdy/ros2_ws/install/my_py_pkg' for CMake config files
[7.471s] Level 1:colcon.colcon_core.environment:checking '/home/abdy/ros2_ws/install/my_py_pkg/lib'
[7.471s] Level 1:colcon.colcon_core.environment:checking '/home/abdy/ros2_ws/install/my_py_pkg/bin'
[7.471s] Level 1:colcon.colcon_core.environment:checking '/home/abdy/ros2_ws/install/my_py_pkg/lib/pkgconfig/my_py_pkg.pc'
[7.472s] Level 1:colcon.colcon_core.environment:checking '/home/abdy/ros2_ws/install/my_py_pkg/lib/python3.10/site-packages'
[7.472s] Level 1:colcon.colcon_core.shell:create_environment_hook('my_py_pkg', 'pythonpath')
[7.472s] INFO:colcon.colcon_core.shell:Creating environment hook '/home/abdy/ros2_ws/install/my_py_pkg/share/my_py_pkg/hook/pythonpath.ps1'
[7.473s] INFO:colcon.colcon_core.shell:Creating environment descriptor '/home/abdy/ros2_ws/install/my_py_pkg/share/my_py_pkg/hook/pythonpath.dsv'
[7.474s] INFO:colcon.colcon_core.shell:Creating environment hook '/home/abdy/ros2_ws/install/my_py_pkg/share/my_py_pkg/hook/pythonpath.sh'
[7.475s] Level 1:colcon.colcon_core.environment:checking '/home/abdy/ros2_ws/install/my_py_pkg/bin'
[7.475s] Level 1:colcon.colcon_core.environment:create_environment_scripts_only(my_py_pkg)
[7.475s] INFO:colcon.colcon_core.shell:Creating package script '/home/abdy/ros2_ws/install/my_py_pkg/share/my_py_pkg/package.ps1'
[7.476s] INFO:colcon.colcon_core.shell:Creating package descriptor '/home/abdy/ros2_ws/install/my_py_pkg/share/my_py_pkg/package.dsv'
[7.477s] INFO:colcon.colcon_core.shell:Creating package script '/home/abdy/ros2_ws/install/my_py_pkg/share/my_py_pkg/package.sh'
[7.477s] INFO:colcon.colcon_core.shell:Creating package script '/home/abdy/ros2_ws/install/my_py_pkg/share/my_py_pkg/package.bash'
[7.478s] INFO:colcon.colcon_core.shell:Creating package script '/home/abdy/ros2_ws/install/my_py_pkg/share/my_py_pkg/package.zsh'
[7.479s] Level 1:colcon.colcon_core.environment:create_file_with_runtime_dependencies(/home/abdy/ros2_ws/install/my_py_pkg/share/colcon-core/packages/my_py_pkg)
[7.529s] Level 1:colcon.colcon_core.environment:checking '/home/abdy/ros2_ws/install/signal_processing' for CMake module files
[7.530s] DEBUG:colcon.colcon_core.event_handler.log_command:Invoked command in '/home/abdy/ros2_ws/src/signal_processing' returned '0': PYTHONPATH=/home/abdy/ros2_ws/build/signal_processing/prefix_override:/usr/lib/python3/dist-packages/colcon_core/task/python/colcon_distutils_commands:/home/abdy/ros2_ws/install/signal_processing/lib/python3.10/site-packages:${PYTHONPATH} /usr/bin/python3 -W ignore:setup.py install is deprecated -W ignore:easy_install command is deprecated setup.py egg_info --egg-base ../../build/signal_processing build --build-base /home/abdy/ros2_ws/build/signal_processing/build install --record /home/abdy/ros2_ws/build/signal_processing/install.log --single-version-externally-managed install_data
[7.531s] Level 1:colcon.colcon_core.environment:checking '/home/abdy/ros2_ws/install/signal_processing' for CMake config files
[7.533s] Level 1:colcon.colcon_core.environment:checking '/home/abdy/ros2_ws/install/signal_processing/lib'
[7.533s] Level 1:colcon.colcon_core.environment:checking '/home/abdy/ros2_ws/install/signal_processing/bin'
[7.533s] Level 1:colcon.colcon_core.environment:checking '/home/abdy/ros2_ws/install/signal_processing/lib/pkgconfig/signal_processing.pc'
[7.533s] Level 1:colcon.colcon_core.environment:checking '/home/abdy/ros2_ws/install/signal_processing/lib/python3.10/site-packages'
[7.533s] Level 1:colcon.colcon_core.shell:create_environment_hook('signal_processing', 'pythonpath')
[7.533s] INFO:colcon.colcon_core.shell:Creating environment hook '/home/abdy/ros2_ws/install/signal_processing/share/signal_processing/hook/pythonpath.ps1'
[7.534s] INFO:colcon.colcon_core.shell:Creating environment descriptor '/home/abdy/ros2_ws/install/signal_processing/share/signal_processing/hook/pythonpath.dsv'
[7.535s] INFO:colcon.colcon_core.shell:Creating environment hook '/home/abdy/ros2_ws/install/signal_processing/share/signal_processing/hook/pythonpath.sh'
[7.536s] Level 1:colcon.colcon_core.environment:checking '/home/abdy/ros2_ws/install/signal_processing/bin'
[7.536s] Level 1:colcon.colcon_core.environment:create_environment_scripts_only(signal_processing)
[7.536s] INFO:colcon.colcon_core.shell:Creating package script '/home/abdy/ros2_ws/install/signal_processing/share/signal_processing/package.ps1'
[7.537s] INFO:colcon.colcon_core.shell:Creating package descriptor '/home/abdy/ros2_ws/install/signal_processing/share/signal_processing/package.dsv'
[7.538s] INFO:colcon.colcon_core.shell:Creating package script '/home/abdy/ros2_ws/install/signal_processing/share/signal_processing/package.sh'
[7.539s] INFO:colcon.colcon_core.shell:Creating package script '/home/abdy/ros2_ws/install/signal_processing/share/signal_processing/package.bash'
[7.539s] INFO:colcon.colcon_core.shell:Creating package script '/home/abdy/ros2_ws/install/signal_processing/share/signal_processing/package.zsh'
[7.540s] Level 1:colcon.colcon_core.environment:create_file_with_runtime_dependencies(/home/abdy/ros2_ws/install/signal_processing/share/colcon-core/packages/signal_processing)
[7.541s] DEBUG:colcon.colcon_parallel_executor.executor.parallel:closing loop
[7.541s] DEBUG:colcon.colcon_parallel_executor.executor.parallel:loop closed
[7.541s] DEBUG:colcon.colcon_parallel_executor.executor.parallel:run_until_complete finished with '0'
[7.542s] DEBUG:colcon.colcon_core.event_reactor:joining thread
[7.558s] INFO:colcon.colcon_core.plugin_system:Skipping extension 'colcon_notification.desktop_notification.terminal_notifier': Not used on non-Darwin systems
[7.559s] INFO:colcon.colcon_core.plugin_system:Skipping extension 'colcon_notification.desktop_notification.win32': Not used on non-Windows systems
[7.559s] INFO:colcon.colcon_notification.desktop_notification:Sending desktop notification using 'notify2'
[7.622s] DEBUG:colcon.colcon_core.event_reactor:joined thread
[7.622s] INFO:colcon.colcon_core.shell:Creating prefix script '/home/abdy/ros2_ws/install/local_setup.ps1'
[7.624s] INFO:colcon.colcon_core.shell:Creating prefix util module '/home/abdy/ros2_ws/install/_local_setup_util_ps1.py'
[7.627s] INFO:colcon.colcon_core.shell:Creating prefix chain script '/home/abdy/ros2_ws/install/setup.ps1'
[7.631s] INFO:colcon.colcon_core.shell:Creating prefix script '/home/abdy/ros2_ws/install/local_setup.sh'
[7.633s] INFO:colcon.colcon_core.shell:Creating prefix util module '/home/abdy/ros2_ws/install/_local_setup_util_sh.py'
[7.634s] INFO:colcon.colcon_core.shell:Creating prefix chain script '/home/abdy/ros2_ws/install/setup.sh'
[7.639s] INFO:colcon.colcon_core.shell:Creating prefix script '/home/abdy/ros2_ws/install/local_setup.bash'
[7.640s] INFO:colcon.colcon_core.shell:Creating prefix chain script '/home/abdy/ros2_ws/install/setup.bash'
[7.645s] INFO:colcon.colcon_core.shell:Creating prefix script '/home/abdy/ros2_ws/install/local_setup.zsh'
[7.646s] INFO:colcon.colcon_core.shell:Creating prefix chain script '/home/abdy/ros2_ws/install/setup.zsh'
