[1.574s] Invoking command in '/home/abdy/ros2_ws/src/challenge_1': PYTHONPATH=/home/abdy/ros2_ws/build/challenge_1/prefix_override:/usr/lib/python3/dist-packages/colcon_core/task/python/colcon_distutils_commands:/home/abdy/ros2_ws/install/challenge_1/lib/python3.10/site-packages:${PYTHONPATH} /usr/bin/python3 -W ignore:setup.py install is deprecated -W ignore:easy_install command is deprecated setup.py egg_info --egg-base ../../build/challenge_1 build --build-base /home/abdy/ros2_ws/build/challenge_1/build install --record /home/abdy/ros2_ws/build/challenge_1/install.log --single-version-externally-managed install_data
[1.768s] running egg_info
[1.769s] writing ../../build/challenge_1/challenge_1.egg-info/PKG-INFO
[1.769s] writing dependency_links to ../../build/challenge_1/challenge_1.egg-info/dependency_links.txt
[1.769s] writing entry points to ../../build/challenge_1/challenge_1.egg-info/entry_points.txt
[1.770s] writing requirements to ../../build/challenge_1/challenge_1.egg-info/requires.txt
[1.770s] writing top-level names to ../../build/challenge_1/challenge_1.egg-info/top_level.txt
[1.771s] reading manifest file '../../build/challenge_1/challenge_1.egg-info/SOURCES.txt'
[1.773s] writing manifest file '../../build/challenge_1/challenge_1.egg-info/SOURCES.txt'
[1.773s] running build
[1.773s] running build_py
[1.774s] running install
[1.775s] running install_lib
[1.784s] running install_data
[1.784s] running install_egg_info
[1.784s] removing '/home/abdy/ros2_ws/install/challenge_1/lib/python3.10/site-packages/challenge_1-0.0.0-py3.10.egg-info' (and everything under it)
[1.784s] Copying ../../build/challenge_1/challenge_1.egg-info to /home/abdy/ros2_ws/install/challenge_1/lib/python3.10/site-packages/challenge_1-0.0.0-py3.10.egg-info
[1.785s] running install_scripts
[1.800s] Installing process script to /home/abdy/ros2_ws/install/challenge_1/lib/challenge_1
[1.801s] Installing signal_generator script to /home/abdy/ros2_ws/install/challenge_1/lib/challenge_1
[1.801s] writing list of installed files to '/home/abdy/ros2_ws/build/challenge_1/install.log'
[1.866s] Invoked command in '/home/abdy/ros2_ws/src/challenge_1' returned '0': PYTHONPATH=/home/abdy/ros2_ws/build/challenge_1/prefix_override:/usr/lib/python3/dist-packages/colcon_core/task/python/colcon_distutils_commands:/home/abdy/ros2_ws/install/challenge_1/lib/python3.10/site-packages:${PYTHONPATH} /usr/bin/python3 -W ignore:setup.py install is deprecated -W ignore:easy_install command is deprecated setup.py egg_info --egg-base ../../build/challenge_1 build --build-base /home/abdy/ros2_ws/build/challenge_1/build install --record /home/abdy/ros2_ws/build/challenge_1/install.log --single-version-externally-managed install_data
