[2.378s] Invoking command in '/home/abdy/ros2_ws/src/motor_control': PYTHONPATH=/home/abdy/ros2_ws/build/motor_control/prefix_override:/usr/lib/python3/dist-packages/colcon_core/task/python/colcon_distutils_commands:/home/abdy/ros2_ws/install/motor_control/lib/python3.10/site-packages:${PYTHONPATH} /usr/bin/python3 -W ignore:setup.py install is deprecated -W ignore:easy_install command is deprecated setup.py egg_info --egg-base ../../build/motor_control build --build-base /home/abdy/ros2_ws/build/motor_control/build install --record /home/abdy/ros2_ws/build/motor_control/install.log --single-version-externally-managed install_data
[2.802s] running egg_info
[2.803s] writing ../../build/motor_control/motor_control.egg-info/PKG-INFO
[2.805s] writing dependency_links to ../../build/motor_control/motor_control.egg-info/dependency_links.txt
[2.807s] writing entry points to ../../build/motor_control/motor_control.egg-info/entry_points.txt
[2.807s] writing requirements to ../../build/motor_control/motor_control.egg-info/requires.txt
[2.807s] writing top-level names to ../../build/motor_control/motor_control.egg-info/top_level.txt
[2.810s] reading manifest file '../../build/motor_control/motor_control.egg-info/SOURCES.txt'
[2.810s] adding license file 'LICENSE'
[2.811s] writing manifest file '../../build/motor_control/motor_control.egg-info/SOURCES.txt'
[2.811s] running build
[2.812s] running build_py
[2.814s] running install
[2.817s] running install_lib
[2.824s] running install_data
[2.826s] running install_egg_info
[2.827s] removing '/home/abdy/ros2_ws/install/motor_control/lib/python3.10/site-packages/motor_control-0.0.0-py3.10.egg-info' (and everything under it)
[2.827s] Copying ../../build/motor_control/motor_control.egg-info to /home/abdy/ros2_ws/install/motor_control/lib/python3.10/site-packages/motor_control-0.0.0-py3.10.egg-info
[2.827s] running install_scripts
[2.861s] Installing dc_motor script to /home/abdy/ros2_ws/install/motor_control/lib/motor_control
[2.861s] Installing set_point script to /home/abdy/ros2_ws/install/motor_control/lib/motor_control
[2.862s] writing list of installed files to '/home/abdy/ros2_ws/build/motor_control/install.log'
[3.177s] Invoked command in '/home/abdy/ros2_ws/src/motor_control' returned '0': PYTHONPATH=/home/abdy/ros2_ws/build/motor_control/prefix_override:/usr/lib/python3/dist-packages/colcon_core/task/python/colcon_distutils_commands:/home/abdy/ros2_ws/install/motor_control/lib/python3.10/site-packages:${PYTHONPATH} /usr/bin/python3 -W ignore:setup.py install is deprecated -W ignore:easy_install command is deprecated setup.py egg_info --egg-base ../../build/motor_control build --build-base /home/abdy/ros2_ws/build/motor_control/build install --record /home/abdy/ros2_ws/build/motor_control/install.log --single-version-externally-managed install_data
