[0.849s] Invoking command in '/home/abdy/ros2_ws/src/signal_processing': PYTHONPATH=/home/abdy/ros2_ws/build/signal_processing/prefix_override:/usr/lib/python3/dist-packages/colcon_core/task/python/colcon_distutils_commands:/home/abdy/ros2_ws/install/signal_processing/lib/python3.10/site-packages:${PYTHONPATH} /usr/bin/python3 -W ignore:setup.py install is deprecated -W ignore:easy_install command is deprecated setup.py egg_info --egg-base ../../build/signal_processing build --build-base /home/abdy/ros2_ws/build/signal_processing/build install --record /home/abdy/ros2_ws/build/signal_processing/install.log --single-version-externally-managed install_data
[1.063s] running egg_info
[1.064s] writing ../../build/signal_processing/signal_processing.egg-info/PKG-INFO
[1.065s] writing dependency_links to ../../build/signal_processing/signal_processing.egg-info/dependency_links.txt
[1.065s] writing entry points to ../../build/signal_processing/signal_processing.egg-info/entry_points.txt
[1.066s] writing requirements to ../../build/signal_processing/signal_processing.egg-info/requires.txt
[1.066s] writing top-level names to ../../build/signal_processing/signal_processing.egg-info/top_level.txt
[1.069s] reading manifest file '../../build/signal_processing/signal_processing.egg-info/SOURCES.txt'
[1.071s] writing manifest file '../../build/signal_processing/signal_processing.egg-info/SOURCES.txt'
[1.072s] running build
[1.072s] running build_py
[1.073s] running install
[1.075s] running install_lib
[1.076s] running install_data
[1.077s] running install_egg_info
[1.080s] removing '/home/abdy/ros2_ws/install/signal_processing/lib/python3.10/site-packages/signal_processing-0.0.0-py3.10.egg-info' (and everything under it)
[1.080s] Copying ../../build/signal_processing/signal_processing.egg-info to /home/abdy/ros2_ws/install/signal_processing/lib/python3.10/site-packages/signal_processing-0.0.0-py3.10.egg-info
[1.081s] running install_scripts
[1.111s] Installing PROCESS script to /home/abdy/ros2_ws/install/signal_processing/lib/signal_processing
[1.111s] Installing a script to /home/abdy/ros2_ws/install/signal_processing/lib/signal_processing
[1.112s] Installing process script to /home/abdy/ros2_ws/install/signal_processing/lib/signal_processing
[1.112s] Installing random_generator script to /home/abdy/ros2_ws/install/signal_processing/lib/signal_processing
[1.112s] Installing signal_generator script to /home/abdy/ros2_ws/install/signal_processing/lib/signal_processing
[1.112s] Installing signal_generator_param script to /home/abdy/ros2_ws/install/signal_processing/lib/signal_processing
[1.112s] writing list of installed files to '/home/abdy/ros2_ws/build/signal_processing/install.log'
[1.152s] Invoked command in '/home/abdy/ros2_ws/src/signal_processing' returned '0': PYTHONPATH=/home/abdy/ros2_ws/build/signal_processing/prefix_override:/usr/lib/python3/dist-packages/colcon_core/task/python/colcon_distutils_commands:/home/abdy/ros2_ws/install/signal_processing/lib/python3.10/site-packages:${PYTHONPATH} /usr/bin/python3 -W ignore:setup.py install is deprecated -W ignore:easy_install command is deprecated setup.py egg_info --egg-base ../../build/signal_processing build --build-base /home/abdy/ros2_ws/build/signal_processing/build install --record /home/abdy/ros2_ws/build/signal_processing/install.log --single-version-externally-managed install_data
