[3.236s] Invoking command in '/home/abdy/ros2_ws/src/mini_challenge': PYTHONPATH=/home/abdy/ros2_ws/build/mini_challenge/prefix_override:/usr/lib/python3/dist-packages/colcon_core/task/python/colcon_distutils_commands:/home/abdy/ros2_ws/install/mini_challenge/lib/python3.10/site-packages:${PYTHONPATH} /usr/bin/python3 -W ignore:setup.py install is deprecated -W ignore:easy_install command is deprecated setup.py egg_info --egg-base ../../build/mini_challenge build --build-base /home/abdy/ros2_ws/build/mini_challenge/build install --record /home/abdy/ros2_ws/build/mini_challenge/install.log --single-version-externally-managed install_data
[3.991s] running egg_info
[3.993s] writing ../../build/mini_challenge/mini_challenge.egg-info/PKG-INFO
[3.998s] writing dependency_links to ../../build/mini_challenge/mini_challenge.egg-info/dependency_links.txt
[3.998s] writing entry points to ../../build/mini_challenge/mini_challenge.egg-info/entry_points.txt
[3.998s] writing requirements to ../../build/mini_challenge/mini_challenge.egg-info/requires.txt
[3.998s] writing top-level names to ../../build/mini_challenge/mini_challenge.egg-info/top_level.txt
[4.004s] reading manifest file '../../build/mini_challenge/mini_challenge.egg-info/SOURCES.txt'
[4.004s] writing manifest file '../../build/mini_challenge/mini_challenge.egg-info/SOURCES.txt'
[4.004s] running build
[4.005s] running build_py
[4.008s] running install
[4.013s] running install_lib
[4.018s] running install_data
[4.018s] running install_egg_info
[4.026s] removing '/home/abdy/ros2_ws/install/mini_challenge/lib/python3.10/site-packages/mini_challenge-0.0.0-py3.10.egg-info' (and everything under it)
[4.026s] Copying ../../build/mini_challenge/mini_challenge.egg-info to /home/abdy/ros2_ws/install/mini_challenge/lib/python3.10/site-packages/mini_challenge-0.0.0-py3.10.egg-info
[4.033s] running install_scripts
[4.097s] Installing process_mini script to /home/abdy/ros2_ws/install/mini_challenge/lib/mini_challenge
[4.101s] Installing signal_generator_mini script to /home/abdy/ros2_ws/install/mini_challenge/lib/mini_challenge
[4.101s] writing list of installed files to '/home/abdy/ros2_ws/build/mini_challenge/install.log'
[4.187s] Invoked command in '/home/abdy/ros2_ws/src/mini_challenge' returned '0': PYTHONPATH=/home/abdy/ros2_ws/build/mini_challenge/prefix_override:/usr/lib/python3/dist-packages/colcon_core/task/python/colcon_distutils_commands:/home/abdy/ros2_ws/install/mini_challenge/lib/python3.10/site-packages:${PYTHONPATH} /usr/bin/python3 -W ignore:setup.py install is deprecated -W ignore:easy_install command is deprecated setup.py egg_info --egg-base ../../build/mini_challenge build --build-base /home/abdy/ros2_ws/build/mini_challenge/build install --record /home/abdy/ros2_ws/build/mini_challenge/install.log --single-version-externally-managed install_data
