[3.464s] Invoking command in '/home/abdy/ros2_ws/src/my_py_pkg': PYTHONPATH=/home/abdy/ros2_ws/build/my_py_pkg/prefix_override:/usr/lib/python3/dist-packages/colcon_core/task/python/colcon_distutils_commands:/home/abdy/ros2_ws/install/my_py_pkg/lib/python3.10/site-packages:${PYTHONPATH} /usr/bin/python3 -W ignore:setup.py install is deprecated -W ignore:easy_install command is deprecated setup.py egg_info --egg-base ../../build/my_py_pkg build --build-base /home/abdy/ros2_ws/build/my_py_pkg/build install --record /home/abdy/ros2_ws/build/my_py_pkg/install.log --single-version-externally-managed install_data
[4.237s] running egg_info
[4.240s] writing ../../build/my_py_pkg/my_py_pkg.egg-info/PKG-INFO
[4.243s] writing dependency_links to ../../build/my_py_pkg/my_py_pkg.egg-info/dependency_links.txt
[4.243s] writing entry points to ../../build/my_py_pkg/my_py_pkg.egg-info/entry_points.txt
[4.244s] writing requirements to ../../build/my_py_pkg/my_py_pkg.egg-info/requires.txt
[4.244s] writing top-level names to ../../build/my_py_pkg/my_py_pkg.egg-info/top_level.txt
[4.250s] reading manifest file '../../build/my_py_pkg/my_py_pkg.egg-info/SOURCES.txt'
[4.254s] writing manifest file '../../build/my_py_pkg/my_py_pkg.egg-info/SOURCES.txt'
[4.255s] running build
[4.255s] running build_py
[4.256s] copying my_py_pkg/HardwareStatus_publisher.py -> /home/abdy/ros2_ws/build/my_py_pkg/build/lib/my_py_pkg
[4.257s] running install
[4.258s] running install_lib
[4.262s] copying /home/abdy/ros2_ws/build/my_py_pkg/build/lib/my_py_pkg/HardwareStatus_publisher.py -> /home/abdy/ros2_ws/install/my_py_pkg/lib/python3.10/site-packages/my_py_pkg
[4.264s] byte-compiling /home/abdy/ros2_ws/install/my_py_pkg/lib/python3.10/site-packages/my_py_pkg/HardwareStatus_publisher.py to HardwareStatus_publisher.cpython-310.pyc
[4.266s] running install_data
[4.267s] running install_egg_info
[4.273s] removing '/home/abdy/ros2_ws/install/my_py_pkg/lib/python3.10/site-packages/my_py_pkg-0.0.0-py3.10.egg-info' (and everything under it)
[4.275s] Copying ../../build/my_py_pkg/my_py_pkg.egg-info to /home/abdy/ros2_ws/install/my_py_pkg/lib/python3.10/site-packages/my_py_pkg-0.0.0-py3.10.egg-info
[4.277s] running install_scripts
[4.349s] Installing add_2ints_client script to /home/abdy/ros2_ws/install/my_py_pkg/lib/my_py_pkg
[4.352s] Installing add_2ints_server script to /home/abdy/ros2_ws/install/my_py_pkg/lib/my_py_pkg
[4.354s] Installing hola_incrementar script to /home/abdy/ros2_ws/install/my_py_pkg/lib/my_py_pkg
[4.360s] Installing hola_mundo script to /home/abdy/ros2_ws/install/my_py_pkg/lib/my_py_pkg
[4.360s] Installing hw_status_publisher script to /home/abdy/ros2_ws/install/my_py_pkg/lib/my_py_pkg
[4.361s] Installing hw_status_subscriber script to /home/abdy/ros2_ws/install/my_py_pkg/lib/my_py_pkg
[4.361s] Installing my_listener script to /home/abdy/ros2_ws/install/my_py_pkg/lib/my_py_pkg
[4.362s] Installing my_talker script to /home/abdy/ros2_ws/install/my_py_pkg/lib/my_py_pkg
[4.362s] writing list of installed files to '/home/abdy/ros2_ws/build/my_py_pkg/install.log'
[4.414s] Invoked command in '/home/abdy/ros2_ws/src/my_py_pkg' returned '0': PYTHONPATH=/home/abdy/ros2_ws/build/my_py_pkg/prefix_override:/usr/lib/python3/dist-packages/colcon_core/task/python/colcon_distutils_commands:/home/abdy/ros2_ws/install/my_py_pkg/lib/python3.10/site-packages:${PYTHONPATH} /usr/bin/python3 -W ignore:setup.py install is deprecated -W ignore:easy_install command is deprecated setup.py egg_info --egg-base ../../build/my_py_pkg build --build-base /home/abdy/ros2_ws/build/my_py_pkg/build install --record /home/abdy/ros2_ws/build/my_py_pkg/install.log --single-version-externally-managed install_data
