[1.335s] Invoking command in '/home/abdy/ros2_ws/src/mini_challenge': PYTHONPATH=/home/abdy/ros2_ws/build/mini_challenge/prefix_override:/usr/lib/python3/dist-packages/colcon_core/task/python/colcon_distutils_commands:/home/abdy/ros2_ws/install/mini_challenge/lib/python3.10/site-packages:${PYTHONPATH} /usr/bin/python3 -W ignore:setup.py install is deprecated -W ignore:easy_install command is deprecated setup.py egg_info --egg-base ../../build/mini_challenge build --build-base /home/abdy/ros2_ws/build/mini_challenge/build install --record /home/abdy/ros2_ws/build/mini_challenge/install.log --single-version-externally-managed install_data
[1.591s] running egg_info
[1.597s] writing ../../build/mini_challenge/mini_challenge.egg-info/PKG-INFO
[1.598s] writing dependency_links to ../../build/mini_challenge/mini_challenge.egg-info/dependency_links.txt
[1.599s] writing entry points to ../../build/mini_challenge/mini_challenge.egg-info/entry_points.txt
[1.600s] writing requirements to ../../build/mini_challenge/mini_challenge.egg-info/requires.txt
[1.600s] writing top-level names to ../../build/mini_challenge/mini_challenge.egg-info/top_level.txt
[1.602s] reading manifest file '../../build/mini_challenge/mini_challenge.egg-info/SOURCES.txt'
[1.604s] writing manifest file '../../build/mini_challenge/mini_challenge.egg-info/SOURCES.txt'
[1.605s] running build
[1.605s] running build_py
[1.605s] running install
[1.606s] running install_lib
[1.607s] running install_data
[1.608s] running install_egg_info
[1.609s] removing '/home/abdy/ros2_ws/install/mini_challenge/lib/python3.10/site-packages/mini_challenge-0.0.0-py3.10.egg-info' (and everything under it)
[1.612s] Copying ../../build/mini_challenge/mini_challenge.egg-info to /home/abdy/ros2_ws/install/mini_challenge/lib/python3.10/site-packages/mini_challenge-0.0.0-py3.10.egg-info
[1.620s] running install_scripts
[1.641s] Installing process_mini script to /home/abdy/ros2_ws/install/mini_challenge/lib/mini_challenge
[1.642s] Installing signal_generator_mini script to /home/abdy/ros2_ws/install/mini_challenge/lib/mini_challenge
[1.643s] writing list of installed files to '/home/abdy/ros2_ws/build/mini_challenge/install.log'
[1.693s] Invoked command in '/home/abdy/ros2_ws/src/mini_challenge' returned '0': PYTHONPATH=/home/abdy/ros2_ws/build/mini_challenge/prefix_override:/usr/lib/python3/dist-packages/colcon_core/task/python/colcon_distutils_commands:/home/abdy/ros2_ws/install/mini_challenge/lib/python3.10/site-packages:${PYTHONPATH} /usr/bin/python3 -W ignore:setup.py install is deprecated -W ignore:easy_install command is deprecated setup.py egg_info --egg-base ../../build/mini_challenge build --build-base /home/abdy/ros2_ws/build/mini_challenge/build install --record /home/abdy/ros2_ws/build/mini_challenge/install.log --single-version-externally-managed install_data
