[0.442s] Invoking command in '/home/abdy/ros2_ws/build/custom_interfaces': CMAKE_PREFIX_PATH=${CMAKE_PREFIX_PATH}:/home/abdy/ros2_ws/install/signal_processing:/home/abdy/ros2_ws/install/my_py_pkg:/home/abdy/ros2_ws/install/motor_control:/home/abdy/ros2_ws/install/mini_challenge:/home/abdy/ros2_ws/install/challenge_1:/home/abdy/ros2_ws/install/challenge1:/home/abdy/ros2_ws/install/basic_comms:/opt/ros/humble /usr/bin/cmake --build /home/abdy/ros2_ws/build/custom_interfaces -- -j6 -l6
[0.880s] [  6%] Built target custom_interfaces__cpp
[0.881s] [ 12%] Built target custom_interfaces__rosidl_generator_c
[0.881s] [ 12%] Built target ament_cmake_python_copy_custom_interfaces
[0.881s] [ 25%] Built target custom_interfaces__rosidl_typesupport_fastrtps_cpp
[0.881s] [ 32%] Built target custom_interfaces__rosidl_typesupport_fastrtps_c
[0.882s] [ 41%] Built target custom_interfaces__rosidl_typesupport_cpp
[0.882s] [ 51%] Built target custom_interfaces__rosidl_typesupport_introspection_c
[0.882s] [ 61%] Built target custom_interfaces__rosidl_typesupport_c
[0.882s] [ 70%] Built target custom_interfaces__rosidl_typesupport_introspection_cpp
[0.882s] [ 70%] Built target custom_interfaces
[0.882s] [ 74%] Built target custom_interfaces__py
[0.882s] [ 80%] Built target custom_interfaces__rosidl_generator_py
[0.882s] [ 90%] Built target custom_interfaces__rosidl_typesupport_fastrtps_c__pyext
[0.883s] [ 93%] Built target custom_interfaces__rosidl_typesupport_introspection_c__pyext
[0.883s] [100%] Built target custom_interfaces__rosidl_typesupport_c__pyext
[0.883s] running egg_info
[0.883s] writing custom_interfaces.egg-info/PKG-INFO
[0.883s] writing dependency_links to custom_interfaces.egg-info/dependency_links.txt
[0.883s] writing top-level names to custom_interfaces.egg-info/top_level.txt
[0.883s] reading manifest file 'custom_interfaces.egg-info/SOURCES.txt'
[0.883s] writing manifest file 'custom_interfaces.egg-info/SOURCES.txt'
[0.884s] [100%] Built target ament_cmake_python_build_custom_interfaces_egg
[0.885s] Invoked command in '/home/abdy/ros2_ws/build/custom_interfaces' returned '0': CMAKE_PREFIX_PATH=${CMAKE_PREFIX_PATH}:/home/abdy/ros2_ws/install/signal_processing:/home/abdy/ros2_ws/install/my_py_pkg:/home/abdy/ros2_ws/install/motor_control:/home/abdy/ros2_ws/install/mini_challenge:/home/abdy/ros2_ws/install/challenge_1:/home/abdy/ros2_ws/install/challenge1:/home/abdy/ros2_ws/install/basic_comms:/opt/ros/humble /usr/bin/cmake --build /home/abdy/ros2_ws/build/custom_interfaces -- -j6 -l6
[0.896s] Invoking command in '/home/abdy/ros2_ws/build/custom_interfaces': CMAKE_PREFIX_PATH=${CMAKE_PREFIX_PATH}:/home/abdy/ros2_ws/install/signal_processing:/home/abdy/ros2_ws/install/my_py_pkg:/home/abdy/ros2_ws/install/motor_control:/home/abdy/ros2_ws/install/mini_challenge:/home/abdy/ros2_ws/install/challenge_1:/home/abdy/ros2_ws/install/challenge1:/home/abdy/ros2_ws/install/basic_comms:/opt/ros/humble /usr/bin/cmake --install /home/abdy/ros2_ws/build/custom_interfaces
[0.905s] -- Install configuration: ""
[0.905s] -- Up-to-date: /home/abdy/ros2_ws/install/custom_interfaces/share/ament_index/resource_index/rosidl_interfaces/custom_interfaces
[0.905s] -- Up-to-date: /home/abdy/ros2_ws/install/custom_interfaces/include/custom_interfaces/custom_interfaces
[0.905s] -- Up-to-date: /home/abdy/ros2_ws/install/custom_interfaces/include/custom_interfaces/custom_interfaces/msg
[0.905s] -- Up-to-date: /home/abdy/ros2_ws/install/custom_interfaces/include/custom_interfaces/custom_interfaces/msg/rosidl_generator_c__visibility_control.h
[0.905s] -- Up-to-date: /home/abdy/ros2_ws/install/custom_interfaces/include/custom_interfaces/custom_interfaces/srv
[0.905s] -- Up-to-date: /home/abdy/ros2_ws/install/custom_interfaces/include/custom_interfaces/custom_interfaces/srv/detail
[0.905s] -- Up-to-date: /home/abdy/ros2_ws/install/custom_interfaces/include/custom_interfaces/custom_interfaces/srv/detail/set_process_bool__struct.h
[0.905s] -- Up-to-date: /home/abdy/ros2_ws/install/custom_interfaces/include/custom_interfaces/custom_interfaces/srv/detail/set_process_bool__functions.h
[0.905s] -- Up-to-date: /home/abdy/ros2_ws/install/custom_interfaces/include/custom_interfaces/custom_interfaces/srv/detail/set_process_bool__type_support.h
[0.905s] -- Up-to-date: /home/abdy/ros2_ws/install/custom_interfaces/include/custom_interfaces/custom_interfaces/srv/detail/set_process_bool__functions.c
[0.905s] -- Up-to-date: /home/abdy/ros2_ws/install/custom_interfaces/include/custom_interfaces/custom_interfaces/srv/set_process_bool.h
[0.905s] -- Up-to-date: /home/abdy/ros2_ws/install/custom_interfaces/share/custom_interfaces/environment/library_path.sh
[0.905s] -- Up-to-date: /home/abdy/ros2_ws/install/custom_interfaces/share/custom_interfaces/environment/library_path.dsv
[0.905s] -- Up-to-date: /home/abdy/ros2_ws/install/custom_interfaces/lib/libcustom_interfaces__rosidl_generator_c.so
[0.905s] -- Up-to-date: /home/abdy/ros2_ws/install/custom_interfaces/include/custom_interfaces/custom_interfaces
[0.905s] -- Up-to-date: /home/abdy/ros2_ws/install/custom_interfaces/include/custom_interfaces/custom_interfaces/msg
[0.905s] -- Up-to-date: /home/abdy/ros2_ws/install/custom_interfaces/include/custom_interfaces/custom_interfaces/msg/rosidl_typesupport_fastrtps_c__visibility_control.h
[0.906s] -- Up-to-date: /home/abdy/ros2_ws/install/custom_interfaces/include/custom_interfaces/custom_interfaces/srv
[0.906s] -- Up-to-date: /home/abdy/ros2_ws/install/custom_interfaces/include/custom_interfaces/custom_interfaces/srv/detail
[0.906s] -- Up-to-date: /home/abdy/ros2_ws/install/custom_interfaces/include/custom_interfaces/custom_interfaces/srv/detail/set_process_bool__rosidl_typesupport_fastrtps_c.h
[0.906s] -- Up-to-date: /home/abdy/ros2_ws/install/custom_interfaces/lib/libcustom_interfaces__rosidl_typesupport_fastrtps_c.so
[0.906s] -- Up-to-date: /home/abdy/ros2_ws/install/custom_interfaces/include/custom_interfaces/custom_interfaces
[0.906s] -- Up-to-date: /home/abdy/ros2_ws/install/custom_interfaces/include/custom_interfaces/custom_interfaces/msg
[0.906s] -- Up-to-date: /home/abdy/ros2_ws/install/custom_interfaces/include/custom_interfaces/custom_interfaces/msg/rosidl_generator_cpp__visibility_control.hpp
[0.906s] -- Up-to-date: /home/abdy/ros2_ws/install/custom_interfaces/include/custom_interfaces/custom_interfaces/srv
[0.906s] -- Up-to-date: /home/abdy/ros2_ws/install/custom_interfaces/include/custom_interfaces/custom_interfaces/srv/detail
[0.906s] -- Up-to-date: /home/abdy/ros2_ws/install/custom_interfaces/include/custom_interfaces/custom_interfaces/srv/detail/set_process_bool__traits.hpp
[0.906s] -- Up-to-date: /home/abdy/ros2_ws/install/custom_interfaces/include/custom_interfaces/custom_interfaces/srv/detail/set_process_bool__builder.hpp
[0.906s] -- Up-to-date: /home/abdy/ros2_ws/install/custom_interfaces/include/custom_interfaces/custom_interfaces/srv/detail/set_process_bool__type_support.hpp
[0.906s] -- Up-to-date: /home/abdy/ros2_ws/install/custom_interfaces/include/custom_interfaces/custom_interfaces/srv/detail/set_process_bool__struct.hpp
[0.906s] -- Up-to-date: /home/abdy/ros2_ws/install/custom_interfaces/include/custom_interfaces/custom_interfaces/srv/set_process_bool.hpp
[0.906s] -- Up-to-date: /home/abdy/ros2_ws/install/custom_interfaces/include/custom_interfaces/custom_interfaces
[0.906s] -- Up-to-date: /home/abdy/ros2_ws/install/custom_interfaces/include/custom_interfaces/custom_interfaces/msg
[0.906s] -- Up-to-date: /home/abdy/ros2_ws/install/custom_interfaces/include/custom_interfaces/custom_interfaces/msg/rosidl_typesupport_fastrtps_cpp__visibility_control.h
[0.906s] -- Up-to-date: /home/abdy/ros2_ws/install/custom_interfaces/include/custom_interfaces/custom_interfaces/srv
[0.907s] -- Up-to-date: /home/abdy/ros2_ws/install/custom_interfaces/include/custom_interfaces/custom_interfaces/srv/detail
[0.907s] -- Up-to-date: /home/abdy/ros2_ws/install/custom_interfaces/include/custom_interfaces/custom_interfaces/srv/detail/set_process_bool__rosidl_typesupport_fastrtps_cpp.hpp
[0.907s] -- Up-to-date: /home/abdy/ros2_ws/install/custom_interfaces/include/custom_interfaces/custom_interfaces/srv/detail/dds_fastrtps
[0.907s] -- Up-to-date: /home/abdy/ros2_ws/install/custom_interfaces/lib/libcustom_interfaces__rosidl_typesupport_fastrtps_cpp.so
[0.907s] -- Up-to-date: /home/abdy/ros2_ws/install/custom_interfaces/include/custom_interfaces/custom_interfaces
[0.907s] -- Up-to-date: /home/abdy/ros2_ws/install/custom_interfaces/include/custom_interfaces/custom_interfaces/msg
[0.907s] -- Up-to-date: /home/abdy/ros2_ws/install/custom_interfaces/include/custom_interfaces/custom_interfaces/msg/rosidl_typesupport_introspection_c__visibility_control.h
[0.907s] -- Up-to-date: /home/abdy/ros2_ws/install/custom_interfaces/include/custom_interfaces/custom_interfaces/srv
[0.907s] -- Up-to-date: /home/abdy/ros2_ws/install/custom_interfaces/include/custom_interfaces/custom_interfaces/srv/detail
[0.907s] -- Up-to-date: /home/abdy/ros2_ws/install/custom_interfaces/include/custom_interfaces/custom_interfaces/srv/detail/set_process_bool__rosidl_typesupport_introspection_c.h
[0.907s] -- Up-to-date: /home/abdy/ros2_ws/install/custom_interfaces/include/custom_interfaces/custom_interfaces/srv/detail/set_process_bool__type_support.c
[0.907s] -- Up-to-date: /home/abdy/ros2_ws/install/custom_interfaces/lib/libcustom_interfaces__rosidl_typesupport_introspection_c.so
[0.907s] -- Up-to-date: /home/abdy/ros2_ws/install/custom_interfaces/lib/libcustom_interfaces__rosidl_typesupport_c.so
[0.907s] -- Up-to-date: /home/abdy/ros2_ws/install/custom_interfaces/include/custom_interfaces/custom_interfaces
[0.907s] -- Up-to-date: /home/abdy/ros2_ws/install/custom_interfaces/include/custom_interfaces/custom_interfaces/srv
[0.908s] -- Up-to-date: /home/abdy/ros2_ws/install/custom_interfaces/include/custom_interfaces/custom_interfaces/srv/detail
[0.908s] -- Up-to-date: /home/abdy/ros2_ws/install/custom_interfaces/include/custom_interfaces/custom_interfaces/srv/detail/set_process_bool__rosidl_typesupport_introspection_cpp.hpp
[0.908s] -- Up-to-date: /home/abdy/ros2_ws/install/custom_interfaces/include/custom_interfaces/custom_interfaces/srv/detail/set_process_bool__type_support.cpp
[0.908s] -- Up-to-date: /home/abdy/ros2_ws/install/custom_interfaces/lib/libcustom_interfaces__rosidl_typesupport_introspection_cpp.so
[0.909s] -- Up-to-date: /home/abdy/ros2_ws/install/custom_interfaces/lib/libcustom_interfaces__rosidl_typesupport_cpp.so
[0.909s] -- Up-to-date: /home/abdy/ros2_ws/install/custom_interfaces/share/custom_interfaces/environment/pythonpath.sh
[0.910s] -- Up-to-date: /home/abdy/ros2_ws/install/custom_interfaces/share/custom_interfaces/environment/pythonpath.dsv
[0.910s] -- Up-to-date: /home/abdy/ros2_ws/install/custom_interfaces/local/lib/python3.10/dist-packages/custom_interfaces-0.0.0-py3.10.egg-info
[0.910s] -- Installing: /home/abdy/ros2_ws/install/custom_interfaces/local/lib/python3.10/dist-packages/custom_interfaces-0.0.0-py3.10.egg-info/dependency_links.txt
[0.910s] -- Installing: /home/abdy/ros2_ws/install/custom_interfaces/local/lib/python3.10/dist-packages/custom_interfaces-0.0.0-py3.10.egg-info/SOURCES.txt
[0.910s] -- Installing: /home/abdy/ros2_ws/install/custom_interfaces/local/lib/python3.10/dist-packages/custom_interfaces-0.0.0-py3.10.egg-info/PKG-INFO
[0.910s] -- Installing: /home/abdy/ros2_ws/install/custom_interfaces/local/lib/python3.10/dist-packages/custom_interfaces-0.0.0-py3.10.egg-info/top_level.txt
[0.911s] -- Up-to-date: /home/abdy/ros2_ws/install/custom_interfaces/local/lib/python3.10/dist-packages/custom_interfaces
[0.911s] -- Up-to-date: /home/abdy/ros2_ws/install/custom_interfaces/local/lib/python3.10/dist-packages/custom_interfaces/_custom_interfaces_s.ep.rosidl_typesupport_fastrtps_c.c
[0.911s] -- Up-to-date: /home/abdy/ros2_ws/install/custom_interfaces/local/lib/python3.10/dist-packages/custom_interfaces/_custom_interfaces_s.ep.rosidl_typesupport_introspection_c.c
[0.911s] -- Up-to-date: /home/abdy/ros2_ws/install/custom_interfaces/local/lib/python3.10/dist-packages/custom_interfaces/custom_interfaces_s__rosidl_typesupport_introspection_c.cpython-310-x86_64-linux-gnu.so
[0.911s] -- Up-to-date: /home/abdy/ros2_ws/install/custom_interfaces/local/lib/python3.10/dist-packages/custom_interfaces/_custom_interfaces_s.ep.rosidl_typesupport_c.c
[0.911s] -- Up-to-date: /home/abdy/ros2_ws/install/custom_interfaces/local/lib/python3.10/dist-packages/custom_interfaces/__init__.py
[0.911s] -- Up-to-date: /home/abdy/ros2_ws/install/custom_interfaces/local/lib/python3.10/dist-packages/custom_interfaces/custom_interfaces_s__rosidl_typesupport_c.cpython-310-x86_64-linux-gnu.so
[0.911s] -- Up-to-date: /home/abdy/ros2_ws/install/custom_interfaces/local/lib/python3.10/dist-packages/custom_interfaces/libcustom_interfaces__rosidl_generator_py.so
[0.912s] -- Up-to-date: /home/abdy/ros2_ws/install/custom_interfaces/local/lib/python3.10/dist-packages/custom_interfaces/custom_interfaces_s__rosidl_typesupport_fastrtps_c.cpython-310-x86_64-linux-gnu.so
[0.912s] -- Up-to-date: /home/abdy/ros2_ws/install/custom_interfaces/local/lib/python3.10/dist-packages/custom_interfaces/srv
[0.912s] -- Up-to-date: /home/abdy/ros2_ws/install/custom_interfaces/local/lib/python3.10/dist-packages/custom_interfaces/srv/_set_process_bool.py
[0.914s] -- Up-to-date: /home/abdy/ros2_ws/install/custom_interfaces/local/lib/python3.10/dist-packages/custom_interfaces/srv/__init__.py
[0.914s] -- Up-to-date: /home/abdy/ros2_ws/install/custom_interfaces/local/lib/python3.10/dist-packages/custom_interfaces/srv/_set_process_bool_s.c
[0.959s] Listing '/home/abdy/ros2_ws/install/custom_interfaces/local/lib/python3.10/dist-packages/custom_interfaces'...
[0.960s] Listing '/home/abdy/ros2_ws/install/custom_interfaces/local/lib/python3.10/dist-packages/custom_interfaces/srv'...
[0.964s] -- Up-to-date: /home/abdy/ros2_ws/install/custom_interfaces/local/lib/python3.10/dist-packages/custom_interfaces/custom_interfaces_s__rosidl_typesupport_fastrtps_c.cpython-310-x86_64-linux-gnu.so
[0.964s] -- Up-to-date: /home/abdy/ros2_ws/install/custom_interfaces/local/lib/python3.10/dist-packages/custom_interfaces/custom_interfaces_s__rosidl_typesupport_introspection_c.cpython-310-x86_64-linux-gnu.so
[0.965s] -- Up-to-date: /home/abdy/ros2_ws/install/custom_interfaces/local/lib/python3.10/dist-packages/custom_interfaces/custom_interfaces_s__rosidl_typesupport_c.cpython-310-x86_64-linux-gnu.so
[0.965s] -- Up-to-date: /home/abdy/ros2_ws/install/custom_interfaces/lib/libcustom_interfaces__rosidl_generator_py.so
[0.965s] -- Up-to-date: /home/abdy/ros2_ws/install/custom_interfaces/share/custom_interfaces/srv/SetProcessBool.idl
[0.966s] -- Up-to-date: /home/abdy/ros2_ws/install/custom_interfaces/share/custom_interfaces/srv/SetProcessBool.srv
[0.966s] -- Up-to-date: /home/abdy/ros2_ws/install/custom_interfaces/share/custom_interfaces/srv/SetProcessBool_Request.msg
[0.966s] -- Up-to-date: /home/abdy/ros2_ws/install/custom_interfaces/share/custom_interfaces/srv/SetProcessBool_Response.msg
[0.966s] -- Up-to-date: /home/abdy/ros2_ws/install/custom_interfaces/share/ament_index/resource_index/package_run_dependencies/custom_interfaces
[0.966s] -- Up-to-date: /home/abdy/ros2_ws/install/custom_interfaces/share/ament_index/resource_index/parent_prefix_path/custom_interfaces
[0.966s] -- Up-to-date: /home/abdy/ros2_ws/install/custom_interfaces/share/custom_interfaces/environment/ament_prefix_path.sh
[0.966s] -- Up-to-date: /home/abdy/ros2_ws/install/custom_interfaces/share/custom_interfaces/environment/ament_prefix_path.dsv
[0.966s] -- Up-to-date: /home/abdy/ros2_ws/install/custom_interfaces/share/custom_interfaces/environment/path.sh
[0.966s] -- Up-to-date: /home/abdy/ros2_ws/install/custom_interfaces/share/custom_interfaces/environment/path.dsv
[0.966s] -- Up-to-date: /home/abdy/ros2_ws/install/custom_interfaces/share/custom_interfaces/local_setup.bash
[0.966s] -- Up-to-date: /home/abdy/ros2_ws/install/custom_interfaces/share/custom_interfaces/local_setup.sh
[0.966s] -- Up-to-date: /home/abdy/ros2_ws/install/custom_interfaces/share/custom_interfaces/local_setup.zsh
[0.967s] -- Up-to-date: /home/abdy/ros2_ws/install/custom_interfaces/share/custom_interfaces/local_setup.dsv
[0.967s] -- Installing: /home/abdy/ros2_ws/install/custom_interfaces/share/custom_interfaces/package.dsv
[0.970s] -- Up-to-date: /home/abdy/ros2_ws/install/custom_interfaces/share/ament_index/resource_index/packages/custom_interfaces
[0.971s] -- Up-to-date: /home/abdy/ros2_ws/install/custom_interfaces/share/custom_interfaces/cmake/export_custom_interfaces__rosidl_generator_cExport.cmake
[0.971s] -- Up-to-date: /home/abdy/ros2_ws/install/custom_interfaces/share/custom_interfaces/cmake/export_custom_interfaces__rosidl_generator_cExport-noconfig.cmake
[0.971s] -- Up-to-date: /home/abdy/ros2_ws/install/custom_interfaces/share/custom_interfaces/cmake/export_custom_interfaces__rosidl_typesupport_fastrtps_cExport.cmake
[0.974s] -- Up-to-date: /home/abdy/ros2_ws/install/custom_interfaces/share/custom_interfaces/cmake/export_custom_interfaces__rosidl_typesupport_fastrtps_cExport-noconfig.cmake
[0.974s] -- Up-to-date: /home/abdy/ros2_ws/install/custom_interfaces/share/custom_interfaces/cmake/export_custom_interfaces__rosidl_generator_cppExport.cmake
[0.974s] -- Up-to-date: /home/abdy/ros2_ws/install/custom_interfaces/share/custom_interfaces/cmake/export_custom_interfaces__rosidl_typesupport_fastrtps_cppExport.cmake
[0.974s] -- Up-to-date: /home/abdy/ros2_ws/install/custom_interfaces/share/custom_interfaces/cmake/export_custom_interfaces__rosidl_typesupport_fastrtps_cppExport-noconfig.cmake
[0.974s] -- Up-to-date: /home/abdy/ros2_ws/install/custom_interfaces/share/custom_interfaces/cmake/custom_interfaces__rosidl_typesupport_introspection_cExport.cmake
[0.974s] -- Up-to-date: /home/abdy/ros2_ws/install/custom_interfaces/share/custom_interfaces/cmake/custom_interfaces__rosidl_typesupport_introspection_cExport-noconfig.cmake
[0.974s] -- Up-to-date: /home/abdy/ros2_ws/install/custom_interfaces/share/custom_interfaces/cmake/custom_interfaces__rosidl_typesupport_cExport.cmake
[0.974s] -- Up-to-date: /home/abdy/ros2_ws/install/custom_interfaces/share/custom_interfaces/cmake/custom_interfaces__rosidl_typesupport_cExport-noconfig.cmake
[0.974s] -- Up-to-date: /home/abdy/ros2_ws/install/custom_interfaces/share/custom_interfaces/cmake/custom_interfaces__rosidl_typesupport_introspection_cppExport.cmake
[0.974s] -- Up-to-date: /home/abdy/ros2_ws/install/custom_interfaces/share/custom_interfaces/cmake/custom_interfaces__rosidl_typesupport_introspection_cppExport-noconfig.cmake
[0.974s] -- Up-to-date: /home/abdy/ros2_ws/install/custom_interfaces/share/custom_interfaces/cmake/custom_interfaces__rosidl_typesupport_cppExport.cmake
[0.974s] -- Up-to-date: /home/abdy/ros2_ws/install/custom_interfaces/share/custom_interfaces/cmake/custom_interfaces__rosidl_typesupport_cppExport-noconfig.cmake
[0.975s] -- Up-to-date: /home/abdy/ros2_ws/install/custom_interfaces/share/custom_interfaces/cmake/export_custom_interfaces__rosidl_generator_pyExport.cmake
[0.975s] -- Up-to-date: /home/abdy/ros2_ws/install/custom_interfaces/share/custom_interfaces/cmake/export_custom_interfaces__rosidl_generator_pyExport-noconfig.cmake
[0.975s] -- Up-to-date: /home/abdy/ros2_ws/install/custom_interfaces/share/custom_interfaces/cmake/rosidl_cmake-extras.cmake
[0.975s] -- Up-to-date: /home/abdy/ros2_ws/install/custom_interfaces/share/custom_interfaces/cmake/ament_cmake_export_dependencies-extras.cmake
[0.975s] -- Up-to-date: /home/abdy/ros2_ws/install/custom_interfaces/share/custom_interfaces/cmake/ament_cmake_export_include_directories-extras.cmake
[0.975s] -- Up-to-date: /home/abdy/ros2_ws/install/custom_interfaces/share/custom_interfaces/cmake/ament_cmake_export_libraries-extras.cmake
[0.975s] -- Up-to-date: /home/abdy/ros2_ws/install/custom_interfaces/share/custom_interfaces/cmake/ament_cmake_export_targets-extras.cmake
[0.975s] -- Up-to-date: /home/abdy/ros2_ws/install/custom_interfaces/share/custom_interfaces/cmake/rosidl_cmake_export_typesupport_targets-extras.cmake
[0.975s] -- Up-to-date: /home/abdy/ros2_ws/install/custom_interfaces/share/custom_interfaces/cmake/rosidl_cmake_export_typesupport_libraries-extras.cmake
[0.975s] -- Up-to-date: /home/abdy/ros2_ws/install/custom_interfaces/share/custom_interfaces/cmake/custom_interfacesConfig.cmake
[0.975s] -- Up-to-date: /home/abdy/ros2_ws/install/custom_interfaces/share/custom_interfaces/cmake/custom_interfacesConfig-version.cmake
[0.975s] -- Up-to-date: /home/abdy/ros2_ws/install/custom_interfaces/share/custom_interfaces/package.xml
[0.981s] Invoked command in '/home/abdy/ros2_ws/build/custom_interfaces' returned '0': CMAKE_PREFIX_PATH=${CMAKE_PREFIX_PATH}:/home/abdy/ros2_ws/install/signal_processing:/home/abdy/ros2_ws/install/my_py_pkg:/home/abdy/ros2_ws/install/motor_control:/home/abdy/ros2_ws/install/mini_challenge:/home/abdy/ros2_ws/install/challenge_1:/home/abdy/ros2_ws/install/challenge1:/home/abdy/ros2_ws/install/basic_comms:/opt/ros/humble /usr/bin/cmake --install /home/abdy/ros2_ws/build/custom_interfaces
