[6.323s] Invoking command in '/home/abdy/ros2_ws/src/mini_challenge': PYTHONPATH=/home/abdy/ros2_ws/build/mini_challenge/prefix_override:/usr/lib/python3/dist-packages/colcon_core/task/python/colcon_distutils_commands:/home/abdy/ros2_ws/install/mini_challenge/lib/python3.10/site-packages:${PYTHONPATH} /usr/bin/python3 -W ignore:setup.py install is deprecated -W ignore:easy_install command is deprecated setup.py egg_info --egg-base ../../build/mini_challenge build --build-base /home/abdy/ros2_ws/build/mini_challenge/build install --record /home/abdy/ros2_ws/build/mini_challenge/install.log --single-version-externally-managed install_data
[7.846s] running egg_info
[7.847s] writing ../../build/mini_challenge/mini_challenge.egg-info/PKG-INFO
[7.849s] writing dependency_links to ../../build/mini_challenge/mini_challenge.egg-info/dependency_links.txt
[7.850s] writing entry points to ../../build/mini_challenge/mini_challenge.egg-info/entry_points.txt
[7.854s] writing requirements to ../../build/mini_challenge/mini_challenge.egg-info/requires.txt
[7.854s] writing top-level names to ../../build/mini_challenge/mini_challenge.egg-info/top_level.txt
[7.859s] reading manifest file '../../build/mini_challenge/mini_challenge.egg-info/SOURCES.txt'
[7.873s] writing manifest file '../../build/mini_challenge/mini_challenge.egg-info/SOURCES.txt'
[7.874s] running build
[7.874s] running build_py
[7.874s] running install
[7.881s] running install_lib
[7.894s] running install_data
[7.898s] running install_egg_info
[7.911s] removing '/home/abdy/ros2_ws/install/mini_challenge/lib/python3.10/site-packages/mini_challenge-0.0.0-py3.10.egg-info' (and everything under it)
[7.921s] Copying ../../build/mini_challenge/mini_challenge.egg-info to /home/abdy/ros2_ws/install/mini_challenge/lib/python3.10/site-packages/mini_challenge-0.0.0-py3.10.egg-info
[7.930s] running install_scripts
[8.121s] Installing process_mini script to /home/abdy/ros2_ws/install/mini_challenge/lib/mini_challenge
[8.123s] Installing signal_generator_mini script to /home/abdy/ros2_ws/install/mini_challenge/lib/mini_challenge
[8.128s] writing list of installed files to '/home/abdy/ros2_ws/build/mini_challenge/install.log'
[8.264s] Invoked command in '/home/abdy/ros2_ws/src/mini_challenge' returned '0': PYTHONPATH=/home/abdy/ros2_ws/build/mini_challenge/prefix_override:/usr/lib/python3/dist-packages/colcon_core/task/python/colcon_distutils_commands:/home/abdy/ros2_ws/install/mini_challenge/lib/python3.10/site-packages:${PYTHONPATH} /usr/bin/python3 -W ignore:setup.py install is deprecated -W ignore:easy_install command is deprecated setup.py egg_info --egg-base ../../build/mini_challenge build --build-base /home/abdy/ros2_ws/build/mini_challenge/build install --record /home/abdy/ros2_ws/build/mini_challenge/install.log --single-version-externally-managed install_data
