[0.448s] Invoking command in '/home/abdy/ros2_ws/build/custom_interfaces': CMAKE_PREFIX_PATH=${CMAKE_PREFIX_PATH}:/home/abdy/ros2_ws/install/signal_processing:/home/abdy/ros2_ws/install/my_py_pkg:/home/abdy/ros2_ws/install/motor_control:/home/abdy/ros2_ws/install/mini_challenge:/home/abdy/ros2_ws/install/challenge_1:/home/abdy/ros2_ws/install/challenge1:/home/abdy/ros2_ws/install/basic_comms:/opt/ros/humble /usr/bin/cmake --build /home/abdy/ros2_ws/build/custom_interfaces -- -j6 -l6
[0.877s] -- Found ament_cmake: 1.3.11 (/opt/ros/humble/share/ament_cmake/cmake)
[0.878s] -- Found std_msgs: 4.2.4 (/opt/ros/humble/share/std_msgs/cmake)
[0.878s] -- Found rosidl_generator_c: 3.1.6 (/opt/ros/humble/share/rosidl_generator_c/cmake)
[0.878s] -- Found rosidl_adapter: 3.1.6 (/opt/ros/humble/share/rosidl_adapter/cmake)
[0.878s] -- Found rosidl_generator_cpp: 3.1.6 (/opt/ros/humble/share/rosidl_generator_cpp/cmake)
[0.878s] -- Using all available rosidl_typesupport_c: rosidl_typesupport_fastrtps_c;rosidl_typesupport_introspection_c
[0.878s] -- Using all available rosidl_typesupport_cpp: rosidl_typesupport_fastrtps_cpp;rosidl_typesupport_introspection_cpp
[0.879s] -- Found geometry_msgs: 4.2.4 (/opt/ros/humble/share/geometry_msgs/cmake)
[0.879s] -- Found rosidl_default_generators: 1.2.0 (/opt/ros/humble/share/rosidl_default_generators/cmake)
[0.964s] -- Found ament_cmake_ros: 0.10.0 (/opt/ros/humble/share/ament_cmake_ros/cmake)
[1.514s] -- Using all available rosidl_typesupport_c: rosidl_typesupport_fastrtps_c;rosidl_typesupport_introspection_c
[1.715s] -- Using all available rosidl_typesupport_cpp: rosidl_typesupport_fastrtps_cpp;rosidl_typesupport_introspection_cpp
[1.737s] -- Found python_cmake_module: 0.10.0 (/opt/ros/humble/share/python_cmake_module/cmake)
[1.759s] -- Using PYTHON_EXECUTABLE: /usr/bin/python3
[1.759s] -- Using PYTHON_INCLUDE_DIRS: /usr/include/python3.10
[1.759s] -- Using PYTHON_LIBRARIES: /usr/lib/x86_64-linux-gnu/libpython3.10.so
[1.784s] -- Found ament_lint_auto: 0.12.11 (/opt/ros/humble/share/ament_lint_auto/cmake)
[1.792s] -- Added test 'lint_cmake' to check CMake code style
[1.793s] -- Added test 'xmllint' to check XML markup files
[1.795s] -- Configuring done
[1.832s] -- Generating done
[1.843s] -- Build files have been written to: /home/abdy/ros2_ws/build/custom_interfaces
[1.873s] [35m[1mConsolidate compiler generated dependencies of target custom_interfaces__rosidl_generator_c[0m
[1.889s] [  9%] Built target custom_interfaces__rosidl_generator_c
[1.890s] [ 12%] Built target custom_interfaces__cpp
[1.903s] [ 12%] Built target ament_cmake_python_copy_custom_interfaces
[1.904s] [35m[1mConsolidate compiler generated dependencies of target custom_interfaces__rosidl_typesupport_fastrtps_c[0m
[1.907s] [35m[1mConsolidate compiler generated dependencies of target custom_interfaces__rosidl_typesupport_introspection_cpp[0m
[1.907s] [35m[1mConsolidate compiler generated dependencies of target custom_interfaces__rosidl_typesupport_introspection_c[0m
[1.909s] [35m[1mConsolidate compiler generated dependencies of target custom_interfaces__rosidl_typesupport_c[0m
[1.928s] [35m[1mConsolidate compiler generated dependencies of target custom_interfaces__rosidl_typesupport_cpp[0m
[1.931s] [35m[1mConsolidate compiler generated dependencies of target custom_interfaces__rosidl_typesupport_fastrtps_cpp[0m
[1.933s] [ 22%] Built target custom_interfaces__rosidl_typesupport_introspection_c
[1.950s] [ 32%] Built target custom_interfaces__rosidl_typesupport_c
[1.956s] [ 41%] Built target custom_interfaces__rosidl_typesupport_fastrtps_c
[1.956s] [ 51%] Built target custom_interfaces__rosidl_typesupport_introspection_cpp
[1.960s] [ 61%] Built target custom_interfaces__rosidl_typesupport_fastrtps_cpp
[1.968s] [ 70%] Built target custom_interfaces__rosidl_typesupport_cpp
[2.000s] [ 70%] Built target custom_interfaces
[2.028s] [ 74%] Built target custom_interfaces__py
[2.046s] [35m[1mConsolidate compiler generated dependencies of target custom_interfaces__rosidl_generator_py[0m
[2.061s] [ 80%] Built target custom_interfaces__rosidl_generator_py
[2.076s] [35m[1mConsolidate compiler generated dependencies of target custom_interfaces__rosidl_typesupport_fastrtps_c__pyext[0m
[2.076s] [35m[1mConsolidate compiler generated dependencies of target custom_interfaces__rosidl_typesupport_c__pyext[0m
[2.080s] [35m[1mConsolidate compiler generated dependencies of target custom_interfaces__rosidl_typesupport_introspection_c__pyext[0m
[2.096s] [ 87%] Built target custom_interfaces__rosidl_typesupport_c__pyext
[2.101s] [ 93%] Built target custom_interfaces__rosidl_typesupport_fastrtps_c__pyext
[2.113s] [100%] Built target custom_interfaces__rosidl_typesupport_introspection_c__pyext
[2.169s] running egg_info
[2.169s] writing custom_interfaces.egg-info/PKG-INFO
[2.170s] writing dependency_links to custom_interfaces.egg-info/dependency_links.txt
[2.170s] writing top-level names to custom_interfaces.egg-info/top_level.txt
[2.172s] reading manifest file 'custom_interfaces.egg-info/SOURCES.txt'
[2.172s] writing manifest file 'custom_interfaces.egg-info/SOURCES.txt'
[2.203s] [100%] Built target ament_cmake_python_build_custom_interfaces_egg
[2.254s] Invoked command in '/home/abdy/ros2_ws/build/custom_interfaces' returned '0': CMAKE_PREFIX_PATH=${CMAKE_PREFIX_PATH}:/home/abdy/ros2_ws/install/signal_processing:/home/abdy/ros2_ws/install/my_py_pkg:/home/abdy/ros2_ws/install/motor_control:/home/abdy/ros2_ws/install/mini_challenge:/home/abdy/ros2_ws/install/challenge_1:/home/abdy/ros2_ws/install/challenge1:/home/abdy/ros2_ws/install/basic_comms:/opt/ros/humble /usr/bin/cmake --build /home/abdy/ros2_ws/build/custom_interfaces -- -j6 -l6
[2.258s] Invoking command in '/home/abdy/ros2_ws/build/custom_interfaces': CMAKE_PREFIX_PATH=${CMAKE_PREFIX_PATH}:/home/abdy/ros2_ws/install/signal_processing:/home/abdy/ros2_ws/install/my_py_pkg:/home/abdy/ros2_ws/install/motor_control:/home/abdy/ros2_ws/install/mini_challenge:/home/abdy/ros2_ws/install/challenge_1:/home/abdy/ros2_ws/install/challenge1:/home/abdy/ros2_ws/install/basic_comms:/opt/ros/humble /usr/bin/cmake --install /home/abdy/ros2_ws/build/custom_interfaces
[2.266s] -- Install configuration: ""
[2.266s] -- Up-to-date: /home/abdy/ros2_ws/install/custom_interfaces/share/ament_index/resource_index/rosidl_interfaces/custom_interfaces
[2.266s] -- Up-to-date: /home/abdy/ros2_ws/install/custom_interfaces/include/custom_interfaces/custom_interfaces
[2.266s] -- Up-to-date: /home/abdy/ros2_ws/install/custom_interfaces/include/custom_interfaces/custom_interfaces/msg
[2.266s] -- Up-to-date: /home/abdy/ros2_ws/install/custom_interfaces/include/custom_interfaces/custom_interfaces/msg/rosidl_generator_c__visibility_control.h
[2.267s] -- Up-to-date: /home/abdy/ros2_ws/install/custom_interfaces/include/custom_interfaces/custom_interfaces/srv
[2.267s] -- Up-to-date: /home/abdy/ros2_ws/install/custom_interfaces/include/custom_interfaces/custom_interfaces/srv/detail
[2.267s] -- Up-to-date: /home/abdy/ros2_ws/install/custom_interfaces/include/custom_interfaces/custom_interfaces/srv/detail/set_process_bool__struct.h
[2.267s] -- Up-to-date: /home/abdy/ros2_ws/install/custom_interfaces/include/custom_interfaces/custom_interfaces/srv/detail/set_process_bool__functions.h
[2.267s] -- Up-to-date: /home/abdy/ros2_ws/install/custom_interfaces/include/custom_interfaces/custom_interfaces/srv/detail/set_process_bool__type_support.h
[2.267s] -- Up-to-date: /home/abdy/ros2_ws/install/custom_interfaces/include/custom_interfaces/custom_interfaces/srv/detail/set_process_bool__functions.c
[2.267s] -- Up-to-date: /home/abdy/ros2_ws/install/custom_interfaces/include/custom_interfaces/custom_interfaces/srv/set_process_bool.h
[2.267s] -- Up-to-date: /home/abdy/ros2_ws/install/custom_interfaces/share/custom_interfaces/environment/library_path.sh
[2.267s] -- Installing: /home/abdy/ros2_ws/install/custom_interfaces/share/custom_interfaces/environment/library_path.dsv
[2.267s] -- Up-to-date: /home/abdy/ros2_ws/install/custom_interfaces/lib/libcustom_interfaces__rosidl_generator_c.so
[2.267s] -- Up-to-date: /home/abdy/ros2_ws/install/custom_interfaces/include/custom_interfaces/custom_interfaces
[2.267s] -- Up-to-date: /home/abdy/ros2_ws/install/custom_interfaces/include/custom_interfaces/custom_interfaces/msg
[2.267s] -- Up-to-date: /home/abdy/ros2_ws/install/custom_interfaces/include/custom_interfaces/custom_interfaces/msg/rosidl_typesupport_fastrtps_c__visibility_control.h
[2.267s] -- Up-to-date: /home/abdy/ros2_ws/install/custom_interfaces/include/custom_interfaces/custom_interfaces/srv
[2.267s] -- Up-to-date: /home/abdy/ros2_ws/install/custom_interfaces/include/custom_interfaces/custom_interfaces/srv/detail
[2.267s] -- Up-to-date: /home/abdy/ros2_ws/install/custom_interfaces/include/custom_interfaces/custom_interfaces/srv/detail/set_process_bool__rosidl_typesupport_fastrtps_c.h
[2.267s] -- Up-to-date: /home/abdy/ros2_ws/install/custom_interfaces/lib/libcustom_interfaces__rosidl_typesupport_fastrtps_c.so
[2.268s] -- Up-to-date: /home/abdy/ros2_ws/install/custom_interfaces/include/custom_interfaces/custom_interfaces
[2.268s] -- Up-to-date: /home/abdy/ros2_ws/install/custom_interfaces/include/custom_interfaces/custom_interfaces/msg
[2.268s] -- Up-to-date: /home/abdy/ros2_ws/install/custom_interfaces/include/custom_interfaces/custom_interfaces/msg/rosidl_generator_cpp__visibility_control.hpp
[2.268s] -- Up-to-date: /home/abdy/ros2_ws/install/custom_interfaces/include/custom_interfaces/custom_interfaces/srv
[2.268s] -- Up-to-date: /home/abdy/ros2_ws/install/custom_interfaces/include/custom_interfaces/custom_interfaces/srv/detail
[2.268s] -- Up-to-date: /home/abdy/ros2_ws/install/custom_interfaces/include/custom_interfaces/custom_interfaces/srv/detail/set_process_bool__traits.hpp
[2.268s] -- Up-to-date: /home/abdy/ros2_ws/install/custom_interfaces/include/custom_interfaces/custom_interfaces/srv/detail/set_process_bool__builder.hpp
[2.268s] -- Up-to-date: /home/abdy/ros2_ws/install/custom_interfaces/include/custom_interfaces/custom_interfaces/srv/detail/set_process_bool__type_support.hpp
[2.268s] -- Up-to-date: /home/abdy/ros2_ws/install/custom_interfaces/include/custom_interfaces/custom_interfaces/srv/detail/set_process_bool__struct.hpp
[2.268s] -- Up-to-date: /home/abdy/ros2_ws/install/custom_interfaces/include/custom_interfaces/custom_interfaces/srv/set_process_bool.hpp
[2.268s] -- Up-to-date: /home/abdy/ros2_ws/install/custom_interfaces/include/custom_interfaces/custom_interfaces
[2.268s] -- Up-to-date: /home/abdy/ros2_ws/install/custom_interfaces/include/custom_interfaces/custom_interfaces/msg
[2.268s] -- Up-to-date: /home/abdy/ros2_ws/install/custom_interfaces/include/custom_interfaces/custom_interfaces/msg/rosidl_typesupport_fastrtps_cpp__visibility_control.h
[2.268s] -- Up-to-date: /home/abdy/ros2_ws/install/custom_interfaces/include/custom_interfaces/custom_interfaces/srv
[2.268s] -- Up-to-date: /home/abdy/ros2_ws/install/custom_interfaces/include/custom_interfaces/custom_interfaces/srv/detail
[2.268s] -- Up-to-date: /home/abdy/ros2_ws/install/custom_interfaces/include/custom_interfaces/custom_interfaces/srv/detail/set_process_bool__rosidl_typesupport_fastrtps_cpp.hpp
[2.268s] -- Up-to-date: /home/abdy/ros2_ws/install/custom_interfaces/include/custom_interfaces/custom_interfaces/srv/detail/dds_fastrtps
[2.268s] -- Up-to-date: /home/abdy/ros2_ws/install/custom_interfaces/lib/libcustom_interfaces__rosidl_typesupport_fastrtps_cpp.so
[2.268s] -- Up-to-date: /home/abdy/ros2_ws/install/custom_interfaces/include/custom_interfaces/custom_interfaces
[2.268s] -- Up-to-date: /home/abdy/ros2_ws/install/custom_interfaces/include/custom_interfaces/custom_interfaces/msg
[2.268s] -- Up-to-date: /home/abdy/ros2_ws/install/custom_interfaces/include/custom_interfaces/custom_interfaces/msg/rosidl_typesupport_introspection_c__visibility_control.h
[2.268s] -- Up-to-date: /home/abdy/ros2_ws/install/custom_interfaces/include/custom_interfaces/custom_interfaces/srv
[2.268s] -- Up-to-date: /home/abdy/ros2_ws/install/custom_interfaces/include/custom_interfaces/custom_interfaces/srv/detail
[2.268s] -- Up-to-date: /home/abdy/ros2_ws/install/custom_interfaces/include/custom_interfaces/custom_interfaces/srv/detail/set_process_bool__rosidl_typesupport_introspection_c.h
[2.269s] -- Up-to-date: /home/abdy/ros2_ws/install/custom_interfaces/include/custom_interfaces/custom_interfaces/srv/detail/set_process_bool__type_support.c
[2.269s] -- Up-to-date: /home/abdy/ros2_ws/install/custom_interfaces/lib/libcustom_interfaces__rosidl_typesupport_introspection_c.so
[2.269s] -- Up-to-date: /home/abdy/ros2_ws/install/custom_interfaces/lib/libcustom_interfaces__rosidl_typesupport_c.so
[2.269s] -- Up-to-date: /home/abdy/ros2_ws/install/custom_interfaces/include/custom_interfaces/custom_interfaces
[2.269s] -- Up-to-date: /home/abdy/ros2_ws/install/custom_interfaces/include/custom_interfaces/custom_interfaces/srv
[2.269s] -- Up-to-date: /home/abdy/ros2_ws/install/custom_interfaces/include/custom_interfaces/custom_interfaces/srv/detail
[2.269s] -- Up-to-date: /home/abdy/ros2_ws/install/custom_interfaces/include/custom_interfaces/custom_interfaces/srv/detail/set_process_bool__rosidl_typesupport_introspection_cpp.hpp
[2.269s] -- Up-to-date: /home/abdy/ros2_ws/install/custom_interfaces/include/custom_interfaces/custom_interfaces/srv/detail/set_process_bool__type_support.cpp
[2.270s] -- Up-to-date: /home/abdy/ros2_ws/install/custom_interfaces/lib/libcustom_interfaces__rosidl_typesupport_introspection_cpp.so
[2.270s] -- Up-to-date: /home/abdy/ros2_ws/install/custom_interfaces/lib/libcustom_interfaces__rosidl_typesupport_cpp.so
[2.270s] -- Up-to-date: /home/abdy/ros2_ws/install/custom_interfaces/share/custom_interfaces/environment/pythonpath.sh
[2.270s] -- Installing: /home/abdy/ros2_ws/install/custom_interfaces/share/custom_interfaces/environment/pythonpath.dsv
[2.270s] -- Up-to-date: /home/abdy/ros2_ws/install/custom_interfaces/local/lib/python3.10/dist-packages/custom_interfaces-0.0.0-py3.10.egg-info
[2.270s] -- Installing: /home/abdy/ros2_ws/install/custom_interfaces/local/lib/python3.10/dist-packages/custom_interfaces-0.0.0-py3.10.egg-info/dependency_links.txt
[2.270s] -- Installing: /home/abdy/ros2_ws/install/custom_interfaces/local/lib/python3.10/dist-packages/custom_interfaces-0.0.0-py3.10.egg-info/SOURCES.txt
[2.270s] -- Installing: /home/abdy/ros2_ws/install/custom_interfaces/local/lib/python3.10/dist-packages/custom_interfaces-0.0.0-py3.10.egg-info/PKG-INFO
[2.270s] -- Installing: /home/abdy/ros2_ws/install/custom_interfaces/local/lib/python3.10/dist-packages/custom_interfaces-0.0.0-py3.10.egg-info/top_level.txt
[2.270s] -- Up-to-date: /home/abdy/ros2_ws/install/custom_interfaces/local/lib/python3.10/dist-packages/custom_interfaces
[2.270s] -- Up-to-date: /home/abdy/ros2_ws/install/custom_interfaces/local/lib/python3.10/dist-packages/custom_interfaces/_custom_interfaces_s.ep.rosidl_typesupport_fastrtps_c.c
[2.270s] -- Up-to-date: /home/abdy/ros2_ws/install/custom_interfaces/local/lib/python3.10/dist-packages/custom_interfaces/_custom_interfaces_s.ep.rosidl_typesupport_introspection_c.c
[2.270s] -- Up-to-date: /home/abdy/ros2_ws/install/custom_interfaces/local/lib/python3.10/dist-packages/custom_interfaces/custom_interfaces_s__rosidl_typesupport_introspection_c.cpython-310-x86_64-linux-gnu.so
[2.270s] -- Up-to-date: /home/abdy/ros2_ws/install/custom_interfaces/local/lib/python3.10/dist-packages/custom_interfaces/_custom_interfaces_s.ep.rosidl_typesupport_c.c
[2.270s] -- Installing: /home/abdy/ros2_ws/install/custom_interfaces/local/lib/python3.10/dist-packages/custom_interfaces/__init__.py
[2.271s] -- Up-to-date: /home/abdy/ros2_ws/install/custom_interfaces/local/lib/python3.10/dist-packages/custom_interfaces/custom_interfaces_s__rosidl_typesupport_c.cpython-310-x86_64-linux-gnu.so
[2.271s] -- Up-to-date: /home/abdy/ros2_ws/install/custom_interfaces/local/lib/python3.10/dist-packages/custom_interfaces/libcustom_interfaces__rosidl_generator_py.so
[2.271s] -- Up-to-date: /home/abdy/ros2_ws/install/custom_interfaces/local/lib/python3.10/dist-packages/custom_interfaces/custom_interfaces_s__rosidl_typesupport_fastrtps_c.cpython-310-x86_64-linux-gnu.so
[2.271s] -- Up-to-date: /home/abdy/ros2_ws/install/custom_interfaces/local/lib/python3.10/dist-packages/custom_interfaces/srv
[2.271s] -- Up-to-date: /home/abdy/ros2_ws/install/custom_interfaces/local/lib/python3.10/dist-packages/custom_interfaces/srv/_set_process_bool.py
[2.271s] -- Up-to-date: /home/abdy/ros2_ws/install/custom_interfaces/local/lib/python3.10/dist-packages/custom_interfaces/srv/__init__.py
[2.271s] -- Up-to-date: /home/abdy/ros2_ws/install/custom_interfaces/local/lib/python3.10/dist-packages/custom_interfaces/srv/_set_process_bool_s.c
[2.313s] Listing '/home/abdy/ros2_ws/install/custom_interfaces/local/lib/python3.10/dist-packages/custom_interfaces'...
[2.313s] Compiling '/home/abdy/ros2_ws/install/custom_interfaces/local/lib/python3.10/dist-packages/custom_interfaces/__init__.py'...
[2.313s] Listing '/home/abdy/ros2_ws/install/custom_interfaces/local/lib/python3.10/dist-packages/custom_interfaces/srv'...
[2.318s] -- Up-to-date: /home/abdy/ros2_ws/install/custom_interfaces/local/lib/python3.10/dist-packages/custom_interfaces/custom_interfaces_s__rosidl_typesupport_fastrtps_c.cpython-310-x86_64-linux-gnu.so
[2.318s] -- Up-to-date: /home/abdy/ros2_ws/install/custom_interfaces/local/lib/python3.10/dist-packages/custom_interfaces/custom_interfaces_s__rosidl_typesupport_introspection_c.cpython-310-x86_64-linux-gnu.so
[2.318s] -- Up-to-date: /home/abdy/ros2_ws/install/custom_interfaces/local/lib/python3.10/dist-packages/custom_interfaces/custom_interfaces_s__rosidl_typesupport_c.cpython-310-x86_64-linux-gnu.so
[2.318s] -- Up-to-date: /home/abdy/ros2_ws/install/custom_interfaces/lib/libcustom_interfaces__rosidl_generator_py.so
[2.319s] -- Up-to-date: /home/abdy/ros2_ws/install/custom_interfaces/share/custom_interfaces/srv/SetProcessBool.idl
[2.319s] -- Up-to-date: /home/abdy/ros2_ws/install/custom_interfaces/share/custom_interfaces/srv/SetProcessBool.srv
[2.319s] -- Up-to-date: /home/abdy/ros2_ws/install/custom_interfaces/share/custom_interfaces/srv/SetProcessBool_Request.msg
[2.319s] -- Up-to-date: /home/abdy/ros2_ws/install/custom_interfaces/share/custom_interfaces/srv/SetProcessBool_Response.msg
[2.319s] -- Up-to-date: /home/abdy/ros2_ws/install/custom_interfaces/share/ament_index/resource_index/package_run_dependencies/custom_interfaces
[2.319s] -- Installing: /home/abdy/ros2_ws/install/custom_interfaces/share/ament_index/resource_index/parent_prefix_path/custom_interfaces
[2.319s] -- Up-to-date: /home/abdy/ros2_ws/install/custom_interfaces/share/custom_interfaces/environment/ament_prefix_path.sh
[2.319s] -- Installing: /home/abdy/ros2_ws/install/custom_interfaces/share/custom_interfaces/environment/ament_prefix_path.dsv
[2.319s] -- Up-to-date: /home/abdy/ros2_ws/install/custom_interfaces/share/custom_interfaces/environment/path.sh
[2.319s] -- Installing: /home/abdy/ros2_ws/install/custom_interfaces/share/custom_interfaces/environment/path.dsv
[2.319s] -- Up-to-date: /home/abdy/ros2_ws/install/custom_interfaces/share/custom_interfaces/local_setup.bash
[2.319s] -- Up-to-date: /home/abdy/ros2_ws/install/custom_interfaces/share/custom_interfaces/local_setup.sh
[2.319s] -- Up-to-date: /home/abdy/ros2_ws/install/custom_interfaces/share/custom_interfaces/local_setup.zsh
[2.319s] -- Installing: /home/abdy/ros2_ws/install/custom_interfaces/share/custom_interfaces/local_setup.dsv
[2.319s] -- Installing: /home/abdy/ros2_ws/install/custom_interfaces/share/custom_interfaces/package.dsv
[2.319s] -- Up-to-date: /home/abdy/ros2_ws/install/custom_interfaces/share/ament_index/resource_index/packages/custom_interfaces
[2.319s] -- Up-to-date: /home/abdy/ros2_ws/install/custom_interfaces/share/custom_interfaces/cmake/export_custom_interfaces__rosidl_generator_cExport.cmake
[2.319s] -- Up-to-date: /home/abdy/ros2_ws/install/custom_interfaces/share/custom_interfaces/cmake/export_custom_interfaces__rosidl_generator_cExport-noconfig.cmake
[2.319s] -- Up-to-date: /home/abdy/ros2_ws/install/custom_interfaces/share/custom_interfaces/cmake/export_custom_interfaces__rosidl_typesupport_fastrtps_cExport.cmake
[2.319s] -- Up-to-date: /home/abdy/ros2_ws/install/custom_interfaces/share/custom_interfaces/cmake/export_custom_interfaces__rosidl_typesupport_fastrtps_cExport-noconfig.cmake
[2.319s] -- Up-to-date: /home/abdy/ros2_ws/install/custom_interfaces/share/custom_interfaces/cmake/export_custom_interfaces__rosidl_generator_cppExport.cmake
[2.320s] -- Up-to-date: /home/abdy/ros2_ws/install/custom_interfaces/share/custom_interfaces/cmake/export_custom_interfaces__rosidl_typesupport_fastrtps_cppExport.cmake
[2.320s] -- Up-to-date: /home/abdy/ros2_ws/install/custom_interfaces/share/custom_interfaces/cmake/export_custom_interfaces__rosidl_typesupport_fastrtps_cppExport-noconfig.cmake
[2.320s] -- Up-to-date: /home/abdy/ros2_ws/install/custom_interfaces/share/custom_interfaces/cmake/custom_interfaces__rosidl_typesupport_introspection_cExport.cmake
[2.320s] -- Up-to-date: /home/abdy/ros2_ws/install/custom_interfaces/share/custom_interfaces/cmake/custom_interfaces__rosidl_typesupport_introspection_cExport-noconfig.cmake
[2.320s] -- Up-to-date: /home/abdy/ros2_ws/install/custom_interfaces/share/custom_interfaces/cmake/custom_interfaces__rosidl_typesupport_cExport.cmake
[2.320s] -- Up-to-date: /home/abdy/ros2_ws/install/custom_interfaces/share/custom_interfaces/cmake/custom_interfaces__rosidl_typesupport_cExport-noconfig.cmake
[2.320s] -- Up-to-date: /home/abdy/ros2_ws/install/custom_interfaces/share/custom_interfaces/cmake/custom_interfaces__rosidl_typesupport_introspection_cppExport.cmake
[2.320s] -- Up-to-date: /home/abdy/ros2_ws/install/custom_interfaces/share/custom_interfaces/cmake/custom_interfaces__rosidl_typesupport_introspection_cppExport-noconfig.cmake
[2.320s] -- Up-to-date: /home/abdy/ros2_ws/install/custom_interfaces/share/custom_interfaces/cmake/custom_interfaces__rosidl_typesupport_cppExport.cmake
[2.320s] -- Up-to-date: /home/abdy/ros2_ws/install/custom_interfaces/share/custom_interfaces/cmake/custom_interfaces__rosidl_typesupport_cppExport-noconfig.cmake
[2.320s] -- Up-to-date: /home/abdy/ros2_ws/install/custom_interfaces/share/custom_interfaces/cmake/export_custom_interfaces__rosidl_generator_pyExport.cmake
[2.320s] -- Up-to-date: /home/abdy/ros2_ws/install/custom_interfaces/share/custom_interfaces/cmake/export_custom_interfaces__rosidl_generator_pyExport-noconfig.cmake
[2.320s] -- Up-to-date: /home/abdy/ros2_ws/install/custom_interfaces/share/custom_interfaces/cmake/rosidl_cmake-extras.cmake
[2.320s] -- Up-to-date: /home/abdy/ros2_ws/install/custom_interfaces/share/custom_interfaces/cmake/ament_cmake_export_dependencies-extras.cmake
[2.320s] -- Up-to-date: /home/abdy/ros2_ws/install/custom_interfaces/share/custom_interfaces/cmake/ament_cmake_export_include_directories-extras.cmake
[2.320s] -- Up-to-date: /home/abdy/ros2_ws/install/custom_interfaces/share/custom_interfaces/cmake/ament_cmake_export_libraries-extras.cmake
[2.321s] -- Up-to-date: /home/abdy/ros2_ws/install/custom_interfaces/share/custom_interfaces/cmake/ament_cmake_export_targets-extras.cmake
[2.321s] -- Up-to-date: /home/abdy/ros2_ws/install/custom_interfaces/share/custom_interfaces/cmake/rosidl_cmake_export_typesupport_targets-extras.cmake
[2.321s] -- Up-to-date: /home/abdy/ros2_ws/install/custom_interfaces/share/custom_interfaces/cmake/rosidl_cmake_export_typesupport_libraries-extras.cmake
[2.321s] -- Up-to-date: /home/abdy/ros2_ws/install/custom_interfaces/share/custom_interfaces/cmake/custom_interfacesConfig.cmake
[2.321s] -- Up-to-date: /home/abdy/ros2_ws/install/custom_interfaces/share/custom_interfaces/cmake/custom_interfacesConfig-version.cmake
[2.321s] -- Up-to-date: /home/abdy/ros2_ws/install/custom_interfaces/share/custom_interfaces/package.xml
[2.327s] Invoked command in '/home/abdy/ros2_ws/build/custom_interfaces' returned '0': CMAKE_PREFIX_PATH=${CMAKE_PREFIX_PATH}:/home/abdy/ros2_ws/install/signal_processing:/home/abdy/ros2_ws/install/my_py_pkg:/home/abdy/ros2_ws/install/motor_control:/home/abdy/ros2_ws/install/mini_challenge:/home/abdy/ros2_ws/install/challenge_1:/home/abdy/ros2_ws/install/challenge1:/home/abdy/ros2_ws/install/basic_comms:/opt/ros/humble /usr/bin/cmake --install /home/abdy/ros2_ws/build/custom_interfaces
