[1.406s] Invoking command in '/home/abdy/ros2_ws/src/challenge2': PYTHONPATH=/home/abdy/ros2_ws/build/challenge2/prefix_override:/usr/lib/python3/dist-packages/colcon_core/task/python/colcon_distutils_commands:/home/abdy/ros2_ws/install/challenge2/lib/python3.10/site-packages:${PYTHONPATH} /usr/bin/python3 -W ignore:setup.py install is deprecated -W ignore:easy_install command is deprecated setup.py egg_info --egg-base ../../build/challenge2 build --build-base /home/abdy/ros2_ws/build/challenge2/build install --record /home/abdy/ros2_ws/build/challenge2/install.log --single-version-externally-managed install_data
[1.725s] running egg_info
[1.726s] writing ../../build/challenge2/challenge2.egg-info/PKG-INFO
[1.726s] writing dependency_links to ../../build/challenge2/challenge2.egg-info/dependency_links.txt
[1.726s] writing entry points to ../../build/challenge2/challenge2.egg-info/entry_points.txt
[1.727s] writing requirements to ../../build/challenge2/challenge2.egg-info/requires.txt
[1.728s] writing top-level names to ../../build/challenge2/challenge2.egg-info/top_level.txt
[1.728s] reading manifest file '../../build/challenge2/challenge2.egg-info/SOURCES.txt'
[1.730s] writing manifest file '../../build/challenge2/challenge2.egg-info/SOURCES.txt'
[1.731s] running build
[1.731s] running build_py
[1.731s] copying challenge2/motor_sys.py -> /home/abdy/ros2_ws/build/challenge2/build/lib/challenge2
[1.732s] running install
[1.732s] running install_lib
[1.732s] copying /home/abdy/ros2_ws/build/challenge2/build/lib/challenge2/motor_sys.py -> /home/abdy/ros2_ws/install/challenge2/lib/python3.10/site-packages/challenge2
[1.732s] byte-compiling /home/abdy/ros2_ws/install/challenge2/lib/python3.10/site-packages/challenge2/motor_sys.py to motor_sys.cpython-310.pyc
[1.735s] running install_data
[1.735s] running install_egg_info
[1.736s] removing '/home/abdy/ros2_ws/install/challenge2/lib/python3.10/site-packages/challenge2-0.0.0-py3.10.egg-info' (and everything under it)
[1.736s] Copying ../../build/challenge2/challenge2.egg-info to /home/abdy/ros2_ws/install/challenge2/lib/python3.10/site-packages/challenge2-0.0.0-py3.10.egg-info
[1.736s] running install_scripts
[1.767s] Installing ctrl script to /home/abdy/ros2_ws/install/challenge2/lib/challenge2
[1.780s] Installing motor_sys script to /home/abdy/ros2_ws/install/challenge2/lib/challenge2
[1.780s] Installing sp_gen script to /home/abdy/ros2_ws/install/challenge2/lib/challenge2
[1.780s] writing list of installed files to '/home/abdy/ros2_ws/build/challenge2/install.log'
[2.059s] Invoked command in '/home/abdy/ros2_ws/src/challenge2' returned '0': PYTHONPATH=/home/abdy/ros2_ws/build/challenge2/prefix_override:/usr/lib/python3/dist-packages/colcon_core/task/python/colcon_distutils_commands:/home/abdy/ros2_ws/install/challenge2/lib/python3.10/site-packages:${PYTHONPATH} /usr/bin/python3 -W ignore:setup.py install is deprecated -W ignore:easy_install command is deprecated setup.py egg_info --egg-base ../../build/challenge2 build --build-base /home/abdy/ros2_ws/build/challenge2/build install --record /home/abdy/ros2_ws/build/challenge2/install.log --single-version-externally-managed install_data
