[2.631s] Invoking command in '/home/abdy/ros2_ws/src/challenge1': PYTHONPATH=/home/abdy/ros2_ws/build/challenge1/prefix_override:/usr/lib/python3/dist-packages/colcon_core/task/python/colcon_distutils_commands:/home/abdy/ros2_ws/install/challenge1/lib/python3.10/site-packages:${PYTHONPATH} /usr/bin/python3 -W ignore:setup.py install is deprecated -W ignore:easy_install command is deprecated setup.py egg_info --egg-base ../../build/challenge1 build --build-base /home/abdy/ros2_ws/build/challenge1/build install --record /home/abdy/ros2_ws/build/challenge1/install.log --single-version-externally-managed install_data
[3.043s] running egg_info
[3.046s] writing ../../build/challenge1/challenge1.egg-info/PKG-INFO
[3.047s] writing dependency_links to ../../build/challenge1/challenge1.egg-info/dependency_links.txt
[3.047s] writing entry points to ../../build/challenge1/challenge1.egg-info/entry_points.txt
[3.047s] writing requirements to ../../build/challenge1/challenge1.egg-info/requires.txt
[3.047s] writing top-level names to ../../build/challenge1/challenge1.egg-info/top_level.txt
[3.049s] reading manifest file '../../build/challenge1/challenge1.egg-info/SOURCES.txt'
[3.051s] writing manifest file '../../build/challenge1/challenge1.egg-info/SOURCES.txt'
[3.052s] running build
[3.053s] running build_py
[3.053s] copying challenge1/process.py -> /home/abdy/ros2_ws/build/challenge1/build/lib/challenge1
[3.053s] running install
[3.055s] running install_lib
[3.055s] copying /home/abdy/ros2_ws/build/challenge1/build/lib/challenge1/process.py -> /home/abdy/ros2_ws/install/challenge1/lib/python3.10/site-packages/challenge1
[3.057s] byte-compiling /home/abdy/ros2_ws/install/challenge1/lib/python3.10/site-packages/challenge1/process.py to process.cpython-310.pyc
[3.058s] running install_data
[3.059s] running install_egg_info
[3.068s] removing '/home/abdy/ros2_ws/install/challenge1/lib/python3.10/site-packages/challenge1-0.0.0-py3.10.egg-info' (and everything under it)
[3.068s] Copying ../../build/challenge1/challenge1.egg-info to /home/abdy/ros2_ws/install/challenge1/lib/python3.10/site-packages/challenge1-0.0.0-py3.10.egg-info
[3.068s] running install_scripts
[3.106s] Installing process script to /home/abdy/ros2_ws/install/challenge1/lib/challenge1
[3.107s] Installing signal_generator script to /home/abdy/ros2_ws/install/challenge1/lib/challenge1
[3.108s] writing list of installed files to '/home/abdy/ros2_ws/build/challenge1/install.log'
[3.129s] Invoked command in '/home/abdy/ros2_ws/src/challenge1' returned '0': PYTHONPATH=/home/abdy/ros2_ws/build/challenge1/prefix_override:/usr/lib/python3/dist-packages/colcon_core/task/python/colcon_distutils_commands:/home/abdy/ros2_ws/install/challenge1/lib/python3.10/site-packages:${PYTHONPATH} /usr/bin/python3 -W ignore:setup.py install is deprecated -W ignore:easy_install command is deprecated setup.py egg_info --egg-base ../../build/challenge1 build --build-base /home/abdy/ros2_ws/build/challenge1/build install --record /home/abdy/ros2_ws/build/challenge1/install.log --single-version-externally-managed install_data
