[1.687s] Invoking command in '/home/abdy/ros2_ws/src/mini_challenge': PYTHONPATH=/home/abdy/ros2_ws/build/mini_challenge/prefix_override:/usr/lib/python3/dist-packages/colcon_core/task/python/colcon_distutils_commands:/home/abdy/ros2_ws/install/mini_challenge/lib/python3.10/site-packages:${PYTHONPATH} /usr/bin/python3 -W ignore:setup.py install is deprecated -W ignore:easy_install command is deprecated setup.py egg_info --egg-base ../../build/mini_challenge build --build-base /home/abdy/ros2_ws/build/mini_challenge/build install --record /home/abdy/ros2_ws/build/mini_challenge/install.log --single-version-externally-managed install_data
[2.185s] running egg_info
[2.186s] writing ../../build/mini_challenge/mini_challenge.egg-info/PKG-INFO
[2.187s] writing dependency_links to ../../build/mini_challenge/mini_challenge.egg-info/dependency_links.txt
[2.188s] writing entry points to ../../build/mini_challenge/mini_challenge.egg-info/entry_points.txt
[2.188s] writing requirements to ../../build/mini_challenge/mini_challenge.egg-info/requires.txt
[2.188s] writing top-level names to ../../build/mini_challenge/mini_challenge.egg-info/top_level.txt
[2.191s] reading manifest file '../../build/mini_challenge/mini_challenge.egg-info/SOURCES.txt'
[2.193s] writing manifest file '../../build/mini_challenge/mini_challenge.egg-info/SOURCES.txt'
[2.193s] running build
[2.193s] running build_py
[2.195s] running install
[2.195s] running install_lib
[2.195s] running install_data
[2.195s] running install_egg_info
[2.199s] removing '/home/abdy/ros2_ws/install/mini_challenge/lib/python3.10/site-packages/mini_challenge-0.0.0-py3.10.egg-info' (and everything under it)
[2.200s] Copying ../../build/mini_challenge/mini_challenge.egg-info to /home/abdy/ros2_ws/install/mini_challenge/lib/python3.10/site-packages/mini_challenge-0.0.0-py3.10.egg-info
[2.201s] running install_scripts
[2.230s] Installing process_mini script to /home/abdy/ros2_ws/install/mini_challenge/lib/mini_challenge
[2.231s] Installing signal_generator_mini script to /home/abdy/ros2_ws/install/mini_challenge/lib/mini_challenge
[2.232s] writing list of installed files to '/home/abdy/ros2_ws/build/mini_challenge/install.log'
[2.340s] Invoked command in '/home/abdy/ros2_ws/src/mini_challenge' returned '0': PYTHONPATH=/home/abdy/ros2_ws/build/mini_challenge/prefix_override:/usr/lib/python3/dist-packages/colcon_core/task/python/colcon_distutils_commands:/home/abdy/ros2_ws/install/mini_challenge/lib/python3.10/site-packages:${PYTHONPATH} /usr/bin/python3 -W ignore:setup.py install is deprecated -W ignore:easy_install command is deprecated setup.py egg_info --egg-base ../../build/mini_challenge build --build-base /home/abdy/ros2_ws/build/mini_challenge/build install --record /home/abdy/ros2_ws/build/mini_challenge/install.log --single-version-externally-managed install_data
