[0.625s] Invoking command in '/home/abdy/ros2_ws/src/signal_processing': PYTHONPATH=/home/abdy/ros2_ws/build/signal_processing/prefix_override:/usr/lib/python3/dist-packages/colcon_core/task/python/colcon_distutils_commands:/home/abdy/ros2_ws/install/signal_processing/lib/python3.10/site-packages:${PYTHONPATH} /usr/bin/python3 -W ignore:setup.py install is deprecated -W ignore:easy_install command is deprecated setup.py egg_info --egg-base ../../build/signal_processing build --build-base /home/abdy/ros2_ws/build/signal_processing/build install --record /home/abdy/ros2_ws/build/signal_processing/install.log --single-version-externally-managed install_data
[0.844s] running egg_info
[0.844s] writing ../../build/signal_processing/signal_processing.egg-info/PKG-INFO
[0.845s] writing dependency_links to ../../build/signal_processing/signal_processing.egg-info/dependency_links.txt
[0.845s] writing entry points to ../../build/signal_processing/signal_processing.egg-info/entry_points.txt
[0.846s] writing requirements to ../../build/signal_processing/signal_processing.egg-info/requires.txt
[0.846s] writing top-level names to ../../build/signal_processing/signal_processing.egg-info/top_level.txt
[0.847s] reading manifest file '../../build/signal_processing/signal_processing.egg-info/SOURCES.txt'
[0.848s] writing manifest file '../../build/signal_processing/signal_processing.egg-info/SOURCES.txt'
[0.848s] running build
[0.849s] running build_py
[0.849s] copying signal_processing/random_signal.py -> /home/abdy/ros2_ws/build/signal_processing/build/lib/signal_processing
[0.849s] running install
[0.849s] running install_lib
[0.850s] copying /home/abdy/ros2_ws/build/signal_processing/build/lib/signal_processing/random_signal.py -> /home/abdy/ros2_ws/install/signal_processing/lib/python3.10/site-packages/signal_processing
[0.851s] byte-compiling /home/abdy/ros2_ws/install/signal_processing/lib/python3.10/site-packages/signal_processing/random_signal.py to random_signal.cpython-310.pyc
[0.851s] running install_data
[0.851s] running install_egg_info
[0.853s] removing '/home/abdy/ros2_ws/install/signal_processing/lib/python3.10/site-packages/signal_processing-0.0.0-py3.10.egg-info' (and everything under it)
[0.853s] Copying ../../build/signal_processing/signal_processing.egg-info to /home/abdy/ros2_ws/install/signal_processing/lib/python3.10/site-packages/signal_processing-0.0.0-py3.10.egg-info
[0.854s] running install_scripts
[0.883s] Installing random_generator script to /home/abdy/ros2_ws/install/signal_processing/lib/signal_processing
[0.883s] writing list of installed files to '/home/abdy/ros2_ws/build/signal_processing/install.log'
[0.902s] Invoked command in '/home/abdy/ros2_ws/src/signal_processing' returned '0': PYTHONPATH=/home/abdy/ros2_ws/build/signal_processing/prefix_override:/usr/lib/python3/dist-packages/colcon_core/task/python/colcon_distutils_commands:/home/abdy/ros2_ws/install/signal_processing/lib/python3.10/site-packages:${PYTHONPATH} /usr/bin/python3 -W ignore:setup.py install is deprecated -W ignore:easy_install command is deprecated setup.py egg_info --egg-base ../../build/signal_processing build --build-base /home/abdy/ros2_ws/build/signal_processing/build install --record /home/abdy/ros2_ws/build/signal_processing/install.log --single-version-externally-managed install_data
