[1.743s] Invoking command in '/home/abdy/ros2_ws/src/mini_challenge': PYTHONPATH=/home/abdy/ros2_ws/build/mini_challenge/prefix_override:/usr/lib/python3/dist-packages/colcon_core/task/python/colcon_distutils_commands:/home/abdy/ros2_ws/install/mini_challenge/lib/python3.10/site-packages:${PYTHONPATH} /usr/bin/python3 -W ignore:setup.py install is deprecated -W ignore:easy_install command is deprecated setup.py egg_info --egg-base ../../build/mini_challenge build --build-base /home/abdy/ros2_ws/build/mini_challenge/build install --record /home/abdy/ros2_ws/build/mini_challenge/install.log --single-version-externally-managed install_data
[2.266s] running egg_info
[2.267s] writing ../../build/mini_challenge/mini_challenge.egg-info/PKG-INFO
[2.267s] writing dependency_links to ../../build/mini_challenge/mini_challenge.egg-info/dependency_links.txt
[2.271s] writing entry points to ../../build/mini_challenge/mini_challenge.egg-info/entry_points.txt
[2.273s] writing requirements to ../../build/mini_challenge/mini_challenge.egg-info/requires.txt
[2.273s] writing top-level names to ../../build/mini_challenge/mini_challenge.egg-info/top_level.txt
[2.274s] reading manifest file '../../build/mini_challenge/mini_challenge.egg-info/SOURCES.txt'
[2.274s] writing manifest file '../../build/mini_challenge/mini_challenge.egg-info/SOURCES.txt'
[2.275s] running build
[2.275s] running build_py
[2.276s] running install
[2.276s] running install_lib
[2.279s] running install_data
[2.280s] running install_egg_info
[2.281s] removing '/home/abdy/ros2_ws/install/mini_challenge/lib/python3.10/site-packages/mini_challenge-0.0.0-py3.10.egg-info' (and everything under it)
[2.286s] Copying ../../build/mini_challenge/mini_challenge.egg-info to /home/abdy/ros2_ws/install/mini_challenge/lib/python3.10/site-packages/mini_challenge-0.0.0-py3.10.egg-info
[2.292s] running install_scripts
[2.322s] Installing process_mini script to /home/abdy/ros2_ws/install/mini_challenge/lib/mini_challenge
[2.322s] Installing signal_generator_mini script to /home/abdy/ros2_ws/install/mini_challenge/lib/mini_challenge
[2.322s] writing list of installed files to '/home/abdy/ros2_ws/build/mini_challenge/install.log'
[2.412s] Invoked command in '/home/abdy/ros2_ws/src/mini_challenge' returned '0': PYTHONPATH=/home/abdy/ros2_ws/build/mini_challenge/prefix_override:/usr/lib/python3/dist-packages/colcon_core/task/python/colcon_distutils_commands:/home/abdy/ros2_ws/install/mini_challenge/lib/python3.10/site-packages:${PYTHONPATH} /usr/bin/python3 -W ignore:setup.py install is deprecated -W ignore:easy_install command is deprecated setup.py egg_info --egg-base ../../build/mini_challenge build --build-base /home/abdy/ros2_ws/build/mini_challenge/build install --record /home/abdy/ros2_ws/build/mini_challenge/install.log --single-version-externally-managed install_data
