[1.527s] Invoking command in '/home/abdy/ros2_ws/src/challenge2': PYTHONPATH=/home/abdy/ros2_ws/build/challenge2/prefix_override:/usr/lib/python3/dist-packages/colcon_core/task/python/colcon_distutils_commands:/home/abdy/ros2_ws/install/challenge2/lib/python3.10/site-packages:${PYTHONPATH} /usr/bin/python3 -W ignore:setup.py install is deprecated -W ignore:easy_install command is deprecated setup.py egg_info --egg-base ../../build/challenge2 build --build-base /home/abdy/ros2_ws/build/challenge2/build install --record /home/abdy/ros2_ws/build/challenge2/install.log --single-version-externally-managed install_data
[1.845s] running egg_info
[1.848s] writing ../../build/challenge2/challenge2.egg-info/PKG-INFO
[1.848s] writing dependency_links to ../../build/challenge2/challenge2.egg-info/dependency_links.txt
[1.848s] writing entry points to ../../build/challenge2/challenge2.egg-info/entry_points.txt
[1.849s] writing requirements to ../../build/challenge2/challenge2.egg-info/requires.txt
[1.849s] writing top-level names to ../../build/challenge2/challenge2.egg-info/top_level.txt
[1.853s] reading manifest file '../../build/challenge2/challenge2.egg-info/SOURCES.txt'
[1.854s] writing manifest file '../../build/challenge2/challenge2.egg-info/SOURCES.txt'
[1.854s] running build
[1.854s] running build_py
[1.854s] copying challenge2/ctrl.py -> /home/abdy/ros2_ws/build/challenge2/build/lib/challenge2
[1.854s] running install
[1.857s] running install_lib
[1.857s] copying /home/abdy/ros2_ws/build/challenge2/build/lib/challenge2/ctrl.py -> /home/abdy/ros2_ws/install/challenge2/lib/python3.10/site-packages/challenge2
[1.857s] byte-compiling /home/abdy/ros2_ws/install/challenge2/lib/python3.10/site-packages/challenge2/ctrl.py to ctrl.cpython-310.pyc
[1.863s] running install_data
[1.863s] running install_egg_info
[1.867s] removing '/home/abdy/ros2_ws/install/challenge2/lib/python3.10/site-packages/challenge2-0.0.0-py3.10.egg-info' (and everything under it)
[1.867s] Copying ../../build/challenge2/challenge2.egg-info to /home/abdy/ros2_ws/install/challenge2/lib/python3.10/site-packages/challenge2-0.0.0-py3.10.egg-info
[1.868s] running install_scripts
[1.894s] Installing ctrl script to /home/abdy/ros2_ws/install/challenge2/lib/challenge2
[1.895s] Installing motor_sys script to /home/abdy/ros2_ws/install/challenge2/lib/challenge2
[1.896s] Installing sp_gen script to /home/abdy/ros2_ws/install/challenge2/lib/challenge2
[1.896s] writing list of installed files to '/home/abdy/ros2_ws/build/challenge2/install.log'
[2.103s] Invoked command in '/home/abdy/ros2_ws/src/challenge2' returned '0': PYTHONPATH=/home/abdy/ros2_ws/build/challenge2/prefix_override:/usr/lib/python3/dist-packages/colcon_core/task/python/colcon_distutils_commands:/home/abdy/ros2_ws/install/challenge2/lib/python3.10/site-packages:${PYTHONPATH} /usr/bin/python3 -W ignore:setup.py install is deprecated -W ignore:easy_install command is deprecated setup.py egg_info --egg-base ../../build/challenge2 build --build-base /home/abdy/ros2_ws/build/challenge2/build install --record /home/abdy/ros2_ws/build/challenge2/install.log --single-version-externally-managed install_data
