running egg_info
writing ../../build/challenge2/challenge2.egg-info/PKG-INFO
writing dependency_links to ../../build/challenge2/challenge2.egg-info/dependency_links.txt
writing entry points to ../../build/challenge2/challenge2.egg-info/entry_points.txt
writing requirements to ../../build/challenge2/challenge2.egg-info/requires.txt
writing top-level names to ../../build/challenge2/challenge2.egg-info/top_level.txt
reading manifest file '../../build/challenge2/challenge2.egg-info/SOURCES.txt'
writing manifest file '../../build/challenge2/challenge2.egg-info/SOURCES.txt'
running build
running build_py
copying challenge2/sp_gen.py -> /home/abdy/ros2_ws/build/challenge2/build/lib/challenge2
copying challenge2/motor_sys.py -> /home/abdy/ros2_ws/build/challenge2/build/lib/challenge2
copying challenge2/ctrl.py -> /home/abdy/ros2_ws/build/challenge2/build/lib/challenge2
running install
running install_lib
copying /home/abdy/ros2_ws/build/challenge2/build/lib/challenge2/sp_gen.py -> /home/abdy/ros2_ws/install/challenge2/lib/python3.10/site-packages/challenge2
copying /home/abdy/ros2_ws/build/challenge2/build/lib/challenge2/motor_sys.py -> /home/abdy/ros2_ws/install/challenge2/lib/python3.10/site-packages/challenge2
copying /home/abdy/ros2_ws/build/challenge2/build/lib/challenge2/ctrl.py -> /home/abdy/ros2_ws/install/challenge2/lib/python3.10/site-packages/challenge2
byte-compiling /home/abdy/ros2_ws/install/challenge2/lib/python3.10/site-packages/challenge2/sp_gen.py to sp_gen.cpython-310.pyc
byte-compiling /home/abdy/ros2_ws/install/challenge2/lib/python3.10/site-packages/challenge2/motor_sys.py to motor_sys.cpython-310.pyc
byte-compiling /home/abdy/ros2_ws/install/challenge2/lib/python3.10/site-packages/challenge2/ctrl.py to ctrl.cpython-310.pyc
running install_data
copying launch/single_launch.py -> /home/abdy/ros2_ws/install/challenge2/share/challenge2/launch
copying config/pid_params.yaml -> /home/abdy/ros2_ws/install/challenge2/share/challenge2/config
running install_egg_info
removing '/home/abdy/ros2_ws/install/challenge2/lib/python3.10/site-packages/challenge2-0.0.0-py3.10.egg-info' (and everything under it)
Copying ../../build/challenge2/challenge2.egg-info to /home/abdy/ros2_ws/install/challenge2/lib/python3.10/site-packages/challenge2-0.0.0-py3.10.egg-info
running install_scripts
Installing ctrl script to /home/abdy/ros2_ws/install/challenge2/lib/challenge2
Installing motor_sys script to /home/abdy/ros2_ws/install/challenge2/lib/challenge2
Installing sp_gen script to /home/abdy/ros2_ws/install/challenge2/lib/challenge2
writing list of installed files to '/home/abdy/ros2_ws/build/challenge2/install.log'
