[1.768s] Invoking command in '/home/abdy/ros2_ws/src/challenge2': PYTHONPATH=/home/abdy/ros2_ws/build/challenge2/prefix_override:/usr/lib/python3/dist-packages/colcon_core/task/python/colcon_distutils_commands:/home/abdy/ros2_ws/install/challenge2/lib/python3.10/site-packages:${PYTHONPATH} /usr/bin/python3 -W ignore:setup.py install is deprecated -W ignore:easy_install command is deprecated setup.py egg_info --egg-base ../../build/challenge2 build --build-base /home/abdy/ros2_ws/build/challenge2/build install --record /home/abdy/ros2_ws/build/challenge2/install.log --single-version-externally-managed install_data
[2.363s] running egg_info
[2.363s] writing ../../build/challenge2/challenge2.egg-info/PKG-INFO
[2.363s] writing dependency_links to ../../build/challenge2/challenge2.egg-info/dependency_links.txt
[2.363s] writing entry points to ../../build/challenge2/challenge2.egg-info/entry_points.txt
[2.363s] writing requirements to ../../build/challenge2/challenge2.egg-info/requires.txt
[2.364s] writing top-level names to ../../build/challenge2/challenge2.egg-info/top_level.txt
[2.366s] reading manifest file '../../build/challenge2/challenge2.egg-info/SOURCES.txt'
[2.383s] writing manifest file '../../build/challenge2/challenge2.egg-info/SOURCES.txt'
[2.383s] running build
[2.383s] running build_py
[2.383s] copying challenge2/motor_sys.py -> /home/abdy/ros2_ws/build/challenge2/build/lib/challenge2
[2.383s] copying challenge2/ctrl.py -> /home/abdy/ros2_ws/build/challenge2/build/lib/challenge2
[2.383s] running install
[2.383s] running install_lib
[2.383s] copying /home/abdy/ros2_ws/build/challenge2/build/lib/challenge2/motor_sys.py -> /home/abdy/ros2_ws/install/challenge2/lib/python3.10/site-packages/challenge2
[2.383s] copying /home/abdy/ros2_ws/build/challenge2/build/lib/challenge2/ctrl.py -> /home/abdy/ros2_ws/install/challenge2/lib/python3.10/site-packages/challenge2
[2.383s] byte-compiling /home/abdy/ros2_ws/install/challenge2/lib/python3.10/site-packages/challenge2/motor_sys.py to motor_sys.cpython-310.pyc
[2.383s] byte-compiling /home/abdy/ros2_ws/install/challenge2/lib/python3.10/site-packages/challenge2/ctrl.py to ctrl.cpython-310.pyc
[2.383s] running install_data
[2.383s] running install_egg_info
[2.383s] removing '/home/abdy/ros2_ws/install/challenge2/lib/python3.10/site-packages/challenge2-0.0.0-py3.10.egg-info' (and everything under it)
[2.384s] Copying ../../build/challenge2/challenge2.egg-info to /home/abdy/ros2_ws/install/challenge2/lib/python3.10/site-packages/challenge2-0.0.0-py3.10.egg-info
[2.414s] running install_scripts
[2.415s] Installing ctrl script to /home/abdy/ros2_ws/install/challenge2/lib/challenge2
[2.415s] Installing motor_sys script to /home/abdy/ros2_ws/install/challenge2/lib/challenge2
[2.415s] Installing sp_gen script to /home/abdy/ros2_ws/install/challenge2/lib/challenge2
[2.415s] writing list of installed files to '/home/abdy/ros2_ws/build/challenge2/install.log'
[2.716s] Invoked command in '/home/abdy/ros2_ws/src/challenge2' returned '0': PYTHONPATH=/home/abdy/ros2_ws/build/challenge2/prefix_override:/usr/lib/python3/dist-packages/colcon_core/task/python/colcon_distutils_commands:/home/abdy/ros2_ws/install/challenge2/lib/python3.10/site-packages:${PYTHONPATH} /usr/bin/python3 -W ignore:setup.py install is deprecated -W ignore:easy_install command is deprecated setup.py egg_info --egg-base ../../build/challenge2 build --build-base /home/abdy/ros2_ws/build/challenge2/build install --record /home/abdy/ros2_ws/build/challenge2/install.log --single-version-externally-managed install_data
