[3.203s] Invoking command in '/home/abdy/ros2_ws/src/challenge_1': PYTHONPATH=/home/abdy/ros2_ws/build/challenge_1/prefix_override:/usr/lib/python3/dist-packages/colcon_core/task/python/colcon_distutils_commands:/home/abdy/ros2_ws/install/challenge_1/lib/python3.10/site-packages:${PYTHONPATH} /usr/bin/python3 -W ignore:setup.py install is deprecated -W ignore:easy_install command is deprecated setup.py egg_info --egg-base ../../build/challenge_1 build --build-base /home/abdy/ros2_ws/build/challenge_1/build install --record /home/abdy/ros2_ws/build/challenge_1/install.log --single-version-externally-managed install_data
[4.017s] running egg_info
[4.018s] writing ../../build/challenge_1/challenge_1.egg-info/PKG-INFO
[4.018s] writing dependency_links to ../../build/challenge_1/challenge_1.egg-info/dependency_links.txt
[4.018s] writing entry points to ../../build/challenge_1/challenge_1.egg-info/entry_points.txt
[4.018s] writing requirements to ../../build/challenge_1/challenge_1.egg-info/requires.txt
[4.018s] writing top-level names to ../../build/challenge_1/challenge_1.egg-info/top_level.txt
[4.022s] reading manifest file '../../build/challenge_1/challenge_1.egg-info/SOURCES.txt'
[4.024s] writing manifest file '../../build/challenge_1/challenge_1.egg-info/SOURCES.txt'
[4.025s] running build
[4.025s] running build_py
[4.027s] running install
[4.028s] running install_lib
[4.031s] running install_data
[4.032s] running install_egg_info
[4.039s] removing '/home/abdy/ros2_ws/install/challenge_1/lib/python3.10/site-packages/challenge_1-0.0.0-py3.10.egg-info' (and everything under it)
[4.041s] Copying ../../build/challenge_1/challenge_1.egg-info to /home/abdy/ros2_ws/install/challenge_1/lib/python3.10/site-packages/challenge_1-0.0.0-py3.10.egg-info
[4.044s] running install_scripts
[4.126s] Installing process script to /home/abdy/ros2_ws/install/challenge_1/lib/challenge_1
[4.126s] Installing signal_generator script to /home/abdy/ros2_ws/install/challenge_1/lib/challenge_1
[4.128s] writing list of installed files to '/home/abdy/ros2_ws/build/challenge_1/install.log'
[4.329s] Invoked command in '/home/abdy/ros2_ws/src/challenge_1' returned '0': PYTHONPATH=/home/abdy/ros2_ws/build/challenge_1/prefix_override:/usr/lib/python3/dist-packages/colcon_core/task/python/colcon_distutils_commands:/home/abdy/ros2_ws/install/challenge_1/lib/python3.10/site-packages:${PYTHONPATH} /usr/bin/python3 -W ignore:setup.py install is deprecated -W ignore:easy_install command is deprecated setup.py egg_info --egg-base ../../build/challenge_1 build --build-base /home/abdy/ros2_ws/build/challenge_1/build install --record /home/abdy/ros2_ws/build/challenge_1/install.log --single-version-externally-managed install_data
