/home/abdy/ros2_ws/install/challenge2/lib/python3.10/site-packages/challenge2/sp_gen.py
/home/abdy/ros2_ws/install/challenge2/lib/python3.10/site-packages/challenge2/__init__.py
/home/abdy/ros2_ws/install/challenge2/lib/python3.10/site-packages/challenge2/motor_sys.py
/home/abdy/ros2_ws/install/challenge2/lib/python3.10/site-packages/challenge2/ctrl.py
/home/abdy/ros2_ws/install/challenge2/lib/python3.10/site-packages/challenge2/__pycache__/sp_gen.cpython-310.pyc
/home/abdy/ros2_ws/install/challenge2/lib/python3.10/site-packages/challenge2/__pycache__/__init__.cpython-310.pyc
/home/abdy/ros2_ws/install/challenge2/lib/python3.10/site-packages/challenge2/__pycache__/motor_sys.cpython-310.pyc
/home/abdy/ros2_ws/install/challenge2/lib/python3.10/site-packages/challenge2/__pycache__/ctrl.cpython-310.pyc
/home/abdy/ros2_ws/install/challenge2/share/ament_index/resource_index/packages/challenge2
/home/abdy/ros2_ws/install/challenge2/share/challenge2/package.xml
/home/abdy/ros2_ws/install/challenge2/share/challenge2/launch/single_launch.py
/home/abdy/ros2_ws/install/challenge2/share/challenge2/launch/challenge_launch.py
/home/abdy/ros2_ws/install/challenge2/share/challenge2/config/pid_params.yaml
/home/abdy/ros2_ws/install/challenge2/lib/python3.10/site-packages/challenge2-0.0.0-py3.10.egg-info/requires.txt
/home/abdy/ros2_ws/install/challenge2/lib/python3.10/site-packages/challenge2-0.0.0-py3.10.egg-info/dependency_links.txt
/home/abdy/ros2_ws/install/challenge2/lib/python3.10/site-packages/challenge2-0.0.0-py3.10.egg-info/entry_points.txt
/home/abdy/ros2_ws/install/challenge2/lib/python3.10/site-packages/challenge2-0.0.0-py3.10.egg-info/zip-safe
/home/abdy/ros2_ws/install/challenge2/lib/python3.10/site-packages/challenge2-0.0.0-py3.10.egg-info/SOURCES.txt
/home/abdy/ros2_ws/install/challenge2/lib/python3.10/site-packages/challenge2-0.0.0-py3.10.egg-info/PKG-INFO
/home/abdy/ros2_ws/install/challenge2/lib/python3.10/site-packages/challenge2-0.0.0-py3.10.egg-info/top_level.txt
/home/abdy/ros2_ws/install/challenge2/lib/challenge2/ctrl
/home/abdy/ros2_ws/install/challenge2/lib/challenge2/motor_sys
/home/abdy/ros2_ws/install/challenge2/lib/challenge2/sp_gen
