[0.643s] Invoking command in '/home/abdy/ros2_ws/src/step_signal_pkg': PYTHONPATH=/home/abdy/ros2_ws/build/step_signal_pkg/prefix_override:/usr/lib/python3/dist-packages/colcon_core/task/python/colcon_distutils_commands:/home/abdy/ros2_ws/install/step_signal_pkg/lib/python3.10/site-packages:${PYTHONPATH} /usr/bin/python3 -W ignore:setup.py install is deprecated -W ignore:easy_install command is deprecated setup.py egg_info --egg-base ../../build/step_signal_pkg build --build-base /home/abdy/ros2_ws/build/step_signal_pkg/build install --record /home/abdy/ros2_ws/build/step_signal_pkg/install.log --single-version-externally-managed install_data
[0.867s] running egg_info
[0.867s] writing ../../build/step_signal_pkg/step_signal_pkg.egg-info/PKG-INFO
[0.869s] writing dependency_links to ../../build/step_signal_pkg/step_signal_pkg.egg-info/dependency_links.txt
[0.869s] writing entry points to ../../build/step_signal_pkg/step_signal_pkg.egg-info/entry_points.txt
[0.869s] writing requirements to ../../build/step_signal_pkg/step_signal_pkg.egg-info/requires.txt
[0.869s] writing top-level names to ../../build/step_signal_pkg/step_signal_pkg.egg-info/top_level.txt
[0.870s] reading manifest file '../../build/step_signal_pkg/step_signal_pkg.egg-info/SOURCES.txt'
[0.871s] writing manifest file '../../build/step_signal_pkg/step_signal_pkg.egg-info/SOURCES.txt'
[0.871s] running build
[0.871s] running build_py
[0.871s] running install
[0.872s] running install_lib
[0.873s] running install_data
[0.873s] running install_egg_info
[0.875s] removing '/home/abdy/ros2_ws/install/step_signal_pkg/lib/python3.10/site-packages/step_signal_pkg-0.0.0-py3.10.egg-info' (and everything under it)
[0.875s] Copying ../../build/step_signal_pkg/step_signal_pkg.egg-info to /home/abdy/ros2_ws/install/step_signal_pkg/lib/python3.10/site-packages/step_signal_pkg-0.0.0-py3.10.egg-info
[0.878s] running install_scripts
[0.896s] Installing step_signal_node script to /home/abdy/ros2_ws/install/step_signal_pkg/lib/step_signal_pkg
[0.896s] writing list of installed files to '/home/abdy/ros2_ws/build/step_signal_pkg/install.log'
[0.922s] Invoked command in '/home/abdy/ros2_ws/src/step_signal_pkg' returned '0': PYTHONPATH=/home/abdy/ros2_ws/build/step_signal_pkg/prefix_override:/usr/lib/python3/dist-packages/colcon_core/task/python/colcon_distutils_commands:/home/abdy/ros2_ws/install/step_signal_pkg/lib/python3.10/site-packages:${PYTHONPATH} /usr/bin/python3 -W ignore:setup.py install is deprecated -W ignore:easy_install command is deprecated setup.py egg_info --egg-base ../../build/step_signal_pkg build --build-base /home/abdy/ros2_ws/build/step_signal_pkg/build install --record /home/abdy/ros2_ws/build/step_signal_pkg/install.log --single-version-externally-managed install_data
