[0.579s] Invoking command in '/home/abdy/ros2_ws/src/signal_processing': PYTHONPATH=/home/abdy/ros2_ws/build/signal_processing/prefix_override:/usr/lib/python3/dist-packages/colcon_core/task/python/colcon_distutils_commands:/home/abdy/ros2_ws/install/signal_processing/lib/python3.10/site-packages:${PYTHONPATH} /usr/bin/python3 -W ignore:setup.py install is deprecated -W ignore:easy_install command is deprecated setup.py egg_info --egg-base ../../build/signal_processing build --build-base /home/abdy/ros2_ws/build/signal_processing/build install --record /home/abdy/ros2_ws/build/signal_processing/install.log --single-version-externally-managed install_data
[0.737s] running egg_info
[0.737s] creating ../../build/signal_processing/signal_processing.egg-info
[0.738s] writing ../../build/signal_processing/signal_processing.egg-info/PKG-INFO
[0.738s] writing dependency_links to ../../build/signal_processing/signal_processing.egg-info/dependency_links.txt
[0.738s] writing entry points to ../../build/signal_processing/signal_processing.egg-info/entry_points.txt
[0.738s] writing requirements to ../../build/signal_processing/signal_processing.egg-info/requires.txt
[0.738s] writing top-level names to ../../build/signal_processing/signal_processing.egg-info/top_level.txt
[0.738s] writing manifest file '../../build/signal_processing/signal_processing.egg-info/SOURCES.txt'
[0.740s] reading manifest file '../../build/signal_processing/signal_processing.egg-info/SOURCES.txt'
[0.740s] writing manifest file '../../build/signal_processing/signal_processing.egg-info/SOURCES.txt'
[0.740s] running build
[0.741s] running build_py
[0.741s] creating /home/abdy/ros2_ws/build/signal_processing/build
[0.741s] creating /home/abdy/ros2_ws/build/signal_processing/build/lib
[0.741s] creating /home/abdy/ros2_ws/build/signal_processing/build/lib/signal_processing
[0.741s] copying signal_processing/__init__.py -> /home/abdy/ros2_ws/build/signal_processing/build/lib/signal_processing
[0.741s] copying signal_processing/random_signal.py -> /home/abdy/ros2_ws/build/signal_processing/build/lib/signal_processing
[0.741s] running install
[0.741s] running install_lib
[0.742s] creating /home/abdy/ros2_ws/install/signal_processing/lib/python3.10/site-packages/signal_processing
[0.742s] copying /home/abdy/ros2_ws/build/signal_processing/build/lib/signal_processing/__init__.py -> /home/abdy/ros2_ws/install/signal_processing/lib/python3.10/site-packages/signal_processing
[0.742s] copying /home/abdy/ros2_ws/build/signal_processing/build/lib/signal_processing/random_signal.py -> /home/abdy/ros2_ws/install/signal_processing/lib/python3.10/site-packages/signal_processing
[0.742s] byte-compiling /home/abdy/ros2_ws/install/signal_processing/lib/python3.10/site-packages/signal_processing/__init__.py to __init__.cpython-310.pyc
[0.743s] byte-compiling /home/abdy/ros2_ws/install/signal_processing/lib/python3.10/site-packages/signal_processing/random_signal.py to random_signal.cpython-310.pyc
[0.743s] running install_data
[0.743s] creating /home/abdy/ros2_ws/install/signal_processing/share/ament_index
[0.743s] creating /home/abdy/ros2_ws/install/signal_processing/share/ament_index/resource_index
[0.743s] creating /home/abdy/ros2_ws/install/signal_processing/share/ament_index/resource_index/packages
[0.743s] copying resource/signal_processing -> /home/abdy/ros2_ws/install/signal_processing/share/ament_index/resource_index/packages
[0.744s] copying package.xml -> /home/abdy/ros2_ws/install/signal_processing/share/signal_processing
[0.744s] running install_egg_info
[0.745s] Copying ../../build/signal_processing/signal_processing.egg-info to /home/abdy/ros2_ws/install/signal_processing/lib/python3.10/site-packages/signal_processing-0.0.0-py3.10.egg-info
[0.746s] running install_scripts
[0.772s] Installing random_generator script to /home/abdy/ros2_ws/install/signal_processing/lib/signal_processing
[0.772s] writing list of installed files to '/home/abdy/ros2_ws/build/signal_processing/install.log'
[0.793s] Invoked command in '/home/abdy/ros2_ws/src/signal_processing' returned '0': PYTHONPATH=/home/abdy/ros2_ws/build/signal_processing/prefix_override:/usr/lib/python3/dist-packages/colcon_core/task/python/colcon_distutils_commands:/home/abdy/ros2_ws/install/signal_processing/lib/python3.10/site-packages:${PYTHONPATH} /usr/bin/python3 -W ignore:setup.py install is deprecated -W ignore:easy_install command is deprecated setup.py egg_info --egg-base ../../build/signal_processing build --build-base /home/abdy/ros2_ws/build/signal_processing/build install --record /home/abdy/ros2_ws/build/signal_processing/install.log --single-version-externally-managed install_data
