[1.296s] Invoking command in '/home/abdy/ros2_ws/src/signal_processing': PYTHONPATH=/home/abdy/ros2_ws/build/signal_processing/prefix_override:/usr/lib/python3/dist-packages/colcon_core/task/python/colcon_distutils_commands:/home/abdy/ros2_ws/install/signal_processing/lib/python3.10/site-packages:${PYTHONPATH} /usr/bin/python3 -W ignore:setup.py install is deprecated -W ignore:easy_install command is deprecated setup.py egg_info --egg-base ../../build/signal_processing build --build-base /home/abdy/ros2_ws/build/signal_processing/build install --record /home/abdy/ros2_ws/build/signal_processing/install.log --single-version-externally-managed install_data
[1.589s] running egg_info
[1.590s] writing ../../build/signal_processing/signal_processing.egg-info/PKG-INFO
[1.590s] writing dependency_links to ../../build/signal_processing/signal_processing.egg-info/dependency_links.txt
[1.591s] writing entry points to ../../build/signal_processing/signal_processing.egg-info/entry_points.txt
[1.591s] writing requirements to ../../build/signal_processing/signal_processing.egg-info/requires.txt
[1.591s] writing top-level names to ../../build/signal_processing/signal_processing.egg-info/top_level.txt
[1.594s] reading manifest file '../../build/signal_processing/signal_processing.egg-info/SOURCES.txt'
[1.595s] writing manifest file '../../build/signal_processing/signal_processing.egg-info/SOURCES.txt'
[1.595s] running build
[1.595s] running build_py
[1.596s] copying signal_processing/PROCESS.py -> /home/abdy/ros2_ws/build/signal_processing/build/lib/signal_processing
[1.596s] copying signal_processing/signal_generator_param.py -> /home/abdy/ros2_ws/build/signal_processing/build/lib/signal_processing
[1.596s] running install
[1.596s] running install_lib
[1.598s] copying /home/abdy/ros2_ws/build/signal_processing/build/lib/signal_processing/PROCESS.py -> /home/abdy/ros2_ws/install/signal_processing/lib/python3.10/site-packages/signal_processing
[1.598s] copying /home/abdy/ros2_ws/build/signal_processing/build/lib/signal_processing/signal_generator_param.py -> /home/abdy/ros2_ws/install/signal_processing/lib/python3.10/site-packages/signal_processing
[1.599s] byte-compiling /home/abdy/ros2_ws/install/signal_processing/lib/python3.10/site-packages/signal_processing/PROCESS.py to PROCESS.cpython-310.pyc
[1.600s] byte-compiling /home/abdy/ros2_ws/install/signal_processing/lib/python3.10/site-packages/signal_processing/signal_generator_param.py to signal_generator_param.cpython-310.pyc
[1.601s] running install_data
[1.602s] running install_egg_info
[1.604s] removing '/home/abdy/ros2_ws/install/signal_processing/lib/python3.10/site-packages/signal_processing-0.0.0-py3.10.egg-info' (and everything under it)
[1.605s] Copying ../../build/signal_processing/signal_processing.egg-info to /home/abdy/ros2_ws/install/signal_processing/lib/python3.10/site-packages/signal_processing-0.0.0-py3.10.egg-info
[1.606s] running install_scripts
[1.639s] Installing PROCESS script to /home/abdy/ros2_ws/install/signal_processing/lib/signal_processing
[1.639s] Installing a script to /home/abdy/ros2_ws/install/signal_processing/lib/signal_processing
[1.639s] Installing process script to /home/abdy/ros2_ws/install/signal_processing/lib/signal_processing
[1.639s] Installing random_generator script to /home/abdy/ros2_ws/install/signal_processing/lib/signal_processing
[1.640s] Installing signal_generator script to /home/abdy/ros2_ws/install/signal_processing/lib/signal_processing
[1.640s] Installing signal_generator_param script to /home/abdy/ros2_ws/install/signal_processing/lib/signal_processing
[1.640s] writing list of installed files to '/home/abdy/ros2_ws/build/signal_processing/install.log'
[1.672s] Invoked command in '/home/abdy/ros2_ws/src/signal_processing' returned '0': PYTHONPATH=/home/abdy/ros2_ws/build/signal_processing/prefix_override:/usr/lib/python3/dist-packages/colcon_core/task/python/colcon_distutils_commands:/home/abdy/ros2_ws/install/signal_processing/lib/python3.10/site-packages:${PYTHONPATH} /usr/bin/python3 -W ignore:setup.py install is deprecated -W ignore:easy_install command is deprecated setup.py egg_info --egg-base ../../build/signal_processing build --build-base /home/abdy/ros2_ws/build/signal_processing/build install --record /home/abdy/ros2_ws/build/signal_processing/install.log --single-version-externally-managed install_data
