[1.322s] Invoking command in '/home/abdy/ros2_ws/src/my_py_pkg': PYTHONPATH=/home/abdy/ros2_ws/build/my_py_pkg/prefix_override:/usr/lib/python3/dist-packages/colcon_core/task/python/colcon_distutils_commands:/home/abdy/ros2_ws/install/my_py_pkg/lib/python3.10/site-packages:${PYTHONPATH} /usr/bin/python3 -W ignore:setup.py install is deprecated -W ignore:easy_install command is deprecated setup.py egg_info --egg-base ../../build/my_py_pkg build --build-base /home/abdy/ros2_ws/build/my_py_pkg/build install --record /home/abdy/ros2_ws/build/my_py_pkg/install.log --single-version-externally-managed install_data
[1.620s] running egg_info
[1.621s] writing ../../build/my_py_pkg/my_py_pkg.egg-info/PKG-INFO
[1.621s] writing dependency_links to ../../build/my_py_pkg/my_py_pkg.egg-info/dependency_links.txt
[1.622s] writing entry points to ../../build/my_py_pkg/my_py_pkg.egg-info/entry_points.txt
[1.622s] writing requirements to ../../build/my_py_pkg/my_py_pkg.egg-info/requires.txt
[1.622s] writing top-level names to ../../build/my_py_pkg/my_py_pkg.egg-info/top_level.txt
[1.625s] reading manifest file '../../build/my_py_pkg/my_py_pkg.egg-info/SOURCES.txt'
[1.626s] writing manifest file '../../build/my_py_pkg/my_py_pkg.egg-info/SOURCES.txt'
[1.627s] running build
[1.627s] running build_py
[1.627s] running install
[1.627s] running install_lib
[1.630s] running install_data
[1.630s] running install_egg_info
[1.633s] removing '/home/abdy/ros2_ws/install/my_py_pkg/lib/python3.10/site-packages/my_py_pkg-0.0.0-py3.10.egg-info' (and everything under it)
[1.633s] Copying ../../build/my_py_pkg/my_py_pkg.egg-info to /home/abdy/ros2_ws/install/my_py_pkg/lib/python3.10/site-packages/my_py_pkg-0.0.0-py3.10.egg-info
[1.635s] running install_scripts
[1.665s] Installing hola_incrementar script to /home/abdy/ros2_ws/install/my_py_pkg/lib/my_py_pkg
[1.666s] Installing hola_mundo script to /home/abdy/ros2_ws/install/my_py_pkg/lib/my_py_pkg
[1.666s] Installing my_listener script to /home/abdy/ros2_ws/install/my_py_pkg/lib/my_py_pkg
[1.666s] Installing my_talker script to /home/abdy/ros2_ws/install/my_py_pkg/lib/my_py_pkg
[1.668s] writing list of installed files to '/home/abdy/ros2_ws/build/my_py_pkg/install.log'
[1.706s] Invoked command in '/home/abdy/ros2_ws/src/my_py_pkg' returned '0': PYTHONPATH=/home/abdy/ros2_ws/build/my_py_pkg/prefix_override:/usr/lib/python3/dist-packages/colcon_core/task/python/colcon_distutils_commands:/home/abdy/ros2_ws/install/my_py_pkg/lib/python3.10/site-packages:${PYTHONPATH} /usr/bin/python3 -W ignore:setup.py install is deprecated -W ignore:easy_install command is deprecated setup.py egg_info --egg-base ../../build/my_py_pkg build --build-base /home/abdy/ros2_ws/build/my_py_pkg/build install --record /home/abdy/ros2_ws/build/my_py_pkg/install.log --single-version-externally-managed install_data
