[2.621s] Invoking command in '/home/abdy/ros2_ws/src/basic_comms': PYTHONPATH=/home/abdy/ros2_ws/build/basic_comms/prefix_override:/usr/lib/python3/dist-packages/colcon_core/task/python/colcon_distutils_commands:/home/abdy/ros2_ws/install/basic_comms/lib/python3.10/site-packages:${PYTHONPATH} /usr/bin/python3 -W ignore:setup.py install is deprecated -W ignore:easy_install command is deprecated setup.py egg_info --egg-base ../../build/basic_comms build --build-base /home/abdy/ros2_ws/build/basic_comms/build install --record /home/abdy/ros2_ws/build/basic_comms/install.log --single-version-externally-managed install_data
[3.042s] running egg_info
[3.044s] writing ../../build/basic_comms/basic_comms.egg-info/PKG-INFO
[3.045s] writing dependency_links to ../../build/basic_comms/basic_comms.egg-info/dependency_links.txt
[3.045s] writing entry points to ../../build/basic_comms/basic_comms.egg-info/entry_points.txt
[3.045s] writing requirements to ../../build/basic_comms/basic_comms.egg-info/requires.txt
[3.045s] writing top-level names to ../../build/basic_comms/basic_comms.egg-info/top_level.txt
[3.047s] reading manifest file '../../build/basic_comms/basic_comms.egg-info/SOURCES.txt'
[3.051s] writing manifest file '../../build/basic_comms/basic_comms.egg-info/SOURCES.txt'
[3.051s] running build
[3.051s] running build_py
[3.051s] running install
[3.052s] running install_lib
[3.053s] running install_data
[3.053s] running install_egg_info
[3.058s] removing '/home/abdy/ros2_ws/install/basic_comms/lib/python3.10/site-packages/basic_comms-0.0.0-py3.10.egg-info' (and everything under it)
[3.060s] Copying ../../build/basic_comms/basic_comms.egg-info to /home/abdy/ros2_ws/install/basic_comms/lib/python3.10/site-packages/basic_comms-0.0.0-py3.10.egg-info
[3.061s] running install_scripts
[3.097s] Installing listener script to /home/abdy/ros2_ws/install/basic_comms/lib/basic_comms
[3.097s] Installing talker script to /home/abdy/ros2_ws/install/basic_comms/lib/basic_comms
[3.097s] writing list of installed files to '/home/abdy/ros2_ws/build/basic_comms/install.log'
[3.121s] Invoked command in '/home/abdy/ros2_ws/src/basic_comms' returned '0': PYTHONPATH=/home/abdy/ros2_ws/build/basic_comms/prefix_override:/usr/lib/python3/dist-packages/colcon_core/task/python/colcon_distutils_commands:/home/abdy/ros2_ws/install/basic_comms/lib/python3.10/site-packages:${PYTHONPATH} /usr/bin/python3 -W ignore:setup.py install is deprecated -W ignore:easy_install command is deprecated setup.py egg_info --egg-base ../../build/basic_comms build --build-base /home/abdy/ros2_ws/build/basic_comms/build install --record /home/abdy/ros2_ws/build/basic_comms/install.log --single-version-externally-managed install_data
