[1.885s] Invoking command in '/home/abdy/ros2_ws/src/challenge1': PYTHONPATH=/home/abdy/ros2_ws/build/challenge1/prefix_override:/usr/lib/python3/dist-packages/colcon_core/task/python/colcon_distutils_commands:/home/abdy/ros2_ws/install/challenge1/lib/python3.10/site-packages:${PYTHONPATH} /usr/bin/python3 -W ignore:setup.py install is deprecated -W ignore:easy_install command is deprecated setup.py egg_info --egg-base ../../build/challenge1 build --build-base /home/abdy/ros2_ws/build/challenge1/build install --record /home/abdy/ros2_ws/build/challenge1/install.log --single-version-externally-managed install_data
[2.214s] running egg_info
[2.216s] writing ../../build/challenge1/challenge1.egg-info/PKG-INFO
[2.216s] writing dependency_links to ../../build/challenge1/challenge1.egg-info/dependency_links.txt
[2.216s] writing entry points to ../../build/challenge1/challenge1.egg-info/entry_points.txt
[2.216s] writing requirements to ../../build/challenge1/challenge1.egg-info/requires.txt
[2.216s] writing top-level names to ../../build/challenge1/challenge1.egg-info/top_level.txt
[2.221s] reading manifest file '../../build/challenge1/challenge1.egg-info/SOURCES.txt'
[2.221s] writing manifest file '../../build/challenge1/challenge1.egg-info/SOURCES.txt'
[2.222s] running build
[2.222s] running build_py
[2.222s] running install
[2.228s] running install_lib
[2.229s] running install_data
[2.229s] running install_egg_info
[2.234s] removing '/home/abdy/ros2_ws/install/challenge1/lib/python3.10/site-packages/challenge1-0.0.0-py3.10.egg-info' (and everything under it)
[2.235s] Copying ../../build/challenge1/challenge1.egg-info to /home/abdy/ros2_ws/install/challenge1/lib/python3.10/site-packages/challenge1-0.0.0-py3.10.egg-info
[2.239s] running install_scripts
[2.288s] Installing process script to /home/abdy/ros2_ws/install/challenge1/lib/challenge1
[2.288s] Installing signal_generator script to /home/abdy/ros2_ws/install/challenge1/lib/challenge1
[2.288s] writing list of installed files to '/home/abdy/ros2_ws/build/challenge1/install.log'
[2.313s] Invoked command in '/home/abdy/ros2_ws/src/challenge1' returned '0': PYTHONPATH=/home/abdy/ros2_ws/build/challenge1/prefix_override:/usr/lib/python3/dist-packages/colcon_core/task/python/colcon_distutils_commands:/home/abdy/ros2_ws/install/challenge1/lib/python3.10/site-packages:${PYTHONPATH} /usr/bin/python3 -W ignore:setup.py install is deprecated -W ignore:easy_install command is deprecated setup.py egg_info --egg-base ../../build/challenge1 build --build-base /home/abdy/ros2_ws/build/challenge1/build install --record /home/abdy/ros2_ws/build/challenge1/install.log --single-version-externally-managed install_data
