[3.481s] Invoking command in '/home/abdy/ros2_ws/src/challenge1': PYTHONPATH=/home/abdy/ros2_ws/build/challenge1/prefix_override:/usr/lib/python3/dist-packages/colcon_core/task/python/colcon_distutils_commands:/home/abdy/ros2_ws/install/challenge1/lib/python3.10/site-packages:${PYTHONPATH} /usr/bin/python3 -W ignore:setup.py install is deprecated -W ignore:easy_install command is deprecated setup.py egg_info --egg-base ../../build/challenge1 build --build-base /home/abdy/ros2_ws/build/challenge1/build install --record /home/abdy/ros2_ws/build/challenge1/install.log --single-version-externally-managed install_data
[4.541s] running egg_info
[4.545s] writing ../../build/challenge1/challenge1.egg-info/PKG-INFO
[4.545s] writing dependency_links to ../../build/challenge1/challenge1.egg-info/dependency_links.txt
[4.545s] writing entry points to ../../build/challenge1/challenge1.egg-info/entry_points.txt
[4.545s] writing requirements to ../../build/challenge1/challenge1.egg-info/requires.txt
[4.545s] writing top-level names to ../../build/challenge1/challenge1.egg-info/top_level.txt
[4.550s] reading manifest file '../../build/challenge1/challenge1.egg-info/SOURCES.txt'
[4.551s] writing manifest file '../../build/challenge1/challenge1.egg-info/SOURCES.txt'
[4.551s] running build
[4.551s] running build_py
[4.551s] running install
[4.551s] running install_lib
[4.553s] running install_data
[4.553s] running install_egg_info
[4.560s] removing '/home/abdy/ros2_ws/install/challenge1/lib/python3.10/site-packages/challenge1-0.0.0-py3.10.egg-info' (and everything under it)
[4.560s] Copying ../../build/challenge1/challenge1.egg-info to /home/abdy/ros2_ws/install/challenge1/lib/python3.10/site-packages/challenge1-0.0.0-py3.10.egg-info
[4.560s] running install_scripts
[4.697s] Installing process script to /home/abdy/ros2_ws/install/challenge1/lib/challenge1
[4.698s] Installing signal_generator script to /home/abdy/ros2_ws/install/challenge1/lib/challenge1
[4.700s] writing list of installed files to '/home/abdy/ros2_ws/build/challenge1/install.log'
[4.865s] Invoked command in '/home/abdy/ros2_ws/src/challenge1' returned '0': PYTHONPATH=/home/abdy/ros2_ws/build/challenge1/prefix_override:/usr/lib/python3/dist-packages/colcon_core/task/python/colcon_distutils_commands:/home/abdy/ros2_ws/install/challenge1/lib/python3.10/site-packages:${PYTHONPATH} /usr/bin/python3 -W ignore:setup.py install is deprecated -W ignore:easy_install command is deprecated setup.py egg_info --egg-base ../../build/challenge1 build --build-base /home/abdy/ros2_ws/build/challenge1/build install --record /home/abdy/ros2_ws/build/challenge1/install.log --single-version-externally-managed install_data
