[2.573s] Invoking command in '/home/abdy/ros2_ws/src/challenge_1': PYTHONPATH=/home/abdy/ros2_ws/build/challenge_1/prefix_override:/usr/lib/python3/dist-packages/colcon_core/task/python/colcon_distutils_commands:/home/abdy/ros2_ws/install/challenge_1/lib/python3.10/site-packages:${PYTHONPATH} /usr/bin/python3 -W ignore:setup.py install is deprecated -W ignore:easy_install command is deprecated setup.py egg_info --egg-base ../../build/challenge_1 build --build-base /home/abdy/ros2_ws/build/challenge_1/build install --record /home/abdy/ros2_ws/build/challenge_1/install.log --single-version-externally-managed install_data
[2.976s] running egg_info
[2.977s] writing ../../build/challenge_1/challenge_1.egg-info/PKG-INFO
[2.979s] writing dependency_links to ../../build/challenge_1/challenge_1.egg-info/dependency_links.txt
[2.980s] writing entry points to ../../build/challenge_1/challenge_1.egg-info/entry_points.txt
[2.980s] writing requirements to ../../build/challenge_1/challenge_1.egg-info/requires.txt
[2.980s] writing top-level names to ../../build/challenge_1/challenge_1.egg-info/top_level.txt
[2.981s] reading manifest file '../../build/challenge_1/challenge_1.egg-info/SOURCES.txt'
[2.983s] writing manifest file '../../build/challenge_1/challenge_1.egg-info/SOURCES.txt'
[2.983s] running build
[2.983s] running build_py
[2.986s] running install
[2.987s] running install_lib
[2.991s] running install_data
[2.991s] running install_egg_info
[2.991s] removing '/home/abdy/ros2_ws/install/challenge_1/lib/python3.10/site-packages/challenge_1-0.0.0-py3.10.egg-info' (and everything under it)
[2.993s] Copying ../../build/challenge_1/challenge_1.egg-info to /home/abdy/ros2_ws/install/challenge_1/lib/python3.10/site-packages/challenge_1-0.0.0-py3.10.egg-info
[2.995s] running install_scripts
[3.032s] Installing process script to /home/abdy/ros2_ws/install/challenge_1/lib/challenge_1
[3.033s] Installing signal_generator script to /home/abdy/ros2_ws/install/challenge_1/lib/challenge_1
[3.033s] writing list of installed files to '/home/abdy/ros2_ws/build/challenge_1/install.log'
[3.069s] Invoked command in '/home/abdy/ros2_ws/src/challenge_1' returned '0': PYTHONPATH=/home/abdy/ros2_ws/build/challenge_1/prefix_override:/usr/lib/python3/dist-packages/colcon_core/task/python/colcon_distutils_commands:/home/abdy/ros2_ws/install/challenge_1/lib/python3.10/site-packages:${PYTHONPATH} /usr/bin/python3 -W ignore:setup.py install is deprecated -W ignore:easy_install command is deprecated setup.py egg_info --egg-base ../../build/challenge_1 build --build-base /home/abdy/ros2_ws/build/challenge_1/build install --record /home/abdy/ros2_ws/build/challenge_1/install.log --single-version-externally-managed install_data
