[2.563s] Invoking command in '/home/abdy/ros2_ws/src/signal_processing': PYTHONPATH=/home/abdy/ros2_ws/build/signal_processing/prefix_override:/usr/lib/python3/dist-packages/colcon_core/task/python/colcon_distutils_commands:/home/abdy/ros2_ws/install/signal_processing/lib/python3.10/site-packages:${PYTHONPATH} /usr/bin/python3 -W ignore:setup.py install is deprecated -W ignore:easy_install command is deprecated setup.py egg_info --egg-base ../../build/signal_processing build --build-base /home/abdy/ros2_ws/build/signal_processing/build install --record /home/abdy/ros2_ws/build/signal_processing/install.log --single-version-externally-managed install_data
[3.034s] running egg_info
[3.037s] writing ../../build/signal_processing/signal_processing.egg-info/PKG-INFO
[3.037s] writing dependency_links to ../../build/signal_processing/signal_processing.egg-info/dependency_links.txt
[3.037s] writing entry points to ../../build/signal_processing/signal_processing.egg-info/entry_points.txt
[3.037s] writing requirements to ../../build/signal_processing/signal_processing.egg-info/requires.txt
[3.037s] writing top-level names to ../../build/signal_processing/signal_processing.egg-info/top_level.txt
[3.038s] reading manifest file '../../build/signal_processing/signal_processing.egg-info/SOURCES.txt'
[3.039s] writing manifest file '../../build/signal_processing/signal_processing.egg-info/SOURCES.txt'
[3.042s] running build
[3.042s] running build_py
[3.042s] running install
[3.042s] running install_lib
[3.044s] running install_data
[3.046s] running install_egg_info
[3.049s] removing '/home/abdy/ros2_ws/install/signal_processing/lib/python3.10/site-packages/signal_processing-0.0.0-py3.10.egg-info' (and everything under it)
[3.050s] Copying ../../build/signal_processing/signal_processing.egg-info to /home/abdy/ros2_ws/install/signal_processing/lib/python3.10/site-packages/signal_processing-0.0.0-py3.10.egg-info
[3.055s] running install_scripts
[3.083s] Installing PROCESS script to /home/abdy/ros2_ws/install/signal_processing/lib/signal_processing
[3.084s] Installing a script to /home/abdy/ros2_ws/install/signal_processing/lib/signal_processing
[3.085s] Installing process script to /home/abdy/ros2_ws/install/signal_processing/lib/signal_processing
[3.086s] Installing random_generator script to /home/abdy/ros2_ws/install/signal_processing/lib/signal_processing
[3.086s] Installing signal_generator script to /home/abdy/ros2_ws/install/signal_processing/lib/signal_processing
[3.087s] Installing signal_generator_param script to /home/abdy/ros2_ws/install/signal_processing/lib/signal_processing
[3.087s] writing list of installed files to '/home/abdy/ros2_ws/build/signal_processing/install.log'
[3.119s] Invoked command in '/home/abdy/ros2_ws/src/signal_processing' returned '0': PYTHONPATH=/home/abdy/ros2_ws/build/signal_processing/prefix_override:/usr/lib/python3/dist-packages/colcon_core/task/python/colcon_distutils_commands:/home/abdy/ros2_ws/install/signal_processing/lib/python3.10/site-packages:${PYTHONPATH} /usr/bin/python3 -W ignore:setup.py install is deprecated -W ignore:easy_install command is deprecated setup.py egg_info --egg-base ../../build/signal_processing build --build-base /home/abdy/ros2_ws/build/signal_processing/build install --record /home/abdy/ros2_ws/build/signal_processing/install.log --single-version-externally-managed install_data
