[1.353s] Invoking command in '/home/abdy/ros2_ws/src/challenge2': PYTHONPATH=/home/abdy/ros2_ws/build/challenge2/prefix_override:/usr/lib/python3/dist-packages/colcon_core/task/python/colcon_distutils_commands:/home/abdy/ros2_ws/install/challenge2/lib/python3.10/site-packages:${PYTHONPATH} /usr/bin/python3 -W ignore:setup.py install is deprecated -W ignore:easy_install command is deprecated setup.py egg_info --egg-base ../../build/challenge2 build --build-base /home/abdy/ros2_ws/build/challenge2/build install --record /home/abdy/ros2_ws/build/challenge2/install.log --single-version-externally-managed install_data
[1.643s] running egg_info
[1.643s] writing ../../build/challenge2/challenge2.egg-info/PKG-INFO
[1.644s] writing dependency_links to ../../build/challenge2/challenge2.egg-info/dependency_links.txt
[1.644s] writing entry points to ../../build/challenge2/challenge2.egg-info/entry_points.txt
[1.646s] writing requirements to ../../build/challenge2/challenge2.egg-info/requires.txt
[1.647s] writing top-level names to ../../build/challenge2/challenge2.egg-info/top_level.txt
[1.647s] reading manifest file '../../build/challenge2/challenge2.egg-info/SOURCES.txt'
[1.647s] writing manifest file '../../build/challenge2/challenge2.egg-info/SOURCES.txt'
[1.648s] running build
[1.648s] running build_py
[1.648s] copying challenge2/sp_gen.py -> /home/abdy/ros2_ws/build/challenge2/build/lib/challenge2
[1.648s] running install
[1.648s] running install_lib
[1.648s] copying /home/abdy/ros2_ws/build/challenge2/build/lib/challenge2/sp_gen.py -> /home/abdy/ros2_ws/install/challenge2/lib/python3.10/site-packages/challenge2
[1.649s] byte-compiling /home/abdy/ros2_ws/install/challenge2/lib/python3.10/site-packages/challenge2/sp_gen.py to sp_gen.cpython-310.pyc
[1.650s] running install_data
[1.650s] running install_egg_info
[1.652s] removing '/home/abdy/ros2_ws/install/challenge2/lib/python3.10/site-packages/challenge2-0.0.0-py3.10.egg-info' (and everything under it)
[1.653s] Copying ../../build/challenge2/challenge2.egg-info to /home/abdy/ros2_ws/install/challenge2/lib/python3.10/site-packages/challenge2-0.0.0-py3.10.egg-info
[1.654s] running install_scripts
[1.675s] Installing ctrl script to /home/abdy/ros2_ws/install/challenge2/lib/challenge2
[1.677s] Installing motor_sys script to /home/abdy/ros2_ws/install/challenge2/lib/challenge2
[1.677s] Installing sp_gen script to /home/abdy/ros2_ws/install/challenge2/lib/challenge2
[1.678s] writing list of installed files to '/home/abdy/ros2_ws/build/challenge2/install.log'
[1.894s] Invoked command in '/home/abdy/ros2_ws/src/challenge2' returned '0': PYTHONPATH=/home/abdy/ros2_ws/build/challenge2/prefix_override:/usr/lib/python3/dist-packages/colcon_core/task/python/colcon_distutils_commands:/home/abdy/ros2_ws/install/challenge2/lib/python3.10/site-packages:${PYTHONPATH} /usr/bin/python3 -W ignore:setup.py install is deprecated -W ignore:easy_install command is deprecated setup.py egg_info --egg-base ../../build/challenge2 build --build-base /home/abdy/ros2_ws/build/challenge2/build install --record /home/abdy/ros2_ws/build/challenge2/install.log --single-version-externally-managed install_data
