[0.558s] Invoking command in '/home/abdy/ros2_ws/src/signal_processing': PYTHONPATH=/home/abdy/ros2_ws/build/signal_processing/prefix_override:/usr/lib/python3/dist-packages/colcon_core/task/python/colcon_distutils_commands:/home/abdy/ros2_ws/install/signal_processing/lib/python3.10/site-packages:${PYTHONPATH} /usr/bin/python3 -W ignore:setup.py install is deprecated -W ignore:easy_install command is deprecated setup.py egg_info --egg-base ../../build/signal_processing build --build-base /home/abdy/ros2_ws/build/signal_processing/build install --record /home/abdy/ros2_ws/build/signal_processing/install.log --single-version-externally-managed install_data
[0.757s] running egg_info
[0.757s] writing ../../build/signal_processing/signal_processing.egg-info/PKG-INFO
[0.758s] writing dependency_links to ../../build/signal_processing/signal_processing.egg-info/dependency_links.txt
[0.758s] writing entry points to ../../build/signal_processing/signal_processing.egg-info/entry_points.txt
[0.758s] writing requirements to ../../build/signal_processing/signal_processing.egg-info/requires.txt
[0.758s] writing top-level names to ../../build/signal_processing/signal_processing.egg-info/top_level.txt
[0.760s] reading manifest file '../../build/signal_processing/signal_processing.egg-info/SOURCES.txt'
[0.760s] writing manifest file '../../build/signal_processing/signal_processing.egg-info/SOURCES.txt'
[0.760s] running build
[0.760s] running build_py
[0.761s] running install
[0.761s] running install_lib
[0.762s] running install_data
[0.762s] running install_egg_info
[0.764s] removing '/home/abdy/ros2_ws/install/signal_processing/lib/python3.10/site-packages/signal_processing-0.0.0-py3.10.egg-info' (and everything under it)
[0.764s] Copying ../../build/signal_processing/signal_processing.egg-info to /home/abdy/ros2_ws/install/signal_processing/lib/python3.10/site-packages/signal_processing-0.0.0-py3.10.egg-info
[0.765s] running install_scripts
[0.782s] Installing PROCESS script to /home/abdy/ros2_ws/install/signal_processing/lib/signal_processing
[0.783s] Installing a script to /home/abdy/ros2_ws/install/signal_processing/lib/signal_processing
[0.783s] Installing process script to /home/abdy/ros2_ws/install/signal_processing/lib/signal_processing
[0.783s] Installing random_generator script to /home/abdy/ros2_ws/install/signal_processing/lib/signal_processing
[0.783s] Installing signal_generator script to /home/abdy/ros2_ws/install/signal_processing/lib/signal_processing
[0.783s] Installing signal_generator_param script to /home/abdy/ros2_ws/install/signal_processing/lib/signal_processing
[0.783s] writing list of installed files to '/home/abdy/ros2_ws/build/signal_processing/install.log'
[0.806s] Invoked command in '/home/abdy/ros2_ws/src/signal_processing' returned '0': PYTHONPATH=/home/abdy/ros2_ws/build/signal_processing/prefix_override:/usr/lib/python3/dist-packages/colcon_core/task/python/colcon_distutils_commands:/home/abdy/ros2_ws/install/signal_processing/lib/python3.10/site-packages:${PYTHONPATH} /usr/bin/python3 -W ignore:setup.py install is deprecated -W ignore:easy_install command is deprecated setup.py egg_info --egg-base ../../build/signal_processing build --build-base /home/abdy/ros2_ws/build/signal_processing/build install --record /home/abdy/ros2_ws/build/signal_processing/install.log --single-version-externally-managed install_data
