[1.647s] Invoking command in '/home/abdy/ros2_ws/src/basic_comms': PYTHONPATH=/home/abdy/ros2_ws/build/basic_comms/prefix_override:/usr/lib/python3/dist-packages/colcon_core/task/python/colcon_distutils_commands:/home/abdy/ros2_ws/install/basic_comms/lib/python3.10/site-packages:${PYTHONPATH} /usr/bin/python3 -W ignore:setup.py install is deprecated -W ignore:easy_install command is deprecated setup.py egg_info --egg-base ../../build/basic_comms build --build-base /home/abdy/ros2_ws/build/basic_comms/build install --record /home/abdy/ros2_ws/build/basic_comms/install.log --single-version-externally-managed install_data
[2.177s] running egg_info
[2.178s] writing ../../build/basic_comms/basic_comms.egg-info/PKG-INFO
[2.179s] writing dependency_links to ../../build/basic_comms/basic_comms.egg-info/dependency_links.txt
[2.180s] writing entry points to ../../build/basic_comms/basic_comms.egg-info/entry_points.txt
[2.180s] writing requirements to ../../build/basic_comms/basic_comms.egg-info/requires.txt
[2.180s] writing top-level names to ../../build/basic_comms/basic_comms.egg-info/top_level.txt
[2.182s] reading manifest file '../../build/basic_comms/basic_comms.egg-info/SOURCES.txt'
[2.184s] writing manifest file '../../build/basic_comms/basic_comms.egg-info/SOURCES.txt'
[2.186s] running build
[2.186s] running build_py
[2.186s] running install
[2.186s] running install_lib
[2.187s] running install_data
[2.188s] running install_egg_info
[2.190s] removing '/home/abdy/ros2_ws/install/basic_comms/lib/python3.10/site-packages/basic_comms-0.0.0-py3.10.egg-info' (and everything under it)
[2.190s] Copying ../../build/basic_comms/basic_comms.egg-info to /home/abdy/ros2_ws/install/basic_comms/lib/python3.10/site-packages/basic_comms-0.0.0-py3.10.egg-info
[2.192s] running install_scripts
[2.212s] Installing listener script to /home/abdy/ros2_ws/install/basic_comms/lib/basic_comms
[2.212s] Installing talker script to /home/abdy/ros2_ws/install/basic_comms/lib/basic_comms
[2.214s] writing list of installed files to '/home/abdy/ros2_ws/build/basic_comms/install.log'
[2.397s] Invoked command in '/home/abdy/ros2_ws/src/basic_comms' returned '0': PYTHONPATH=/home/abdy/ros2_ws/build/basic_comms/prefix_override:/usr/lib/python3/dist-packages/colcon_core/task/python/colcon_distutils_commands:/home/abdy/ros2_ws/install/basic_comms/lib/python3.10/site-packages:${PYTHONPATH} /usr/bin/python3 -W ignore:setup.py install is deprecated -W ignore:easy_install command is deprecated setup.py egg_info --egg-base ../../build/basic_comms build --build-base /home/abdy/ros2_ws/build/basic_comms/build install --record /home/abdy/ros2_ws/build/basic_comms/install.log --single-version-externally-managed install_data
