[0.577s] Invoking command in '/home/abdy/ros2_ws/src/signal_processing': PYTHONPATH=/home/abdy/ros2_ws/build/signal_processing/prefix_override:/usr/lib/python3/dist-packages/colcon_core/task/python/colcon_distutils_commands:/home/abdy/ros2_ws/install/signal_processing/lib/python3.10/site-packages:${PYTHONPATH} /usr/bin/python3 -W ignore:setup.py install is deprecated -W ignore:easy_install command is deprecated setup.py egg_info --egg-base ../../build/signal_processing build --build-base /home/abdy/ros2_ws/build/signal_processing/build install --record /home/abdy/ros2_ws/build/signal_processing/install.log --single-version-externally-managed install_data
[0.733s] running egg_info
[0.734s] writing ../../build/signal_processing/signal_processing.egg-info/PKG-INFO
[0.734s] writing dependency_links to ../../build/signal_processing/signal_processing.egg-info/dependency_links.txt
[0.734s] writing entry points to ../../build/signal_processing/signal_processing.egg-info/entry_points.txt
[0.734s] writing requirements to ../../build/signal_processing/signal_processing.egg-info/requires.txt
[0.735s] writing top-level names to ../../build/signal_processing/signal_processing.egg-info/top_level.txt
[0.736s] reading manifest file '../../build/signal_processing/signal_processing.egg-info/SOURCES.txt'
[0.737s] writing manifest file '../../build/signal_processing/signal_processing.egg-info/SOURCES.txt'
[0.738s] running build
[0.738s] running build_py
[0.738s] copying signal_processing/signal_generator.py -> /home/abdy/ros2_ws/build/signal_processing/build/lib/signal_processing
[0.738s] running install
[0.738s] running install_lib
[0.739s] copying /home/abdy/ros2_ws/build/signal_processing/build/lib/signal_processing/signal_generator.py -> /home/abdy/ros2_ws/install/signal_processing/lib/python3.10/site-packages/signal_processing
[0.740s] byte-compiling /home/abdy/ros2_ws/install/signal_processing/lib/python3.10/site-packages/signal_processing/signal_generator.py to signal_generator.cpython-310.pyc
[0.740s] running install_data
[0.740s] running install_egg_info
[0.742s] removing '/home/abdy/ros2_ws/install/signal_processing/lib/python3.10/site-packages/signal_processing-0.0.0-py3.10.egg-info' (and everything under it)
[0.742s] Copying ../../build/signal_processing/signal_processing.egg-info to /home/abdy/ros2_ws/install/signal_processing/lib/python3.10/site-packages/signal_processing-0.0.0-py3.10.egg-info
[0.743s] running install_scripts
[0.759s] Installing random_generator script to /home/abdy/ros2_ws/install/signal_processing/lib/signal_processing
[0.759s] Installing signal_generator script to /home/abdy/ros2_ws/install/signal_processing/lib/signal_processing
[0.760s] writing list of installed files to '/home/abdy/ros2_ws/build/signal_processing/install.log'
[0.780s] Invoked command in '/home/abdy/ros2_ws/src/signal_processing' returned '0': PYTHONPATH=/home/abdy/ros2_ws/build/signal_processing/prefix_override:/usr/lib/python3/dist-packages/colcon_core/task/python/colcon_distutils_commands:/home/abdy/ros2_ws/install/signal_processing/lib/python3.10/site-packages:${PYTHONPATH} /usr/bin/python3 -W ignore:setup.py install is deprecated -W ignore:easy_install command is deprecated setup.py egg_info --egg-base ../../build/signal_processing build --build-base /home/abdy/ros2_ws/build/signal_processing/build install --record /home/abdy/ros2_ws/build/signal_processing/install.log --single-version-externally-managed install_data
