[3.221s] Invoking command in '/home/abdy/ros2_ws/src/my_py_pkg': PYTHONPATH=/home/abdy/ros2_ws/build/my_py_pkg/prefix_override:/usr/lib/python3/dist-packages/colcon_core/task/python/colcon_distutils_commands:/home/abdy/ros2_ws/install/my_py_pkg/lib/python3.10/site-packages:${PYTHONPATH} /usr/bin/python3 -W ignore:setup.py install is deprecated -W ignore:easy_install command is deprecated setup.py egg_info --egg-base ../../build/my_py_pkg build --build-base /home/abdy/ros2_ws/build/my_py_pkg/build install --record /home/abdy/ros2_ws/build/my_py_pkg/install.log --single-version-externally-managed install_data
[3.604s] running egg_info
[3.605s] writing ../../build/my_py_pkg/my_py_pkg.egg-info/PKG-INFO
[3.605s] writing dependency_links to ../../build/my_py_pkg/my_py_pkg.egg-info/dependency_links.txt
[3.606s] writing entry points to ../../build/my_py_pkg/my_py_pkg.egg-info/entry_points.txt
[3.606s] writing requirements to ../../build/my_py_pkg/my_py_pkg.egg-info/requires.txt
[3.606s] writing top-level names to ../../build/my_py_pkg/my_py_pkg.egg-info/top_level.txt
[3.610s] reading manifest file '../../build/my_py_pkg/my_py_pkg.egg-info/SOURCES.txt'
[3.612s] writing manifest file '../../build/my_py_pkg/my_py_pkg.egg-info/SOURCES.txt'
[3.612s] running build
[3.612s] running build_py
[3.614s] running install
[3.615s] running install_lib
[3.618s] running install_data
[3.619s] running install_egg_info
[3.623s] removing '/home/abdy/ros2_ws/install/my_py_pkg/lib/python3.10/site-packages/my_py_pkg-0.0.0-py3.10.egg-info' (and everything under it)
[3.623s] Copying ../../build/my_py_pkg/my_py_pkg.egg-info to /home/abdy/ros2_ws/install/my_py_pkg/lib/python3.10/site-packages/my_py_pkg-0.0.0-py3.10.egg-info
[3.626s] running install_scripts
[3.657s] Installing add_2ints_client script to /home/abdy/ros2_ws/install/my_py_pkg/lib/my_py_pkg
[3.659s] Installing add_2ints_server script to /home/abdy/ros2_ws/install/my_py_pkg/lib/my_py_pkg
[3.660s] Installing cra_client script to /home/abdy/ros2_ws/install/my_py_pkg/lib/my_py_pkg
[3.660s] Installing cra_server script to /home/abdy/ros2_ws/install/my_py_pkg/lib/my_py_pkg
[3.661s] Installing hola_incrementar script to /home/abdy/ros2_ws/install/my_py_pkg/lib/my_py_pkg
[3.661s] Installing hola_mundo script to /home/abdy/ros2_ws/install/my_py_pkg/lib/my_py_pkg
[3.663s] Installing hw_status_publisher script to /home/abdy/ros2_ws/install/my_py_pkg/lib/my_py_pkg
[3.663s] Installing hw_status_subscriber script to /home/abdy/ros2_ws/install/my_py_pkg/lib/my_py_pkg
[3.663s] Installing my_listener script to /home/abdy/ros2_ws/install/my_py_pkg/lib/my_py_pkg
[3.663s] Installing my_talker script to /home/abdy/ros2_ws/install/my_py_pkg/lib/my_py_pkg
[3.664s] writing list of installed files to '/home/abdy/ros2_ws/build/my_py_pkg/install.log'
[3.690s] Invoked command in '/home/abdy/ros2_ws/src/my_py_pkg' returned '0': PYTHONPATH=/home/abdy/ros2_ws/build/my_py_pkg/prefix_override:/usr/lib/python3/dist-packages/colcon_core/task/python/colcon_distutils_commands:/home/abdy/ros2_ws/install/my_py_pkg/lib/python3.10/site-packages:${PYTHONPATH} /usr/bin/python3 -W ignore:setup.py install is deprecated -W ignore:easy_install command is deprecated setup.py egg_info --egg-base ../../build/my_py_pkg build --build-base /home/abdy/ros2_ws/build/my_py_pkg/build install --record /home/abdy/ros2_ws/build/my_py_pkg/install.log --single-version-externally-managed install_data
