/home/abdy/ros2_ws/install/my_py_pkg/lib/python3.10/site-packages/my_py_pkg/my_talker.py
/home/abdy/ros2_ws/install/my_py_pkg/lib/python3.10/site-packages/my_py_pkg/node_python_t.py
/home/abdy/ros2_ws/install/my_py_pkg/lib/python3.10/site-packages/my_py_pkg/node_python_1.py
/home/abdy/ros2_ws/install/my_py_pkg/lib/python3.10/site-packages/my_py_pkg/add2ints_server.py
/home/abdy/ros2_ws/install/my_py_pkg/lib/python3.10/site-packages/my_py_pkg/__init__.py
/home/abdy/ros2_ws/install/my_py_pkg/lib/python3.10/site-packages/my_py_pkg/ComputeRectangleArea_client.py
/home/abdy/ros2_ws/install/my_py_pkg/lib/python3.10/site-packages/my_py_pkg/add2ints_client.py
/home/abdy/ros2_ws/install/my_py_pkg/lib/python3.10/site-packages/my_py_pkg/HardwareStatus_subscriber.py
/home/abdy/ros2_ws/install/my_py_pkg/lib/python3.10/site-packages/my_py_pkg/ComputeRectangleArea_server.py
/home/abdy/ros2_ws/install/my_py_pkg/lib/python3.10/site-packages/my_py_pkg/my_listener.py
/home/abdy/ros2_ws/install/my_py_pkg/lib/python3.10/site-packages/my_py_pkg/HardwareStatus_publisher.py
/home/abdy/ros2_ws/install/my_py_pkg/lib/python3.10/site-packages/my_py_pkg/__pycache__/my_talker.cpython-310.pyc
/home/abdy/ros2_ws/install/my_py_pkg/lib/python3.10/site-packages/my_py_pkg/__pycache__/node_python_t.cpython-310.pyc
/home/abdy/ros2_ws/install/my_py_pkg/lib/python3.10/site-packages/my_py_pkg/__pycache__/node_python_1.cpython-310.pyc
/home/abdy/ros2_ws/install/my_py_pkg/lib/python3.10/site-packages/my_py_pkg/__pycache__/add2ints_server.cpython-310.pyc
/home/abdy/ros2_ws/install/my_py_pkg/lib/python3.10/site-packages/my_py_pkg/__pycache__/__init__.cpython-310.pyc
/home/abdy/ros2_ws/install/my_py_pkg/lib/python3.10/site-packages/my_py_pkg/__pycache__/ComputeRectangleArea_client.cpython-310.pyc
/home/abdy/ros2_ws/install/my_py_pkg/lib/python3.10/site-packages/my_py_pkg/__pycache__/add2ints_client.cpython-310.pyc
/home/abdy/ros2_ws/install/my_py_pkg/lib/python3.10/site-packages/my_py_pkg/__pycache__/HardwareStatus_subscriber.cpython-310.pyc
/home/abdy/ros2_ws/install/my_py_pkg/lib/python3.10/site-packages/my_py_pkg/__pycache__/ComputeRectangleArea_server.cpython-310.pyc
/home/abdy/ros2_ws/install/my_py_pkg/lib/python3.10/site-packages/my_py_pkg/__pycache__/my_listener.cpython-310.pyc
/home/abdy/ros2_ws/install/my_py_pkg/lib/python3.10/site-packages/my_py_pkg/__pycache__/HardwareStatus_publisher.cpython-310.pyc
/home/abdy/ros2_ws/install/my_py_pkg/share/ament_index/resource_index/packages/my_py_pkg
/home/abdy/ros2_ws/install/my_py_pkg/share/my_py_pkg/package.xml
/home/abdy/ros2_ws/install/my_py_pkg/share/my_py_pkg/launch/talker_listener.launch.xml
/home/abdy/ros2_ws/install/my_py_pkg/share/my_py_pkg/launch/my_talker_listener.xml
/home/abdy/ros2_ws/install/my_py_pkg/lib/python3.10/site-packages/my_py_pkg-0.0.0-py3.10.egg-info/requires.txt
/home/abdy/ros2_ws/install/my_py_pkg/lib/python3.10/site-packages/my_py_pkg-0.0.0-py3.10.egg-info/dependency_links.txt
/home/abdy/ros2_ws/install/my_py_pkg/lib/python3.10/site-packages/my_py_pkg-0.0.0-py3.10.egg-info/entry_points.txt
/home/abdy/ros2_ws/install/my_py_pkg/lib/python3.10/site-packages/my_py_pkg-0.0.0-py3.10.egg-info/zip-safe
/home/abdy/ros2_ws/install/my_py_pkg/lib/python3.10/site-packages/my_py_pkg-0.0.0-py3.10.egg-info/SOURCES.txt
/home/abdy/ros2_ws/install/my_py_pkg/lib/python3.10/site-packages/my_py_pkg-0.0.0-py3.10.egg-info/PKG-INFO
/home/abdy/ros2_ws/install/my_py_pkg/lib/python3.10/site-packages/my_py_pkg-0.0.0-py3.10.egg-info/top_level.txt
/home/abdy/ros2_ws/install/my_py_pkg/lib/my_py_pkg/add_2ints_client
/home/abdy/ros2_ws/install/my_py_pkg/lib/my_py_pkg/add_2ints_server
/home/abdy/ros2_ws/install/my_py_pkg/lib/my_py_pkg/cra_client
/home/abdy/ros2_ws/install/my_py_pkg/lib/my_py_pkg/cra_server
/home/abdy/ros2_ws/install/my_py_pkg/lib/my_py_pkg/hola_incrementar
/home/abdy/ros2_ws/install/my_py_pkg/lib/my_py_pkg/hola_mundo
/home/abdy/ros2_ws/install/my_py_pkg/lib/my_py_pkg/hw_status_publisher
/home/abdy/ros2_ws/install/my_py_pkg/lib/my_py_pkg/hw_status_subscriber
/home/abdy/ros2_ws/install/my_py_pkg/lib/my_py_pkg/my_listener
/home/abdy/ros2_ws/install/my_py_pkg/lib/my_py_pkg/my_talker
