[4.582s] Invoking command in '/home/abdy/ros2_ws/src/signal_processing': PYTHONPATH=/home/abdy/ros2_ws/build/signal_processing/prefix_override:/usr/lib/python3/dist-packages/colcon_core/task/python/colcon_distutils_commands:/home/abdy/ros2_ws/install/signal_processing/lib/python3.10/site-packages:${PYTHONPATH} /usr/bin/python3 -W ignore:setup.py install is deprecated -W ignore:easy_install command is deprecated setup.py egg_info --egg-base ../../build/signal_processing build --build-base /home/abdy/ros2_ws/build/signal_processing/build install --record /home/abdy/ros2_ws/build/signal_processing/install.log --single-version-externally-managed install_data
[5.315s] running egg_info
[5.317s] writing ../../build/signal_processing/signal_processing.egg-info/PKG-INFO
[5.318s] writing dependency_links to ../../build/signal_processing/signal_processing.egg-info/dependency_links.txt
[5.319s] writing entry points to ../../build/signal_processing/signal_processing.egg-info/entry_points.txt
[5.320s] writing requirements to ../../build/signal_processing/signal_processing.egg-info/requires.txt
[5.320s] writing top-level names to ../../build/signal_processing/signal_processing.egg-info/top_level.txt
[5.326s] reading manifest file '../../build/signal_processing/signal_processing.egg-info/SOURCES.txt'
[5.329s] writing manifest file '../../build/signal_processing/signal_processing.egg-info/SOURCES.txt'
[5.329s] running build
[5.330s] running build_py
[5.331s] running install
[5.332s] running install_lib
[5.337s] running install_data
[5.337s] running install_egg_info
[5.342s] removing '/home/abdy/ros2_ws/install/signal_processing/lib/python3.10/site-packages/signal_processing-0.0.0-py3.10.egg-info' (and everything under it)
[5.344s] Copying ../../build/signal_processing/signal_processing.egg-info to /home/abdy/ros2_ws/install/signal_processing/lib/python3.10/site-packages/signal_processing-0.0.0-py3.10.egg-info
[5.347s] running install_scripts
[5.416s] Installing PROCESS script to /home/abdy/ros2_ws/install/signal_processing/lib/signal_processing
[5.417s] Installing a script to /home/abdy/ros2_ws/install/signal_processing/lib/signal_processing
[5.418s] Installing process script to /home/abdy/ros2_ws/install/signal_processing/lib/signal_processing
[5.418s] Installing random_generator script to /home/abdy/ros2_ws/install/signal_processing/lib/signal_processing
[5.419s] Installing signal_generator script to /home/abdy/ros2_ws/install/signal_processing/lib/signal_processing
[5.420s] Installing signal_generator_param script to /home/abdy/ros2_ws/install/signal_processing/lib/signal_processing
[5.422s] writing list of installed files to '/home/abdy/ros2_ws/build/signal_processing/install.log'
[5.501s] Invoked command in '/home/abdy/ros2_ws/src/signal_processing' returned '0': PYTHONPATH=/home/abdy/ros2_ws/build/signal_processing/prefix_override:/usr/lib/python3/dist-packages/colcon_core/task/python/colcon_distutils_commands:/home/abdy/ros2_ws/install/signal_processing/lib/python3.10/site-packages:${PYTHONPATH} /usr/bin/python3 -W ignore:setup.py install is deprecated -W ignore:easy_install command is deprecated setup.py egg_info --egg-base ../../build/signal_processing build --build-base /home/abdy/ros2_ws/build/signal_processing/build install --record /home/abdy/ros2_ws/build/signal_processing/install.log --single-version-externally-managed install_data
