[1.441s] Invoking command in '/home/abdy/ros2_ws/src/basic_comms': PYTHONPATH=/home/abdy/ros2_ws/build/basic_comms/prefix_override:/usr/lib/python3/dist-packages/colcon_core/task/python/colcon_distutils_commands:/home/abdy/ros2_ws/install/basic_comms/lib/python3.10/site-packages:${PYTHONPATH} /usr/bin/python3 -W ignore:setup.py install is deprecated -W ignore:easy_install command is deprecated setup.py egg_info --egg-base ../../build/basic_comms build --build-base /home/abdy/ros2_ws/build/basic_comms/build install --record /home/abdy/ros2_ws/build/basic_comms/install.log --single-version-externally-managed install_data
[1.800s] running egg_info
[1.802s] creating ../../build/basic_comms/basic_comms.egg-info
[1.802s] writing ../../build/basic_comms/basic_comms.egg-info/PKG-INFO
[1.803s] writing dependency_links to ../../build/basic_comms/basic_comms.egg-info/dependency_links.txt
[1.804s] writing entry points to ../../build/basic_comms/basic_comms.egg-info/entry_points.txt
[1.804s] writing requirements to ../../build/basic_comms/basic_comms.egg-info/requires.txt
[1.804s] writing top-level names to ../../build/basic_comms/basic_comms.egg-info/top_level.txt
[1.805s] writing manifest file '../../build/basic_comms/basic_comms.egg-info/SOURCES.txt'
[1.809s] reading manifest file '../../build/basic_comms/basic_comms.egg-info/SOURCES.txt'
[1.809s] writing manifest file '../../build/basic_comms/basic_comms.egg-info/SOURCES.txt'
[1.809s] running build
[1.809s] running build_py
[1.810s] creating /home/abdy/ros2_ws/build/basic_comms/build
[1.810s] creating /home/abdy/ros2_ws/build/basic_comms/build/lib
[1.810s] creating /home/abdy/ros2_ws/build/basic_comms/build/lib/basic_comms
[1.810s] copying basic_comms/__init__.py -> /home/abdy/ros2_ws/build/basic_comms/build/lib/basic_comms
[1.810s] copying basic_comms/talker.py -> /home/abdy/ros2_ws/build/basic_comms/build/lib/basic_comms
[1.810s] running install
[1.811s] running install_lib
[1.813s] creating /home/abdy/ros2_ws/install/basic_comms/lib/python3.10/site-packages/basic_comms
[1.813s] copying /home/abdy/ros2_ws/build/basic_comms/build/lib/basic_comms/__init__.py -> /home/abdy/ros2_ws/install/basic_comms/lib/python3.10/site-packages/basic_comms
[1.813s] copying /home/abdy/ros2_ws/build/basic_comms/build/lib/basic_comms/talker.py -> /home/abdy/ros2_ws/install/basic_comms/lib/python3.10/site-packages/basic_comms
[1.814s] byte-compiling /home/abdy/ros2_ws/install/basic_comms/lib/python3.10/site-packages/basic_comms/__init__.py to __init__.cpython-310.pyc
[1.815s] byte-compiling /home/abdy/ros2_ws/install/basic_comms/lib/python3.10/site-packages/basic_comms/talker.py to talker.cpython-310.pyc
[1.815s] running install_data
[1.815s] creating /home/abdy/ros2_ws/install/basic_comms/share/ament_index
[1.816s] creating /home/abdy/ros2_ws/install/basic_comms/share/ament_index/resource_index
[1.816s] creating /home/abdy/ros2_ws/install/basic_comms/share/ament_index/resource_index/packages
[1.816s] copying resource/basic_comms -> /home/abdy/ros2_ws/install/basic_comms/share/ament_index/resource_index/packages
[1.816s] copying package.xml -> /home/abdy/ros2_ws/install/basic_comms/share/basic_comms
[1.816s] running install_egg_info
[1.820s] Copying ../../build/basic_comms/basic_comms.egg-info to /home/abdy/ros2_ws/install/basic_comms/lib/python3.10/site-packages/basic_comms-0.0.0-py3.10.egg-info
[1.822s] running install_scripts
[1.867s] Installing talker script to /home/abdy/ros2_ws/install/basic_comms/lib/basic_comms
[1.870s] writing list of installed files to '/home/abdy/ros2_ws/build/basic_comms/install.log'
[1.906s] Invoked command in '/home/abdy/ros2_ws/src/basic_comms' returned '0': PYTHONPATH=/home/abdy/ros2_ws/build/basic_comms/prefix_override:/usr/lib/python3/dist-packages/colcon_core/task/python/colcon_distutils_commands:/home/abdy/ros2_ws/install/basic_comms/lib/python3.10/site-packages:${PYTHONPATH} /usr/bin/python3 -W ignore:setup.py install is deprecated -W ignore:easy_install command is deprecated setup.py egg_info --egg-base ../../build/basic_comms build --build-base /home/abdy/ros2_ws/build/basic_comms/build install --record /home/abdy/ros2_ws/build/basic_comms/install.log --single-version-externally-managed install_data
