[1.364s] Invoking command in '/home/abdy/ros2_ws/src/challenge1': PYTHONPATH=/home/abdy/ros2_ws/build/challenge1/prefix_override:/usr/lib/python3/dist-packages/colcon_core/task/python/colcon_distutils_commands:/home/abdy/ros2_ws/install/challenge1/lib/python3.10/site-packages:${PYTHONPATH} /usr/bin/python3 -W ignore:setup.py install is deprecated -W ignore:easy_install command is deprecated setup.py egg_info --egg-base ../../build/challenge1 build --build-base /home/abdy/ros2_ws/build/challenge1/build install --record /home/abdy/ros2_ws/build/challenge1/install.log --single-version-externally-managed install_data
[1.743s] running egg_info
[1.744s] writing ../../build/challenge1/challenge1.egg-info/PKG-INFO
[1.744s] writing dependency_links to ../../build/challenge1/challenge1.egg-info/dependency_links.txt
[1.745s] writing entry points to ../../build/challenge1/challenge1.egg-info/entry_points.txt
[1.746s] writing requirements to ../../build/challenge1/challenge1.egg-info/requires.txt
[1.746s] writing top-level names to ../../build/challenge1/challenge1.egg-info/top_level.txt
[1.747s] reading manifest file '../../build/challenge1/challenge1.egg-info/SOURCES.txt'
[1.748s] writing manifest file '../../build/challenge1/challenge1.egg-info/SOURCES.txt'
[1.749s] running build
[1.749s] running build_py
[1.749s] running install
[1.749s] running install_lib
[1.750s] running install_data
[1.751s] running install_egg_info
[1.752s] removing '/home/abdy/ros2_ws/install/challenge1/lib/python3.10/site-packages/challenge1-0.0.0-py3.10.egg-info' (and everything under it)
[1.753s] Copying ../../build/challenge1/challenge1.egg-info to /home/abdy/ros2_ws/install/challenge1/lib/python3.10/site-packages/challenge1-0.0.0-py3.10.egg-info
[1.754s] running install_scripts
[1.779s] Installing process script to /home/abdy/ros2_ws/install/challenge1/lib/challenge1
[1.780s] Installing signal_generator script to /home/abdy/ros2_ws/install/challenge1/lib/challenge1
[1.781s] writing list of installed files to '/home/abdy/ros2_ws/build/challenge1/install.log'
[2.025s] Invoked command in '/home/abdy/ros2_ws/src/challenge1' returned '0': PYTHONPATH=/home/abdy/ros2_ws/build/challenge1/prefix_override:/usr/lib/python3/dist-packages/colcon_core/task/python/colcon_distutils_commands:/home/abdy/ros2_ws/install/challenge1/lib/python3.10/site-packages:${PYTHONPATH} /usr/bin/python3 -W ignore:setup.py install is deprecated -W ignore:easy_install command is deprecated setup.py egg_info --egg-base ../../build/challenge1 build --build-base /home/abdy/ros2_ws/build/challenge1/build install --record /home/abdy/ros2_ws/build/challenge1/install.log --single-version-externally-managed install_data
