[2.588s] Invoking command in '/home/abdy/ros2_ws/src/challenge1': PYTHONPATH=/home/abdy/ros2_ws/build/challenge1/prefix_override:/usr/lib/python3/dist-packages/colcon_core/task/python/colcon_distutils_commands:/home/abdy/ros2_ws/install/challenge1/lib/python3.10/site-packages:${PYTHONPATH} /usr/bin/python3 -W ignore:setup.py install is deprecated -W ignore:easy_install command is deprecated setup.py egg_info --egg-base ../../build/challenge1 build --build-base /home/abdy/ros2_ws/build/challenge1/build install --record /home/abdy/ros2_ws/build/challenge1/install.log --single-version-externally-managed install_data
[2.977s] running egg_info
[2.979s] writing ../../build/challenge1/challenge1.egg-info/PKG-INFO
[2.980s] writing dependency_links to ../../build/challenge1/challenge1.egg-info/dependency_links.txt
[2.980s] writing entry points to ../../build/challenge1/challenge1.egg-info/entry_points.txt
[2.980s] writing requirements to ../../build/challenge1/challenge1.egg-info/requires.txt
[2.980s] writing top-level names to ../../build/challenge1/challenge1.egg-info/top_level.txt
[2.985s] reading manifest file '../../build/challenge1/challenge1.egg-info/SOURCES.txt'
[2.985s] writing manifest file '../../build/challenge1/challenge1.egg-info/SOURCES.txt'
[2.985s] running build
[2.985s] running build_py
[2.986s] copying challenge1/signal_generator.py -> /home/abdy/ros2_ws/build/challenge1/build/lib/challenge1
[2.986s] copying challenge1/process.py -> /home/abdy/ros2_ws/build/challenge1/build/lib/challenge1
[2.986s] running install
[2.991s] running install_lib
[2.991s] copying /home/abdy/ros2_ws/build/challenge1/build/lib/challenge1/signal_generator.py -> /home/abdy/ros2_ws/install/challenge1/lib/python3.10/site-packages/challenge1
[2.992s] copying /home/abdy/ros2_ws/build/challenge1/build/lib/challenge1/process.py -> /home/abdy/ros2_ws/install/challenge1/lib/python3.10/site-packages/challenge1
[2.992s] byte-compiling /home/abdy/ros2_ws/install/challenge1/lib/python3.10/site-packages/challenge1/signal_generator.py to signal_generator.cpython-310.pyc
[2.993s] byte-compiling /home/abdy/ros2_ws/install/challenge1/lib/python3.10/site-packages/challenge1/process.py to process.cpython-310.pyc
[2.993s] running install_data
[2.993s] copying launch/challenge1_launch.py -> /home/abdy/ros2_ws/install/challenge1/share/challenge1/launch
[2.996s] running install_egg_info
[2.997s] removing '/home/abdy/ros2_ws/install/challenge1/lib/python3.10/site-packages/challenge1-0.0.0-py3.10.egg-info' (and everything under it)
[2.997s] Copying ../../build/challenge1/challenge1.egg-info to /home/abdy/ros2_ws/install/challenge1/lib/python3.10/site-packages/challenge1-0.0.0-py3.10.egg-info
[3.000s] running install_scripts
[3.032s] Installing process script to /home/abdy/ros2_ws/install/challenge1/lib/challenge1
[3.033s] Installing signal_generator script to /home/abdy/ros2_ws/install/challenge1/lib/challenge1
[3.033s] writing list of installed files to '/home/abdy/ros2_ws/build/challenge1/install.log'
[3.071s] Invoked command in '/home/abdy/ros2_ws/src/challenge1' returned '0': PYTHONPATH=/home/abdy/ros2_ws/build/challenge1/prefix_override:/usr/lib/python3/dist-packages/colcon_core/task/python/colcon_distutils_commands:/home/abdy/ros2_ws/install/challenge1/lib/python3.10/site-packages:${PYTHONPATH} /usr/bin/python3 -W ignore:setup.py install is deprecated -W ignore:easy_install command is deprecated setup.py egg_info --egg-base ../../build/challenge1 build --build-base /home/abdy/ros2_ws/build/challenge1/build install --record /home/abdy/ros2_ws/build/challenge1/install.log --single-version-externally-managed install_data
