[6.596s] Invoking command in '/home/abdy/ros2_ws/src/challenge2': PYTHONPATH=/home/abdy/ros2_ws/build/challenge2/prefix_override:/usr/lib/python3/dist-packages/colcon_core/task/python/colcon_distutils_commands:/home/abdy/ros2_ws/install/challenge2/lib/python3.10/site-packages:${PYTHONPATH} /usr/bin/python3 -W ignore:setup.py install is deprecated -W ignore:easy_install command is deprecated setup.py egg_info --egg-base ../../build/challenge2 build --build-base /home/abdy/ros2_ws/build/challenge2/build install --record /home/abdy/ros2_ws/build/challenge2/install.log --single-version-externally-managed install_data
[8.945s] running egg_info
[8.951s] writing ../../build/challenge2/challenge2.egg-info/PKG-INFO
[8.952s] writing dependency_links to ../../build/challenge2/challenge2.egg-info/dependency_links.txt
[8.953s] writing entry points to ../../build/challenge2/challenge2.egg-info/entry_points.txt
[8.957s] writing requirements to ../../build/challenge2/challenge2.egg-info/requires.txt
[8.959s] writing top-level names to ../../build/challenge2/challenge2.egg-info/top_level.txt
[8.976s] reading manifest file '../../build/challenge2/challenge2.egg-info/SOURCES.txt'
[8.985s] writing manifest file '../../build/challenge2/challenge2.egg-info/SOURCES.txt'
[8.988s] running build
[8.990s] running build_py
[8.991s] copying challenge2/sp_gen.py -> /home/abdy/ros2_ws/build/challenge2/build/lib/challenge2
[8.991s] copying challenge2/motor_sys.py -> /home/abdy/ros2_ws/build/challenge2/build/lib/challenge2
[8.991s] copying challenge2/ctrl.py -> /home/abdy/ros2_ws/build/challenge2/build/lib/challenge2
[8.992s] running install
[8.994s] running install_lib
[8.998s] copying /home/abdy/ros2_ws/build/challenge2/build/lib/challenge2/sp_gen.py -> /home/abdy/ros2_ws/install/challenge2/lib/python3.10/site-packages/challenge2
[9.003s] copying /home/abdy/ros2_ws/build/challenge2/build/lib/challenge2/motor_sys.py -> /home/abdy/ros2_ws/install/challenge2/lib/python3.10/site-packages/challenge2
[9.007s] copying /home/abdy/ros2_ws/build/challenge2/build/lib/challenge2/ctrl.py -> /home/abdy/ros2_ws/install/challenge2/lib/python3.10/site-packages/challenge2
[9.010s] byte-compiling /home/abdy/ros2_ws/install/challenge2/lib/python3.10/site-packages/challenge2/sp_gen.py to sp_gen.cpython-310.pyc
[9.021s] byte-compiling /home/abdy/ros2_ws/install/challenge2/lib/python3.10/site-packages/challenge2/motor_sys.py to motor_sys.cpython-310.pyc
[9.025s] byte-compiling /home/abdy/ros2_ws/install/challenge2/lib/python3.10/site-packages/challenge2/ctrl.py to ctrl.cpython-310.pyc
[9.032s] running install_data
[9.033s] copying config/pid_params.yaml -> /home/abdy/ros2_ws/install/challenge2/share/challenge2/config
[9.036s] running install_egg_info
[9.048s] removing '/home/abdy/ros2_ws/install/challenge2/lib/python3.10/site-packages/challenge2-0.0.0-py3.10.egg-info' (and everything under it)
[9.049s] Copying ../../build/challenge2/challenge2.egg-info to /home/abdy/ros2_ws/install/challenge2/lib/python3.10/site-packages/challenge2-0.0.0-py3.10.egg-info
[9.058s] running install_scripts
[9.164s] Installing ctrl script to /home/abdy/ros2_ws/install/challenge2/lib/challenge2
[9.164s] Installing motor_sys script to /home/abdy/ros2_ws/install/challenge2/lib/challenge2
[9.165s] Installing sp_gen script to /home/abdy/ros2_ws/install/challenge2/lib/challenge2
[9.167s] writing list of installed files to '/home/abdy/ros2_ws/build/challenge2/install.log'
[10.964s] Invoked command in '/home/abdy/ros2_ws/src/challenge2' returned '0': PYTHONPATH=/home/abdy/ros2_ws/build/challenge2/prefix_override:/usr/lib/python3/dist-packages/colcon_core/task/python/colcon_distutils_commands:/home/abdy/ros2_ws/install/challenge2/lib/python3.10/site-packages:${PYTHONPATH} /usr/bin/python3 -W ignore:setup.py install is deprecated -W ignore:easy_install command is deprecated setup.py egg_info --egg-base ../../build/challenge2 build --build-base /home/abdy/ros2_ws/build/challenge2/build install --record /home/abdy/ros2_ws/build/challenge2/install.log --single-version-externally-managed install_data
