[1.170s] Invoking command in '/home/abdy/ros2_ws/src/signal_processing': PYTHONPATH=/home/abdy/ros2_ws/build/signal_processing/prefix_override:/usr/lib/python3/dist-packages/colcon_core/task/python/colcon_distutils_commands:/home/abdy/ros2_ws/install/signal_processing/lib/python3.10/site-packages:${PYTHONPATH} /usr/bin/python3 -W ignore:setup.py install is deprecated -W ignore:easy_install command is deprecated setup.py egg_info --egg-base ../../build/signal_processing build --build-base /home/abdy/ros2_ws/build/signal_processing/build install --record /home/abdy/ros2_ws/build/signal_processing/install.log --single-version-externally-managed install_data
[1.447s] running egg_info
[1.448s] writing ../../build/signal_processing/signal_processing.egg-info/PKG-INFO
[1.448s] writing dependency_links to ../../build/signal_processing/signal_processing.egg-info/dependency_links.txt
[1.449s] writing entry points to ../../build/signal_processing/signal_processing.egg-info/entry_points.txt
[1.449s] writing requirements to ../../build/signal_processing/signal_processing.egg-info/requires.txt
[1.449s] writing top-level names to ../../build/signal_processing/signal_processing.egg-info/top_level.txt
[1.452s] reading manifest file '../../build/signal_processing/signal_processing.egg-info/SOURCES.txt'
[1.452s] writing manifest file '../../build/signal_processing/signal_processing.egg-info/SOURCES.txt'
[1.453s] running build
[1.453s] running build_py
[1.453s] running install
[1.454s] running install_lib
[1.455s] running install_data
[1.456s] running install_egg_info
[1.458s] removing '/home/abdy/ros2_ws/install/signal_processing/lib/python3.10/site-packages/signal_processing-0.0.0-py3.10.egg-info' (and everything under it)
[1.459s] Copying ../../build/signal_processing/signal_processing.egg-info to /home/abdy/ros2_ws/install/signal_processing/lib/python3.10/site-packages/signal_processing-0.0.0-py3.10.egg-info
[1.461s] running install_scripts
[1.488s] Installing random_generator script to /home/abdy/ros2_ws/install/signal_processing/lib/signal_processing
[1.488s] Installing signal_generator script to /home/abdy/ros2_ws/install/signal_processing/lib/signal_processing
[1.488s] writing list of installed files to '/home/abdy/ros2_ws/build/signal_processing/install.log'
[1.539s] Invoked command in '/home/abdy/ros2_ws/src/signal_processing' returned '0': PYTHONPATH=/home/abdy/ros2_ws/build/signal_processing/prefix_override:/usr/lib/python3/dist-packages/colcon_core/task/python/colcon_distutils_commands:/home/abdy/ros2_ws/install/signal_processing/lib/python3.10/site-packages:${PYTHONPATH} /usr/bin/python3 -W ignore:setup.py install is deprecated -W ignore:easy_install command is deprecated setup.py egg_info --egg-base ../../build/signal_processing build --build-base /home/abdy/ros2_ws/build/signal_processing/build install --record /home/abdy/ros2_ws/build/signal_processing/install.log --single-version-externally-managed install_data
