running egg_info
creating ../../build/mini_challenge/mini_challenge.egg-info
writing ../../build/mini_challenge/mini_challenge.egg-info/PKG-INFO
writing dependency_links to ../../build/mini_challenge/mini_challenge.egg-info/dependency_links.txt
writing entry points to ../../build/mini_challenge/mini_challenge.egg-info/entry_points.txt
writing requirements to ../../build/mini_challenge/mini_challenge.egg-info/requires.txt
writing top-level names to ../../build/mini_challenge/mini_challenge.egg-info/top_level.txt
writing manifest file '../../build/mini_challenge/mini_challenge.egg-info/SOURCES.txt'
reading manifest file '../../build/mini_challenge/mini_challenge.egg-info/SOURCES.txt'
writing manifest file '../../build/mini_challenge/mini_challenge.egg-info/SOURCES.txt'
running build
running build_py
creating /home/abdy/ros2_ws/build/mini_challenge/build
creating /home/abdy/ros2_ws/build/mini_challenge/build/lib
creating /home/abdy/ros2_ws/build/mini_challenge/build/lib/mini_challenge
copying mini_challenge/__init__.py -> /home/abdy/ros2_ws/build/mini_challenge/build/lib/mini_challenge
copying mini_challenge/signal_generator_mini.py -> /home/abdy/ros2_ws/build/mini_challenge/build/lib/mini_challenge
copying mini_challenge/process_mini.py -> /home/abdy/ros2_ws/build/mini_challenge/build/lib/mini_challenge
running install
running install_lib
creating /home/abdy/ros2_ws/install/mini_challenge/lib/python3.10/site-packages/mini_challenge
copying /home/abdy/ros2_ws/build/mini_challenge/build/lib/mini_challenge/__init__.py -> /home/abdy/ros2_ws/install/mini_challenge/lib/python3.10/site-packages/mini_challenge
copying /home/abdy/ros2_ws/build/mini_challenge/build/lib/mini_challenge/signal_generator_mini.py -> /home/abdy/ros2_ws/install/mini_challenge/lib/python3.10/site-packages/mini_challenge
copying /home/abdy/ros2_ws/build/mini_challenge/build/lib/mini_challenge/process_mini.py -> /home/abdy/ros2_ws/install/mini_challenge/lib/python3.10/site-packages/mini_challenge
byte-compiling /home/abdy/ros2_ws/install/mini_challenge/lib/python3.10/site-packages/mini_challenge/__init__.py to __init__.cpython-310.pyc
byte-compiling /home/abdy/ros2_ws/install/mini_challenge/lib/python3.10/site-packages/mini_challenge/signal_generator_mini.py to signal_generator_mini.cpython-310.pyc
byte-compiling /home/abdy/ros2_ws/install/mini_challenge/lib/python3.10/site-packages/mini_challenge/process_mini.py to process_mini.cpython-310.pyc
running install_data
creating /home/abdy/ros2_ws/install/mini_challenge/share/ament_index
creating /home/abdy/ros2_ws/install/mini_challenge/share/ament_index/resource_index
creating /home/abdy/ros2_ws/install/mini_challenge/share/ament_index/resource_index/packages
copying resource/mini_challenge -> /home/abdy/ros2_ws/install/mini_challenge/share/ament_index/resource_index/packages
copying package.xml -> /home/abdy/ros2_ws/install/mini_challenge/share/mini_challenge
creating /home/abdy/ros2_ws/install/mini_challenge/share/mini_challenge/launch
copying launch/mini_challenge.launch.xml -> /home/abdy/ros2_ws/install/mini_challenge/share/mini_challenge/launch
running install_egg_info
Copying ../../build/mini_challenge/mini_challenge.egg-info to /home/abdy/ros2_ws/install/mini_challenge/lib/python3.10/site-packages/mini_challenge-0.0.0-py3.10.egg-info
running install_scripts
Installing process_mini script to /home/abdy/ros2_ws/install/mini_challenge/lib/mini_challenge
Installing signal_generator_mini script to /home/abdy/ros2_ws/install/mini_challenge/lib/mini_challenge
writing list of installed files to '/home/abdy/ros2_ws/build/mini_challenge/install.log'
