[3.285s] Invoking command in '/home/abdy/ros2_ws/src/mini_challenge': PYTHONPATH=/home/abdy/ros2_ws/build/mini_challenge/prefix_override:/usr/lib/python3/dist-packages/colcon_core/task/python/colcon_distutils_commands:/home/abdy/ros2_ws/install/mini_challenge/lib/python3.10/site-packages:${PYTHONPATH} /usr/bin/python3 -W ignore:setup.py install is deprecated -W ignore:easy_install command is deprecated setup.py egg_info --egg-base ../../build/mini_challenge build --build-base /home/abdy/ros2_ws/build/mini_challenge/build install --record /home/abdy/ros2_ws/build/mini_challenge/install.log --single-version-externally-managed install_data
[4.050s] running egg_info
[4.050s] creating ../../build/mini_challenge/mini_challenge.egg-info
[4.051s] writing ../../build/mini_challenge/mini_challenge.egg-info/PKG-INFO
[4.052s] writing dependency_links to ../../build/mini_challenge/mini_challenge.egg-info/dependency_links.txt
[4.052s] writing entry points to ../../build/mini_challenge/mini_challenge.egg-info/entry_points.txt
[4.052s] writing requirements to ../../build/mini_challenge/mini_challenge.egg-info/requires.txt
[4.052s] writing top-level names to ../../build/mini_challenge/mini_challenge.egg-info/top_level.txt
[4.055s] writing manifest file '../../build/mini_challenge/mini_challenge.egg-info/SOURCES.txt'
[4.058s] reading manifest file '../../build/mini_challenge/mini_challenge.egg-info/SOURCES.txt'
[4.060s] writing manifest file '../../build/mini_challenge/mini_challenge.egg-info/SOURCES.txt'
[4.062s] running build
[4.064s] running build_py
[4.064s] creating /home/abdy/ros2_ws/build/mini_challenge/build
[4.066s] creating /home/abdy/ros2_ws/build/mini_challenge/build/lib
[4.066s] creating /home/abdy/ros2_ws/build/mini_challenge/build/lib/mini_challenge
[4.066s] copying mini_challenge/__init__.py -> /home/abdy/ros2_ws/build/mini_challenge/build/lib/mini_challenge
[4.066s] copying mini_challenge/signal_generator_mini.py -> /home/abdy/ros2_ws/build/mini_challenge/build/lib/mini_challenge
[4.066s] copying mini_challenge/process_mini.py -> /home/abdy/ros2_ws/build/mini_challenge/build/lib/mini_challenge
[4.066s] running install
[4.066s] running install_lib
[4.068s] creating /home/abdy/ros2_ws/install/mini_challenge/lib/python3.10/site-packages/mini_challenge
[4.069s] copying /home/abdy/ros2_ws/build/mini_challenge/build/lib/mini_challenge/__init__.py -> /home/abdy/ros2_ws/install/mini_challenge/lib/python3.10/site-packages/mini_challenge
[4.069s] copying /home/abdy/ros2_ws/build/mini_challenge/build/lib/mini_challenge/signal_generator_mini.py -> /home/abdy/ros2_ws/install/mini_challenge/lib/python3.10/site-packages/mini_challenge
[4.070s] copying /home/abdy/ros2_ws/build/mini_challenge/build/lib/mini_challenge/process_mini.py -> /home/abdy/ros2_ws/install/mini_challenge/lib/python3.10/site-packages/mini_challenge
[4.070s] byte-compiling /home/abdy/ros2_ws/install/mini_challenge/lib/python3.10/site-packages/mini_challenge/__init__.py to __init__.cpython-310.pyc
[4.070s] byte-compiling /home/abdy/ros2_ws/install/mini_challenge/lib/python3.10/site-packages/mini_challenge/signal_generator_mini.py to signal_generator_mini.cpython-310.pyc
[4.071s] byte-compiling /home/abdy/ros2_ws/install/mini_challenge/lib/python3.10/site-packages/mini_challenge/process_mini.py to process_mini.cpython-310.pyc
[4.072s] running install_data
[4.073s] creating /home/abdy/ros2_ws/install/mini_challenge/share/ament_index
[4.073s] creating /home/abdy/ros2_ws/install/mini_challenge/share/ament_index/resource_index
[4.076s] creating /home/abdy/ros2_ws/install/mini_challenge/share/ament_index/resource_index/packages
[4.076s] copying resource/mini_challenge -> /home/abdy/ros2_ws/install/mini_challenge/share/ament_index/resource_index/packages
[4.076s] copying package.xml -> /home/abdy/ros2_ws/install/mini_challenge/share/mini_challenge
[4.076s] creating /home/abdy/ros2_ws/install/mini_challenge/share/mini_challenge/launch
[4.077s] copying launch/mini_challenge.launch.xml -> /home/abdy/ros2_ws/install/mini_challenge/share/mini_challenge/launch
[4.077s] running install_egg_info
[4.079s] Copying ../../build/mini_challenge/mini_challenge.egg-info to /home/abdy/ros2_ws/install/mini_challenge/lib/python3.10/site-packages/mini_challenge-0.0.0-py3.10.egg-info
[4.082s] running install_scripts
[4.137s] Installing process_mini script to /home/abdy/ros2_ws/install/mini_challenge/lib/mini_challenge
[4.137s] Installing signal_generator_mini script to /home/abdy/ros2_ws/install/mini_challenge/lib/mini_challenge
[4.138s] writing list of installed files to '/home/abdy/ros2_ws/build/mini_challenge/install.log'
[4.346s] Invoked command in '/home/abdy/ros2_ws/src/mini_challenge' returned '0': PYTHONPATH=/home/abdy/ros2_ws/build/mini_challenge/prefix_override:/usr/lib/python3/dist-packages/colcon_core/task/python/colcon_distutils_commands:/home/abdy/ros2_ws/install/mini_challenge/lib/python3.10/site-packages:${PYTHONPATH} /usr/bin/python3 -W ignore:setup.py install is deprecated -W ignore:easy_install command is deprecated setup.py egg_info --egg-base ../../build/mini_challenge build --build-base /home/abdy/ros2_ws/build/mini_challenge/build install --record /home/abdy/ros2_ws/build/mini_challenge/install.log --single-version-externally-managed install_data
