[0.798s] Invoking command in '/home/abdy/ros2_ws/src/signal_processing': PYTHONPATH=/home/abdy/ros2_ws/build/signal_processing/prefix_override:/usr/lib/python3/dist-packages/colcon_core/task/python/colcon_distutils_commands:/home/abdy/ros2_ws/install/signal_processing/lib/python3.10/site-packages:${PYTHONPATH} /usr/bin/python3 -W ignore:setup.py install is deprecated -W ignore:easy_install command is deprecated setup.py egg_info --egg-base ../../build/signal_processing build --build-base /home/abdy/ros2_ws/build/signal_processing/build install --record /home/abdy/ros2_ws/build/signal_processing/install.log --single-version-externally-managed install_data
[0.970s] running egg_info
[0.971s] writing ../../build/signal_processing/signal_processing.egg-info/PKG-INFO
[0.971s] writing dependency_links to ../../build/signal_processing/signal_processing.egg-info/dependency_links.txt
[0.971s] writing entry points to ../../build/signal_processing/signal_processing.egg-info/entry_points.txt
[0.972s] writing requirements to ../../build/signal_processing/signal_processing.egg-info/requires.txt
[0.972s] writing top-level names to ../../build/signal_processing/signal_processing.egg-info/top_level.txt
[0.973s] reading manifest file '../../build/signal_processing/signal_processing.egg-info/SOURCES.txt'
[0.974s] writing manifest file '../../build/signal_processing/signal_processing.egg-info/SOURCES.txt'
[0.974s] running build
[0.975s] running build_py
[0.975s] running install
[0.975s] running install_lib
[0.976s] running install_data
[0.976s] running install_egg_info
[0.977s] removing '/home/abdy/ros2_ws/install/signal_processing/lib/python3.10/site-packages/signal_processing-0.0.0-py3.10.egg-info' (and everything under it)
[0.978s] Copying ../../build/signal_processing/signal_processing.egg-info to /home/abdy/ros2_ws/install/signal_processing/lib/python3.10/site-packages/signal_processing-0.0.0-py3.10.egg-info
[0.978s] running install_scripts
[0.995s] Installing a script to /home/abdy/ros2_ws/install/signal_processing/lib/signal_processing
[0.996s] Installing process script to /home/abdy/ros2_ws/install/signal_processing/lib/signal_processing
[0.996s] Installing random_generator script to /home/abdy/ros2_ws/install/signal_processing/lib/signal_processing
[0.997s] Installing signal_generator script to /home/abdy/ros2_ws/install/signal_processing/lib/signal_processing
[0.997s] writing list of installed files to '/home/abdy/ros2_ws/build/signal_processing/install.log'
[1.032s] Invoked command in '/home/abdy/ros2_ws/src/signal_processing' returned '0': PYTHONPATH=/home/abdy/ros2_ws/build/signal_processing/prefix_override:/usr/lib/python3/dist-packages/colcon_core/task/python/colcon_distutils_commands:/home/abdy/ros2_ws/install/signal_processing/lib/python3.10/site-packages:${PYTHONPATH} /usr/bin/python3 -W ignore:setup.py install is deprecated -W ignore:easy_install command is deprecated setup.py egg_info --egg-base ../../build/signal_processing build --build-base /home/abdy/ros2_ws/build/signal_processing/build install --record /home/abdy/ros2_ws/build/signal_processing/install.log --single-version-externally-managed install_data
