running egg_info
creating ../../build/challenge4/challenge4.egg-info
writing ../../build/challenge4/challenge4.egg-info/PKG-INFO
writing dependency_links to ../../build/challenge4/challenge4.egg-info/dependency_links.txt
writing entry points to ../../build/challenge4/challenge4.egg-info/entry_points.txt
writing requirements to ../../build/challenge4/challenge4.egg-info/requires.txt
writing top-level names to ../../build/challenge4/challenge4.egg-info/top_level.txt
writing manifest file '../../build/challenge4/challenge4.egg-info/SOURCES.txt'
reading manifest file '../../build/challenge4/challenge4.egg-info/SOURCES.txt'
writing manifest file '../../build/challenge4/challenge4.egg-info/SOURCES.txt'
running build
running build_py
creating /home/abdy/ros2_ws/build/challenge4/build
creating /home/abdy/ros2_ws/build/challenge4/build/lib
creating /home/abdy/ros2_ws/build/challenge4/build/lib/challenge4
copying challenge4/__init__.py -> /home/abdy/ros2_ws/build/challenge4/build/lib/challenge4
running install
running install_lib
creating /home/abdy/ros2_ws/install/challenge4/lib/python3.10/site-packages/challenge4
copying /home/abdy/ros2_ws/build/challenge4/build/lib/challenge4/__init__.py -> /home/abdy/ros2_ws/install/challenge4/lib/python3.10/site-packages/challenge4
byte-compiling /home/abdy/ros2_ws/install/challenge4/lib/python3.10/site-packages/challenge4/__init__.py to __init__.cpython-310.pyc
running install_data
creating /home/abdy/ros2_ws/install/challenge4/share/ament_index
creating /home/abdy/ros2_ws/install/challenge4/share/ament_index/resource_index
creating /home/abdy/ros2_ws/install/challenge4/share/ament_index/resource_index/packages
copying resource/challenge4 -> /home/abdy/ros2_ws/install/challenge4/share/ament_index/resource_index/packages
copying package.xml -> /home/abdy/ros2_ws/install/challenge4/share/challenge4
creating /home/abdy/ros2_ws/install/challenge4/share/challenge4/launch
copying launch/micro_ros_launch.py -> /home/abdy/ros2_ws/install/challenge4/share/challenge4/launch
running install_egg_info
Copying ../../build/challenge4/challenge4.egg-info to /home/abdy/ros2_ws/install/challenge4/lib/python3.10/site-packages/challenge4-0.0.0-py3.10.egg-info
running install_scripts
writing list of installed files to '/home/abdy/ros2_ws/build/challenge4/install.log'
