[1.434s] Invoking command in '/home/abdy/ros2_ws/src/challenge4': PYTHONPATH=/home/abdy/ros2_ws/build/challenge4/prefix_override:/usr/lib/python3/dist-packages/colcon_core/task/python/colcon_distutils_commands:/home/abdy/ros2_ws/install/challenge4/lib/python3.10/site-packages:${PYTHONPATH} /usr/bin/python3 -W ignore:setup.py install is deprecated -W ignore:easy_install command is deprecated setup.py egg_info --egg-base ../../build/challenge4 build --build-base /home/abdy/ros2_ws/build/challenge4/build install --record /home/abdy/ros2_ws/build/challenge4/install.log --single-version-externally-managed install_data
[1.701s] running egg_info
[1.701s] creating ../../build/challenge4/challenge4.egg-info
[1.701s] writing ../../build/challenge4/challenge4.egg-info/PKG-INFO
[1.701s] writing dependency_links to ../../build/challenge4/challenge4.egg-info/dependency_links.txt
[1.701s] writing entry points to ../../build/challenge4/challenge4.egg-info/entry_points.txt
[1.701s] writing requirements to ../../build/challenge4/challenge4.egg-info/requires.txt
[1.701s] writing top-level names to ../../build/challenge4/challenge4.egg-info/top_level.txt
[1.701s] writing manifest file '../../build/challenge4/challenge4.egg-info/SOURCES.txt'
[1.701s] reading manifest file '../../build/challenge4/challenge4.egg-info/SOURCES.txt'
[1.702s] writing manifest file '../../build/challenge4/challenge4.egg-info/SOURCES.txt'
[1.702s] running build
[1.702s] running build_py
[1.702s] creating /home/abdy/ros2_ws/build/challenge4/build
[1.702s] creating /home/abdy/ros2_ws/build/challenge4/build/lib
[1.702s] creating /home/abdy/ros2_ws/build/challenge4/build/lib/challenge4
[1.702s] copying challenge4/__init__.py -> /home/abdy/ros2_ws/build/challenge4/build/lib/challenge4
[1.702s] running install
[1.702s] running install_lib
[1.702s] creating /home/abdy/ros2_ws/install/challenge4/lib/python3.10/site-packages/challenge4
[1.702s] copying /home/abdy/ros2_ws/build/challenge4/build/lib/challenge4/__init__.py -> /home/abdy/ros2_ws/install/challenge4/lib/python3.10/site-packages/challenge4
[1.702s] byte-compiling /home/abdy/ros2_ws/install/challenge4/lib/python3.10/site-packages/challenge4/__init__.py to __init__.cpython-310.pyc
[1.703s] running install_data
[1.703s] creating /home/abdy/ros2_ws/install/challenge4/share/ament_index
[1.703s] creating /home/abdy/ros2_ws/install/challenge4/share/ament_index/resource_index
[1.703s] creating /home/abdy/ros2_ws/install/challenge4/share/ament_index/resource_index/packages
[1.705s] copying resource/challenge4 -> /home/abdy/ros2_ws/install/challenge4/share/ament_index/resource_index/packages
[1.705s] copying package.xml -> /home/abdy/ros2_ws/install/challenge4/share/challenge4
[1.705s] creating /home/abdy/ros2_ws/install/challenge4/share/challenge4/launch
[1.706s] copying launch/micro_ros_launch.py -> /home/abdy/ros2_ws/install/challenge4/share/challenge4/launch
[1.706s] running install_egg_info
[1.706s] Copying ../../build/challenge4/challenge4.egg-info to /home/abdy/ros2_ws/install/challenge4/lib/python3.10/site-packages/challenge4-0.0.0-py3.10.egg-info
[1.706s] running install_scripts
[1.728s] writing list of installed files to '/home/abdy/ros2_ws/build/challenge4/install.log'
[1.859s] Invoked command in '/home/abdy/ros2_ws/src/challenge4' returned '0': PYTHONPATH=/home/abdy/ros2_ws/build/challenge4/prefix_override:/usr/lib/python3/dist-packages/colcon_core/task/python/colcon_distutils_commands:/home/abdy/ros2_ws/install/challenge4/lib/python3.10/site-packages:${PYTHONPATH} /usr/bin/python3 -W ignore:setup.py install is deprecated -W ignore:easy_install command is deprecated setup.py egg_info --egg-base ../../build/challenge4 build --build-base /home/abdy/ros2_ws/build/challenge4/build install --record /home/abdy/ros2_ws/build/challenge4/install.log --single-version-externally-managed install_data
