[3.268s] Invoking command in '/home/abdy/ros2_ws/src/challenge1': PYTHONPATH=/home/abdy/ros2_ws/build/challenge1/prefix_override:/usr/lib/python3/dist-packages/colcon_core/task/python/colcon_distutils_commands:/home/abdy/ros2_ws/install/challenge1/lib/python3.10/site-packages:${PYTHONPATH} /usr/bin/python3 -W ignore:setup.py install is deprecated -W ignore:easy_install command is deprecated setup.py egg_info --egg-base ../../build/challenge1 build --build-base /home/abdy/ros2_ws/build/challenge1/build install --record /home/abdy/ros2_ws/build/challenge1/install.log --single-version-externally-managed install_data
[3.905s] running egg_info
[3.910s] writing ../../build/challenge1/challenge1.egg-info/PKG-INFO
[3.910s] writing dependency_links to ../../build/challenge1/challenge1.egg-info/dependency_links.txt
[3.911s] writing entry points to ../../build/challenge1/challenge1.egg-info/entry_points.txt
[3.911s] writing requirements to ../../build/challenge1/challenge1.egg-info/requires.txt
[3.911s] writing top-level names to ../../build/challenge1/challenge1.egg-info/top_level.txt
[3.915s] reading manifest file '../../build/challenge1/challenge1.egg-info/SOURCES.txt'
[3.916s] writing manifest file '../../build/challenge1/challenge1.egg-info/SOURCES.txt'
[3.921s] running build
[3.921s] running build_py
[3.921s] running install
[3.921s] running install_lib
[3.921s] running install_data
[3.926s] running install_egg_info
[3.927s] removing '/home/abdy/ros2_ws/install/challenge1/lib/python3.10/site-packages/challenge1-0.0.0-py3.10.egg-info' (and everything under it)
[3.927s] Copying ../../build/challenge1/challenge1.egg-info to /home/abdy/ros2_ws/install/challenge1/lib/python3.10/site-packages/challenge1-0.0.0-py3.10.egg-info
[3.927s] running install_scripts
[3.958s] Installing process script to /home/abdy/ros2_ws/install/challenge1/lib/challenge1
[3.960s] Installing signal_generator script to /home/abdy/ros2_ws/install/challenge1/lib/challenge1
[3.960s] writing list of installed files to '/home/abdy/ros2_ws/build/challenge1/install.log'
[4.366s] Invoked command in '/home/abdy/ros2_ws/src/challenge1' returned '0': PYTHONPATH=/home/abdy/ros2_ws/build/challenge1/prefix_override:/usr/lib/python3/dist-packages/colcon_core/task/python/colcon_distutils_commands:/home/abdy/ros2_ws/install/challenge1/lib/python3.10/site-packages:${PYTHONPATH} /usr/bin/python3 -W ignore:setup.py install is deprecated -W ignore:easy_install command is deprecated setup.py egg_info --egg-base ../../build/challenge1 build --build-base /home/abdy/ros2_ws/build/challenge1/build install --record /home/abdy/ros2_ws/build/challenge1/install.log --single-version-externally-managed install_data
