[1.367s] Invoking command in '/home/abdy/ros2_ws/src/challenge2': PYTHONPATH=/home/abdy/ros2_ws/build/challenge2/prefix_override:/usr/lib/python3/dist-packages/colcon_core/task/python/colcon_distutils_commands:/home/abdy/ros2_ws/install/challenge2/lib/python3.10/site-packages:${PYTHONPATH} /usr/bin/python3 -W ignore:setup.py install is deprecated -W ignore:easy_install command is deprecated setup.py egg_info --egg-base ../../build/challenge2 build --build-base /home/abdy/ros2_ws/build/challenge2/build install --record /home/abdy/ros2_ws/build/challenge2/install.log --single-version-externally-managed install_data
[1.625s] running egg_info
[1.628s] writing ../../build/challenge2/challenge2.egg-info/PKG-INFO
[1.629s] writing dependency_links to ../../build/challenge2/challenge2.egg-info/dependency_links.txt
[1.630s] writing entry points to ../../build/challenge2/challenge2.egg-info/entry_points.txt
[1.631s] writing requirements to ../../build/challenge2/challenge2.egg-info/requires.txt
[1.636s] writing top-level names to ../../build/challenge2/challenge2.egg-info/top_level.txt
[1.636s] reading manifest file '../../build/challenge2/challenge2.egg-info/SOURCES.txt'
[1.638s] writing manifest file '../../build/challenge2/challenge2.egg-info/SOURCES.txt'
[1.640s] running build
[1.641s] running build_py
[1.642s] copying challenge2/motor_sys.py -> /home/abdy/ros2_ws/build/challenge2/build/lib/challenge2
[1.644s] copying challenge2/ctrl.py -> /home/abdy/ros2_ws/build/challenge2/build/lib/challenge2
[1.646s] running install
[1.647s] running install_lib
[1.647s] copying /home/abdy/ros2_ws/build/challenge2/build/lib/challenge2/motor_sys.py -> /home/abdy/ros2_ws/install/challenge2/lib/python3.10/site-packages/challenge2
[1.649s] copying /home/abdy/ros2_ws/build/challenge2/build/lib/challenge2/ctrl.py -> /home/abdy/ros2_ws/install/challenge2/lib/python3.10/site-packages/challenge2
[1.649s] byte-compiling /home/abdy/ros2_ws/install/challenge2/lib/python3.10/site-packages/challenge2/motor_sys.py to motor_sys.cpython-310.pyc
[1.649s] byte-compiling /home/abdy/ros2_ws/install/challenge2/lib/python3.10/site-packages/challenge2/ctrl.py to ctrl.cpython-310.pyc
[1.653s] running install_data
[1.654s] running install_egg_info
[1.654s] removing '/home/abdy/ros2_ws/install/challenge2/lib/python3.10/site-packages/challenge2-0.0.0-py3.10.egg-info' (and everything under it)
[1.656s] Copying ../../build/challenge2/challenge2.egg-info to /home/abdy/ros2_ws/install/challenge2/lib/python3.10/site-packages/challenge2-0.0.0-py3.10.egg-info
[1.657s] running install_scripts
[1.677s] Installing ctrl script to /home/abdy/ros2_ws/install/challenge2/lib/challenge2
[1.677s] Installing motor_sys script to /home/abdy/ros2_ws/install/challenge2/lib/challenge2
[1.677s] Installing sp_gen script to /home/abdy/ros2_ws/install/challenge2/lib/challenge2
[1.678s] writing list of installed files to '/home/abdy/ros2_ws/build/challenge2/install.log'
[1.712s] Invoked command in '/home/abdy/ros2_ws/src/challenge2' returned '0': PYTHONPATH=/home/abdy/ros2_ws/build/challenge2/prefix_override:/usr/lib/python3/dist-packages/colcon_core/task/python/colcon_distutils_commands:/home/abdy/ros2_ws/install/challenge2/lib/python3.10/site-packages:${PYTHONPATH} /usr/bin/python3 -W ignore:setup.py install is deprecated -W ignore:easy_install command is deprecated setup.py egg_info --egg-base ../../build/challenge2 build --build-base /home/abdy/ros2_ws/build/challenge2/build install --record /home/abdy/ros2_ws/build/challenge2/install.log --single-version-externally-managed install_data
