[1.450s] Invoking command in '/home/abdy/ros2_ws/src/mini_challenge': PYTHONPATH=/home/abdy/ros2_ws/build/mini_challenge/prefix_override:/usr/lib/python3/dist-packages/colcon_core/task/python/colcon_distutils_commands:/home/abdy/ros2_ws/install/mini_challenge/lib/python3.10/site-packages:${PYTHONPATH} /usr/bin/python3 -W ignore:setup.py install is deprecated -W ignore:easy_install command is deprecated setup.py egg_info --egg-base ../../build/mini_challenge build --build-base /home/abdy/ros2_ws/build/mini_challenge/build install --record /home/abdy/ros2_ws/build/mini_challenge/install.log --single-version-externally-managed install_data
[1.701s] running egg_info
[1.702s] writing ../../build/mini_challenge/mini_challenge.egg-info/PKG-INFO
[1.703s] writing dependency_links to ../../build/mini_challenge/mini_challenge.egg-info/dependency_links.txt
[1.704s] writing entry points to ../../build/mini_challenge/mini_challenge.egg-info/entry_points.txt
[1.705s] writing requirements to ../../build/mini_challenge/mini_challenge.egg-info/requires.txt
[1.706s] writing top-level names to ../../build/mini_challenge/mini_challenge.egg-info/top_level.txt
[1.708s] reading manifest file '../../build/mini_challenge/mini_challenge.egg-info/SOURCES.txt'
[1.709s] writing manifest file '../../build/mini_challenge/mini_challenge.egg-info/SOURCES.txt'
[1.710s] running build
[1.711s] running build_py
[1.712s] running install
[1.712s] running install_lib
[1.714s] running install_data
[1.715s] running install_egg_info
[1.717s] removing '/home/abdy/ros2_ws/install/mini_challenge/lib/python3.10/site-packages/mini_challenge-0.0.0-py3.10.egg-info' (and everything under it)
[1.723s] Copying ../../build/mini_challenge/mini_challenge.egg-info to /home/abdy/ros2_ws/install/mini_challenge/lib/python3.10/site-packages/mini_challenge-0.0.0-py3.10.egg-info
[1.724s] running install_scripts
[1.752s] Installing process_mini script to /home/abdy/ros2_ws/install/mini_challenge/lib/mini_challenge
[1.752s] Installing signal_generator_mini script to /home/abdy/ros2_ws/install/mini_challenge/lib/mini_challenge
[1.753s] writing list of installed files to '/home/abdy/ros2_ws/build/mini_challenge/install.log'
[2.044s] Invoked command in '/home/abdy/ros2_ws/src/mini_challenge' returned '0': PYTHONPATH=/home/abdy/ros2_ws/build/mini_challenge/prefix_override:/usr/lib/python3/dist-packages/colcon_core/task/python/colcon_distutils_commands:/home/abdy/ros2_ws/install/mini_challenge/lib/python3.10/site-packages:${PYTHONPATH} /usr/bin/python3 -W ignore:setup.py install is deprecated -W ignore:easy_install command is deprecated setup.py egg_info --egg-base ../../build/mini_challenge build --build-base /home/abdy/ros2_ws/build/mini_challenge/build install --record /home/abdy/ros2_ws/build/mini_challenge/install.log --single-version-externally-managed install_data
