[1.575s] Invoking command in '/home/abdy/ros2_ws/src/challenge4': PYTHONPATH=/home/abdy/ros2_ws/build/challenge4/prefix_override:/usr/lib/python3/dist-packages/colcon_core/task/python/colcon_distutils_commands:/home/abdy/ros2_ws/install/challenge4/lib/python3.10/site-packages:${PYTHONPATH} /usr/bin/python3 -W ignore:setup.py install is deprecated -W ignore:easy_install command is deprecated setup.py egg_info --egg-base ../../build/challenge4 build --build-base /home/abdy/ros2_ws/build/challenge4/build install --record /home/abdy/ros2_ws/build/challenge4/install.log --single-version-externally-managed install_data
[1.812s] running egg_info
[1.816s] writing ../../build/challenge4/challenge4.egg-info/PKG-INFO
[1.816s] writing dependency_links to ../../build/challenge4/challenge4.egg-info/dependency_links.txt
[1.816s] writing entry points to ../../build/challenge4/challenge4.egg-info/entry_points.txt
[1.816s] writing requirements to ../../build/challenge4/challenge4.egg-info/requires.txt
[1.816s] writing top-level names to ../../build/challenge4/challenge4.egg-info/top_level.txt
[1.817s] reading manifest file '../../build/challenge4/challenge4.egg-info/SOURCES.txt'
[1.817s] writing manifest file '../../build/challenge4/challenge4.egg-info/SOURCES.txt'
[1.817s] running build
[1.817s] running build_py
[1.817s] running install
[1.817s] running install_lib
[1.818s] running install_data
[1.818s] copying launch/micro_ros_launch.py -> /home/abdy/ros2_ws/install/challenge4/share/challenge4/launch
[1.818s] running install_egg_info
[1.821s] removing '/home/abdy/ros2_ws/install/challenge4/lib/python3.10/site-packages/challenge4-0.0.0-py3.10.egg-info' (and everything under it)
[1.821s] Copying ../../build/challenge4/challenge4.egg-info to /home/abdy/ros2_ws/install/challenge4/lib/python3.10/site-packages/challenge4-0.0.0-py3.10.egg-info
[1.822s] running install_scripts
[1.871s] writing list of installed files to '/home/abdy/ros2_ws/build/challenge4/install.log'
[1.918s] Invoked command in '/home/abdy/ros2_ws/src/challenge4' returned '0': PYTHONPATH=/home/abdy/ros2_ws/build/challenge4/prefix_override:/usr/lib/python3/dist-packages/colcon_core/task/python/colcon_distutils_commands:/home/abdy/ros2_ws/install/challenge4/lib/python3.10/site-packages:${PYTHONPATH} /usr/bin/python3 -W ignore:setup.py install is deprecated -W ignore:easy_install command is deprecated setup.py egg_info --egg-base ../../build/challenge4 build --build-base /home/abdy/ros2_ws/build/challenge4/build install --record /home/abdy/ros2_ws/build/challenge4/install.log --single-version-externally-managed install_data
