[0.075s] DEBUG:colcon:Command line arguments: ['/usr/bin/colcon', 'build']
[0.075s] DEBUG:colcon:Parsed command line arguments: Namespace(log_base=None, log_level=None, verb_name='build', build_base='build', install_base='install', merge_install=False, symlink_install=False, test_result_base=None, continue_on_error=False, executor='parallel', parallel_workers=6, event_handlers=None, ignore_user_meta=False, metas=['./colcon.meta'], base_paths=['.'], packages_ignore=None, packages_ignore_regex=None, paths=None, packages_up_to=None, packages_up_to_regex=None, packages_above=None, packages_above_and_dependencies=None, packages_above_depth=None, packages_select_by_dep=None, packages_skip_by_dep=None, packages_skip_up_to=None, packages_select_build_failed=False, packages_skip_build_finished=False, packages_select_test_failures=False, packages_skip_test_passed=False, packages_select=None, packages_skip=None, packages_select_regex=None, packages_skip_regex=None, packages_start=None, packages_end=None, allow_overriding=[], cmake_args=None, cmake_target=None, cmake_target_skip_unavailable=False, cmake_clean_cache=False, cmake_clean_first=False, cmake_force_configure=False, ament_cmake_args=None, catkin_cmake_args=None, catkin_skip_building_tests=False, verb_parser=<colcon_defaults.argument_parser.defaults.DefaultArgumentsDecorator object at 0x795a415c8d90>, verb_extension=<colcon_core.verb.build.BuildVerb object at 0x795a415c88e0>, main=<bound method BuildVerb.main of <colcon_core.verb.build.BuildVerb object at 0x795a415c88e0>>)
[0.186s] Level 1:colcon.colcon_core.package_discovery:discover_packages(colcon_meta) check parameters
[0.186s] Level 1:colcon.colcon_core.package_discovery:discover_packages(recursive) check parameters
[0.186s] Level 1:colcon.colcon_core.package_discovery:discover_packages(ignore) check parameters
[0.186s] Level 1:colcon.colcon_core.package_discovery:discover_packages(path) check parameters
[0.186s] Level 1:colcon.colcon_core.package_discovery:discover_packages(colcon_meta) discover
[0.186s] Level 1:colcon.colcon_core.package_discovery:discover_packages(recursive) discover
[0.186s] INFO:colcon.colcon_core.package_discovery:Crawling recursively for packages in '/home/abdy/ros2_ws'
[0.186s] Level 1:colcon.colcon_core.package_identification:_identify(.) by extensions ['ignore', 'ignore_ament_install']
[0.186s] Level 1:colcon.colcon_core.package_identification:_identify(.) by extension 'ignore'
[0.187s] Level 1:colcon.colcon_core.package_identification:_identify(.) by extension 'ignore_ament_install'
[0.187s] Level 1:colcon.colcon_core.package_identification:_identify(.) by extensions ['colcon_pkg']
[0.187s] Level 1:colcon.colcon_core.package_identification:_identify(.) by extension 'colcon_pkg'
[0.187s] Level 1:colcon.colcon_core.package_identification:_identify(.) by extensions ['colcon_meta']
[0.187s] Level 1:colcon.colcon_core.package_identification:_identify(.) by extension 'colcon_meta'
[0.187s] Level 1:colcon.colcon_core.package_identification:_identify(.) by extensions ['ros']
[0.187s] Level 1:colcon.colcon_core.package_identification:_identify(.) by extension 'ros'
[0.195s] Level 1:colcon.colcon_core.package_identification:_identify(.) by extensions ['cmake', 'python']
[0.195s] Level 1:colcon.colcon_core.package_identification:_identify(.) by extension 'cmake'
[0.195s] Level 1:colcon.colcon_core.package_identification:_identify(.) by extension 'python'
[0.195s] Level 1:colcon.colcon_core.package_identification:_identify(.) by extensions ['python_setup_py']
[0.195s] Level 1:colcon.colcon_core.package_identification:_identify(.) by extension 'python_setup_py'
[0.195s] Level 1:colcon.colcon_core.package_identification:_identify(build) by extensions ['ignore', 'ignore_ament_install']
[0.195s] Level 1:colcon.colcon_core.package_identification:_identify(build) by extension 'ignore'
[0.195s] Level 1:colcon.colcon_core.package_identification:_identify(build) ignored
[0.195s] Level 1:colcon.colcon_core.package_identification:_identify(install) by extensions ['ignore', 'ignore_ament_install']
[0.195s] Level 1:colcon.colcon_core.package_identification:_identify(install) by extension 'ignore'
[0.195s] Level 1:colcon.colcon_core.package_identification:_identify(install) ignored
[0.196s] Level 1:colcon.colcon_core.package_identification:_identify(log) by extensions ['ignore', 'ignore_ament_install']
[0.196s] Level 1:colcon.colcon_core.package_identification:_identify(log) by extension 'ignore'
[0.196s] Level 1:colcon.colcon_core.package_identification:_identify(log) ignored
[0.196s] Level 1:colcon.colcon_core.package_identification:_identify(src) by extensions ['ignore', 'ignore_ament_install']
[0.196s] Level 1:colcon.colcon_core.package_identification:_identify(src) by extension 'ignore'
[0.196s] Level 1:colcon.colcon_core.package_identification:_identify(src) by extension 'ignore_ament_install'
[0.196s] Level 1:colcon.colcon_core.package_identification:_identify(src) by extensions ['colcon_pkg']
[0.196s] Level 1:colcon.colcon_core.package_identification:_identify(src) by extension 'colcon_pkg'
[0.196s] Level 1:colcon.colcon_core.package_identification:_identify(src) by extensions ['colcon_meta']
[0.196s] Level 1:colcon.colcon_core.package_identification:_identify(src) by extension 'colcon_meta'
[0.196s] Level 1:colcon.colcon_core.package_identification:_identify(src) by extensions ['ros']
[0.196s] Level 1:colcon.colcon_core.package_identification:_identify(src) by extension 'ros'
[0.196s] Level 1:colcon.colcon_core.package_identification:_identify(src) by extensions ['cmake', 'python']
[0.196s] Level 1:colcon.colcon_core.package_identification:_identify(src) by extension 'cmake'
[0.196s] Level 1:colcon.colcon_core.package_identification:_identify(src) by extension 'python'
[0.196s] Level 1:colcon.colcon_core.package_identification:_identify(src) by extensions ['python_setup_py']
[0.196s] Level 1:colcon.colcon_core.package_identification:_identify(src) by extension 'python_setup_py'
[0.196s] Level 1:colcon.colcon_core.package_identification:_identify(src/basic_comms) by extensions ['ignore', 'ignore_ament_install']
[0.196s] Level 1:colcon.colcon_core.package_identification:_identify(src/basic_comms) by extension 'ignore'
[0.196s] Level 1:colcon.colcon_core.package_identification:_identify(src/basic_comms) by extension 'ignore_ament_install'
[0.196s] Level 1:colcon.colcon_core.package_identification:_identify(src/basic_comms) by extensions ['colcon_pkg']
[0.196s] Level 1:colcon.colcon_core.package_identification:_identify(src/basic_comms) by extension 'colcon_pkg'
[0.196s] Level 1:colcon.colcon_core.package_identification:_identify(src/basic_comms) by extensions ['colcon_meta']
[0.196s] Level 1:colcon.colcon_core.package_identification:_identify(src/basic_comms) by extension 'colcon_meta'
[0.196s] Level 1:colcon.colcon_core.package_identification:_identify(src/basic_comms) by extensions ['ros']
[0.196s] Level 1:colcon.colcon_core.package_identification:_identify(src/basic_comms) by extension 'ros'
[0.198s] DEBUG:colcon.colcon_core.package_identification:Package 'src/basic_comms' with type 'ros.ament_python' and name 'basic_comms'
[0.198s] Level 1:colcon.colcon_core.package_identification:_identify(src/challenge1) by extensions ['ignore', 'ignore_ament_install']
[0.198s] Level 1:colcon.colcon_core.package_identification:_identify(src/challenge1) by extension 'ignore'
[0.198s] Level 1:colcon.colcon_core.package_identification:_identify(src/challenge1) by extension 'ignore_ament_install'
[0.199s] Level 1:colcon.colcon_core.package_identification:_identify(src/challenge1) by extensions ['colcon_pkg']
[0.199s] Level 1:colcon.colcon_core.package_identification:_identify(src/challenge1) by extension 'colcon_pkg'
[0.199s] Level 1:colcon.colcon_core.package_identification:_identify(src/challenge1) by extensions ['colcon_meta']
[0.199s] Level 1:colcon.colcon_core.package_identification:_identify(src/challenge1) by extension 'colcon_meta'
[0.199s] Level 1:colcon.colcon_core.package_identification:_identify(src/challenge1) by extensions ['ros']
[0.199s] Level 1:colcon.colcon_core.package_identification:_identify(src/challenge1) by extension 'ros'
[0.199s] DEBUG:colcon.colcon_core.package_identification:Package 'src/challenge1' with type 'ros.ament_python' and name 'challenge1'
[0.199s] Level 1:colcon.colcon_core.package_identification:_identify(src/challenge2) by extensions ['ignore', 'ignore_ament_install']
[0.199s] Level 1:colcon.colcon_core.package_identification:_identify(src/challenge2) by extension 'ignore'
[0.199s] Level 1:colcon.colcon_core.package_identification:_identify(src/challenge2) by extension 'ignore_ament_install'
[0.199s] Level 1:colcon.colcon_core.package_identification:_identify(src/challenge2) by extensions ['colcon_pkg']
[0.199s] Level 1:colcon.colcon_core.package_identification:_identify(src/challenge2) by extension 'colcon_pkg'
[0.199s] Level 1:colcon.colcon_core.package_identification:_identify(src/challenge2) by extensions ['colcon_meta']
[0.199s] Level 1:colcon.colcon_core.package_identification:_identify(src/challenge2) by extension 'colcon_meta'
[0.199s] Level 1:colcon.colcon_core.package_identification:_identify(src/challenge2) by extensions ['ros']
[0.199s] Level 1:colcon.colcon_core.package_identification:_identify(src/challenge2) by extension 'ros'
[0.200s] DEBUG:colcon.colcon_core.package_identification:Package 'src/challenge2' with type 'ros.ament_python' and name 'challenge2'
[0.200s] Level 1:colcon.colcon_core.package_identification:_identify(src/custom_interfaces) by extensions ['ignore', 'ignore_ament_install']
[0.200s] Level 1:colcon.colcon_core.package_identification:_identify(src/custom_interfaces) by extension 'ignore'
[0.200s] Level 1:colcon.colcon_core.package_identification:_identify(src/custom_interfaces) by extension 'ignore_ament_install'
[0.200s] Level 1:colcon.colcon_core.package_identification:_identify(src/custom_interfaces) by extensions ['colcon_pkg']
[0.200s] Level 1:colcon.colcon_core.package_identification:_identify(src/custom_interfaces) by extension 'colcon_pkg'
[0.200s] Level 1:colcon.colcon_core.package_identification:_identify(src/custom_interfaces) by extensions ['colcon_meta']
[0.200s] Level 1:colcon.colcon_core.package_identification:_identify(src/custom_interfaces) by extension 'colcon_meta'
[0.200s] Level 1:colcon.colcon_core.package_identification:_identify(src/custom_interfaces) by extensions ['ros']
[0.200s] Level 1:colcon.colcon_core.package_identification:_identify(src/custom_interfaces) by extension 'ros'
[0.201s] DEBUG:colcon.colcon_core.package_identification:Package 'src/custom_interfaces' with type 'ros.ament_cmake' and name 'custom_interfaces'
[0.201s] Level 1:colcon.colcon_core.package_identification:_identify(src/mini_challenge) by extensions ['ignore', 'ignore_ament_install']
[0.201s] Level 1:colcon.colcon_core.package_identification:_identify(src/mini_challenge) by extension 'ignore'
[0.201s] Level 1:colcon.colcon_core.package_identification:_identify(src/mini_challenge) by extension 'ignore_ament_install'
[0.201s] Level 1:colcon.colcon_core.package_identification:_identify(src/mini_challenge) by extensions ['colcon_pkg']
[0.201s] Level 1:colcon.colcon_core.package_identification:_identify(src/mini_challenge) by extension 'colcon_pkg'
[0.201s] Level 1:colcon.colcon_core.package_identification:_identify(src/mini_challenge) by extensions ['colcon_meta']
[0.201s] Level 1:colcon.colcon_core.package_identification:_identify(src/mini_challenge) by extension 'colcon_meta'
[0.201s] Level 1:colcon.colcon_core.package_identification:_identify(src/mini_challenge) by extensions ['ros']
[0.201s] Level 1:colcon.colcon_core.package_identification:_identify(src/mini_challenge) by extension 'ros'
[0.201s] DEBUG:colcon.colcon_core.package_identification:Package 'src/mini_challenge' with type 'ros.ament_python' and name 'mini_challenge'
[0.202s] Level 1:colcon.colcon_core.package_identification:_identify(src/motor_control) by extensions ['ignore', 'ignore_ament_install']
[0.202s] Level 1:colcon.colcon_core.package_identification:_identify(src/motor_control) by extension 'ignore'
[0.202s] Level 1:colcon.colcon_core.package_identification:_identify(src/motor_control) by extension 'ignore_ament_install'
[0.202s] Level 1:colcon.colcon_core.package_identification:_identify(src/motor_control) by extensions ['colcon_pkg']
[0.202s] Level 1:colcon.colcon_core.package_identification:_identify(src/motor_control) by extension 'colcon_pkg'
[0.202s] Level 1:colcon.colcon_core.package_identification:_identify(src/motor_control) by extensions ['colcon_meta']
[0.202s] Level 1:colcon.colcon_core.package_identification:_identify(src/motor_control) by extension 'colcon_meta'
[0.202s] Level 1:colcon.colcon_core.package_identification:_identify(src/motor_control) by extensions ['ros']
[0.202s] Level 1:colcon.colcon_core.package_identification:_identify(src/motor_control) by extension 'ros'
[0.202s] DEBUG:colcon.colcon_core.package_identification:Package 'src/motor_control' with type 'ros.ament_python' and name 'motor_control'
[0.202s] Level 1:colcon.colcon_core.package_identification:_identify(src/my_interfaces) by extensions ['ignore', 'ignore_ament_install']
[0.202s] Level 1:colcon.colcon_core.package_identification:_identify(src/my_interfaces) by extension 'ignore'
[0.202s] Level 1:colcon.colcon_core.package_identification:_identify(src/my_interfaces) by extension 'ignore_ament_install'
[0.203s] Level 1:colcon.colcon_core.package_identification:_identify(src/my_interfaces) by extensions ['colcon_pkg']
[0.203s] Level 1:colcon.colcon_core.package_identification:_identify(src/my_interfaces) by extension 'colcon_pkg'
[0.203s] Level 1:colcon.colcon_core.package_identification:_identify(src/my_interfaces) by extensions ['colcon_meta']
[0.203s] Level 1:colcon.colcon_core.package_identification:_identify(src/my_interfaces) by extension 'colcon_meta'
[0.203s] Level 1:colcon.colcon_core.package_identification:_identify(src/my_interfaces) by extensions ['ros']
[0.203s] Level 1:colcon.colcon_core.package_identification:_identify(src/my_interfaces) by extension 'ros'
[0.203s] DEBUG:colcon.colcon_core.package_identification:Package 'src/my_interfaces' with type 'ros.ament_cmake' and name 'my_interfaces'
[0.203s] Level 1:colcon.colcon_core.package_identification:_identify(src/my_py_pkg) by extensions ['ignore', 'ignore_ament_install']
[0.203s] Level 1:colcon.colcon_core.package_identification:_identify(src/my_py_pkg) by extension 'ignore'
[0.203s] Level 1:colcon.colcon_core.package_identification:_identify(src/my_py_pkg) by extension 'ignore_ament_install'
[0.203s] Level 1:colcon.colcon_core.package_identification:_identify(src/my_py_pkg) by extensions ['colcon_pkg']
[0.203s] Level 1:colcon.colcon_core.package_identification:_identify(src/my_py_pkg) by extension 'colcon_pkg'
[0.203s] Level 1:colcon.colcon_core.package_identification:_identify(src/my_py_pkg) by extensions ['colcon_meta']
[0.203s] Level 1:colcon.colcon_core.package_identification:_identify(src/my_py_pkg) by extension 'colcon_meta'
[0.203s] Level 1:colcon.colcon_core.package_identification:_identify(src/my_py_pkg) by extensions ['ros']
[0.203s] Level 1:colcon.colcon_core.package_identification:_identify(src/my_py_pkg) by extension 'ros'
[0.204s] DEBUG:colcon.colcon_core.package_identification:Package 'src/my_py_pkg' with type 'ros.ament_python' and name 'my_py_pkg'
[0.204s] Level 1:colcon.colcon_core.package_identification:_identify(src/signal_processing) by extensions ['ignore', 'ignore_ament_install']
[0.204s] Level 1:colcon.colcon_core.package_identification:_identify(src/signal_processing) by extension 'ignore'
[0.204s] Level 1:colcon.colcon_core.package_identification:_identify(src/signal_processing) by extension 'ignore_ament_install'
[0.204s] Level 1:colcon.colcon_core.package_identification:_identify(src/signal_processing) by extensions ['colcon_pkg']
[0.204s] Level 1:colcon.colcon_core.package_identification:_identify(src/signal_processing) by extension 'colcon_pkg'
[0.204s] Level 1:colcon.colcon_core.package_identification:_identify(src/signal_processing) by extensions ['colcon_meta']
[0.204s] Level 1:colcon.colcon_core.package_identification:_identify(src/signal_processing) by extension 'colcon_meta'
[0.204s] Level 1:colcon.colcon_core.package_identification:_identify(src/signal_processing) by extensions ['ros']
[0.204s] Level 1:colcon.colcon_core.package_identification:_identify(src/signal_processing) by extension 'ros'
[0.204s] DEBUG:colcon.colcon_core.package_identification:Package 'src/signal_processing' with type 'ros.ament_python' and name 'signal_processing'
[0.205s] Level 1:colcon.colcon_core.package_discovery:discover_packages(recursive) using defaults
[0.205s] Level 1:colcon.colcon_core.package_discovery:discover_packages(ignore) discover
[0.205s] Level 1:colcon.colcon_core.package_discovery:discover_packages(ignore) using defaults
[0.205s] Level 1:colcon.colcon_core.package_discovery:discover_packages(path) discover
[0.205s] Level 1:colcon.colcon_core.package_discovery:discover_packages(path) using defaults
[0.220s] Level 1:colcon.colcon_core.package_discovery:discover_packages(prefix_path) check parameters
[0.220s] Level 1:colcon.colcon_core.package_discovery:discover_packages(prefix_path) discover
[0.221s] DEBUG:colcon.colcon_installed_package_information.package_discovery:Found 10 installed packages in /home/abdy/ros2_ws/install
[0.222s] DEBUG:colcon.colcon_installed_package_information.package_discovery:Found 271 installed packages in /opt/ros/humble
[0.231s] Level 1:colcon.colcon_core.package_discovery:discover_packages(prefix_path) using defaults
[0.256s] Level 5:colcon.colcon_core.verb:set package 'basic_comms' build argument 'cmake_args' from command line to 'None'
[0.256s] Level 5:colcon.colcon_core.verb:set package 'basic_comms' build argument 'cmake_target' from command line to 'None'
[0.256s] Level 5:colcon.colcon_core.verb:set package 'basic_comms' build argument 'cmake_target_skip_unavailable' from command line to 'False'
[0.256s] Level 5:colcon.colcon_core.verb:set package 'basic_comms' build argument 'cmake_clean_cache' from command line to 'False'
[0.257s] Level 5:colcon.colcon_core.verb:set package 'basic_comms' build argument 'cmake_clean_first' from command line to 'False'
[0.257s] Level 5:colcon.colcon_core.verb:set package 'basic_comms' build argument 'cmake_force_configure' from command line to 'False'
[0.257s] Level 5:colcon.colcon_core.verb:set package 'basic_comms' build argument 'ament_cmake_args' from command line to 'None'
[0.257s] Level 5:colcon.colcon_core.verb:set package 'basic_comms' build argument 'catkin_cmake_args' from command line to 'None'
[0.257s] Level 5:colcon.colcon_core.verb:set package 'basic_comms' build argument 'catkin_skip_building_tests' from command line to 'False'
[0.257s] DEBUG:colcon.colcon_core.verb:Building package 'basic_comms' with the following arguments: {'ament_cmake_args': None, 'build_base': '/home/abdy/ros2_ws/build/basic_comms', 'catkin_cmake_args': None, 'catkin_skip_building_tests': False, 'cmake_args': None, 'cmake_clean_cache': False, 'cmake_clean_first': False, 'cmake_force_configure': False, 'cmake_target': None, 'cmake_target_skip_unavailable': False, 'install_base': '/home/abdy/ros2_ws/install/basic_comms', 'merge_install': False, 'path': '/home/abdy/ros2_ws/src/basic_comms', 'symlink_install': False, 'test_result_base': None}
[0.257s] Level 5:colcon.colcon_core.verb:set package 'challenge1' build argument 'cmake_args' from command line to 'None'
[0.257s] Level 5:colcon.colcon_core.verb:set package 'challenge1' build argument 'cmake_target' from command line to 'None'
[0.257s] Level 5:colcon.colcon_core.verb:set package 'challenge1' build argument 'cmake_target_skip_unavailable' from command line to 'False'
[0.257s] Level 5:colcon.colcon_core.verb:set package 'challenge1' build argument 'cmake_clean_cache' from command line to 'False'
[0.257s] Level 5:colcon.colcon_core.verb:set package 'challenge1' build argument 'cmake_clean_first' from command line to 'False'
[0.257s] Level 5:colcon.colcon_core.verb:set package 'challenge1' build argument 'cmake_force_configure' from command line to 'False'
[0.257s] Level 5:colcon.colcon_core.verb:set package 'challenge1' build argument 'ament_cmake_args' from command line to 'None'
[0.257s] Level 5:colcon.colcon_core.verb:set package 'challenge1' build argument 'catkin_cmake_args' from command line to 'None'
[0.257s] Level 5:colcon.colcon_core.verb:set package 'challenge1' build argument 'catkin_skip_building_tests' from command line to 'False'
[0.257s] DEBUG:colcon.colcon_core.verb:Building package 'challenge1' with the following arguments: {'ament_cmake_args': None, 'build_base': '/home/abdy/ros2_ws/build/challenge1', 'catkin_cmake_args': None, 'catkin_skip_building_tests': False, 'cmake_args': None, 'cmake_clean_cache': False, 'cmake_clean_first': False, 'cmake_force_configure': False, 'cmake_target': None, 'cmake_target_skip_unavailable': False, 'install_base': '/home/abdy/ros2_ws/install/challenge1', 'merge_install': False, 'path': '/home/abdy/ros2_ws/src/challenge1', 'symlink_install': False, 'test_result_base': None}
[0.257s] Level 5:colcon.colcon_core.verb:set package 'challenge2' build argument 'cmake_args' from command line to 'None'
[0.257s] Level 5:colcon.colcon_core.verb:set package 'challenge2' build argument 'cmake_target' from command line to 'None'
[0.257s] Level 5:colcon.colcon_core.verb:set package 'challenge2' build argument 'cmake_target_skip_unavailable' from command line to 'False'
[0.257s] Level 5:colcon.colcon_core.verb:set package 'challenge2' build argument 'cmake_clean_cache' from command line to 'False'
[0.257s] Level 5:colcon.colcon_core.verb:set package 'challenge2' build argument 'cmake_clean_first' from command line to 'False'
[0.257s] Level 5:colcon.colcon_core.verb:set package 'challenge2' build argument 'cmake_force_configure' from command line to 'False'
[0.257s] Level 5:colcon.colcon_core.verb:set package 'challenge2' build argument 'ament_cmake_args' from command line to 'None'
[0.257s] Level 5:colcon.colcon_core.verb:set package 'challenge2' build argument 'catkin_cmake_args' from command line to 'None'
[0.257s] Level 5:colcon.colcon_core.verb:set package 'challenge2' build argument 'catkin_skip_building_tests' from command line to 'False'
[0.257s] DEBUG:colcon.colcon_core.verb:Building package 'challenge2' with the following arguments: {'ament_cmake_args': None, 'build_base': '/home/abdy/ros2_ws/build/challenge2', 'catkin_cmake_args': None, 'catkin_skip_building_tests': False, 'cmake_args': None, 'cmake_clean_cache': False, 'cmake_clean_first': False, 'cmake_force_configure': False, 'cmake_target': None, 'cmake_target_skip_unavailable': False, 'install_base': '/home/abdy/ros2_ws/install/challenge2', 'merge_install': False, 'path': '/home/abdy/ros2_ws/src/challenge2', 'symlink_install': False, 'test_result_base': None}
[0.258s] Level 5:colcon.colcon_core.verb:set package 'custom_interfaces' build argument 'cmake_args' from command line to 'None'
[0.258s] Level 5:colcon.colcon_core.verb:set package 'custom_interfaces' build argument 'cmake_target' from command line to 'None'
[0.258s] Level 5:colcon.colcon_core.verb:set package 'custom_interfaces' build argument 'cmake_target_skip_unavailable' from command line to 'False'
[0.258s] Level 5:colcon.colcon_core.verb:set package 'custom_interfaces' build argument 'cmake_clean_cache' from command line to 'False'
[0.258s] Level 5:colcon.colcon_core.verb:set package 'custom_interfaces' build argument 'cmake_clean_first' from command line to 'False'
[0.258s] Level 5:colcon.colcon_core.verb:set package 'custom_interfaces' build argument 'cmake_force_configure' from command line to 'False'
[0.258s] Level 5:colcon.colcon_core.verb:set package 'custom_interfaces' build argument 'ament_cmake_args' from command line to 'None'
[0.258s] Level 5:colcon.colcon_core.verb:set package 'custom_interfaces' build argument 'catkin_cmake_args' from command line to 'None'
[0.258s] Level 5:colcon.colcon_core.verb:set package 'custom_interfaces' build argument 'catkin_skip_building_tests' from command line to 'False'
[0.258s] DEBUG:colcon.colcon_core.verb:Building package 'custom_interfaces' with the following arguments: {'ament_cmake_args': None, 'build_base': '/home/abdy/ros2_ws/build/custom_interfaces', 'catkin_cmake_args': None, 'catkin_skip_building_tests': False, 'cmake_args': None, 'cmake_clean_cache': False, 'cmake_clean_first': False, 'cmake_force_configure': False, 'cmake_target': None, 'cmake_target_skip_unavailable': False, 'install_base': '/home/abdy/ros2_ws/install/custom_interfaces', 'merge_install': False, 'path': '/home/abdy/ros2_ws/src/custom_interfaces', 'symlink_install': False, 'test_result_base': None}
[0.258s] Level 5:colcon.colcon_core.verb:set package 'mini_challenge' build argument 'cmake_args' from command line to 'None'
[0.258s] Level 5:colcon.colcon_core.verb:set package 'mini_challenge' build argument 'cmake_target' from command line to 'None'
[0.258s] Level 5:colcon.colcon_core.verb:set package 'mini_challenge' build argument 'cmake_target_skip_unavailable' from command line to 'False'
[0.258s] Level 5:colcon.colcon_core.verb:set package 'mini_challenge' build argument 'cmake_clean_cache' from command line to 'False'
[0.258s] Level 5:colcon.colcon_core.verb:set package 'mini_challenge' build argument 'cmake_clean_first' from command line to 'False'
[0.258s] Level 5:colcon.colcon_core.verb:set package 'mini_challenge' build argument 'cmake_force_configure' from command line to 'False'
[0.258s] Level 5:colcon.colcon_core.verb:set package 'mini_challenge' build argument 'ament_cmake_args' from command line to 'None'
[0.258s] Level 5:colcon.colcon_core.verb:set package 'mini_challenge' build argument 'catkin_cmake_args' from command line to 'None'
[0.258s] Level 5:colcon.colcon_core.verb:set package 'mini_challenge' build argument 'catkin_skip_building_tests' from command line to 'False'
[0.258s] DEBUG:colcon.colcon_core.verb:Building package 'mini_challenge' with the following arguments: {'ament_cmake_args': None, 'build_base': '/home/abdy/ros2_ws/build/mini_challenge', 'catkin_cmake_args': None, 'catkin_skip_building_tests': False, 'cmake_args': None, 'cmake_clean_cache': False, 'cmake_clean_first': False, 'cmake_force_configure': False, 'cmake_target': None, 'cmake_target_skip_unavailable': False, 'install_base': '/home/abdy/ros2_ws/install/mini_challenge', 'merge_install': False, 'path': '/home/abdy/ros2_ws/src/mini_challenge', 'symlink_install': False, 'test_result_base': None}
[0.258s] Level 5:colcon.colcon_core.verb:set package 'motor_control' build argument 'cmake_args' from command line to 'None'
[0.258s] Level 5:colcon.colcon_core.verb:set package 'motor_control' build argument 'cmake_target' from command line to 'None'
[0.259s] Level 5:colcon.colcon_core.verb:set package 'motor_control' build argument 'cmake_target_skip_unavailable' from command line to 'False'
[0.259s] Level 5:colcon.colcon_core.verb:set package 'motor_control' build argument 'cmake_clean_cache' from command line to 'False'
[0.259s] Level 5:colcon.colcon_core.verb:set package 'motor_control' build argument 'cmake_clean_first' from command line to 'False'
[0.259s] Level 5:colcon.colcon_core.verb:set package 'motor_control' build argument 'cmake_force_configure' from command line to 'False'
[0.259s] Level 5:colcon.colcon_core.verb:set package 'motor_control' build argument 'ament_cmake_args' from command line to 'None'
[0.259s] Level 5:colcon.colcon_core.verb:set package 'motor_control' build argument 'catkin_cmake_args' from command line to 'None'
[0.259s] Level 5:colcon.colcon_core.verb:set package 'motor_control' build argument 'catkin_skip_building_tests' from command line to 'False'
[0.259s] DEBUG:colcon.colcon_core.verb:Building package 'motor_control' with the following arguments: {'ament_cmake_args': None, 'build_base': '/home/abdy/ros2_ws/build/motor_control', 'catkin_cmake_args': None, 'catkin_skip_building_tests': False, 'cmake_args': None, 'cmake_clean_cache': False, 'cmake_clean_first': False, 'cmake_force_configure': False, 'cmake_target': None, 'cmake_target_skip_unavailable': False, 'install_base': '/home/abdy/ros2_ws/install/motor_control', 'merge_install': False, 'path': '/home/abdy/ros2_ws/src/motor_control', 'symlink_install': False, 'test_result_base': None}
[0.259s] Level 5:colcon.colcon_core.verb:set package 'my_interfaces' build argument 'cmake_args' from command line to 'None'
[0.259s] Level 5:colcon.colcon_core.verb:set package 'my_interfaces' build argument 'cmake_target' from command line to 'None'
[0.259s] Level 5:colcon.colcon_core.verb:set package 'my_interfaces' build argument 'cmake_target_skip_unavailable' from command line to 'False'
[0.259s] Level 5:colcon.colcon_core.verb:set package 'my_interfaces' build argument 'cmake_clean_cache' from command line to 'False'
[0.259s] Level 5:colcon.colcon_core.verb:set package 'my_interfaces' build argument 'cmake_clean_first' from command line to 'False'
[0.259s] Level 5:colcon.colcon_core.verb:set package 'my_interfaces' build argument 'cmake_force_configure' from command line to 'False'
[0.259s] Level 5:colcon.colcon_core.verb:set package 'my_interfaces' build argument 'ament_cmake_args' from command line to 'None'
[0.259s] Level 5:colcon.colcon_core.verb:set package 'my_interfaces' build argument 'catkin_cmake_args' from command line to 'None'
[0.259s] Level 5:colcon.colcon_core.verb:set package 'my_interfaces' build argument 'catkin_skip_building_tests' from command line to 'False'
[0.259s] DEBUG:colcon.colcon_core.verb:Building package 'my_interfaces' with the following arguments: {'ament_cmake_args': None, 'build_base': '/home/abdy/ros2_ws/build/my_interfaces', 'catkin_cmake_args': None, 'catkin_skip_building_tests': False, 'cmake_args': None, 'cmake_clean_cache': False, 'cmake_clean_first': False, 'cmake_force_configure': False, 'cmake_target': None, 'cmake_target_skip_unavailable': False, 'install_base': '/home/abdy/ros2_ws/install/my_interfaces', 'merge_install': False, 'path': '/home/abdy/ros2_ws/src/my_interfaces', 'symlink_install': False, 'test_result_base': None}
[0.259s] Level 5:colcon.colcon_core.verb:set package 'my_py_pkg' build argument 'cmake_args' from command line to 'None'
[0.259s] Level 5:colcon.colcon_core.verb:set package 'my_py_pkg' build argument 'cmake_target' from command line to 'None'
[0.259s] Level 5:colcon.colcon_core.verb:set package 'my_py_pkg' build argument 'cmake_target_skip_unavailable' from command line to 'False'
[0.259s] Level 5:colcon.colcon_core.verb:set package 'my_py_pkg' build argument 'cmake_clean_cache' from command line to 'False'
[0.259s] Level 5:colcon.colcon_core.verb:set package 'my_py_pkg' build argument 'cmake_clean_first' from command line to 'False'
[0.259s] Level 5:colcon.colcon_core.verb:set package 'my_py_pkg' build argument 'cmake_force_configure' from command line to 'False'
[0.259s] Level 5:colcon.colcon_core.verb:set package 'my_py_pkg' build argument 'ament_cmake_args' from command line to 'None'
[0.259s] Level 5:colcon.colcon_core.verb:set package 'my_py_pkg' build argument 'catkin_cmake_args' from command line to 'None'
[0.259s] Level 5:colcon.colcon_core.verb:set package 'my_py_pkg' build argument 'catkin_skip_building_tests' from command line to 'False'
[0.259s] DEBUG:colcon.colcon_core.verb:Building package 'my_py_pkg' with the following arguments: {'ament_cmake_args': None, 'build_base': '/home/abdy/ros2_ws/build/my_py_pkg', 'catkin_cmake_args': None, 'catkin_skip_building_tests': False, 'cmake_args': None, 'cmake_clean_cache': False, 'cmake_clean_first': False, 'cmake_force_configure': False, 'cmake_target': None, 'cmake_target_skip_unavailable': False, 'install_base': '/home/abdy/ros2_ws/install/my_py_pkg', 'merge_install': False, 'path': '/home/abdy/ros2_ws/src/my_py_pkg', 'symlink_install': False, 'test_result_base': None}
[0.260s] Level 5:colcon.colcon_core.verb:set package 'signal_processing' build argument 'cmake_args' from command line to 'None'
[0.260s] Level 5:colcon.colcon_core.verb:set package 'signal_processing' build argument 'cmake_target' from command line to 'None'
[0.260s] Level 5:colcon.colcon_core.verb:set package 'signal_processing' build argument 'cmake_target_skip_unavailable' from command line to 'False'
[0.260s] Level 5:colcon.colcon_core.verb:set package 'signal_processing' build argument 'cmake_clean_cache' from command line to 'False'
[0.260s] Level 5:colcon.colcon_core.verb:set package 'signal_processing' build argument 'cmake_clean_first' from command line to 'False'
[0.260s] Level 5:colcon.colcon_core.verb:set package 'signal_processing' build argument 'cmake_force_configure' from command line to 'False'
[0.260s] Level 5:colcon.colcon_core.verb:set package 'signal_processing' build argument 'ament_cmake_args' from command line to 'None'
[0.260s] Level 5:colcon.colcon_core.verb:set package 'signal_processing' build argument 'catkin_cmake_args' from command line to 'None'
[0.260s] Level 5:colcon.colcon_core.verb:set package 'signal_processing' build argument 'catkin_skip_building_tests' from command line to 'False'
[0.260s] DEBUG:colcon.colcon_core.verb:Building package 'signal_processing' with the following arguments: {'ament_cmake_args': None, 'build_base': '/home/abdy/ros2_ws/build/signal_processing', 'catkin_cmake_args': None, 'catkin_skip_building_tests': False, 'cmake_args': None, 'cmake_clean_cache': False, 'cmake_clean_first': False, 'cmake_force_configure': False, 'cmake_target': None, 'cmake_target_skip_unavailable': False, 'install_base': '/home/abdy/ros2_ws/install/signal_processing', 'merge_install': False, 'path': '/home/abdy/ros2_ws/src/signal_processing', 'symlink_install': False, 'test_result_base': None}
[0.260s] INFO:colcon.colcon_core.executor:Executing jobs using 'parallel' executor
[0.261s] DEBUG:colcon.colcon_parallel_executor.executor.parallel:run_until_complete
[0.261s] INFO:colcon.colcon_ros.task.ament_python.build:Building ROS package in '/home/abdy/ros2_ws/src/basic_comms' with build type 'ament_python'
[0.261s] Level 1:colcon.colcon_core.shell:create_environment_hook('basic_comms', 'ament_prefix_path')
[0.264s] INFO:colcon.colcon_core.plugin_system:Skipping extension 'colcon_core.shell.bat': Not used on non-Windows systems
[0.264s] INFO:colcon.colcon_core.shell:Creating environment hook '/home/abdy/ros2_ws/install/basic_comms/share/basic_comms/hook/ament_prefix_path.ps1'
[0.264s] INFO:colcon.colcon_core.shell:Creating environment descriptor '/home/abdy/ros2_ws/install/basic_comms/share/basic_comms/hook/ament_prefix_path.dsv'
[0.265s] INFO:colcon.colcon_core.shell:Creating environment hook '/home/abdy/ros2_ws/install/basic_comms/share/basic_comms/hook/ament_prefix_path.sh'
[0.266s] INFO:colcon.colcon_core.shell:Skip shell extension 'powershell' for command environment: Not usable outside of PowerShell
[0.266s] DEBUG:colcon.colcon_core.shell:Skip shell extension 'dsv' for command environment
[0.269s] INFO:colcon.colcon_ros.task.ament_python.build:Building ROS package in '/home/abdy/ros2_ws/src/challenge1' with build type 'ament_python'
[0.269s] Level 1:colcon.colcon_core.shell:create_environment_hook('challenge1', 'ament_prefix_path')
[0.270s] INFO:colcon.colcon_core.shell:Creating environment hook '/home/abdy/ros2_ws/install/challenge1/share/challenge1/hook/ament_prefix_path.ps1'
[0.270s] INFO:colcon.colcon_core.shell:Creating environment descriptor '/home/abdy/ros2_ws/install/challenge1/share/challenge1/hook/ament_prefix_path.dsv'
[0.270s] INFO:colcon.colcon_core.shell:Creating environment hook '/home/abdy/ros2_ws/install/challenge1/share/challenge1/hook/ament_prefix_path.sh'
[0.271s] INFO:colcon.colcon_core.shell:Skip shell extension 'powershell' for command environment: Not usable outside of PowerShell
[0.271s] DEBUG:colcon.colcon_core.shell:Skip shell extension 'dsv' for command environment
[0.274s] INFO:colcon.colcon_ros.task.ament_python.build:Building ROS package in '/home/abdy/ros2_ws/src/challenge2' with build type 'ament_python'
[0.274s] Level 1:colcon.colcon_core.shell:create_environment_hook('challenge2', 'ament_prefix_path')
[0.275s] INFO:colcon.colcon_core.shell:Creating environment hook '/home/abdy/ros2_ws/install/challenge2/share/challenge2/hook/ament_prefix_path.ps1'
[0.275s] INFO:colcon.colcon_core.shell:Creating environment descriptor '/home/abdy/ros2_ws/install/challenge2/share/challenge2/hook/ament_prefix_path.dsv'
[0.276s] INFO:colcon.colcon_core.shell:Creating environment hook '/home/abdy/ros2_ws/install/challenge2/share/challenge2/hook/ament_prefix_path.sh'
[0.276s] INFO:colcon.colcon_core.shell:Skip shell extension 'powershell' for command environment: Not usable outside of PowerShell
[0.276s] DEBUG:colcon.colcon_core.shell:Skip shell extension 'dsv' for command environment
[0.279s] INFO:colcon.colcon_ros.task.ament_cmake.build:Building ROS package in '/home/abdy/ros2_ws/src/custom_interfaces' with build type 'ament_cmake'
[0.280s] INFO:colcon.colcon_cmake.task.cmake.build:Building CMake package in '/home/abdy/ros2_ws/src/custom_interfaces'
[0.280s] INFO:colcon.colcon_core.shell:Skip shell extension 'powershell' for command environment: Not usable outside of PowerShell
[0.280s] DEBUG:colcon.colcon_core.shell:Skip shell extension 'dsv' for command environment
[0.284s] INFO:colcon.colcon_ros.task.ament_python.build:Building ROS package in '/home/abdy/ros2_ws/src/mini_challenge' with build type 'ament_python'
[0.284s] Level 1:colcon.colcon_core.shell:create_environment_hook('mini_challenge', 'ament_prefix_path')
[0.284s] INFO:colcon.colcon_core.shell:Creating environment hook '/home/abdy/ros2_ws/install/mini_challenge/share/mini_challenge/hook/ament_prefix_path.ps1'
[0.285s] INFO:colcon.colcon_core.shell:Creating environment descriptor '/home/abdy/ros2_ws/install/mini_challenge/share/mini_challenge/hook/ament_prefix_path.dsv'
[0.286s] INFO:colcon.colcon_core.shell:Creating environment hook '/home/abdy/ros2_ws/install/mini_challenge/share/mini_challenge/hook/ament_prefix_path.sh'
[0.286s] INFO:colcon.colcon_core.shell:Skip shell extension 'powershell' for command environment: Not usable outside of PowerShell
[0.287s] DEBUG:colcon.colcon_core.shell:Skip shell extension 'dsv' for command environment
[0.290s] INFO:colcon.colcon_ros.task.ament_python.build:Building ROS package in '/home/abdy/ros2_ws/src/motor_control' with build type 'ament_python'
[0.290s] Level 1:colcon.colcon_core.shell:create_environment_hook('motor_control', 'ament_prefix_path')
[0.290s] INFO:colcon.colcon_core.shell:Creating environment hook '/home/abdy/ros2_ws/install/motor_control/share/motor_control/hook/ament_prefix_path.ps1'
[0.291s] INFO:colcon.colcon_core.shell:Creating environment descriptor '/home/abdy/ros2_ws/install/motor_control/share/motor_control/hook/ament_prefix_path.dsv'
[0.291s] INFO:colcon.colcon_core.shell:Creating environment hook '/home/abdy/ros2_ws/install/motor_control/share/motor_control/hook/ament_prefix_path.sh'
[0.292s] INFO:colcon.colcon_core.shell:Skip shell extension 'powershell' for command environment: Not usable outside of PowerShell
[0.292s] DEBUG:colcon.colcon_core.shell:Skip shell extension 'dsv' for command environment
[0.478s] INFO:colcon.colcon_core.task.python.build:Building Python package in '/home/abdy/ros2_ws/src/basic_comms'
[0.478s] INFO:colcon.colcon_core.shell:Skip shell extension 'powershell' for command environment: Not usable outside of PowerShell
[0.478s] DEBUG:colcon.colcon_core.shell:Skip shell extension 'dsv' for command environment
[0.661s] INFO:colcon.colcon_core.task.python.build:Building Python package in '/home/abdy/ros2_ws/src/challenge1'
[0.661s] INFO:colcon.colcon_core.shell:Skip shell extension 'powershell' for command environment: Not usable outside of PowerShell
[0.661s] DEBUG:colcon.colcon_core.shell:Skip shell extension 'dsv' for command environment
[0.852s] INFO:colcon.colcon_core.task.python.build:Building Python package in '/home/abdy/ros2_ws/src/challenge2'
[0.852s] INFO:colcon.colcon_core.shell:Skip shell extension 'powershell' for command environment: Not usable outside of PowerShell
[0.852s] DEBUG:colcon.colcon_core.shell:Skip shell extension 'dsv' for command environment
[0.859s] DEBUG:colcon.colcon_core.event_handler.log_command:Invoking command in '/home/abdy/ros2_ws/build/custom_interfaces': CMAKE_PREFIX_PATH=${CMAKE_PREFIX_PATH}:/home/abdy/ros2_ws/install/signal_processing:/home/abdy/ros2_ws/install/my_py_pkg:/home/abdy/ros2_ws/install/motor_control:/home/abdy/ros2_ws/install/mini_challenge:/home/abdy/ros2_ws/install/challenge_1:/home/abdy/ros2_ws/install/challenge2:/home/abdy/ros2_ws/install/challenge1:/home/abdy/ros2_ws/install/basic_comms:/opt/ros/humble /usr/bin/cmake --build /home/abdy/ros2_ws/build/custom_interfaces -- -j6 -l6
[1.058s] INFO:colcon.colcon_core.task.python.build:Building Python package in '/home/abdy/ros2_ws/src/mini_challenge'
[1.058s] INFO:colcon.colcon_core.shell:Skip shell extension 'powershell' for command environment: Not usable outside of PowerShell
[1.058s] DEBUG:colcon.colcon_core.shell:Skip shell extension 'dsv' for command environment
[1.253s] INFO:colcon.colcon_core.task.python.build:Building Python package in '/home/abdy/ros2_ws/src/motor_control'
[1.253s] INFO:colcon.colcon_core.shell:Skip shell extension 'powershell' for command environment: Not usable outside of PowerShell
[1.253s] DEBUG:colcon.colcon_core.shell:Skip shell extension 'dsv' for command environment
[1.269s] DEBUG:colcon.colcon_core.event_handler.log_command:Invoked command in '/home/abdy/ros2_ws/build/custom_interfaces' returned '0': CMAKE_PREFIX_PATH=${CMAKE_PREFIX_PATH}:/home/abdy/ros2_ws/install/signal_processing:/home/abdy/ros2_ws/install/my_py_pkg:/home/abdy/ros2_ws/install/motor_control:/home/abdy/ros2_ws/install/mini_challenge:/home/abdy/ros2_ws/install/challenge_1:/home/abdy/ros2_ws/install/challenge2:/home/abdy/ros2_ws/install/challenge1:/home/abdy/ros2_ws/install/basic_comms:/opt/ros/humble /usr/bin/cmake --build /home/abdy/ros2_ws/build/custom_interfaces -- -j6 -l6
[1.277s] DEBUG:colcon.colcon_core.event_handler.log_command:Invoking command in '/home/abdy/ros2_ws/build/custom_interfaces': CMAKE_PREFIX_PATH=${CMAKE_PREFIX_PATH}:/home/abdy/ros2_ws/install/signal_processing:/home/abdy/ros2_ws/install/my_py_pkg:/home/abdy/ros2_ws/install/motor_control:/home/abdy/ros2_ws/install/mini_challenge:/home/abdy/ros2_ws/install/challenge_1:/home/abdy/ros2_ws/install/challenge2:/home/abdy/ros2_ws/install/challenge1:/home/abdy/ros2_ws/install/basic_comms:/opt/ros/humble /usr/bin/cmake --install /home/abdy/ros2_ws/build/custom_interfaces
[1.338s] Level 1:colcon.colcon_core.environment:create_environment_scripts_only(custom_interfaces)
[1.338s] DEBUG:colcon.colcon_core.event_handler.log_command:Invoked command in '/home/abdy/ros2_ws/build/custom_interfaces' returned '0': CMAKE_PREFIX_PATH=${CMAKE_PREFIX_PATH}:/home/abdy/ros2_ws/install/signal_processing:/home/abdy/ros2_ws/install/my_py_pkg:/home/abdy/ros2_ws/install/motor_control:/home/abdy/ros2_ws/install/mini_challenge:/home/abdy/ros2_ws/install/challenge_1:/home/abdy/ros2_ws/install/challenge2:/home/abdy/ros2_ws/install/challenge1:/home/abdy/ros2_ws/install/basic_comms:/opt/ros/humble /usr/bin/cmake --install /home/abdy/ros2_ws/build/custom_interfaces
[1.340s] Level 1:colcon.colcon_core.environment:checking '/home/abdy/ros2_ws/install/custom_interfaces' for CMake module files
[1.341s] Level 1:colcon.colcon_core.environment:checking '/home/abdy/ros2_ws/install/custom_interfaces' for CMake config files
[1.341s] Level 1:colcon.colcon_core.shell:create_environment_hook('custom_interfaces', 'cmake_prefix_path')
[1.341s] INFO:colcon.colcon_core.shell:Creating environment hook '/home/abdy/ros2_ws/install/custom_interfaces/share/custom_interfaces/hook/cmake_prefix_path.ps1'
[1.342s] INFO:colcon.colcon_core.shell:Creating environment descriptor '/home/abdy/ros2_ws/install/custom_interfaces/share/custom_interfaces/hook/cmake_prefix_path.dsv'
[1.342s] INFO:colcon.colcon_core.shell:Creating environment hook '/home/abdy/ros2_ws/install/custom_interfaces/share/custom_interfaces/hook/cmake_prefix_path.sh'
[1.343s] Level 1:colcon.colcon_core.environment:checking '/home/abdy/ros2_ws/install/custom_interfaces/lib'
[1.343s] Level 1:colcon.colcon_core.shell:create_environment_hook('custom_interfaces', 'ld_library_path_lib')
[1.343s] INFO:colcon.colcon_core.shell:Creating environment hook '/home/abdy/ros2_ws/install/custom_interfaces/share/custom_interfaces/hook/ld_library_path_lib.ps1'
[1.344s] INFO:colcon.colcon_core.shell:Creating environment descriptor '/home/abdy/ros2_ws/install/custom_interfaces/share/custom_interfaces/hook/ld_library_path_lib.dsv'
[1.344s] INFO:colcon.colcon_core.shell:Creating environment hook '/home/abdy/ros2_ws/install/custom_interfaces/share/custom_interfaces/hook/ld_library_path_lib.sh'
[1.344s] Level 1:colcon.colcon_core.environment:checking '/home/abdy/ros2_ws/install/custom_interfaces/bin'
[1.344s] Level 1:colcon.colcon_core.environment:checking '/home/abdy/ros2_ws/install/custom_interfaces/lib/pkgconfig/custom_interfaces.pc'
[1.345s] Level 1:colcon.colcon_core.environment:checking '/home/abdy/ros2_ws/install/custom_interfaces/lib/python3.10/site-packages'
[1.345s] Level 1:colcon.colcon_core.environment:checking '/home/abdy/ros2_ws/install/custom_interfaces/bin'
[1.345s] INFO:colcon.colcon_core.shell:Creating package script '/home/abdy/ros2_ws/install/custom_interfaces/share/custom_interfaces/package.ps1'
[1.346s] INFO:colcon.colcon_core.shell:Creating package descriptor '/home/abdy/ros2_ws/install/custom_interfaces/share/custom_interfaces/package.dsv'
[1.346s] INFO:colcon.colcon_core.shell:Creating package script '/home/abdy/ros2_ws/install/custom_interfaces/share/custom_interfaces/package.sh'
[1.347s] INFO:colcon.colcon_core.shell:Creating package script '/home/abdy/ros2_ws/install/custom_interfaces/share/custom_interfaces/package.bash'
[1.348s] INFO:colcon.colcon_core.shell:Creating package script '/home/abdy/ros2_ws/install/custom_interfaces/share/custom_interfaces/package.zsh'
[1.348s] Level 1:colcon.colcon_core.environment:create_file_with_runtime_dependencies(/home/abdy/ros2_ws/install/custom_interfaces/share/colcon-core/packages/custom_interfaces)
[1.349s] Level 1:colcon.colcon_core.environment:create_environment_scripts_only(custom_interfaces)
[1.349s] Level 1:colcon.colcon_core.environment:checking '/home/abdy/ros2_ws/install/custom_interfaces' for CMake module files
[1.350s] Level 1:colcon.colcon_core.environment:checking '/home/abdy/ros2_ws/install/custom_interfaces' for CMake config files
[1.350s] Level 1:colcon.colcon_core.shell:create_environment_hook('custom_interfaces', 'cmake_prefix_path')
[1.350s] INFO:colcon.colcon_core.shell:Creating environment hook '/home/abdy/ros2_ws/install/custom_interfaces/share/custom_interfaces/hook/cmake_prefix_path.ps1'
[1.350s] INFO:colcon.colcon_core.shell:Creating environment descriptor '/home/abdy/ros2_ws/install/custom_interfaces/share/custom_interfaces/hook/cmake_prefix_path.dsv'
[1.351s] INFO:colcon.colcon_core.shell:Creating environment hook '/home/abdy/ros2_ws/install/custom_interfaces/share/custom_interfaces/hook/cmake_prefix_path.sh'
[1.354s] Level 1:colcon.colcon_core.environment:checking '/home/abdy/ros2_ws/install/custom_interfaces/lib'
[1.354s] Level 1:colcon.colcon_core.shell:create_environment_hook('custom_interfaces', 'ld_library_path_lib')
[1.354s] INFO:colcon.colcon_core.shell:Creating environment hook '/home/abdy/ros2_ws/install/custom_interfaces/share/custom_interfaces/hook/ld_library_path_lib.ps1'
[1.355s] INFO:colcon.colcon_core.shell:Creating environment descriptor '/home/abdy/ros2_ws/install/custom_interfaces/share/custom_interfaces/hook/ld_library_path_lib.dsv'
[1.355s] INFO:colcon.colcon_core.shell:Creating environment hook '/home/abdy/ros2_ws/install/custom_interfaces/share/custom_interfaces/hook/ld_library_path_lib.sh'
[1.355s] Level 1:colcon.colcon_core.environment:checking '/home/abdy/ros2_ws/install/custom_interfaces/bin'
[1.356s] Level 1:colcon.colcon_core.environment:checking '/home/abdy/ros2_ws/install/custom_interfaces/lib/pkgconfig/custom_interfaces.pc'
[1.358s] Level 1:colcon.colcon_core.environment:checking '/home/abdy/ros2_ws/install/custom_interfaces/lib/python3.10/site-packages'
[1.358s] Level 1:colcon.colcon_core.environment:checking '/home/abdy/ros2_ws/install/custom_interfaces/bin'
[1.359s] INFO:colcon.colcon_core.shell:Creating package script '/home/abdy/ros2_ws/install/custom_interfaces/share/custom_interfaces/package.ps1'
[1.359s] INFO:colcon.colcon_core.shell:Creating package descriptor '/home/abdy/ros2_ws/install/custom_interfaces/share/custom_interfaces/package.dsv'
[1.360s] INFO:colcon.colcon_core.shell:Creating package script '/home/abdy/ros2_ws/install/custom_interfaces/share/custom_interfaces/package.sh'
[1.360s] INFO:colcon.colcon_core.shell:Creating package script '/home/abdy/ros2_ws/install/custom_interfaces/share/custom_interfaces/package.bash'
[1.364s] INFO:colcon.colcon_core.shell:Creating package script '/home/abdy/ros2_ws/install/custom_interfaces/share/custom_interfaces/package.zsh'
[1.365s] Level 1:colcon.colcon_core.environment:create_file_with_runtime_dependencies(/home/abdy/ros2_ws/install/custom_interfaces/share/colcon-core/packages/custom_interfaces)
[1.366s] INFO:colcon.colcon_ros.task.ament_cmake.build:Building ROS package in '/home/abdy/ros2_ws/src/my_interfaces' with build type 'ament_cmake'
[1.366s] INFO:colcon.colcon_cmake.task.cmake.build:Building CMake package in '/home/abdy/ros2_ws/src/my_interfaces'
[1.366s] INFO:colcon.colcon_core.shell:Skip shell extension 'powershell' for command environment: Not usable outside of PowerShell
[1.366s] DEBUG:colcon.colcon_core.shell:Skip shell extension 'dsv' for command environment
[1.393s] DEBUG:colcon.colcon_core.event_handler.log_command:Invoking command in '/home/abdy/ros2_ws/build/my_interfaces': CMAKE_PREFIX_PATH=${CMAKE_PREFIX_PATH}:/home/abdy/ros2_ws/install/signal_processing:/home/abdy/ros2_ws/install/my_py_pkg:/home/abdy/ros2_ws/install/motor_control:/home/abdy/ros2_ws/install/mini_challenge:/home/abdy/ros2_ws/install/challenge_1:/home/abdy/ros2_ws/install/challenge2:/home/abdy/ros2_ws/install/challenge1:/home/abdy/ros2_ws/install/basic_comms:/opt/ros/humble /usr/bin/cmake --build /home/abdy/ros2_ws/build/my_interfaces -- -j6 -l6
[1.585s] DEBUG:colcon.colcon_core.event_handler.log_command:Invoking command in '/home/abdy/ros2_ws/src/challenge2': PYTHONPATH=/home/abdy/ros2_ws/build/challenge2/prefix_override:/usr/lib/python3/dist-packages/colcon_core/task/python/colcon_distutils_commands:/home/abdy/ros2_ws/install/challenge2/lib/python3.10/site-packages:${PYTHONPATH} /usr/bin/python3 -W ignore:setup.py install is deprecated -W ignore:easy_install command is deprecated setup.py egg_info --egg-base ../../build/challenge2 build --build-base /home/abdy/ros2_ws/build/challenge2/build install --record /home/abdy/ros2_ws/build/challenge2/install.log --single-version-externally-managed install_data
[1.604s] DEBUG:colcon.colcon_core.event_handler.log_command:Invoking command in '/home/abdy/ros2_ws/src/challenge1': PYTHONPATH=/home/abdy/ros2_ws/build/challenge1/prefix_override:/usr/lib/python3/dist-packages/colcon_core/task/python/colcon_distutils_commands:/home/abdy/ros2_ws/install/challenge1/lib/python3.10/site-packages:${PYTHONPATH} /usr/bin/python3 -W ignore:setup.py install is deprecated -W ignore:easy_install command is deprecated setup.py egg_info --egg-base ../../build/challenge1 build --build-base /home/abdy/ros2_ws/build/challenge1/build install --record /home/abdy/ros2_ws/build/challenge1/install.log --single-version-externally-managed install_data
[1.666s] DEBUG:colcon.colcon_core.event_handler.log_command:Invoking command in '/home/abdy/ros2_ws/src/basic_comms': PYTHONPATH=/home/abdy/ros2_ws/build/basic_comms/prefix_override:/usr/lib/python3/dist-packages/colcon_core/task/python/colcon_distutils_commands:/home/abdy/ros2_ws/install/basic_comms/lib/python3.10/site-packages:${PYTHONPATH} /usr/bin/python3 -W ignore:setup.py install is deprecated -W ignore:easy_install command is deprecated setup.py egg_info --egg-base ../../build/basic_comms build --build-base /home/abdy/ros2_ws/build/basic_comms/build install --record /home/abdy/ros2_ws/build/basic_comms/install.log --single-version-externally-managed install_data
[1.683s] DEBUG:colcon.colcon_core.event_handler.log_command:Invoking command in '/home/abdy/ros2_ws/src/mini_challenge': PYTHONPATH=/home/abdy/ros2_ws/build/mini_challenge/prefix_override:/usr/lib/python3/dist-packages/colcon_core/task/python/colcon_distutils_commands:/home/abdy/ros2_ws/install/mini_challenge/lib/python3.10/site-packages:${PYTHONPATH} /usr/bin/python3 -W ignore:setup.py install is deprecated -W ignore:easy_install command is deprecated setup.py egg_info --egg-base ../../build/mini_challenge build --build-base /home/abdy/ros2_ws/build/mini_challenge/build install --record /home/abdy/ros2_ws/build/mini_challenge/install.log --single-version-externally-managed install_data
[1.719s] DEBUG:colcon.colcon_core.event_handler.log_command:Invoking command in '/home/abdy/ros2_ws/src/motor_control': PYTHONPATH=/home/abdy/ros2_ws/build/motor_control/prefix_override:/usr/lib/python3/dist-packages/colcon_core/task/python/colcon_distutils_commands:/home/abdy/ros2_ws/install/motor_control/lib/python3.10/site-packages:${PYTHONPATH} /usr/bin/python3 -W ignore:setup.py install is deprecated -W ignore:easy_install command is deprecated setup.py egg_info --egg-base ../../build/motor_control build --build-base /home/abdy/ros2_ws/build/motor_control/build install --record /home/abdy/ros2_ws/build/motor_control/install.log --single-version-externally-managed install_data
[1.961s] DEBUG:colcon.colcon_core.event_handler.log_command:Invoked command in '/home/abdy/ros2_ws/build/my_interfaces' returned '0': CMAKE_PREFIX_PATH=${CMAKE_PREFIX_PATH}:/home/abdy/ros2_ws/install/signal_processing:/home/abdy/ros2_ws/install/my_py_pkg:/home/abdy/ros2_ws/install/motor_control:/home/abdy/ros2_ws/install/mini_challenge:/home/abdy/ros2_ws/install/challenge_1:/home/abdy/ros2_ws/install/challenge2:/home/abdy/ros2_ws/install/challenge1:/home/abdy/ros2_ws/install/basic_comms:/opt/ros/humble /usr/bin/cmake --build /home/abdy/ros2_ws/build/my_interfaces -- -j6 -l6
[1.962s] DEBUG:colcon.colcon_core.event_handler.log_command:Invoking command in '/home/abdy/ros2_ws/build/my_interfaces': CMAKE_PREFIX_PATH=${CMAKE_PREFIX_PATH}:/home/abdy/ros2_ws/install/signal_processing:/home/abdy/ros2_ws/install/my_py_pkg:/home/abdy/ros2_ws/install/motor_control:/home/abdy/ros2_ws/install/mini_challenge:/home/abdy/ros2_ws/install/challenge_1:/home/abdy/ros2_ws/install/challenge2:/home/abdy/ros2_ws/install/challenge1:/home/abdy/ros2_ws/install/basic_comms:/opt/ros/humble /usr/bin/cmake --install /home/abdy/ros2_ws/build/my_interfaces
[1.994s] Level 1:colcon.colcon_core.environment:checking '/home/abdy/ros2_ws/install/challenge2' for CMake module files
[1.994s] DEBUG:colcon.colcon_core.event_handler.log_command:Invoked command in '/home/abdy/ros2_ws/src/challenge2' returned '0': PYTHONPATH=/home/abdy/ros2_ws/build/challenge2/prefix_override:/usr/lib/python3/dist-packages/colcon_core/task/python/colcon_distutils_commands:/home/abdy/ros2_ws/install/challenge2/lib/python3.10/site-packages:${PYTHONPATH} /usr/bin/python3 -W ignore:setup.py install is deprecated -W ignore:easy_install command is deprecated setup.py egg_info --egg-base ../../build/challenge2 build --build-base /home/abdy/ros2_ws/build/challenge2/build install --record /home/abdy/ros2_ws/build/challenge2/install.log --single-version-externally-managed install_data
[1.995s] Level 1:colcon.colcon_core.environment:checking '/home/abdy/ros2_ws/install/challenge2' for CMake config files
[2.002s] Level 1:colcon.colcon_core.environment:checking '/home/abdy/ros2_ws/install/challenge2/lib'
[2.002s] Level 1:colcon.colcon_core.environment:checking '/home/abdy/ros2_ws/install/challenge2/bin'
[2.002s] Level 1:colcon.colcon_core.environment:checking '/home/abdy/ros2_ws/install/challenge2/lib/pkgconfig/challenge2.pc'
[2.002s] Level 1:colcon.colcon_core.environment:checking '/home/abdy/ros2_ws/install/challenge2/lib/python3.10/site-packages'
[2.002s] Level 1:colcon.colcon_core.shell:create_environment_hook('challenge2', 'pythonpath')
[2.002s] INFO:colcon.colcon_core.shell:Creating environment hook '/home/abdy/ros2_ws/install/challenge2/share/challenge2/hook/pythonpath.ps1'
[2.005s] INFO:colcon.colcon_core.shell:Creating environment descriptor '/home/abdy/ros2_ws/install/challenge2/share/challenge2/hook/pythonpath.dsv'
[2.006s] INFO:colcon.colcon_core.shell:Creating environment hook '/home/abdy/ros2_ws/install/challenge2/share/challenge2/hook/pythonpath.sh'
[2.008s] Level 1:colcon.colcon_core.environment:checking '/home/abdy/ros2_ws/install/challenge2/bin'
[2.008s] Level 1:colcon.colcon_core.environment:create_environment_scripts_only(challenge2)
[2.008s] INFO:colcon.colcon_core.shell:Creating package script '/home/abdy/ros2_ws/install/challenge2/share/challenge2/package.ps1'
[2.011s] INFO:colcon.colcon_core.shell:Creating package descriptor '/home/abdy/ros2_ws/install/challenge2/share/challenge2/package.dsv'
[2.012s] INFO:colcon.colcon_core.shell:Creating package script '/home/abdy/ros2_ws/install/challenge2/share/challenge2/package.sh'
[2.012s] INFO:colcon.colcon_core.shell:Creating package script '/home/abdy/ros2_ws/install/challenge2/share/challenge2/package.bash'
[2.014s] INFO:colcon.colcon_core.shell:Creating package script '/home/abdy/ros2_ws/install/challenge2/share/challenge2/package.zsh'
[2.015s] Level 1:colcon.colcon_core.environment:create_file_with_runtime_dependencies(/home/abdy/ros2_ws/install/challenge2/share/colcon-core/packages/challenge2)
[2.016s] INFO:colcon.colcon_ros.task.ament_python.build:Building ROS package in '/home/abdy/ros2_ws/src/my_py_pkg' with build type 'ament_python'
[2.016s] Level 1:colcon.colcon_core.shell:create_environment_hook('my_py_pkg', 'ament_prefix_path')
[2.017s] INFO:colcon.colcon_core.shell:Creating environment hook '/home/abdy/ros2_ws/install/my_py_pkg/share/my_py_pkg/hook/ament_prefix_path.ps1'
[2.018s] INFO:colcon.colcon_core.shell:Creating environment descriptor '/home/abdy/ros2_ws/install/my_py_pkg/share/my_py_pkg/hook/ament_prefix_path.dsv'
[2.021s] INFO:colcon.colcon_core.shell:Creating environment hook '/home/abdy/ros2_ws/install/my_py_pkg/share/my_py_pkg/hook/ament_prefix_path.sh'
[2.022s] INFO:colcon.colcon_core.shell:Skip shell extension 'powershell' for command environment: Not usable outside of PowerShell
[2.022s] DEBUG:colcon.colcon_core.shell:Skip shell extension 'dsv' for command environment
[2.038s] Level 1:colcon.colcon_core.environment:checking '/home/abdy/ros2_ws/install/basic_comms' for CMake module files
[2.040s] Level 1:colcon.colcon_core.environment:checking '/home/abdy/ros2_ws/install/basic_comms' for CMake config files
[2.041s] Level 1:colcon.colcon_core.environment:checking '/home/abdy/ros2_ws/install/basic_comms/lib'
[2.041s] Level 1:colcon.colcon_core.environment:checking '/home/abdy/ros2_ws/install/basic_comms/bin'
[2.041s] Level 1:colcon.colcon_core.environment:checking '/home/abdy/ros2_ws/install/basic_comms/lib/pkgconfig/basic_comms.pc'
[2.041s] Level 1:colcon.colcon_core.environment:checking '/home/abdy/ros2_ws/install/basic_comms/lib/python3.10/site-packages'
[2.041s] Level 1:colcon.colcon_core.shell:create_environment_hook('basic_comms', 'pythonpath')
[2.041s] INFO:colcon.colcon_core.shell:Creating environment hook '/home/abdy/ros2_ws/install/basic_comms/share/basic_comms/hook/pythonpath.ps1'
[2.043s] DEBUG:colcon.colcon_core.event_handler.log_command:Invoked command in '/home/abdy/ros2_ws/src/basic_comms' returned '0': PYTHONPATH=/home/abdy/ros2_ws/build/basic_comms/prefix_override:/usr/lib/python3/dist-packages/colcon_core/task/python/colcon_distutils_commands:/home/abdy/ros2_ws/install/basic_comms/lib/python3.10/site-packages:${PYTHONPATH} /usr/bin/python3 -W ignore:setup.py install is deprecated -W ignore:easy_install command is deprecated setup.py egg_info --egg-base ../../build/basic_comms build --build-base /home/abdy/ros2_ws/build/basic_comms/build install --record /home/abdy/ros2_ws/build/basic_comms/install.log --single-version-externally-managed install_data
[2.044s] INFO:colcon.colcon_core.shell:Creating environment descriptor '/home/abdy/ros2_ws/install/basic_comms/share/basic_comms/hook/pythonpath.dsv'
[2.044s] INFO:colcon.colcon_core.shell:Creating environment hook '/home/abdy/ros2_ws/install/basic_comms/share/basic_comms/hook/pythonpath.sh'
[2.045s] Level 1:colcon.colcon_core.environment:checking '/home/abdy/ros2_ws/install/basic_comms/bin'
[2.045s] Level 1:colcon.colcon_core.environment:create_environment_scripts_only(basic_comms)
[2.045s] INFO:colcon.colcon_core.shell:Creating package script '/home/abdy/ros2_ws/install/basic_comms/share/basic_comms/package.ps1'
[2.046s] INFO:colcon.colcon_core.shell:Creating package descriptor '/home/abdy/ros2_ws/install/basic_comms/share/basic_comms/package.dsv'
[2.051s] INFO:colcon.colcon_core.shell:Creating package script '/home/abdy/ros2_ws/install/basic_comms/share/basic_comms/package.sh'
[2.053s] INFO:colcon.colcon_core.shell:Creating package script '/home/abdy/ros2_ws/install/basic_comms/share/basic_comms/package.bash'
[2.053s] INFO:colcon.colcon_core.shell:Creating package script '/home/abdy/ros2_ws/install/basic_comms/share/basic_comms/package.zsh'
[2.053s] Level 1:colcon.colcon_core.environment:create_file_with_runtime_dependencies(/home/abdy/ros2_ws/install/basic_comms/share/colcon-core/packages/basic_comms)
[2.056s] INFO:colcon.colcon_ros.task.ament_python.build:Building ROS package in '/home/abdy/ros2_ws/src/signal_processing' with build type 'ament_python'
[2.056s] Level 1:colcon.colcon_core.shell:create_environment_hook('signal_processing', 'ament_prefix_path')
[2.056s] INFO:colcon.colcon_core.shell:Creating environment hook '/home/abdy/ros2_ws/install/signal_processing/share/signal_processing/hook/ament_prefix_path.ps1'
[2.057s] INFO:colcon.colcon_core.shell:Creating environment descriptor '/home/abdy/ros2_ws/install/signal_processing/share/signal_processing/hook/ament_prefix_path.dsv'
[2.060s] INFO:colcon.colcon_core.shell:Creating environment hook '/home/abdy/ros2_ws/install/signal_processing/share/signal_processing/hook/ament_prefix_path.sh'
[2.065s] INFO:colcon.colcon_core.shell:Skip shell extension 'powershell' for command environment: Not usable outside of PowerShell
[2.065s] DEBUG:colcon.colcon_core.shell:Skip shell extension 'dsv' for command environment
[2.277s] INFO:colcon.colcon_core.task.python.build:Building Python package in '/home/abdy/ros2_ws/src/my_py_pkg'
[2.278s] INFO:colcon.colcon_core.shell:Skip shell extension 'powershell' for command environment: Not usable outside of PowerShell
[2.278s] DEBUG:colcon.colcon_core.shell:Skip shell extension 'dsv' for command environment
[2.284s] Level 1:colcon.colcon_core.environment:checking '/home/abdy/ros2_ws/install/motor_control' for CMake module files
[2.284s] Level 1:colcon.colcon_core.environment:checking '/home/abdy/ros2_ws/install/motor_control' for CMake config files
[2.285s] Level 1:colcon.colcon_core.environment:checking '/home/abdy/ros2_ws/install/motor_control/lib'
[2.285s] Level 1:colcon.colcon_core.environment:checking '/home/abdy/ros2_ws/install/motor_control/bin'
[2.285s] Level 1:colcon.colcon_core.environment:checking '/home/abdy/ros2_ws/install/motor_control/lib/pkgconfig/motor_control.pc'
[2.285s] Level 1:colcon.colcon_core.environment:checking '/home/abdy/ros2_ws/install/motor_control/lib/python3.10/site-packages'
[2.285s] Level 1:colcon.colcon_core.shell:create_environment_hook('motor_control', 'pythonpath')
[2.285s] INFO:colcon.colcon_core.shell:Creating environment hook '/home/abdy/ros2_ws/install/motor_control/share/motor_control/hook/pythonpath.ps1'
[2.286s] INFO:colcon.colcon_core.shell:Creating environment descriptor '/home/abdy/ros2_ws/install/motor_control/share/motor_control/hook/pythonpath.dsv'
[2.287s] INFO:colcon.colcon_core.shell:Creating environment hook '/home/abdy/ros2_ws/install/motor_control/share/motor_control/hook/pythonpath.sh'
[2.287s] Level 1:colcon.colcon_core.environment:checking '/home/abdy/ros2_ws/install/motor_control/bin'
[2.287s] Level 1:colcon.colcon_core.environment:create_environment_scripts_only(motor_control)
[2.288s] INFO:colcon.colcon_core.shell:Creating package script '/home/abdy/ros2_ws/install/motor_control/share/motor_control/package.ps1'
[2.288s] INFO:colcon.colcon_core.shell:Creating package descriptor '/home/abdy/ros2_ws/install/motor_control/share/motor_control/package.dsv'
[2.288s] INFO:colcon.colcon_core.shell:Creating package script '/home/abdy/ros2_ws/install/motor_control/share/motor_control/package.sh'
[2.289s] DEBUG:colcon.colcon_core.event_handler.log_command:Invoked command in '/home/abdy/ros2_ws/src/motor_control' returned '0': PYTHONPATH=/home/abdy/ros2_ws/build/motor_control/prefix_override:/usr/lib/python3/dist-packages/colcon_core/task/python/colcon_distutils_commands:/home/abdy/ros2_ws/install/motor_control/lib/python3.10/site-packages:${PYTHONPATH} /usr/bin/python3 -W ignore:setup.py install is deprecated -W ignore:easy_install command is deprecated setup.py egg_info --egg-base ../../build/motor_control build --build-base /home/abdy/ros2_ws/build/motor_control/build install --record /home/abdy/ros2_ws/build/motor_control/install.log --single-version-externally-managed install_data
[2.289s] INFO:colcon.colcon_core.shell:Creating package script '/home/abdy/ros2_ws/install/motor_control/share/motor_control/package.bash'
[2.290s] INFO:colcon.colcon_core.shell:Creating package script '/home/abdy/ros2_ws/install/motor_control/share/motor_control/package.zsh'
[2.290s] Level 1:colcon.colcon_core.environment:create_file_with_runtime_dependencies(/home/abdy/ros2_ws/install/motor_control/share/colcon-core/packages/motor_control)
[2.291s] Level 1:colcon.colcon_core.environment:checking '/home/abdy/ros2_ws/install/challenge1' for CMake module files
[2.291s] Level 1:colcon.colcon_core.environment:checking '/home/abdy/ros2_ws/install/challenge1' for CMake config files
[2.291s] Level 1:colcon.colcon_core.environment:checking '/home/abdy/ros2_ws/install/challenge1/lib'
[2.292s] Level 1:colcon.colcon_core.environment:checking '/home/abdy/ros2_ws/install/challenge1/bin'
[2.292s] Level 1:colcon.colcon_core.environment:checking '/home/abdy/ros2_ws/install/challenge1/lib/pkgconfig/challenge1.pc'
[2.292s] Level 1:colcon.colcon_core.environment:checking '/home/abdy/ros2_ws/install/challenge1/lib/python3.10/site-packages'
[2.293s] DEBUG:colcon.colcon_core.event_handler.log_command:Invoked command in '/home/abdy/ros2_ws/src/challenge1' returned '0': PYTHONPATH=/home/abdy/ros2_ws/build/challenge1/prefix_override:/usr/lib/python3/dist-packages/colcon_core/task/python/colcon_distutils_commands:/home/abdy/ros2_ws/install/challenge1/lib/python3.10/site-packages:${PYTHONPATH} /usr/bin/python3 -W ignore:setup.py install is deprecated -W ignore:easy_install command is deprecated setup.py egg_info --egg-base ../../build/challenge1 build --build-base /home/abdy/ros2_ws/build/challenge1/build install --record /home/abdy/ros2_ws/build/challenge1/install.log --single-version-externally-managed install_data
[2.293s] Level 1:colcon.colcon_core.shell:create_environment_hook('challenge1', 'pythonpath')
[2.293s] INFO:colcon.colcon_core.shell:Creating environment hook '/home/abdy/ros2_ws/install/challenge1/share/challenge1/hook/pythonpath.ps1'
[2.293s] INFO:colcon.colcon_core.shell:Creating environment descriptor '/home/abdy/ros2_ws/install/challenge1/share/challenge1/hook/pythonpath.dsv'
[2.294s] INFO:colcon.colcon_core.shell:Creating environment hook '/home/abdy/ros2_ws/install/challenge1/share/challenge1/hook/pythonpath.sh'
[2.295s] Level 1:colcon.colcon_core.environment:checking '/home/abdy/ros2_ws/install/challenge1/bin'
[2.295s] Level 1:colcon.colcon_core.environment:create_environment_scripts_only(challenge1)
[2.295s] INFO:colcon.colcon_core.shell:Creating package script '/home/abdy/ros2_ws/install/challenge1/share/challenge1/package.ps1'
[2.296s] INFO:colcon.colcon_core.shell:Creating package descriptor '/home/abdy/ros2_ws/install/challenge1/share/challenge1/package.dsv'
[2.297s] INFO:colcon.colcon_core.shell:Creating package script '/home/abdy/ros2_ws/install/challenge1/share/challenge1/package.sh'
[2.298s] INFO:colcon.colcon_core.shell:Creating package script '/home/abdy/ros2_ws/install/challenge1/share/challenge1/package.bash'
[2.298s] INFO:colcon.colcon_core.shell:Creating package script '/home/abdy/ros2_ws/install/challenge1/share/challenge1/package.zsh'
[2.299s] Level 1:colcon.colcon_core.environment:create_file_with_runtime_dependencies(/home/abdy/ros2_ws/install/challenge1/share/colcon-core/packages/challenge1)
[2.301s] Level 1:colcon.colcon_core.environment:create_environment_scripts_only(my_interfaces)
[2.301s] DEBUG:colcon.colcon_core.event_handler.log_command:Invoked command in '/home/abdy/ros2_ws/build/my_interfaces' returned '0': CMAKE_PREFIX_PATH=${CMAKE_PREFIX_PATH}:/home/abdy/ros2_ws/install/signal_processing:/home/abdy/ros2_ws/install/my_py_pkg:/home/abdy/ros2_ws/install/motor_control:/home/abdy/ros2_ws/install/mini_challenge:/home/abdy/ros2_ws/install/challenge_1:/home/abdy/ros2_ws/install/challenge2:/home/abdy/ros2_ws/install/challenge1:/home/abdy/ros2_ws/install/basic_comms:/opt/ros/humble /usr/bin/cmake --install /home/abdy/ros2_ws/build/my_interfaces
[2.301s] Level 1:colcon.colcon_core.environment:checking '/home/abdy/ros2_ws/install/my_interfaces' for CMake module files
[2.302s] Level 1:colcon.colcon_core.environment:checking '/home/abdy/ros2_ws/install/my_interfaces' for CMake config files
[2.302s] Level 1:colcon.colcon_core.shell:create_environment_hook('my_interfaces', 'cmake_prefix_path')
[2.302s] INFO:colcon.colcon_core.shell:Creating environment hook '/home/abdy/ros2_ws/install/my_interfaces/share/my_interfaces/hook/cmake_prefix_path.ps1'
[2.303s] INFO:colcon.colcon_core.shell:Creating environment descriptor '/home/abdy/ros2_ws/install/my_interfaces/share/my_interfaces/hook/cmake_prefix_path.dsv'
[2.304s] INFO:colcon.colcon_core.shell:Creating environment hook '/home/abdy/ros2_ws/install/my_interfaces/share/my_interfaces/hook/cmake_prefix_path.sh'
[2.305s] Level 1:colcon.colcon_core.environment:checking '/home/abdy/ros2_ws/install/my_interfaces/lib'
[2.306s] Level 1:colcon.colcon_core.shell:create_environment_hook('my_interfaces', 'ld_library_path_lib')
[2.306s] INFO:colcon.colcon_core.shell:Creating environment hook '/home/abdy/ros2_ws/install/my_interfaces/share/my_interfaces/hook/ld_library_path_lib.ps1'
[2.306s] INFO:colcon.colcon_core.shell:Creating environment descriptor '/home/abdy/ros2_ws/install/my_interfaces/share/my_interfaces/hook/ld_library_path_lib.dsv'
[2.307s] INFO:colcon.colcon_core.shell:Creating environment hook '/home/abdy/ros2_ws/install/my_interfaces/share/my_interfaces/hook/ld_library_path_lib.sh'
[2.308s] Level 1:colcon.colcon_core.environment:checking '/home/abdy/ros2_ws/install/my_interfaces/bin'
[2.308s] Level 1:colcon.colcon_core.environment:checking '/home/abdy/ros2_ws/install/my_interfaces/lib/pkgconfig/my_interfaces.pc'
[2.308s] Level 1:colcon.colcon_core.environment:checking '/home/abdy/ros2_ws/install/my_interfaces/lib/python3.10/site-packages'
[2.308s] Level 1:colcon.colcon_core.environment:checking '/home/abdy/ros2_ws/install/my_interfaces/bin'
[2.308s] INFO:colcon.colcon_core.shell:Creating package script '/home/abdy/ros2_ws/install/my_interfaces/share/my_interfaces/package.ps1'
[2.309s] INFO:colcon.colcon_core.shell:Creating package descriptor '/home/abdy/ros2_ws/install/my_interfaces/share/my_interfaces/package.dsv'
[2.310s] INFO:colcon.colcon_core.shell:Creating package script '/home/abdy/ros2_ws/install/my_interfaces/share/my_interfaces/package.sh'
[2.310s] INFO:colcon.colcon_core.shell:Creating package script '/home/abdy/ros2_ws/install/my_interfaces/share/my_interfaces/package.bash'
[2.310s] INFO:colcon.colcon_core.shell:Creating package script '/home/abdy/ros2_ws/install/my_interfaces/share/my_interfaces/package.zsh'
[2.311s] Level 1:colcon.colcon_core.environment:create_file_with_runtime_dependencies(/home/abdy/ros2_ws/install/my_interfaces/share/colcon-core/packages/my_interfaces)
[2.311s] Level 1:colcon.colcon_core.environment:create_environment_scripts_only(my_interfaces)
[2.311s] Level 1:colcon.colcon_core.environment:checking '/home/abdy/ros2_ws/install/my_interfaces' for CMake module files
[2.312s] Level 1:colcon.colcon_core.environment:checking '/home/abdy/ros2_ws/install/my_interfaces' for CMake config files
[2.312s] Level 1:colcon.colcon_core.shell:create_environment_hook('my_interfaces', 'cmake_prefix_path')
[2.312s] INFO:colcon.colcon_core.shell:Creating environment hook '/home/abdy/ros2_ws/install/my_interfaces/share/my_interfaces/hook/cmake_prefix_path.ps1'
[2.313s] INFO:colcon.colcon_core.shell:Creating environment descriptor '/home/abdy/ros2_ws/install/my_interfaces/share/my_interfaces/hook/cmake_prefix_path.dsv'
[2.313s] INFO:colcon.colcon_core.shell:Creating environment hook '/home/abdy/ros2_ws/install/my_interfaces/share/my_interfaces/hook/cmake_prefix_path.sh'
[2.314s] Level 1:colcon.colcon_core.environment:checking '/home/abdy/ros2_ws/install/my_interfaces/lib'
[2.314s] Level 1:colcon.colcon_core.shell:create_environment_hook('my_interfaces', 'ld_library_path_lib')
[2.314s] INFO:colcon.colcon_core.shell:Creating environment hook '/home/abdy/ros2_ws/install/my_interfaces/share/my_interfaces/hook/ld_library_path_lib.ps1'
[2.314s] INFO:colcon.colcon_core.shell:Creating environment descriptor '/home/abdy/ros2_ws/install/my_interfaces/share/my_interfaces/hook/ld_library_path_lib.dsv'
[2.315s] INFO:colcon.colcon_core.shell:Creating environment hook '/home/abdy/ros2_ws/install/my_interfaces/share/my_interfaces/hook/ld_library_path_lib.sh'
[2.315s] Level 1:colcon.colcon_core.environment:checking '/home/abdy/ros2_ws/install/my_interfaces/bin'
[2.315s] Level 1:colcon.colcon_core.environment:checking '/home/abdy/ros2_ws/install/my_interfaces/lib/pkgconfig/my_interfaces.pc'
[2.315s] Level 1:colcon.colcon_core.environment:checking '/home/abdy/ros2_ws/install/my_interfaces/lib/python3.10/site-packages'
[2.315s] Level 1:colcon.colcon_core.environment:checking '/home/abdy/ros2_ws/install/my_interfaces/bin'
[2.316s] INFO:colcon.colcon_core.shell:Creating package script '/home/abdy/ros2_ws/install/my_interfaces/share/my_interfaces/package.ps1'
[2.316s] INFO:colcon.colcon_core.shell:Creating package descriptor '/home/abdy/ros2_ws/install/my_interfaces/share/my_interfaces/package.dsv'
[2.317s] INFO:colcon.colcon_core.shell:Creating package script '/home/abdy/ros2_ws/install/my_interfaces/share/my_interfaces/package.sh'
[2.317s] INFO:colcon.colcon_core.shell:Creating package script '/home/abdy/ros2_ws/install/my_interfaces/share/my_interfaces/package.bash'
[2.318s] INFO:colcon.colcon_core.shell:Creating package script '/home/abdy/ros2_ws/install/my_interfaces/share/my_interfaces/package.zsh'
[2.318s] Level 1:colcon.colcon_core.environment:create_file_with_runtime_dependencies(/home/abdy/ros2_ws/install/my_interfaces/share/colcon-core/packages/my_interfaces)
[2.318s] Level 1:colcon.colcon_core.environment:checking '/home/abdy/ros2_ws/install/mini_challenge' for CMake module files
[2.319s] Level 1:colcon.colcon_core.environment:checking '/home/abdy/ros2_ws/install/mini_challenge' for CMake config files
[2.320s] DEBUG:colcon.colcon_core.event_handler.log_command:Invoked command in '/home/abdy/ros2_ws/src/mini_challenge' returned '0': PYTHONPATH=/home/abdy/ros2_ws/build/mini_challenge/prefix_override:/usr/lib/python3/dist-packages/colcon_core/task/python/colcon_distutils_commands:/home/abdy/ros2_ws/install/mini_challenge/lib/python3.10/site-packages:${PYTHONPATH} /usr/bin/python3 -W ignore:setup.py install is deprecated -W ignore:easy_install command is deprecated setup.py egg_info --egg-base ../../build/mini_challenge build --build-base /home/abdy/ros2_ws/build/mini_challenge/build install --record /home/abdy/ros2_ws/build/mini_challenge/install.log --single-version-externally-managed install_data
[2.321s] Level 1:colcon.colcon_core.environment:checking '/home/abdy/ros2_ws/install/mini_challenge/lib'
[2.321s] Level 1:colcon.colcon_core.environment:checking '/home/abdy/ros2_ws/install/mini_challenge/bin'
[2.321s] Level 1:colcon.colcon_core.environment:checking '/home/abdy/ros2_ws/install/mini_challenge/lib/pkgconfig/mini_challenge.pc'
[2.321s] Level 1:colcon.colcon_core.environment:checking '/home/abdy/ros2_ws/install/mini_challenge/lib/python3.10/site-packages'
[2.321s] Level 1:colcon.colcon_core.shell:create_environment_hook('mini_challenge', 'pythonpath')
[2.321s] INFO:colcon.colcon_core.shell:Creating environment hook '/home/abdy/ros2_ws/install/mini_challenge/share/mini_challenge/hook/pythonpath.ps1'
[2.322s] INFO:colcon.colcon_core.shell:Creating environment descriptor '/home/abdy/ros2_ws/install/mini_challenge/share/mini_challenge/hook/pythonpath.dsv'
[2.322s] INFO:colcon.colcon_core.shell:Creating environment hook '/home/abdy/ros2_ws/install/mini_challenge/share/mini_challenge/hook/pythonpath.sh'
[2.323s] Level 1:colcon.colcon_core.environment:checking '/home/abdy/ros2_ws/install/mini_challenge/bin'
[2.323s] Level 1:colcon.colcon_core.environment:create_environment_scripts_only(mini_challenge)
[2.323s] INFO:colcon.colcon_core.shell:Creating package script '/home/abdy/ros2_ws/install/mini_challenge/share/mini_challenge/package.ps1'
[2.323s] INFO:colcon.colcon_core.shell:Creating package descriptor '/home/abdy/ros2_ws/install/mini_challenge/share/mini_challenge/package.dsv'
[2.324s] INFO:colcon.colcon_core.shell:Creating package script '/home/abdy/ros2_ws/install/mini_challenge/share/mini_challenge/package.sh'
[2.324s] INFO:colcon.colcon_core.shell:Creating package script '/home/abdy/ros2_ws/install/mini_challenge/share/mini_challenge/package.bash'
[2.325s] INFO:colcon.colcon_core.shell:Creating package script '/home/abdy/ros2_ws/install/mini_challenge/share/mini_challenge/package.zsh'
[2.325s] Level 1:colcon.colcon_core.environment:create_file_with_runtime_dependencies(/home/abdy/ros2_ws/install/mini_challenge/share/colcon-core/packages/mini_challenge)
[2.543s] INFO:colcon.colcon_core.task.python.build:Building Python package in '/home/abdy/ros2_ws/src/signal_processing'
[2.543s] INFO:colcon.colcon_core.shell:Skip shell extension 'powershell' for command environment: Not usable outside of PowerShell
[2.543s] DEBUG:colcon.colcon_core.shell:Skip shell extension 'dsv' for command environment
[2.833s] DEBUG:colcon.colcon_core.event_handler.log_command:Invoking command in '/home/abdy/ros2_ws/src/signal_processing': PYTHONPATH=/home/abdy/ros2_ws/build/signal_processing/prefix_override:/usr/lib/python3/dist-packages/colcon_core/task/python/colcon_distutils_commands:/home/abdy/ros2_ws/install/signal_processing/lib/python3.10/site-packages:${PYTHONPATH} /usr/bin/python3 -W ignore:setup.py install is deprecated -W ignore:easy_install command is deprecated setup.py egg_info --egg-base ../../build/signal_processing build --build-base /home/abdy/ros2_ws/build/signal_processing/build install --record /home/abdy/ros2_ws/build/signal_processing/install.log --single-version-externally-managed install_data
[2.842s] DEBUG:colcon.colcon_core.event_handler.log_command:Invoking command in '/home/abdy/ros2_ws/src/my_py_pkg': PYTHONPATH=/home/abdy/ros2_ws/build/my_py_pkg/prefix_override:/usr/lib/python3/dist-packages/colcon_core/task/python/colcon_distutils_commands:/home/abdy/ros2_ws/install/my_py_pkg/lib/python3.10/site-packages:${PYTHONPATH} /usr/bin/python3 -W ignore:setup.py install is deprecated -W ignore:easy_install command is deprecated setup.py egg_info --egg-base ../../build/my_py_pkg build --build-base /home/abdy/ros2_ws/build/my_py_pkg/build install --record /home/abdy/ros2_ws/build/my_py_pkg/install.log --single-version-externally-managed install_data
[3.068s] Level 1:colcon.colcon_core.environment:checking '/home/abdy/ros2_ws/install/signal_processing' for CMake module files
[3.069s] DEBUG:colcon.colcon_core.event_handler.log_command:Invoked command in '/home/abdy/ros2_ws/src/signal_processing' returned '0': PYTHONPATH=/home/abdy/ros2_ws/build/signal_processing/prefix_override:/usr/lib/python3/dist-packages/colcon_core/task/python/colcon_distutils_commands:/home/abdy/ros2_ws/install/signal_processing/lib/python3.10/site-packages:${PYTHONPATH} /usr/bin/python3 -W ignore:setup.py install is deprecated -W ignore:easy_install command is deprecated setup.py egg_info --egg-base ../../build/signal_processing build --build-base /home/abdy/ros2_ws/build/signal_processing/build install --record /home/abdy/ros2_ws/build/signal_processing/install.log --single-version-externally-managed install_data
[3.069s] Level 1:colcon.colcon_core.environment:checking '/home/abdy/ros2_ws/install/signal_processing' for CMake config files
[3.069s] Level 1:colcon.colcon_core.environment:checking '/home/abdy/ros2_ws/install/signal_processing/lib'
[3.069s] Level 1:colcon.colcon_core.environment:checking '/home/abdy/ros2_ws/install/signal_processing/bin'
[3.070s] Level 1:colcon.colcon_core.environment:checking '/home/abdy/ros2_ws/install/signal_processing/lib/pkgconfig/signal_processing.pc'
[3.070s] Level 1:colcon.colcon_core.environment:checking '/home/abdy/ros2_ws/install/signal_processing/lib/python3.10/site-packages'
[3.070s] Level 1:colcon.colcon_core.shell:create_environment_hook('signal_processing', 'pythonpath')
[3.070s] INFO:colcon.colcon_core.shell:Creating environment hook '/home/abdy/ros2_ws/install/signal_processing/share/signal_processing/hook/pythonpath.ps1'
[3.071s] INFO:colcon.colcon_core.shell:Creating environment descriptor '/home/abdy/ros2_ws/install/signal_processing/share/signal_processing/hook/pythonpath.dsv'
[3.071s] INFO:colcon.colcon_core.shell:Creating environment hook '/home/abdy/ros2_ws/install/signal_processing/share/signal_processing/hook/pythonpath.sh'
[3.072s] Level 1:colcon.colcon_core.environment:checking '/home/abdy/ros2_ws/install/signal_processing/bin'
[3.072s] Level 1:colcon.colcon_core.environment:create_environment_scripts_only(signal_processing)
[3.072s] INFO:colcon.colcon_core.shell:Creating package script '/home/abdy/ros2_ws/install/signal_processing/share/signal_processing/package.ps1'
[3.073s] INFO:colcon.colcon_core.shell:Creating package descriptor '/home/abdy/ros2_ws/install/signal_processing/share/signal_processing/package.dsv'
[3.073s] INFO:colcon.colcon_core.shell:Creating package script '/home/abdy/ros2_ws/install/signal_processing/share/signal_processing/package.sh'
[3.074s] INFO:colcon.colcon_core.shell:Creating package script '/home/abdy/ros2_ws/install/signal_processing/share/signal_processing/package.bash'
[3.074s] INFO:colcon.colcon_core.shell:Creating package script '/home/abdy/ros2_ws/install/signal_processing/share/signal_processing/package.zsh'
[3.075s] Level 1:colcon.colcon_core.environment:create_file_with_runtime_dependencies(/home/abdy/ros2_ws/install/signal_processing/share/colcon-core/packages/signal_processing)
[3.077s] Level 1:colcon.colcon_core.environment:checking '/home/abdy/ros2_ws/install/my_py_pkg' for CMake module files
[3.077s] DEBUG:colcon.colcon_core.event_handler.log_command:Invoked command in '/home/abdy/ros2_ws/src/my_py_pkg' returned '0': PYTHONPATH=/home/abdy/ros2_ws/build/my_py_pkg/prefix_override:/usr/lib/python3/dist-packages/colcon_core/task/python/colcon_distutils_commands:/home/abdy/ros2_ws/install/my_py_pkg/lib/python3.10/site-packages:${PYTHONPATH} /usr/bin/python3 -W ignore:setup.py install is deprecated -W ignore:easy_install command is deprecated setup.py egg_info --egg-base ../../build/my_py_pkg build --build-base /home/abdy/ros2_ws/build/my_py_pkg/build install --record /home/abdy/ros2_ws/build/my_py_pkg/install.log --single-version-externally-managed install_data
[3.078s] Level 1:colcon.colcon_core.environment:checking '/home/abdy/ros2_ws/install/my_py_pkg' for CMake config files
[3.078s] Level 1:colcon.colcon_core.environment:checking '/home/abdy/ros2_ws/install/my_py_pkg/lib'
[3.078s] Level 1:colcon.colcon_core.environment:checking '/home/abdy/ros2_ws/install/my_py_pkg/bin'
[3.078s] Level 1:colcon.colcon_core.environment:checking '/home/abdy/ros2_ws/install/my_py_pkg/lib/pkgconfig/my_py_pkg.pc'
[3.078s] Level 1:colcon.colcon_core.environment:checking '/home/abdy/ros2_ws/install/my_py_pkg/lib/python3.10/site-packages'
[3.078s] Level 1:colcon.colcon_core.shell:create_environment_hook('my_py_pkg', 'pythonpath')
[3.079s] INFO:colcon.colcon_core.shell:Creating environment hook '/home/abdy/ros2_ws/install/my_py_pkg/share/my_py_pkg/hook/pythonpath.ps1'
[3.079s] INFO:colcon.colcon_core.shell:Creating environment descriptor '/home/abdy/ros2_ws/install/my_py_pkg/share/my_py_pkg/hook/pythonpath.dsv'
[3.079s] INFO:colcon.colcon_core.shell:Creating environment hook '/home/abdy/ros2_ws/install/my_py_pkg/share/my_py_pkg/hook/pythonpath.sh'
[3.080s] Level 1:colcon.colcon_core.environment:checking '/home/abdy/ros2_ws/install/my_py_pkg/bin'
[3.080s] Level 1:colcon.colcon_core.environment:create_environment_scripts_only(my_py_pkg)
[3.080s] INFO:colcon.colcon_core.shell:Creating package script '/home/abdy/ros2_ws/install/my_py_pkg/share/my_py_pkg/package.ps1'
[3.081s] INFO:colcon.colcon_core.shell:Creating package descriptor '/home/abdy/ros2_ws/install/my_py_pkg/share/my_py_pkg/package.dsv'
[3.081s] INFO:colcon.colcon_core.shell:Creating package script '/home/abdy/ros2_ws/install/my_py_pkg/share/my_py_pkg/package.sh'
[3.082s] INFO:colcon.colcon_core.shell:Creating package script '/home/abdy/ros2_ws/install/my_py_pkg/share/my_py_pkg/package.bash'
[3.082s] INFO:colcon.colcon_core.shell:Creating package script '/home/abdy/ros2_ws/install/my_py_pkg/share/my_py_pkg/package.zsh'
[3.082s] Level 1:colcon.colcon_core.environment:create_file_with_runtime_dependencies(/home/abdy/ros2_ws/install/my_py_pkg/share/colcon-core/packages/my_py_pkg)
[3.083s] DEBUG:colcon.colcon_parallel_executor.executor.parallel:closing loop
[3.083s] DEBUG:colcon.colcon_parallel_executor.executor.parallel:loop closed
[3.084s] DEBUG:colcon.colcon_parallel_executor.executor.parallel:run_until_complete finished with '0'
[3.084s] DEBUG:colcon.colcon_core.event_reactor:joining thread
[3.089s] INFO:colcon.colcon_core.plugin_system:Skipping extension 'colcon_notification.desktop_notification.terminal_notifier': Not used on non-Darwin systems
[3.089s] INFO:colcon.colcon_core.plugin_system:Skipping extension 'colcon_notification.desktop_notification.win32': Not used on non-Windows systems
[3.089s] INFO:colcon.colcon_notification.desktop_notification:Sending desktop notification using 'notify2'
[3.100s] DEBUG:colcon.colcon_core.event_reactor:joined thread
[3.101s] INFO:colcon.colcon_core.shell:Creating prefix script '/home/abdy/ros2_ws/install/local_setup.ps1'
[3.102s] INFO:colcon.colcon_core.shell:Creating prefix util module '/home/abdy/ros2_ws/install/_local_setup_util_ps1.py'
[3.103s] INFO:colcon.colcon_core.shell:Creating prefix chain script '/home/abdy/ros2_ws/install/setup.ps1'
[3.104s] INFO:colcon.colcon_core.shell:Creating prefix script '/home/abdy/ros2_ws/install/local_setup.sh'
[3.105s] INFO:colcon.colcon_core.shell:Creating prefix util module '/home/abdy/ros2_ws/install/_local_setup_util_sh.py'
[3.105s] INFO:colcon.colcon_core.shell:Creating prefix chain script '/home/abdy/ros2_ws/install/setup.sh'
[3.106s] INFO:colcon.colcon_core.shell:Creating prefix script '/home/abdy/ros2_ws/install/local_setup.bash'
[3.107s] INFO:colcon.colcon_core.shell:Creating prefix chain script '/home/abdy/ros2_ws/install/setup.bash'
[3.108s] INFO:colcon.colcon_core.shell:Creating prefix script '/home/abdy/ros2_ws/install/local_setup.zsh'
[3.109s] INFO:colcon.colcon_core.shell:Creating prefix chain script '/home/abdy/ros2_ws/install/setup.zsh'
