[1.253s] Invoking command in '/home/abdy/ros2_ws/src/basic_comms': PYTHONPATH=/home/abdy/ros2_ws/build/basic_comms/prefix_override:/usr/lib/python3/dist-packages/colcon_core/task/python/colcon_distutils_commands:/home/abdy/ros2_ws/install/basic_comms/lib/python3.10/site-packages:${PYTHONPATH} /usr/bin/python3 -W ignore:setup.py install is deprecated -W ignore:easy_install command is deprecated setup.py egg_info --egg-base ../../build/basic_comms build --build-base /home/abdy/ros2_ws/build/basic_comms/build install --record /home/abdy/ros2_ws/build/basic_comms/install.log --single-version-externally-managed install_data
[1.524s] running egg_info
[1.525s] writing ../../build/basic_comms/basic_comms.egg-info/PKG-INFO
[1.525s] writing dependency_links to ../../build/basic_comms/basic_comms.egg-info/dependency_links.txt
[1.526s] writing entry points to ../../build/basic_comms/basic_comms.egg-info/entry_points.txt
[1.526s] writing requirements to ../../build/basic_comms/basic_comms.egg-info/requires.txt
[1.527s] writing top-level names to ../../build/basic_comms/basic_comms.egg-info/top_level.txt
[1.529s] reading manifest file '../../build/basic_comms/basic_comms.egg-info/SOURCES.txt'
[1.531s] writing manifest file '../../build/basic_comms/basic_comms.egg-info/SOURCES.txt'
[1.532s] running build
[1.532s] running build_py
[1.532s] copying basic_comms/talker.py -> /home/abdy/ros2_ws/build/basic_comms/build/lib/basic_comms
[1.532s] running install
[1.532s] running install_lib
[1.533s] copying /home/abdy/ros2_ws/build/basic_comms/build/lib/basic_comms/talker.py -> /home/abdy/ros2_ws/install/basic_comms/lib/python3.10/site-packages/basic_comms
[1.534s] byte-compiling /home/abdy/ros2_ws/install/basic_comms/lib/python3.10/site-packages/basic_comms/talker.py to talker.cpython-310.pyc
[1.534s] running install_data
[1.536s] running install_egg_info
[1.537s] removing '/home/abdy/ros2_ws/install/basic_comms/lib/python3.10/site-packages/basic_comms-0.0.0-py3.10.egg-info' (and everything under it)
[1.538s] Copying ../../build/basic_comms/basic_comms.egg-info to /home/abdy/ros2_ws/install/basic_comms/lib/python3.10/site-packages/basic_comms-0.0.0-py3.10.egg-info
[1.539s] running install_scripts
[1.569s] Installing talker script to /home/abdy/ros2_ws/install/basic_comms/lib/basic_comms
[1.570s] writing list of installed files to '/home/abdy/ros2_ws/build/basic_comms/install.log'
[1.627s] Invoked command in '/home/abdy/ros2_ws/src/basic_comms' returned '0': PYTHONPATH=/home/abdy/ros2_ws/build/basic_comms/prefix_override:/usr/lib/python3/dist-packages/colcon_core/task/python/colcon_distutils_commands:/home/abdy/ros2_ws/install/basic_comms/lib/python3.10/site-packages:${PYTHONPATH} /usr/bin/python3 -W ignore:setup.py install is deprecated -W ignore:easy_install command is deprecated setup.py egg_info --egg-base ../../build/basic_comms build --build-base /home/abdy/ros2_ws/build/basic_comms/build install --record /home/abdy/ros2_ws/build/basic_comms/install.log --single-version-externally-managed install_data
