[0.894s] Invoking command in '/home/abdy/ros2_ws/build/custom_interfaces': CMAKE_PREFIX_PATH=${CMAKE_PREFIX_PATH}:/home/abdy/ros2_ws/install/signal_processing:/home/abdy/ros2_ws/install/my_py_pkg:/home/abdy/ros2_ws/install/motor_control:/home/abdy/ros2_ws/install/mini_challenge:/home/abdy/ros2_ws/install/challenge_1:/home/abdy/ros2_ws/install/challenge2:/home/abdy/ros2_ws/install/challenge1:/home/abdy/ros2_ws/install/basic_comms:/opt/ros/humble /usr/bin/cmake --build /home/abdy/ros2_ws/build/custom_interfaces -- -j6 -l6
[1.274s] [  3%] Built target custom_interfaces__cpp
[1.274s] [ 12%] Built target custom_interfaces__rosidl_generator_c
[1.274s] [ 12%] Built target ament_cmake_python_copy_custom_interfaces
[1.274s] [ 22%] Built target custom_interfaces__rosidl_typesupport_fastrtps_c
[1.275s] [ 32%] Built target custom_interfaces__rosidl_typesupport_fastrtps_cpp
[1.276s] [ 41%] Built target custom_interfaces__rosidl_typesupport_c
[1.276s] [ 51%] Built target custom_interfaces__rosidl_typesupport_introspection_c
[1.276s] [ 61%] Built target custom_interfaces__rosidl_typesupport_introspection_cpp
[1.276s] [ 70%] Built target custom_interfaces__rosidl_typesupport_cpp
[1.276s] [ 70%] Built target custom_interfaces
[1.321s] [ 74%] Built target custom_interfaces__py
[1.389s] [ 80%] Built target custom_interfaces__rosidl_generator_py
[1.452s] [ 87%] Built target custom_interfaces__rosidl_typesupport_introspection_c__pyext
[1.453s] [ 93%] Built target custom_interfaces__rosidl_typesupport_c__pyext
[1.459s] [100%] Built target custom_interfaces__rosidl_typesupport_fastrtps_c__pyext
[1.604s] running egg_info
[1.605s] writing custom_interfaces.egg-info/PKG-INFO
[1.606s] writing dependency_links to custom_interfaces.egg-info/dependency_links.txt
[1.606s] writing top-level names to custom_interfaces.egg-info/top_level.txt
[1.613s] reading manifest file 'custom_interfaces.egg-info/SOURCES.txt'
[1.614s] writing manifest file 'custom_interfaces.egg-info/SOURCES.txt'
[1.650s] [100%] Built target ament_cmake_python_build_custom_interfaces_egg
[1.690s] Invoked command in '/home/abdy/ros2_ws/build/custom_interfaces' returned '0': CMAKE_PREFIX_PATH=${CMAKE_PREFIX_PATH}:/home/abdy/ros2_ws/install/signal_processing:/home/abdy/ros2_ws/install/my_py_pkg:/home/abdy/ros2_ws/install/motor_control:/home/abdy/ros2_ws/install/mini_challenge:/home/abdy/ros2_ws/install/challenge_1:/home/abdy/ros2_ws/install/challenge2:/home/abdy/ros2_ws/install/challenge1:/home/abdy/ros2_ws/install/basic_comms:/opt/ros/humble /usr/bin/cmake --build /home/abdy/ros2_ws/build/custom_interfaces -- -j6 -l6
[1.710s] Invoking command in '/home/abdy/ros2_ws/build/custom_interfaces': CMAKE_PREFIX_PATH=${CMAKE_PREFIX_PATH}:/home/abdy/ros2_ws/install/signal_processing:/home/abdy/ros2_ws/install/my_py_pkg:/home/abdy/ros2_ws/install/motor_control:/home/abdy/ros2_ws/install/mini_challenge:/home/abdy/ros2_ws/install/challenge_1:/home/abdy/ros2_ws/install/challenge2:/home/abdy/ros2_ws/install/challenge1:/home/abdy/ros2_ws/install/basic_comms:/opt/ros/humble /usr/bin/cmake --install /home/abdy/ros2_ws/build/custom_interfaces
[1.728s] -- Install configuration: ""
[1.731s] -- Up-to-date: /home/abdy/ros2_ws/install/custom_interfaces/share/ament_index/resource_index/rosidl_interfaces/custom_interfaces
[1.731s] -- Up-to-date: /home/abdy/ros2_ws/install/custom_interfaces/include/custom_interfaces/custom_interfaces
[1.732s] -- Up-to-date: /home/abdy/ros2_ws/install/custom_interfaces/include/custom_interfaces/custom_interfaces/msg
[1.733s] -- Up-to-date: /home/abdy/ros2_ws/install/custom_interfaces/include/custom_interfaces/custom_interfaces/msg/rosidl_generator_c__visibility_control.h
[1.733s] -- Up-to-date: /home/abdy/ros2_ws/install/custom_interfaces/include/custom_interfaces/custom_interfaces/srv
[1.734s] -- Up-to-date: /home/abdy/ros2_ws/install/custom_interfaces/include/custom_interfaces/custom_interfaces/srv/detail
[1.734s] -- Up-to-date: /home/abdy/ros2_ws/install/custom_interfaces/include/custom_interfaces/custom_interfaces/srv/detail/set_process_bool__struct.h
[1.734s] -- Up-to-date: /home/abdy/ros2_ws/install/custom_interfaces/include/custom_interfaces/custom_interfaces/srv/detail/set_process_bool__functions.h
[1.734s] -- Up-to-date: /home/abdy/ros2_ws/install/custom_interfaces/include/custom_interfaces/custom_interfaces/srv/detail/set_process_bool__type_support.h
[1.734s] -- Up-to-date: /home/abdy/ros2_ws/install/custom_interfaces/include/custom_interfaces/custom_interfaces/srv/detail/set_process_bool__functions.c
[1.734s] -- Up-to-date: /home/abdy/ros2_ws/install/custom_interfaces/include/custom_interfaces/custom_interfaces/srv/set_process_bool.h
[1.734s] -- Up-to-date: /home/abdy/ros2_ws/install/custom_interfaces/share/custom_interfaces/environment/library_path.sh
[1.735s] -- Up-to-date: /home/abdy/ros2_ws/install/custom_interfaces/share/custom_interfaces/environment/library_path.dsv
[1.736s] -- Up-to-date: /home/abdy/ros2_ws/install/custom_interfaces/lib/libcustom_interfaces__rosidl_generator_c.so
[1.737s] -- Up-to-date: /home/abdy/ros2_ws/install/custom_interfaces/include/custom_interfaces/custom_interfaces
[1.737s] -- Up-to-date: /home/abdy/ros2_ws/install/custom_interfaces/include/custom_interfaces/custom_interfaces/msg
[1.738s] -- Up-to-date: /home/abdy/ros2_ws/install/custom_interfaces/include/custom_interfaces/custom_interfaces/msg/rosidl_typesupport_fastrtps_c__visibility_control.h
[1.738s] -- Up-to-date: /home/abdy/ros2_ws/install/custom_interfaces/include/custom_interfaces/custom_interfaces/srv
[1.738s] -- Up-to-date: /home/abdy/ros2_ws/install/custom_interfaces/include/custom_interfaces/custom_interfaces/srv/detail
[1.738s] -- Up-to-date: /home/abdy/ros2_ws/install/custom_interfaces/include/custom_interfaces/custom_interfaces/srv/detail/set_process_bool__rosidl_typesupport_fastrtps_c.h
[1.738s] -- Up-to-date: /home/abdy/ros2_ws/install/custom_interfaces/lib/libcustom_interfaces__rosidl_typesupport_fastrtps_c.so
[1.739s] -- Up-to-date: /home/abdy/ros2_ws/install/custom_interfaces/include/custom_interfaces/custom_interfaces
[1.739s] -- Up-to-date: /home/abdy/ros2_ws/install/custom_interfaces/include/custom_interfaces/custom_interfaces/msg
[1.739s] -- Up-to-date: /home/abdy/ros2_ws/install/custom_interfaces/include/custom_interfaces/custom_interfaces/msg/rosidl_generator_cpp__visibility_control.hpp
[1.739s] -- Up-to-date: /home/abdy/ros2_ws/install/custom_interfaces/include/custom_interfaces/custom_interfaces/srv
[1.739s] -- Up-to-date: /home/abdy/ros2_ws/install/custom_interfaces/include/custom_interfaces/custom_interfaces/srv/detail
[1.740s] -- Up-to-date: /home/abdy/ros2_ws/install/custom_interfaces/include/custom_interfaces/custom_interfaces/srv/detail/set_process_bool__traits.hpp
[1.741s] -- Up-to-date: /home/abdy/ros2_ws/install/custom_interfaces/include/custom_interfaces/custom_interfaces/srv/detail/set_process_bool__builder.hpp
[1.741s] -- Up-to-date: /home/abdy/ros2_ws/install/custom_interfaces/include/custom_interfaces/custom_interfaces/srv/detail/set_process_bool__type_support.hpp
[1.741s] -- Up-to-date: /home/abdy/ros2_ws/install/custom_interfaces/include/custom_interfaces/custom_interfaces/srv/detail/set_process_bool__struct.hpp
[1.741s] -- Up-to-date: /home/abdy/ros2_ws/install/custom_interfaces/include/custom_interfaces/custom_interfaces/srv/set_process_bool.hpp
[1.741s] -- Up-to-date: /home/abdy/ros2_ws/install/custom_interfaces/include/custom_interfaces/custom_interfaces
[1.741s] -- Up-to-date: /home/abdy/ros2_ws/install/custom_interfaces/include/custom_interfaces/custom_interfaces/msg
[1.741s] -- Up-to-date: /home/abdy/ros2_ws/install/custom_interfaces/include/custom_interfaces/custom_interfaces/msg/rosidl_typesupport_fastrtps_cpp__visibility_control.h
[1.741s] -- Up-to-date: /home/abdy/ros2_ws/install/custom_interfaces/include/custom_interfaces/custom_interfaces/srv
[1.741s] -- Up-to-date: /home/abdy/ros2_ws/install/custom_interfaces/include/custom_interfaces/custom_interfaces/srv/detail
[1.741s] -- Up-to-date: /home/abdy/ros2_ws/install/custom_interfaces/include/custom_interfaces/custom_interfaces/srv/detail/set_process_bool__rosidl_typesupport_fastrtps_cpp.hpp
[1.741s] -- Up-to-date: /home/abdy/ros2_ws/install/custom_interfaces/include/custom_interfaces/custom_interfaces/srv/detail/dds_fastrtps
[1.743s] -- Up-to-date: /home/abdy/ros2_ws/install/custom_interfaces/lib/libcustom_interfaces__rosidl_typesupport_fastrtps_cpp.so
[1.743s] -- Up-to-date: /home/abdy/ros2_ws/install/custom_interfaces/include/custom_interfaces/custom_interfaces
[1.743s] -- Up-to-date: /home/abdy/ros2_ws/install/custom_interfaces/include/custom_interfaces/custom_interfaces/msg
[1.743s] -- Up-to-date: /home/abdy/ros2_ws/install/custom_interfaces/include/custom_interfaces/custom_interfaces/msg/rosidl_typesupport_introspection_c__visibility_control.h
[1.743s] -- Up-to-date: /home/abdy/ros2_ws/install/custom_interfaces/include/custom_interfaces/custom_interfaces/srv
[1.743s] -- Up-to-date: /home/abdy/ros2_ws/install/custom_interfaces/include/custom_interfaces/custom_interfaces/srv/detail
[1.743s] -- Up-to-date: /home/abdy/ros2_ws/install/custom_interfaces/include/custom_interfaces/custom_interfaces/srv/detail/set_process_bool__rosidl_typesupport_introspection_c.h
[1.744s] -- Up-to-date: /home/abdy/ros2_ws/install/custom_interfaces/include/custom_interfaces/custom_interfaces/srv/detail/set_process_bool__type_support.c
[1.745s] -- Up-to-date: /home/abdy/ros2_ws/install/custom_interfaces/lib/libcustom_interfaces__rosidl_typesupport_introspection_c.so
[1.747s] -- Up-to-date: /home/abdy/ros2_ws/install/custom_interfaces/lib/libcustom_interfaces__rosidl_typesupport_c.so
[1.748s] -- Up-to-date: /home/abdy/ros2_ws/install/custom_interfaces/include/custom_interfaces/custom_interfaces
[1.748s] -- Up-to-date: /home/abdy/ros2_ws/install/custom_interfaces/include/custom_interfaces/custom_interfaces/srv
[1.749s] -- Up-to-date: /home/abdy/ros2_ws/install/custom_interfaces/include/custom_interfaces/custom_interfaces/srv/detail
[1.749s] -- Up-to-date: /home/abdy/ros2_ws/install/custom_interfaces/include/custom_interfaces/custom_interfaces/srv/detail/set_process_bool__rosidl_typesupport_introspection_cpp.hpp
[1.749s] -- Up-to-date: /home/abdy/ros2_ws/install/custom_interfaces/include/custom_interfaces/custom_interfaces/srv/detail/set_process_bool__type_support.cpp
[1.753s] -- Up-to-date: /home/abdy/ros2_ws/install/custom_interfaces/lib/libcustom_interfaces__rosidl_typesupport_introspection_cpp.so
[1.754s] -- Up-to-date: /home/abdy/ros2_ws/install/custom_interfaces/lib/libcustom_interfaces__rosidl_typesupport_cpp.so
[1.755s] -- Up-to-date: /home/abdy/ros2_ws/install/custom_interfaces/share/custom_interfaces/environment/pythonpath.sh
[1.755s] -- Up-to-date: /home/abdy/ros2_ws/install/custom_interfaces/share/custom_interfaces/environment/pythonpath.dsv
[1.755s] -- Up-to-date: /home/abdy/ros2_ws/install/custom_interfaces/local/lib/python3.10/dist-packages/custom_interfaces-0.0.0-py3.10.egg-info
[1.756s] -- Installing: /home/abdy/ros2_ws/install/custom_interfaces/local/lib/python3.10/dist-packages/custom_interfaces-0.0.0-py3.10.egg-info/dependency_links.txt
[1.757s] -- Installing: /home/abdy/ros2_ws/install/custom_interfaces/local/lib/python3.10/dist-packages/custom_interfaces-0.0.0-py3.10.egg-info/SOURCES.txt
[1.757s] -- Installing: /home/abdy/ros2_ws/install/custom_interfaces/local/lib/python3.10/dist-packages/custom_interfaces-0.0.0-py3.10.egg-info/PKG-INFO
[1.757s] -- Installing: /home/abdy/ros2_ws/install/custom_interfaces/local/lib/python3.10/dist-packages/custom_interfaces-0.0.0-py3.10.egg-info/top_level.txt
[1.758s] -- Up-to-date: /home/abdy/ros2_ws/install/custom_interfaces/local/lib/python3.10/dist-packages/custom_interfaces
[1.759s] -- Up-to-date: /home/abdy/ros2_ws/install/custom_interfaces/local/lib/python3.10/dist-packages/custom_interfaces/_custom_interfaces_s.ep.rosidl_typesupport_fastrtps_c.c
[1.759s] -- Up-to-date: /home/abdy/ros2_ws/install/custom_interfaces/local/lib/python3.10/dist-packages/custom_interfaces/_custom_interfaces_s.ep.rosidl_typesupport_introspection_c.c
[1.759s] -- Up-to-date: /home/abdy/ros2_ws/install/custom_interfaces/local/lib/python3.10/dist-packages/custom_interfaces/custom_interfaces_s__rosidl_typesupport_introspection_c.cpython-310-x86_64-linux-gnu.so
[1.760s] -- Up-to-date: /home/abdy/ros2_ws/install/custom_interfaces/local/lib/python3.10/dist-packages/custom_interfaces/_custom_interfaces_s.ep.rosidl_typesupport_c.c
[1.760s] -- Up-to-date: /home/abdy/ros2_ws/install/custom_interfaces/local/lib/python3.10/dist-packages/custom_interfaces/__init__.py
[1.760s] -- Up-to-date: /home/abdy/ros2_ws/install/custom_interfaces/local/lib/python3.10/dist-packages/custom_interfaces/custom_interfaces_s__rosidl_typesupport_c.cpython-310-x86_64-linux-gnu.so
[1.760s] -- Up-to-date: /home/abdy/ros2_ws/install/custom_interfaces/local/lib/python3.10/dist-packages/custom_interfaces/libcustom_interfaces__rosidl_generator_py.so
[1.761s] -- Up-to-date: /home/abdy/ros2_ws/install/custom_interfaces/local/lib/python3.10/dist-packages/custom_interfaces/custom_interfaces_s__rosidl_typesupport_fastrtps_c.cpython-310-x86_64-linux-gnu.so
[1.761s] -- Up-to-date: /home/abdy/ros2_ws/install/custom_interfaces/local/lib/python3.10/dist-packages/custom_interfaces/srv
[1.761s] -- Up-to-date: /home/abdy/ros2_ws/install/custom_interfaces/local/lib/python3.10/dist-packages/custom_interfaces/srv/_set_process_bool.py
[1.761s] -- Up-to-date: /home/abdy/ros2_ws/install/custom_interfaces/local/lib/python3.10/dist-packages/custom_interfaces/srv/__init__.py
[1.761s] -- Up-to-date: /home/abdy/ros2_ws/install/custom_interfaces/local/lib/python3.10/dist-packages/custom_interfaces/srv/_set_process_bool_s.c
[1.864s] Listing '/home/abdy/ros2_ws/install/custom_interfaces/local/lib/python3.10/dist-packages/custom_interfaces'...
[1.864s] Listing '/home/abdy/ros2_ws/install/custom_interfaces/local/lib/python3.10/dist-packages/custom_interfaces/srv'...
[1.871s] -- Up-to-date: /home/abdy/ros2_ws/install/custom_interfaces/local/lib/python3.10/dist-packages/custom_interfaces/custom_interfaces_s__rosidl_typesupport_fastrtps_c.cpython-310-x86_64-linux-gnu.so
[1.873s] -- Up-to-date: /home/abdy/ros2_ws/install/custom_interfaces/local/lib/python3.10/dist-packages/custom_interfaces/custom_interfaces_s__rosidl_typesupport_introspection_c.cpython-310-x86_64-linux-gnu.so
[1.875s] -- Up-to-date: /home/abdy/ros2_ws/install/custom_interfaces/local/lib/python3.10/dist-packages/custom_interfaces/custom_interfaces_s__rosidl_typesupport_c.cpython-310-x86_64-linux-gnu.so
[1.877s] -- Up-to-date: /home/abdy/ros2_ws/install/custom_interfaces/lib/libcustom_interfaces__rosidl_generator_py.so
[1.878s] -- Up-to-date: /home/abdy/ros2_ws/install/custom_interfaces/share/custom_interfaces/srv/SetProcessBool.idl
[1.878s] -- Up-to-date: /home/abdy/ros2_ws/install/custom_interfaces/share/custom_interfaces/srv/SetProcessBool.srv
[1.878s] -- Up-to-date: /home/abdy/ros2_ws/install/custom_interfaces/share/custom_interfaces/srv/SetProcessBool_Request.msg
[1.878s] -- Up-to-date: /home/abdy/ros2_ws/install/custom_interfaces/share/custom_interfaces/srv/SetProcessBool_Response.msg
[1.879s] -- Up-to-date: /home/abdy/ros2_ws/install/custom_interfaces/share/ament_index/resource_index/package_run_dependencies/custom_interfaces
[1.880s] -- Up-to-date: /home/abdy/ros2_ws/install/custom_interfaces/share/ament_index/resource_index/parent_prefix_path/custom_interfaces
[1.880s] -- Up-to-date: /home/abdy/ros2_ws/install/custom_interfaces/share/custom_interfaces/environment/ament_prefix_path.sh
[1.880s] -- Up-to-date: /home/abdy/ros2_ws/install/custom_interfaces/share/custom_interfaces/environment/ament_prefix_path.dsv
[1.880s] -- Up-to-date: /home/abdy/ros2_ws/install/custom_interfaces/share/custom_interfaces/environment/path.sh
[1.880s] -- Up-to-date: /home/abdy/ros2_ws/install/custom_interfaces/share/custom_interfaces/environment/path.dsv
[1.881s] -- Up-to-date: /home/abdy/ros2_ws/install/custom_interfaces/share/custom_interfaces/local_setup.bash
[1.881s] -- Up-to-date: /home/abdy/ros2_ws/install/custom_interfaces/share/custom_interfaces/local_setup.sh
[1.881s] -- Up-to-date: /home/abdy/ros2_ws/install/custom_interfaces/share/custom_interfaces/local_setup.zsh
[1.881s] -- Up-to-date: /home/abdy/ros2_ws/install/custom_interfaces/share/custom_interfaces/local_setup.dsv
[1.882s] -- Installing: /home/abdy/ros2_ws/install/custom_interfaces/share/custom_interfaces/package.dsv
[1.883s] -- Up-to-date: /home/abdy/ros2_ws/install/custom_interfaces/share/ament_index/resource_index/packages/custom_interfaces
[1.886s] -- Up-to-date: /home/abdy/ros2_ws/install/custom_interfaces/share/custom_interfaces/cmake/export_custom_interfaces__rosidl_generator_cExport.cmake
[1.886s] -- Up-to-date: /home/abdy/ros2_ws/install/custom_interfaces/share/custom_interfaces/cmake/export_custom_interfaces__rosidl_generator_cExport-noconfig.cmake
[1.887s] -- Up-to-date: /home/abdy/ros2_ws/install/custom_interfaces/share/custom_interfaces/cmake/export_custom_interfaces__rosidl_typesupport_fastrtps_cExport.cmake
[1.888s] -- Up-to-date: /home/abdy/ros2_ws/install/custom_interfaces/share/custom_interfaces/cmake/export_custom_interfaces__rosidl_typesupport_fastrtps_cExport-noconfig.cmake
[1.889s] -- Up-to-date: /home/abdy/ros2_ws/install/custom_interfaces/share/custom_interfaces/cmake/export_custom_interfaces__rosidl_generator_cppExport.cmake
[1.890s] -- Up-to-date: /home/abdy/ros2_ws/install/custom_interfaces/share/custom_interfaces/cmake/export_custom_interfaces__rosidl_typesupport_fastrtps_cppExport.cmake
[1.890s] -- Up-to-date: /home/abdy/ros2_ws/install/custom_interfaces/share/custom_interfaces/cmake/export_custom_interfaces__rosidl_typesupport_fastrtps_cppExport-noconfig.cmake
[1.891s] -- Up-to-date: /home/abdy/ros2_ws/install/custom_interfaces/share/custom_interfaces/cmake/custom_interfaces__rosidl_typesupport_introspection_cExport.cmake
[1.892s] -- Up-to-date: /home/abdy/ros2_ws/install/custom_interfaces/share/custom_interfaces/cmake/custom_interfaces__rosidl_typesupport_introspection_cExport-noconfig.cmake
[1.893s] -- Up-to-date: /home/abdy/ros2_ws/install/custom_interfaces/share/custom_interfaces/cmake/custom_interfaces__rosidl_typesupport_cExport.cmake
[1.893s] -- Up-to-date: /home/abdy/ros2_ws/install/custom_interfaces/share/custom_interfaces/cmake/custom_interfaces__rosidl_typesupport_cExport-noconfig.cmake
[1.894s] -- Up-to-date: /home/abdy/ros2_ws/install/custom_interfaces/share/custom_interfaces/cmake/custom_interfaces__rosidl_typesupport_introspection_cppExport.cmake
[1.894s] -- Up-to-date: /home/abdy/ros2_ws/install/custom_interfaces/share/custom_interfaces/cmake/custom_interfaces__rosidl_typesupport_introspection_cppExport-noconfig.cmake
[1.895s] -- Up-to-date: /home/abdy/ros2_ws/install/custom_interfaces/share/custom_interfaces/cmake/custom_interfaces__rosidl_typesupport_cppExport.cmake
[1.896s] -- Up-to-date: /home/abdy/ros2_ws/install/custom_interfaces/share/custom_interfaces/cmake/custom_interfaces__rosidl_typesupport_cppExport-noconfig.cmake
[1.897s] -- Up-to-date: /home/abdy/ros2_ws/install/custom_interfaces/share/custom_interfaces/cmake/export_custom_interfaces__rosidl_generator_pyExport.cmake
[1.897s] -- Up-to-date: /home/abdy/ros2_ws/install/custom_interfaces/share/custom_interfaces/cmake/export_custom_interfaces__rosidl_generator_pyExport-noconfig.cmake
[1.897s] -- Up-to-date: /home/abdy/ros2_ws/install/custom_interfaces/share/custom_interfaces/cmake/rosidl_cmake-extras.cmake
[1.897s] -- Up-to-date: /home/abdy/ros2_ws/install/custom_interfaces/share/custom_interfaces/cmake/ament_cmake_export_dependencies-extras.cmake
[1.898s] -- Up-to-date: /home/abdy/ros2_ws/install/custom_interfaces/share/custom_interfaces/cmake/ament_cmake_export_include_directories-extras.cmake
[1.898s] -- Up-to-date: /home/abdy/ros2_ws/install/custom_interfaces/share/custom_interfaces/cmake/ament_cmake_export_libraries-extras.cmake
[1.898s] -- Up-to-date: /home/abdy/ros2_ws/install/custom_interfaces/share/custom_interfaces/cmake/ament_cmake_export_targets-extras.cmake
[1.899s] -- Up-to-date: /home/abdy/ros2_ws/install/custom_interfaces/share/custom_interfaces/cmake/rosidl_cmake_export_typesupport_targets-extras.cmake
[1.899s] -- Up-to-date: /home/abdy/ros2_ws/install/custom_interfaces/share/custom_interfaces/cmake/rosidl_cmake_export_typesupport_libraries-extras.cmake
[1.899s] -- Up-to-date: /home/abdy/ros2_ws/install/custom_interfaces/share/custom_interfaces/cmake/custom_interfacesConfig.cmake
[1.899s] -- Up-to-date: /home/abdy/ros2_ws/install/custom_interfaces/share/custom_interfaces/cmake/custom_interfacesConfig-version.cmake
[1.900s] -- Up-to-date: /home/abdy/ros2_ws/install/custom_interfaces/share/custom_interfaces/package.xml
[1.904s] Invoked command in '/home/abdy/ros2_ws/build/custom_interfaces' returned '0': CMAKE_PREFIX_PATH=${CMAKE_PREFIX_PATH}:/home/abdy/ros2_ws/install/signal_processing:/home/abdy/ros2_ws/install/my_py_pkg:/home/abdy/ros2_ws/install/motor_control:/home/abdy/ros2_ws/install/mini_challenge:/home/abdy/ros2_ws/install/challenge_1:/home/abdy/ros2_ws/install/challenge2:/home/abdy/ros2_ws/install/challenge1:/home/abdy/ros2_ws/install/basic_comms:/opt/ros/humble /usr/bin/cmake --install /home/abdy/ros2_ws/build/custom_interfaces
