[0.519s] Invoking command in '/home/abdy/ros2_ws/src/my_py_pkg': PYTHONPATH=/home/abdy/ros2_ws/build/my_py_pkg/prefix_override:/usr/lib/python3/dist-packages/colcon_core/task/python/colcon_distutils_commands:/home/abdy/ros2_ws/install/my_py_pkg/lib/python3.10/site-packages:${PYTHONPATH} /usr/bin/python3 -W ignore:setup.py install is deprecated -W ignore:easy_install command is deprecated setup.py egg_info --egg-base ../../build/my_py_pkg build --build-base /home/abdy/ros2_ws/build/my_py_pkg/build install --record /home/abdy/ros2_ws/build/my_py_pkg/install.log --single-version-externally-managed install_data
[0.731s] running egg_info
[0.732s] writing ../../build/my_py_pkg/my_py_pkg.egg-info/PKG-INFO
[0.732s] writing dependency_links to ../../build/my_py_pkg/my_py_pkg.egg-info/dependency_links.txt
[0.732s] writing entry points to ../../build/my_py_pkg/my_py_pkg.egg-info/entry_points.txt
[0.733s] writing requirements to ../../build/my_py_pkg/my_py_pkg.egg-info/requires.txt
[0.733s] writing top-level names to ../../build/my_py_pkg/my_py_pkg.egg-info/top_level.txt
[0.735s] reading manifest file '../../build/my_py_pkg/my_py_pkg.egg-info/SOURCES.txt'
[0.735s] writing manifest file '../../build/my_py_pkg/my_py_pkg.egg-info/SOURCES.txt'
[0.735s] running build
[0.735s] running build_py
[0.735s] copying my_py_pkg/node_python_1.py -> /home/abdy/ros2_ws/build/my_py_pkg/build/lib/my_py_pkg
[0.736s] running install
[0.736s] running install_lib
[0.736s] copying /home/abdy/ros2_ws/build/my_py_pkg/build/lib/my_py_pkg/node_python_1.py -> /home/abdy/ros2_ws/install/my_py_pkg/lib/python3.10/site-packages/my_py_pkg
[0.737s] byte-compiling /home/abdy/ros2_ws/install/my_py_pkg/lib/python3.10/site-packages/my_py_pkg/node_python_1.py to node_python_1.cpython-310.pyc
[0.737s]   File "/home/abdy/ros2_ws/install/my_py_pkg/lib/python3.10/site-packages/my_py_pkg/node_python_1.py", line 3
[0.737s]     form rclpy.node import Node
[0.737s]          ^^^^^
[0.737s] SyntaxError: invalid syntax
[0.737s] 
[0.737s] running install_data
[0.738s] running install_egg_info
[0.739s] removing '/home/abdy/ros2_ws/install/my_py_pkg/lib/python3.10/site-packages/my_py_pkg-0.0.0-py3.10.egg-info' (and everything under it)
[0.739s] Copying ../../build/my_py_pkg/my_py_pkg.egg-info to /home/abdy/ros2_ws/install/my_py_pkg/lib/python3.10/site-packages/my_py_pkg-0.0.0-py3.10.egg-info
[0.739s] running install_scripts
[0.757s] writing list of installed files to '/home/abdy/ros2_ws/build/my_py_pkg/install.log'
[0.774s] Invoked command in '/home/abdy/ros2_ws/src/my_py_pkg' returned '0': PYTHONPATH=/home/abdy/ros2_ws/build/my_py_pkg/prefix_override:/usr/lib/python3/dist-packages/colcon_core/task/python/colcon_distutils_commands:/home/abdy/ros2_ws/install/my_py_pkg/lib/python3.10/site-packages:${PYTHONPATH} /usr/bin/python3 -W ignore:setup.py install is deprecated -W ignore:easy_install command is deprecated setup.py egg_info --egg-base ../../build/my_py_pkg build --build-base /home/abdy/ros2_ws/build/my_py_pkg/build install --record /home/abdy/ros2_ws/build/my_py_pkg/install.log --single-version-externally-managed install_data
