/home/abdy/ros2_ws/install/signal_processing/lib/python3.10/site-packages/signal_processing/a.py
/home/abdy/ros2_ws/install/signal_processing/lib/python3.10/site-packages/signal_processing/signal_generator.py
/home/abdy/ros2_ws/install/signal_processing/lib/python3.10/site-packages/signal_processing/PROCESS.py
/home/abdy/ros2_ws/install/signal_processing/lib/python3.10/site-packages/signal_processing/__init__.py
/home/abdy/ros2_ws/install/signal_processing/lib/python3.10/site-packages/signal_processing/process.py
/home/abdy/ros2_ws/install/signal_processing/lib/python3.10/site-packages/signal_processing/random_signal.py
/home/abdy/ros2_ws/install/signal_processing/lib/python3.10/site-packages/signal_processing/signal_generator_param.py
/home/abdy/ros2_ws/install/signal_processing/lib/python3.10/site-packages/signal_processing/__pycache__/a.cpython-310.pyc
/home/abdy/ros2_ws/install/signal_processing/lib/python3.10/site-packages/signal_processing/__pycache__/signal_generator.cpython-310.pyc
/home/abdy/ros2_ws/install/signal_processing/lib/python3.10/site-packages/signal_processing/__pycache__/PROCESS.cpython-310.pyc
/home/abdy/ros2_ws/install/signal_processing/lib/python3.10/site-packages/signal_processing/__pycache__/__init__.cpython-310.pyc
/home/abdy/ros2_ws/install/signal_processing/lib/python3.10/site-packages/signal_processing/__pycache__/process.cpython-310.pyc
/home/abdy/ros2_ws/install/signal_processing/lib/python3.10/site-packages/signal_processing/__pycache__/random_signal.cpython-310.pyc
/home/abdy/ros2_ws/install/signal_processing/lib/python3.10/site-packages/signal_processing/__pycache__/signal_generator_param.cpython-310.pyc
/home/abdy/ros2_ws/install/signal_processing/share/ament_index/resource_index/packages/signal_processing
/home/abdy/ros2_ws/install/signal_processing/share/signal_processing/package.xml
/home/abdy/ros2_ws/install/signal_processing/share/signal_processing/launch/signal_processing_launch.py
/home/abdy/ros2_ws/install/signal_processing/share/signal_processing/launch/mini_challenge1.xml
/home/abdy/ros2_ws/install/signal_processing/share/signal_processing/config/config.yaml
/home/abdy/ros2_ws/install/signal_processing/lib/python3.10/site-packages/signal_processing-0.0.0-py3.10.egg-info/requires.txt
/home/abdy/ros2_ws/install/signal_processing/lib/python3.10/site-packages/signal_processing-0.0.0-py3.10.egg-info/dependency_links.txt
/home/abdy/ros2_ws/install/signal_processing/lib/python3.10/site-packages/signal_processing-0.0.0-py3.10.egg-info/entry_points.txt
/home/abdy/ros2_ws/install/signal_processing/lib/python3.10/site-packages/signal_processing-0.0.0-py3.10.egg-info/zip-safe
/home/abdy/ros2_ws/install/signal_processing/lib/python3.10/site-packages/signal_processing-0.0.0-py3.10.egg-info/SOURCES.txt
/home/abdy/ros2_ws/install/signal_processing/lib/python3.10/site-packages/signal_processing-0.0.0-py3.10.egg-info/PKG-INFO
/home/abdy/ros2_ws/install/signal_processing/lib/python3.10/site-packages/signal_processing-0.0.0-py3.10.egg-info/top_level.txt
/home/abdy/ros2_ws/install/signal_processing/lib/signal_processing/PROCESS
/home/abdy/ros2_ws/install/signal_processing/lib/signal_processing/a
/home/abdy/ros2_ws/install/signal_processing/lib/signal_processing/process
/home/abdy/ros2_ws/install/signal_processing/lib/signal_processing/random_generator
/home/abdy/ros2_ws/install/signal_processing/lib/signal_processing/signal_generator
/home/abdy/ros2_ws/install/signal_processing/lib/signal_processing/signal_generator_param
