[0.355s] DEBUG:colcon:Command line arguments: ['/usr/bin/colcon', 'build']
[0.356s] DEBUG:colcon:Parsed command line arguments: Namespace(log_base=None, log_level=None, verb_name='build', build_base='build', install_base='install', merge_install=False, symlink_install=False, test_result_base=None, continue_on_error=False, executor='parallel', parallel_workers=6, event_handlers=None, ignore_user_meta=False, metas=['./colcon.meta'], base_paths=['.'], packages_ignore=None, packages_ignore_regex=None, paths=None, packages_up_to=None, packages_up_to_regex=None, packages_above=None, packages_above_and_dependencies=None, packages_above_depth=None, packages_select_by_dep=None, packages_skip_by_dep=None, packages_skip_up_to=None, packages_select_build_failed=False, packages_skip_build_finished=False, packages_select_test_failures=False, packages_skip_test_passed=False, packages_select=None, packages_skip=None, packages_select_regex=None, packages_skip_regex=None, packages_start=None, packages_end=None, allow_overriding=[], cmake_args=None, cmake_target=None, cmake_target_skip_unavailable=False, cmake_clean_cache=False, cmake_clean_first=False, cmake_force_configure=False, ament_cmake_args=None, catkin_cmake_args=None, catkin_skip_building_tests=False, verb_parser=<colcon_defaults.argument_parser.defaults.DefaultArgumentsDecorator object at 0x722d55f1bcd0>, verb_extension=<colcon_core.verb.build.BuildVerb object at 0x722d55f1b730>, main=<bound method BuildVerb.main of <colcon_core.verb.build.BuildVerb object at 0x722d55f1b730>>)
[0.873s] Level 1:colcon.colcon_core.package_discovery:discover_packages(colcon_meta) check parameters
[0.873s] Level 1:colcon.colcon_core.package_discovery:discover_packages(recursive) check parameters
[0.874s] Level 1:colcon.colcon_core.package_discovery:discover_packages(ignore) check parameters
[0.874s] Level 1:colcon.colcon_core.package_discovery:discover_packages(path) check parameters
[0.874s] Level 1:colcon.colcon_core.package_discovery:discover_packages(colcon_meta) discover
[0.874s] Level 1:colcon.colcon_core.package_discovery:discover_packages(recursive) discover
[0.874s] INFO:colcon.colcon_core.package_discovery:Crawling recursively for packages in '/home/abdy/ros2_ws'
[0.874s] Level 1:colcon.colcon_core.package_identification:_identify(.) by extensions ['ignore', 'ignore_ament_install']
[0.875s] Level 1:colcon.colcon_core.package_identification:_identify(.) by extension 'ignore'
[0.876s] Level 1:colcon.colcon_core.package_identification:_identify(.) by extension 'ignore_ament_install'
[0.876s] Level 1:colcon.colcon_core.package_identification:_identify(.) by extensions ['colcon_pkg']
[0.876s] Level 1:colcon.colcon_core.package_identification:_identify(.) by extension 'colcon_pkg'
[0.876s] Level 1:colcon.colcon_core.package_identification:_identify(.) by extensions ['colcon_meta']
[0.876s] Level 1:colcon.colcon_core.package_identification:_identify(.) by extension 'colcon_meta'
[0.876s] Level 1:colcon.colcon_core.package_identification:_identify(.) by extensions ['ros']
[0.876s] Level 1:colcon.colcon_core.package_identification:_identify(.) by extension 'ros'
[0.911s] Level 1:colcon.colcon_core.package_identification:_identify(.) by extensions ['cmake', 'python']
[0.912s] Level 1:colcon.colcon_core.package_identification:_identify(.) by extension 'cmake'
[0.912s] Level 1:colcon.colcon_core.package_identification:_identify(.) by extension 'python'
[0.912s] Level 1:colcon.colcon_core.package_identification:_identify(.) by extensions ['python_setup_py']
[0.912s] Level 1:colcon.colcon_core.package_identification:_identify(.) by extension 'python_setup_py'
[0.913s] Level 1:colcon.colcon_core.package_identification:_identify(build) by extensions ['ignore', 'ignore_ament_install']
[0.913s] Level 1:colcon.colcon_core.package_identification:_identify(build) by extension 'ignore'
[0.913s] Level 1:colcon.colcon_core.package_identification:_identify(build) ignored
[0.914s] Level 1:colcon.colcon_core.package_identification:_identify(install) by extensions ['ignore', 'ignore_ament_install']
[0.914s] Level 1:colcon.colcon_core.package_identification:_identify(install) by extension 'ignore'
[0.914s] Level 1:colcon.colcon_core.package_identification:_identify(install) ignored
[0.915s] Level 1:colcon.colcon_core.package_identification:_identify(log) by extensions ['ignore', 'ignore_ament_install']
[0.915s] Level 1:colcon.colcon_core.package_identification:_identify(log) by extension 'ignore'
[0.916s] Level 1:colcon.colcon_core.package_identification:_identify(log) ignored
[0.916s] Level 1:colcon.colcon_core.package_identification:_identify(src) by extensions ['ignore', 'ignore_ament_install']
[0.916s] Level 1:colcon.colcon_core.package_identification:_identify(src) by extension 'ignore'
[0.916s] Level 1:colcon.colcon_core.package_identification:_identify(src) by extension 'ignore_ament_install'
[0.916s] Level 1:colcon.colcon_core.package_identification:_identify(src) by extensions ['colcon_pkg']
[0.916s] Level 1:colcon.colcon_core.package_identification:_identify(src) by extension 'colcon_pkg'
[0.917s] Level 1:colcon.colcon_core.package_identification:_identify(src) by extensions ['colcon_meta']
[0.917s] Level 1:colcon.colcon_core.package_identification:_identify(src) by extension 'colcon_meta'
[0.917s] Level 1:colcon.colcon_core.package_identification:_identify(src) by extensions ['ros']
[0.917s] Level 1:colcon.colcon_core.package_identification:_identify(src) by extension 'ros'
[0.917s] Level 1:colcon.colcon_core.package_identification:_identify(src) by extensions ['cmake', 'python']
[0.917s] Level 1:colcon.colcon_core.package_identification:_identify(src) by extension 'cmake'
[0.917s] Level 1:colcon.colcon_core.package_identification:_identify(src) by extension 'python'
[0.917s] Level 1:colcon.colcon_core.package_identification:_identify(src) by extensions ['python_setup_py']
[0.918s] Level 1:colcon.colcon_core.package_identification:_identify(src) by extension 'python_setup_py'
[0.918s] Level 1:colcon.colcon_core.package_identification:_identify(src/basic_comms) by extensions ['ignore', 'ignore_ament_install']
[0.918s] Level 1:colcon.colcon_core.package_identification:_identify(src/basic_comms) by extension 'ignore'
[0.918s] Level 1:colcon.colcon_core.package_identification:_identify(src/basic_comms) by extension 'ignore_ament_install'
[0.919s] Level 1:colcon.colcon_core.package_identification:_identify(src/basic_comms) by extensions ['colcon_pkg']
[0.919s] Level 1:colcon.colcon_core.package_identification:_identify(src/basic_comms) by extension 'colcon_pkg'
[0.919s] Level 1:colcon.colcon_core.package_identification:_identify(src/basic_comms) by extensions ['colcon_meta']
[0.919s] Level 1:colcon.colcon_core.package_identification:_identify(src/basic_comms) by extension 'colcon_meta'
[0.919s] Level 1:colcon.colcon_core.package_identification:_identify(src/basic_comms) by extensions ['ros']
[0.919s] Level 1:colcon.colcon_core.package_identification:_identify(src/basic_comms) by extension 'ros'
[0.926s] DEBUG:colcon.colcon_core.package_identification:Package 'src/basic_comms' with type 'ros.ament_python' and name 'basic_comms'
[0.927s] Level 1:colcon.colcon_core.package_identification:_identify(src/my_interfaces) by extensions ['ignore', 'ignore_ament_install']
[0.927s] Level 1:colcon.colcon_core.package_identification:_identify(src/my_interfaces) by extension 'ignore'
[0.927s] Level 1:colcon.colcon_core.package_identification:_identify(src/my_interfaces) by extension 'ignore_ament_install'
[0.928s] Level 1:colcon.colcon_core.package_identification:_identify(src/my_interfaces) by extensions ['colcon_pkg']
[0.928s] Level 1:colcon.colcon_core.package_identification:_identify(src/my_interfaces) by extension 'colcon_pkg'
[0.928s] Level 1:colcon.colcon_core.package_identification:_identify(src/my_interfaces) by extensions ['colcon_meta']
[0.928s] Level 1:colcon.colcon_core.package_identification:_identify(src/my_interfaces) by extension 'colcon_meta'
[0.928s] Level 1:colcon.colcon_core.package_identification:_identify(src/my_interfaces) by extensions ['ros']
[0.928s] Level 1:colcon.colcon_core.package_identification:_identify(src/my_interfaces) by extension 'ros'
[0.930s] DEBUG:colcon.colcon_core.package_identification:Package 'src/my_interfaces' with type 'ros.ament_cmake' and name 'my_interfaces'
[0.931s] Level 1:colcon.colcon_core.package_identification:_identify(src/my_py_pkg) by extensions ['ignore', 'ignore_ament_install']
[0.931s] Level 1:colcon.colcon_core.package_identification:_identify(src/my_py_pkg) by extension 'ignore'
[0.931s] Level 1:colcon.colcon_core.package_identification:_identify(src/my_py_pkg) by extension 'ignore_ament_install'
[0.931s] Level 1:colcon.colcon_core.package_identification:_identify(src/my_py_pkg) by extensions ['colcon_pkg']
[0.931s] Level 1:colcon.colcon_core.package_identification:_identify(src/my_py_pkg) by extension 'colcon_pkg'
[0.931s] Level 1:colcon.colcon_core.package_identification:_identify(src/my_py_pkg) by extensions ['colcon_meta']
[0.932s] Level 1:colcon.colcon_core.package_identification:_identify(src/my_py_pkg) by extension 'colcon_meta'
[0.932s] Level 1:colcon.colcon_core.package_identification:_identify(src/my_py_pkg) by extensions ['ros']
[0.932s] Level 1:colcon.colcon_core.package_identification:_identify(src/my_py_pkg) by extension 'ros'
[0.934s] DEBUG:colcon.colcon_core.package_identification:Package 'src/my_py_pkg' with type 'ros.ament_python' and name 'my_py_pkg'
[0.935s] Level 1:colcon.colcon_core.package_identification:_identify(src/signal_processing) by extensions ['ignore', 'ignore_ament_install']
[0.935s] Level 1:colcon.colcon_core.package_identification:_identify(src/signal_processing) by extension 'ignore'
[0.935s] Level 1:colcon.colcon_core.package_identification:_identify(src/signal_processing) by extension 'ignore_ament_install'
[0.935s] Level 1:colcon.colcon_core.package_identification:_identify(src/signal_processing) by extensions ['colcon_pkg']
[0.936s] Level 1:colcon.colcon_core.package_identification:_identify(src/signal_processing) by extension 'colcon_pkg'
[0.936s] Level 1:colcon.colcon_core.package_identification:_identify(src/signal_processing) by extensions ['colcon_meta']
[0.936s] Level 1:colcon.colcon_core.package_identification:_identify(src/signal_processing) by extension 'colcon_meta'
[0.936s] Level 1:colcon.colcon_core.package_identification:_identify(src/signal_processing) by extensions ['ros']
[0.936s] Level 1:colcon.colcon_core.package_identification:_identify(src/signal_processing) by extension 'ros'
[0.938s] DEBUG:colcon.colcon_core.package_identification:Package 'src/signal_processing' with type 'ros.ament_python' and name 'signal_processing'
[0.938s] Level 1:colcon.colcon_core.package_discovery:discover_packages(recursive) using defaults
[0.938s] Level 1:colcon.colcon_core.package_discovery:discover_packages(ignore) discover
[0.939s] Level 1:colcon.colcon_core.package_discovery:discover_packages(ignore) using defaults
[0.939s] Level 1:colcon.colcon_core.package_discovery:discover_packages(path) discover
[0.939s] Level 1:colcon.colcon_core.package_discovery:discover_packages(path) using defaults
[1.005s] Level 1:colcon.colcon_core.package_discovery:discover_packages(prefix_path) check parameters
[1.005s] Level 1:colcon.colcon_core.package_discovery:discover_packages(prefix_path) discover
[1.012s] DEBUG:colcon.colcon_installed_package_information.package_discovery:Found 4 installed packages in /home/abdy/ros2_ws/install
[1.016s] DEBUG:colcon.colcon_installed_package_information.package_discovery:Found 271 installed packages in /opt/ros/humble
[1.024s] Level 1:colcon.colcon_core.package_discovery:discover_packages(prefix_path) using defaults
[1.168s] Level 5:colcon.colcon_core.verb:set package 'basic_comms' build argument 'cmake_args' from command line to 'None'
[1.168s] Level 5:colcon.colcon_core.verb:set package 'basic_comms' build argument 'cmake_target' from command line to 'None'
[1.168s] Level 5:colcon.colcon_core.verb:set package 'basic_comms' build argument 'cmake_target_skip_unavailable' from command line to 'False'
[1.168s] Level 5:colcon.colcon_core.verb:set package 'basic_comms' build argument 'cmake_clean_cache' from command line to 'False'
[1.168s] Level 5:colcon.colcon_core.verb:set package 'basic_comms' build argument 'cmake_clean_first' from command line to 'False'
[1.168s] Level 5:colcon.colcon_core.verb:set package 'basic_comms' build argument 'cmake_force_configure' from command line to 'False'
[1.168s] Level 5:colcon.colcon_core.verb:set package 'basic_comms' build argument 'ament_cmake_args' from command line to 'None'
[1.169s] Level 5:colcon.colcon_core.verb:set package 'basic_comms' build argument 'catkin_cmake_args' from command line to 'None'
[1.169s] Level 5:colcon.colcon_core.verb:set package 'basic_comms' build argument 'catkin_skip_building_tests' from command line to 'False'
[1.169s] DEBUG:colcon.colcon_core.verb:Building package 'basic_comms' with the following arguments: {'ament_cmake_args': None, 'build_base': '/home/abdy/ros2_ws/build/basic_comms', 'catkin_cmake_args': None, 'catkin_skip_building_tests': False, 'cmake_args': None, 'cmake_clean_cache': False, 'cmake_clean_first': False, 'cmake_force_configure': False, 'cmake_target': None, 'cmake_target_skip_unavailable': False, 'install_base': '/home/abdy/ros2_ws/install/basic_comms', 'merge_install': False, 'path': '/home/abdy/ros2_ws/src/basic_comms', 'symlink_install': False, 'test_result_base': None}
[1.170s] Level 5:colcon.colcon_core.verb:set package 'my_interfaces' build argument 'cmake_args' from command line to 'None'
[1.170s] Level 5:colcon.colcon_core.verb:set package 'my_interfaces' build argument 'cmake_target' from command line to 'None'
[1.170s] Level 5:colcon.colcon_core.verb:set package 'my_interfaces' build argument 'cmake_target_skip_unavailable' from command line to 'False'
[1.170s] Level 5:colcon.colcon_core.verb:set package 'my_interfaces' build argument 'cmake_clean_cache' from command line to 'False'
[1.170s] Level 5:colcon.colcon_core.verb:set package 'my_interfaces' build argument 'cmake_clean_first' from command line to 'False'
[1.170s] Level 5:colcon.colcon_core.verb:set package 'my_interfaces' build argument 'cmake_force_configure' from command line to 'False'
[1.171s] Level 5:colcon.colcon_core.verb:set package 'my_interfaces' build argument 'ament_cmake_args' from command line to 'None'
[1.171s] Level 5:colcon.colcon_core.verb:set package 'my_interfaces' build argument 'catkin_cmake_args' from command line to 'None'
[1.171s] Level 5:colcon.colcon_core.verb:set package 'my_interfaces' build argument 'catkin_skip_building_tests' from command line to 'False'
[1.171s] DEBUG:colcon.colcon_core.verb:Building package 'my_interfaces' with the following arguments: {'ament_cmake_args': None, 'build_base': '/home/abdy/ros2_ws/build/my_interfaces', 'catkin_cmake_args': None, 'catkin_skip_building_tests': False, 'cmake_args': None, 'cmake_clean_cache': False, 'cmake_clean_first': False, 'cmake_force_configure': False, 'cmake_target': None, 'cmake_target_skip_unavailable': False, 'install_base': '/home/abdy/ros2_ws/install/my_interfaces', 'merge_install': False, 'path': '/home/abdy/ros2_ws/src/my_interfaces', 'symlink_install': False, 'test_result_base': None}
[1.172s] Level 5:colcon.colcon_core.verb:set package 'my_py_pkg' build argument 'cmake_args' from command line to 'None'
[1.172s] Level 5:colcon.colcon_core.verb:set package 'my_py_pkg' build argument 'cmake_target' from command line to 'None'
[1.172s] Level 5:colcon.colcon_core.verb:set package 'my_py_pkg' build argument 'cmake_target_skip_unavailable' from command line to 'False'
[1.172s] Level 5:colcon.colcon_core.verb:set package 'my_py_pkg' build argument 'cmake_clean_cache' from command line to 'False'
[1.172s] Level 5:colcon.colcon_core.verb:set package 'my_py_pkg' build argument 'cmake_clean_first' from command line to 'False'
[1.172s] Level 5:colcon.colcon_core.verb:set package 'my_py_pkg' build argument 'cmake_force_configure' from command line to 'False'
[1.172s] Level 5:colcon.colcon_core.verb:set package 'my_py_pkg' build argument 'ament_cmake_args' from command line to 'None'
[1.173s] Level 5:colcon.colcon_core.verb:set package 'my_py_pkg' build argument 'catkin_cmake_args' from command line to 'None'
[1.173s] Level 5:colcon.colcon_core.verb:set package 'my_py_pkg' build argument 'catkin_skip_building_tests' from command line to 'False'
[1.173s] DEBUG:colcon.colcon_core.verb:Building package 'my_py_pkg' with the following arguments: {'ament_cmake_args': None, 'build_base': '/home/abdy/ros2_ws/build/my_py_pkg', 'catkin_cmake_args': None, 'catkin_skip_building_tests': False, 'cmake_args': None, 'cmake_clean_cache': False, 'cmake_clean_first': False, 'cmake_force_configure': False, 'cmake_target': None, 'cmake_target_skip_unavailable': False, 'install_base': '/home/abdy/ros2_ws/install/my_py_pkg', 'merge_install': False, 'path': '/home/abdy/ros2_ws/src/my_py_pkg', 'symlink_install': False, 'test_result_base': None}
[1.174s] Level 5:colcon.colcon_core.verb:set package 'signal_processing' build argument 'cmake_args' from command line to 'None'
[1.174s] Level 5:colcon.colcon_core.verb:set package 'signal_processing' build argument 'cmake_target' from command line to 'None'
[1.174s] Level 5:colcon.colcon_core.verb:set package 'signal_processing' build argument 'cmake_target_skip_unavailable' from command line to 'False'
[1.174s] Level 5:colcon.colcon_core.verb:set package 'signal_processing' build argument 'cmake_clean_cache' from command line to 'False'
[1.175s] Level 5:colcon.colcon_core.verb:set package 'signal_processing' build argument 'cmake_clean_first' from command line to 'False'
[1.175s] Level 5:colcon.colcon_core.verb:set package 'signal_processing' build argument 'cmake_force_configure' from command line to 'False'
[1.175s] Level 5:colcon.colcon_core.verb:set package 'signal_processing' build argument 'ament_cmake_args' from command line to 'None'
[1.175s] Level 5:colcon.colcon_core.verb:set package 'signal_processing' build argument 'catkin_cmake_args' from command line to 'None'
[1.175s] Level 5:colcon.colcon_core.verb:set package 'signal_processing' build argument 'catkin_skip_building_tests' from command line to 'False'
[1.175s] DEBUG:colcon.colcon_core.verb:Building package 'signal_processing' with the following arguments: {'ament_cmake_args': None, 'build_base': '/home/abdy/ros2_ws/build/signal_processing', 'catkin_cmake_args': None, 'catkin_skip_building_tests': False, 'cmake_args': None, 'cmake_clean_cache': False, 'cmake_clean_first': False, 'cmake_force_configure': False, 'cmake_target': None, 'cmake_target_skip_unavailable': False, 'install_base': '/home/abdy/ros2_ws/install/signal_processing', 'merge_install': False, 'path': '/home/abdy/ros2_ws/src/signal_processing', 'symlink_install': False, 'test_result_base': None}
[1.176s] INFO:colcon.colcon_core.executor:Executing jobs using 'parallel' executor
[1.179s] DEBUG:colcon.colcon_parallel_executor.executor.parallel:run_until_complete
[1.180s] INFO:colcon.colcon_ros.task.ament_python.build:Building ROS package in '/home/abdy/ros2_ws/src/basic_comms' with build type 'ament_python'
[1.181s] Level 1:colcon.colcon_core.shell:create_environment_hook('basic_comms', 'ament_prefix_path')
[1.190s] INFO:colcon.colcon_core.plugin_system:Skipping extension 'colcon_core.shell.bat': Not used on non-Windows systems
[1.191s] INFO:colcon.colcon_core.shell:Creating environment hook '/home/abdy/ros2_ws/install/basic_comms/share/basic_comms/hook/ament_prefix_path.ps1'
[1.194s] INFO:colcon.colcon_core.shell:Creating environment descriptor '/home/abdy/ros2_ws/install/basic_comms/share/basic_comms/hook/ament_prefix_path.dsv'
[1.196s] INFO:colcon.colcon_core.shell:Creating environment hook '/home/abdy/ros2_ws/install/basic_comms/share/basic_comms/hook/ament_prefix_path.sh'
[1.200s] INFO:colcon.colcon_core.shell:Skip shell extension 'powershell' for command environment: Not usable outside of PowerShell
[1.200s] DEBUG:colcon.colcon_core.shell:Skip shell extension 'dsv' for command environment
[1.212s] INFO:colcon.colcon_ros.task.ament_cmake.build:Building ROS package in '/home/abdy/ros2_ws/src/my_interfaces' with build type 'ament_cmake'
[1.213s] INFO:colcon.colcon_cmake.task.cmake.build:Building CMake package in '/home/abdy/ros2_ws/src/my_interfaces'
[1.214s] INFO:colcon.colcon_core.shell:Skip shell extension 'powershell' for command environment: Not usable outside of PowerShell
[1.214s] DEBUG:colcon.colcon_core.shell:Skip shell extension 'dsv' for command environment
[1.227s] INFO:colcon.colcon_ros.task.ament_python.build:Building ROS package in '/home/abdy/ros2_ws/src/my_py_pkg' with build type 'ament_python'
[1.228s] Level 1:colcon.colcon_core.shell:create_environment_hook('my_py_pkg', 'ament_prefix_path')
[1.228s] INFO:colcon.colcon_core.shell:Creating environment hook '/home/abdy/ros2_ws/install/my_py_pkg/share/my_py_pkg/hook/ament_prefix_path.ps1'
[1.231s] INFO:colcon.colcon_core.shell:Creating environment descriptor '/home/abdy/ros2_ws/install/my_py_pkg/share/my_py_pkg/hook/ament_prefix_path.dsv'
[1.233s] INFO:colcon.colcon_core.shell:Creating environment hook '/home/abdy/ros2_ws/install/my_py_pkg/share/my_py_pkg/hook/ament_prefix_path.sh'
[1.235s] INFO:colcon.colcon_core.shell:Skip shell extension 'powershell' for command environment: Not usable outside of PowerShell
[1.236s] DEBUG:colcon.colcon_core.shell:Skip shell extension 'dsv' for command environment
[1.247s] INFO:colcon.colcon_ros.task.ament_python.build:Building ROS package in '/home/abdy/ros2_ws/src/signal_processing' with build type 'ament_python'
[1.248s] Level 1:colcon.colcon_core.shell:create_environment_hook('signal_processing', 'ament_prefix_path')
[1.249s] INFO:colcon.colcon_core.shell:Creating environment hook '/home/abdy/ros2_ws/install/signal_processing/share/signal_processing/hook/ament_prefix_path.ps1'
[1.251s] INFO:colcon.colcon_core.shell:Creating environment descriptor '/home/abdy/ros2_ws/install/signal_processing/share/signal_processing/hook/ament_prefix_path.dsv'
[1.253s] INFO:colcon.colcon_core.shell:Creating environment hook '/home/abdy/ros2_ws/install/signal_processing/share/signal_processing/hook/ament_prefix_path.sh'
[1.256s] INFO:colcon.colcon_core.shell:Skip shell extension 'powershell' for command environment: Not usable outside of PowerShell
[1.256s] DEBUG:colcon.colcon_core.shell:Skip shell extension 'dsv' for command environment
[2.114s] INFO:colcon.colcon_core.task.python.build:Building Python package in '/home/abdy/ros2_ws/src/basic_comms'
[2.115s] INFO:colcon.colcon_core.shell:Skip shell extension 'powershell' for command environment: Not usable outside of PowerShell
[2.115s] DEBUG:colcon.colcon_core.shell:Skip shell extension 'dsv' for command environment
[2.150s] DEBUG:colcon.colcon_core.event_handler.log_command:Invoking command in '/home/abdy/ros2_ws/build/my_interfaces': CMAKE_PREFIX_PATH=${CMAKE_PREFIX_PATH}:/home/abdy/ros2_ws/install/signal_processing:/home/abdy/ros2_ws/install/my_py_pkg:/home/abdy/ros2_ws/install/basic_comms:/opt/ros/humble /usr/bin/cmake --build /home/abdy/ros2_ws/build/my_interfaces -- -j6 -l6
[3.065s] INFO:colcon.colcon_core.task.python.build:Building Python package in '/home/abdy/ros2_ws/src/my_py_pkg'
[3.066s] INFO:colcon.colcon_core.shell:Skip shell extension 'powershell' for command environment: Not usable outside of PowerShell
[3.066s] DEBUG:colcon.colcon_core.shell:Skip shell extension 'dsv' for command environment
[4.129s] INFO:colcon.colcon_core.task.python.build:Building Python package in '/home/abdy/ros2_ws/src/signal_processing'
[4.130s] INFO:colcon.colcon_core.shell:Skip shell extension 'powershell' for command environment: Not usable outside of PowerShell
[4.130s] DEBUG:colcon.colcon_core.shell:Skip shell extension 'dsv' for command environment
[4.166s] DEBUG:colcon.colcon_core.event_handler.log_command:Invoked command in '/home/abdy/ros2_ws/build/my_interfaces' returned '0': CMAKE_PREFIX_PATH=${CMAKE_PREFIX_PATH}:/home/abdy/ros2_ws/install/signal_processing:/home/abdy/ros2_ws/install/my_py_pkg:/home/abdy/ros2_ws/install/basic_comms:/opt/ros/humble /usr/bin/cmake --build /home/abdy/ros2_ws/build/my_interfaces -- -j6 -l6
[4.212s] DEBUG:colcon.colcon_core.event_handler.log_command:Invoking command in '/home/abdy/ros2_ws/build/my_interfaces': CMAKE_PREFIX_PATH=${CMAKE_PREFIX_PATH}:/home/abdy/ros2_ws/install/signal_processing:/home/abdy/ros2_ws/install/my_py_pkg:/home/abdy/ros2_ws/install/basic_comms:/opt/ros/humble /usr/bin/cmake --install /home/abdy/ros2_ws/build/my_interfaces
[4.448s] Level 1:colcon.colcon_core.environment:create_environment_scripts_only(my_interfaces)
[4.452s] DEBUG:colcon.colcon_core.event_handler.log_command:Invoked command in '/home/abdy/ros2_ws/build/my_interfaces' returned '0': CMAKE_PREFIX_PATH=${CMAKE_PREFIX_PATH}:/home/abdy/ros2_ws/install/signal_processing:/home/abdy/ros2_ws/install/my_py_pkg:/home/abdy/ros2_ws/install/basic_comms:/opt/ros/humble /usr/bin/cmake --install /home/abdy/ros2_ws/build/my_interfaces
[4.458s] Level 1:colcon.colcon_core.environment:checking '/home/abdy/ros2_ws/install/my_interfaces' for CMake module files
[4.460s] Level 1:colcon.colcon_core.environment:checking '/home/abdy/ros2_ws/install/my_interfaces' for CMake config files
[4.462s] Level 1:colcon.colcon_core.shell:create_environment_hook('my_interfaces', 'cmake_prefix_path')
[4.463s] INFO:colcon.colcon_core.shell:Creating environment hook '/home/abdy/ros2_ws/install/my_interfaces/share/my_interfaces/hook/cmake_prefix_path.ps1'
[4.465s] INFO:colcon.colcon_core.shell:Creating environment descriptor '/home/abdy/ros2_ws/install/my_interfaces/share/my_interfaces/hook/cmake_prefix_path.dsv'
[4.470s] INFO:colcon.colcon_core.shell:Creating environment hook '/home/abdy/ros2_ws/install/my_interfaces/share/my_interfaces/hook/cmake_prefix_path.sh'
[4.476s] Level 1:colcon.colcon_core.environment:checking '/home/abdy/ros2_ws/install/my_interfaces/lib'
[4.477s] Level 1:colcon.colcon_core.shell:create_environment_hook('my_interfaces', 'ld_library_path_lib')
[4.478s] INFO:colcon.colcon_core.shell:Creating environment hook '/home/abdy/ros2_ws/install/my_interfaces/share/my_interfaces/hook/ld_library_path_lib.ps1'
[4.480s] INFO:colcon.colcon_core.shell:Creating environment descriptor '/home/abdy/ros2_ws/install/my_interfaces/share/my_interfaces/hook/ld_library_path_lib.dsv'
[4.482s] INFO:colcon.colcon_core.shell:Creating environment hook '/home/abdy/ros2_ws/install/my_interfaces/share/my_interfaces/hook/ld_library_path_lib.sh'
[4.484s] Level 1:colcon.colcon_core.environment:checking '/home/abdy/ros2_ws/install/my_interfaces/bin'
[4.485s] Level 1:colcon.colcon_core.environment:checking '/home/abdy/ros2_ws/install/my_interfaces/lib/pkgconfig/my_interfaces.pc'
[4.486s] Level 1:colcon.colcon_core.environment:checking '/home/abdy/ros2_ws/install/my_interfaces/lib/python3.10/site-packages'
[4.487s] Level 1:colcon.colcon_core.environment:checking '/home/abdy/ros2_ws/install/my_interfaces/bin'
[4.489s] INFO:colcon.colcon_core.shell:Creating package script '/home/abdy/ros2_ws/install/my_interfaces/share/my_interfaces/package.ps1'
[4.493s] INFO:colcon.colcon_core.shell:Creating package descriptor '/home/abdy/ros2_ws/install/my_interfaces/share/my_interfaces/package.dsv'
[4.495s] INFO:colcon.colcon_core.shell:Creating package script '/home/abdy/ros2_ws/install/my_interfaces/share/my_interfaces/package.sh'
[4.499s] INFO:colcon.colcon_core.shell:Creating package script '/home/abdy/ros2_ws/install/my_interfaces/share/my_interfaces/package.bash'
[4.502s] INFO:colcon.colcon_core.shell:Creating package script '/home/abdy/ros2_ws/install/my_interfaces/share/my_interfaces/package.zsh'
[4.505s] Level 1:colcon.colcon_core.environment:create_file_with_runtime_dependencies(/home/abdy/ros2_ws/install/my_interfaces/share/colcon-core/packages/my_interfaces)
[4.509s] Level 1:colcon.colcon_core.environment:create_environment_scripts_only(my_interfaces)
[4.510s] Level 1:colcon.colcon_core.environment:checking '/home/abdy/ros2_ws/install/my_interfaces' for CMake module files
[4.513s] Level 1:colcon.colcon_core.environment:checking '/home/abdy/ros2_ws/install/my_interfaces' for CMake config files
[4.515s] Level 1:colcon.colcon_core.shell:create_environment_hook('my_interfaces', 'cmake_prefix_path')
[4.516s] INFO:colcon.colcon_core.shell:Creating environment hook '/home/abdy/ros2_ws/install/my_interfaces/share/my_interfaces/hook/cmake_prefix_path.ps1'
[4.518s] INFO:colcon.colcon_core.shell:Creating environment descriptor '/home/abdy/ros2_ws/install/my_interfaces/share/my_interfaces/hook/cmake_prefix_path.dsv'
[4.520s] INFO:colcon.colcon_core.shell:Creating environment hook '/home/abdy/ros2_ws/install/my_interfaces/share/my_interfaces/hook/cmake_prefix_path.sh'
[4.522s] Level 1:colcon.colcon_core.environment:checking '/home/abdy/ros2_ws/install/my_interfaces/lib'
[4.523s] Level 1:colcon.colcon_core.shell:create_environment_hook('my_interfaces', 'ld_library_path_lib')
[4.524s] INFO:colcon.colcon_core.shell:Creating environment hook '/home/abdy/ros2_ws/install/my_interfaces/share/my_interfaces/hook/ld_library_path_lib.ps1'
[4.526s] INFO:colcon.colcon_core.shell:Creating environment descriptor '/home/abdy/ros2_ws/install/my_interfaces/share/my_interfaces/hook/ld_library_path_lib.dsv'
[4.527s] INFO:colcon.colcon_core.shell:Creating environment hook '/home/abdy/ros2_ws/install/my_interfaces/share/my_interfaces/hook/ld_library_path_lib.sh'
[4.529s] Level 1:colcon.colcon_core.environment:checking '/home/abdy/ros2_ws/install/my_interfaces/bin'
[4.529s] Level 1:colcon.colcon_core.environment:checking '/home/abdy/ros2_ws/install/my_interfaces/lib/pkgconfig/my_interfaces.pc'
[4.530s] Level 1:colcon.colcon_core.environment:checking '/home/abdy/ros2_ws/install/my_interfaces/lib/python3.10/site-packages'
[4.531s] Level 1:colcon.colcon_core.environment:checking '/home/abdy/ros2_ws/install/my_interfaces/bin'
[4.532s] INFO:colcon.colcon_core.shell:Creating package script '/home/abdy/ros2_ws/install/my_interfaces/share/my_interfaces/package.ps1'
[4.534s] INFO:colcon.colcon_core.shell:Creating package descriptor '/home/abdy/ros2_ws/install/my_interfaces/share/my_interfaces/package.dsv'
[4.536s] INFO:colcon.colcon_core.shell:Creating package script '/home/abdy/ros2_ws/install/my_interfaces/share/my_interfaces/package.sh'
[4.539s] INFO:colcon.colcon_core.shell:Creating package script '/home/abdy/ros2_ws/install/my_interfaces/share/my_interfaces/package.bash'
[4.541s] INFO:colcon.colcon_core.shell:Creating package script '/home/abdy/ros2_ws/install/my_interfaces/share/my_interfaces/package.zsh'
[4.543s] Level 1:colcon.colcon_core.environment:create_file_with_runtime_dependencies(/home/abdy/ros2_ws/install/my_interfaces/share/colcon-core/packages/my_interfaces)
[5.444s] DEBUG:colcon.colcon_core.event_handler.log_command:Invoking command in '/home/abdy/ros2_ws/src/my_py_pkg': PYTHONPATH=/home/abdy/ros2_ws/build/my_py_pkg/prefix_override:/usr/lib/python3/dist-packages/colcon_core/task/python/colcon_distutils_commands:/home/abdy/ros2_ws/install/my_py_pkg/lib/python3.10/site-packages:${PYTHONPATH} /usr/bin/python3 -W ignore:setup.py install is deprecated -W ignore:easy_install command is deprecated setup.py egg_info --egg-base ../../build/my_py_pkg build --build-base /home/abdy/ros2_ws/build/my_py_pkg/build install --record /home/abdy/ros2_ws/build/my_py_pkg/install.log --single-version-externally-managed install_data
[5.657s] DEBUG:colcon.colcon_core.event_handler.log_command:Invoking command in '/home/abdy/ros2_ws/src/signal_processing': PYTHONPATH=/home/abdy/ros2_ws/build/signal_processing/prefix_override:/usr/lib/python3/dist-packages/colcon_core/task/python/colcon_distutils_commands:/home/abdy/ros2_ws/install/signal_processing/lib/python3.10/site-packages:${PYTHONPATH} /usr/bin/python3 -W ignore:setup.py install is deprecated -W ignore:easy_install command is deprecated setup.py egg_info --egg-base ../../build/signal_processing build --build-base /home/abdy/ros2_ws/build/signal_processing/build install --record /home/abdy/ros2_ws/build/signal_processing/install.log --single-version-externally-managed install_data
[5.714s] DEBUG:colcon.colcon_core.event_handler.log_command:Invoking command in '/home/abdy/ros2_ws/src/basic_comms': PYTHONPATH=/home/abdy/ros2_ws/build/basic_comms/prefix_override:/usr/lib/python3/dist-packages/colcon_core/task/python/colcon_distutils_commands:/home/abdy/ros2_ws/install/basic_comms/lib/python3.10/site-packages:${PYTHONPATH} /usr/bin/python3 -W ignore:setup.py install is deprecated -W ignore:easy_install command is deprecated setup.py egg_info --egg-base ../../build/basic_comms build --build-base /home/abdy/ros2_ws/build/basic_comms/build install --record /home/abdy/ros2_ws/build/basic_comms/install.log --single-version-externally-managed install_data
[6.621s] Level 1:colcon.colcon_core.environment:checking '/home/abdy/ros2_ws/install/my_py_pkg' for CMake module files
[6.625s] DEBUG:colcon.colcon_core.event_handler.log_command:Invoked command in '/home/abdy/ros2_ws/src/my_py_pkg' returned '0': PYTHONPATH=/home/abdy/ros2_ws/build/my_py_pkg/prefix_override:/usr/lib/python3/dist-packages/colcon_core/task/python/colcon_distutils_commands:/home/abdy/ros2_ws/install/my_py_pkg/lib/python3.10/site-packages:${PYTHONPATH} /usr/bin/python3 -W ignore:setup.py install is deprecated -W ignore:easy_install command is deprecated setup.py egg_info --egg-base ../../build/my_py_pkg build --build-base /home/abdy/ros2_ws/build/my_py_pkg/build install --record /home/abdy/ros2_ws/build/my_py_pkg/install.log --single-version-externally-managed install_data
[6.627s] Level 1:colcon.colcon_core.environment:checking '/home/abdy/ros2_ws/install/my_py_pkg' for CMake config files
[6.632s] Level 1:colcon.colcon_core.environment:checking '/home/abdy/ros2_ws/install/my_py_pkg/lib'
[6.632s] Level 1:colcon.colcon_core.environment:checking '/home/abdy/ros2_ws/install/my_py_pkg/bin'
[6.632s] Level 1:colcon.colcon_core.environment:checking '/home/abdy/ros2_ws/install/my_py_pkg/lib/pkgconfig/my_py_pkg.pc'
[6.633s] Level 1:colcon.colcon_core.environment:checking '/home/abdy/ros2_ws/install/my_py_pkg/lib/python3.10/site-packages'
[6.633s] Level 1:colcon.colcon_core.shell:create_environment_hook('my_py_pkg', 'pythonpath')
[6.634s] INFO:colcon.colcon_core.shell:Creating environment hook '/home/abdy/ros2_ws/install/my_py_pkg/share/my_py_pkg/hook/pythonpath.ps1'
[6.639s] INFO:colcon.colcon_core.shell:Creating environment descriptor '/home/abdy/ros2_ws/install/my_py_pkg/share/my_py_pkg/hook/pythonpath.dsv'
[6.642s] INFO:colcon.colcon_core.shell:Creating environment hook '/home/abdy/ros2_ws/install/my_py_pkg/share/my_py_pkg/hook/pythonpath.sh'
[6.645s] Level 1:colcon.colcon_core.environment:checking '/home/abdy/ros2_ws/install/my_py_pkg/bin'
[6.645s] Level 1:colcon.colcon_core.environment:create_environment_scripts_only(my_py_pkg)
[6.646s] INFO:colcon.colcon_core.shell:Creating package script '/home/abdy/ros2_ws/install/my_py_pkg/share/my_py_pkg/package.ps1'
[6.649s] INFO:colcon.colcon_core.shell:Creating package descriptor '/home/abdy/ros2_ws/install/my_py_pkg/share/my_py_pkg/package.dsv'
[6.652s] INFO:colcon.colcon_core.shell:Creating package script '/home/abdy/ros2_ws/install/my_py_pkg/share/my_py_pkg/package.sh'
[6.654s] INFO:colcon.colcon_core.shell:Creating package script '/home/abdy/ros2_ws/install/my_py_pkg/share/my_py_pkg/package.bash'
[6.656s] INFO:colcon.colcon_core.shell:Creating package script '/home/abdy/ros2_ws/install/my_py_pkg/share/my_py_pkg/package.zsh'
[6.658s] Level 1:colcon.colcon_core.environment:create_file_with_runtime_dependencies(/home/abdy/ros2_ws/install/my_py_pkg/share/colcon-core/packages/my_py_pkg)
[6.708s] Level 1:colcon.colcon_core.environment:checking '/home/abdy/ros2_ws/install/signal_processing' for CMake module files
[6.710s] DEBUG:colcon.colcon_core.event_handler.log_command:Invoked command in '/home/abdy/ros2_ws/src/signal_processing' returned '0': PYTHONPATH=/home/abdy/ros2_ws/build/signal_processing/prefix_override:/usr/lib/python3/dist-packages/colcon_core/task/python/colcon_distutils_commands:/home/abdy/ros2_ws/install/signal_processing/lib/python3.10/site-packages:${PYTHONPATH} /usr/bin/python3 -W ignore:setup.py install is deprecated -W ignore:easy_install command is deprecated setup.py egg_info --egg-base ../../build/signal_processing build --build-base /home/abdy/ros2_ws/build/signal_processing/build install --record /home/abdy/ros2_ws/build/signal_processing/install.log --single-version-externally-managed install_data
[6.713s] Level 1:colcon.colcon_core.environment:checking '/home/abdy/ros2_ws/install/signal_processing' for CMake config files
[6.715s] Level 1:colcon.colcon_core.environment:checking '/home/abdy/ros2_ws/install/signal_processing/lib'
[6.716s] Level 1:colcon.colcon_core.environment:checking '/home/abdy/ros2_ws/install/signal_processing/bin'
[6.716s] Level 1:colcon.colcon_core.environment:checking '/home/abdy/ros2_ws/install/signal_processing/lib/pkgconfig/signal_processing.pc'
[6.717s] Level 1:colcon.colcon_core.environment:checking '/home/abdy/ros2_ws/install/signal_processing/lib/python3.10/site-packages'
[6.717s] Level 1:colcon.colcon_core.shell:create_environment_hook('signal_processing', 'pythonpath')
[6.718s] INFO:colcon.colcon_core.shell:Creating environment hook '/home/abdy/ros2_ws/install/signal_processing/share/signal_processing/hook/pythonpath.ps1'
[6.720s] INFO:colcon.colcon_core.shell:Creating environment descriptor '/home/abdy/ros2_ws/install/signal_processing/share/signal_processing/hook/pythonpath.dsv'
[6.722s] INFO:colcon.colcon_core.shell:Creating environment hook '/home/abdy/ros2_ws/install/signal_processing/share/signal_processing/hook/pythonpath.sh'
[6.724s] Level 1:colcon.colcon_core.environment:checking '/home/abdy/ros2_ws/install/signal_processing/bin'
[6.725s] Level 1:colcon.colcon_core.environment:create_environment_scripts_only(signal_processing)
[6.726s] INFO:colcon.colcon_core.shell:Creating package script '/home/abdy/ros2_ws/install/signal_processing/share/signal_processing/package.ps1'
[6.728s] INFO:colcon.colcon_core.shell:Creating package descriptor '/home/abdy/ros2_ws/install/signal_processing/share/signal_processing/package.dsv'
[6.729s] INFO:colcon.colcon_core.shell:Creating package script '/home/abdy/ros2_ws/install/signal_processing/share/signal_processing/package.sh'
[6.731s] INFO:colcon.colcon_core.shell:Creating package script '/home/abdy/ros2_ws/install/signal_processing/share/signal_processing/package.bash'
[6.733s] INFO:colcon.colcon_core.shell:Creating package script '/home/abdy/ros2_ws/install/signal_processing/share/signal_processing/package.zsh'
[6.735s] Level 1:colcon.colcon_core.environment:create_file_with_runtime_dependencies(/home/abdy/ros2_ws/install/signal_processing/share/colcon-core/packages/signal_processing)
[6.860s] Level 1:colcon.colcon_core.environment:checking '/home/abdy/ros2_ws/install/basic_comms' for CMake module files
[6.863s] DEBUG:colcon.colcon_core.event_handler.log_command:Invoked command in '/home/abdy/ros2_ws/src/basic_comms' returned '0': PYTHONPATH=/home/abdy/ros2_ws/build/basic_comms/prefix_override:/usr/lib/python3/dist-packages/colcon_core/task/python/colcon_distutils_commands:/home/abdy/ros2_ws/install/basic_comms/lib/python3.10/site-packages:${PYTHONPATH} /usr/bin/python3 -W ignore:setup.py install is deprecated -W ignore:easy_install command is deprecated setup.py egg_info --egg-base ../../build/basic_comms build --build-base /home/abdy/ros2_ws/build/basic_comms/build install --record /home/abdy/ros2_ws/build/basic_comms/install.log --single-version-externally-managed install_data
[6.864s] Level 1:colcon.colcon_core.environment:checking '/home/abdy/ros2_ws/install/basic_comms' for CMake config files
[6.866s] Level 1:colcon.colcon_core.environment:checking '/home/abdy/ros2_ws/install/basic_comms/lib'
[6.867s] Level 1:colcon.colcon_core.environment:checking '/home/abdy/ros2_ws/install/basic_comms/bin'
[6.867s] Level 1:colcon.colcon_core.environment:checking '/home/abdy/ros2_ws/install/basic_comms/lib/pkgconfig/basic_comms.pc'
[6.868s] Level 1:colcon.colcon_core.environment:checking '/home/abdy/ros2_ws/install/basic_comms/lib/python3.10/site-packages'
[6.868s] Level 1:colcon.colcon_core.shell:create_environment_hook('basic_comms', 'pythonpath')
[6.869s] INFO:colcon.colcon_core.shell:Creating environment hook '/home/abdy/ros2_ws/install/basic_comms/share/basic_comms/hook/pythonpath.ps1'
[6.871s] INFO:colcon.colcon_core.shell:Creating environment descriptor '/home/abdy/ros2_ws/install/basic_comms/share/basic_comms/hook/pythonpath.dsv'
[6.872s] INFO:colcon.colcon_core.shell:Creating environment hook '/home/abdy/ros2_ws/install/basic_comms/share/basic_comms/hook/pythonpath.sh'
[6.875s] Level 1:colcon.colcon_core.environment:checking '/home/abdy/ros2_ws/install/basic_comms/bin'
[6.875s] Level 1:colcon.colcon_core.environment:create_environment_scripts_only(basic_comms)
[6.876s] INFO:colcon.colcon_core.shell:Creating package script '/home/abdy/ros2_ws/install/basic_comms/share/basic_comms/package.ps1'
[6.879s] INFO:colcon.colcon_core.shell:Creating package descriptor '/home/abdy/ros2_ws/install/basic_comms/share/basic_comms/package.dsv'
[6.883s] INFO:colcon.colcon_core.shell:Creating package script '/home/abdy/ros2_ws/install/basic_comms/share/basic_comms/package.sh'
[6.885s] INFO:colcon.colcon_core.shell:Creating package script '/home/abdy/ros2_ws/install/basic_comms/share/basic_comms/package.bash'
[6.886s] INFO:colcon.colcon_core.shell:Creating package script '/home/abdy/ros2_ws/install/basic_comms/share/basic_comms/package.zsh'
[6.888s] Level 1:colcon.colcon_core.environment:create_file_with_runtime_dependencies(/home/abdy/ros2_ws/install/basic_comms/share/colcon-core/packages/basic_comms)
[6.889s] DEBUG:colcon.colcon_parallel_executor.executor.parallel:closing loop
[6.891s] DEBUG:colcon.colcon_parallel_executor.executor.parallel:loop closed
[6.892s] DEBUG:colcon.colcon_parallel_executor.executor.parallel:run_until_complete finished with '0'
[6.893s] DEBUG:colcon.colcon_core.event_reactor:joining thread
[6.911s] INFO:colcon.colcon_core.plugin_system:Skipping extension 'colcon_notification.desktop_notification.terminal_notifier': Not used on non-Darwin systems
[6.911s] INFO:colcon.colcon_core.plugin_system:Skipping extension 'colcon_notification.desktop_notification.win32': Not used on non-Windows systems
[6.911s] INFO:colcon.colcon_notification.desktop_notification:Sending desktop notification using 'notify2'
[6.979s] DEBUG:colcon.colcon_core.event_reactor:joined thread
[6.980s] INFO:colcon.colcon_core.shell:Creating prefix script '/home/abdy/ros2_ws/install/local_setup.ps1'
[6.985s] INFO:colcon.colcon_core.shell:Creating prefix util module '/home/abdy/ros2_ws/install/_local_setup_util_ps1.py'
[6.990s] INFO:colcon.colcon_core.shell:Creating prefix chain script '/home/abdy/ros2_ws/install/setup.ps1'
[6.995s] INFO:colcon.colcon_core.shell:Creating prefix script '/home/abdy/ros2_ws/install/local_setup.sh'
[6.997s] INFO:colcon.colcon_core.shell:Creating prefix util module '/home/abdy/ros2_ws/install/_local_setup_util_sh.py'
[6.999s] INFO:colcon.colcon_core.shell:Creating prefix chain script '/home/abdy/ros2_ws/install/setup.sh'
[7.003s] INFO:colcon.colcon_core.shell:Creating prefix script '/home/abdy/ros2_ws/install/local_setup.bash'
[7.005s] INFO:colcon.colcon_core.shell:Creating prefix chain script '/home/abdy/ros2_ws/install/setup.bash'
[7.009s] INFO:colcon.colcon_core.shell:Creating prefix script '/home/abdy/ros2_ws/install/local_setup.zsh'
[7.011s] INFO:colcon.colcon_core.shell:Creating prefix chain script '/home/abdy/ros2_ws/install/setup.zsh'
