[0.204s] DEBUG:colcon:Command line arguments: ['/usr/bin/colcon', 'list', '-p', '--base-paths', '/home/abdy/ros2_ws']
[0.204s] DEBUG:colcon:Parsed command line arguments: Namespace(log_base=None, log_level=None, verb_name='list', build_base='build', ignore_user_meta=False, metas=['./colcon.meta'], base_paths=['/home/abdy/ros2_ws'], packages_ignore=None, packages_ignore_regex=None, paths=None, packages_up_to=None, packages_up_to_regex=None, packages_above=None, packages_above_and_dependencies=None, packages_above_depth=None, packages_select_by_dep=None, packages_skip_by_dep=None, packages_skip_up_to=None, packages_select_build_failed=False, packages_skip_build_finished=False, packages_select_test_failures=False, packages_skip_test_passed=False, packages_select=None, packages_skip=None, packages_select_regex=None, packages_skip_regex=None, packages_start=None, packages_end=None, allow_overriding=[], topological_order=False, names_only=False, paths_only=True, topological_graph=False, topological_graph_dot=False, topological_graph_density=False, topological_graph_legend=False, topological_graph_dot_cluster=False, topological_graph_dot_include_skipped=False, verb_parser=<colcon_defaults.argument_parser.defaults.DefaultArgumentsDecorator object at 0x76b9d9840880>, verb_extension=<colcon_package_information.verb.list.ListVerb object at 0x76b9d98079a0>, main=<bound method ListVerb.main of <colcon_package_information.verb.list.ListVerb object at 0x76b9d98079a0>>)
[0.559s] Level 1:colcon.colcon_core.package_discovery:discover_packages(colcon_meta) check parameters
[0.559s] Level 1:colcon.colcon_core.package_discovery:discover_packages(recursive) check parameters
[0.559s] Level 1:colcon.colcon_core.package_discovery:discover_packages(ignore) check parameters
[0.559s] Level 1:colcon.colcon_core.package_discovery:discover_packages(path) check parameters
[0.559s] Level 1:colcon.colcon_core.package_discovery:discover_packages(recursive) discover
[0.560s] INFO:colcon.colcon_core.package_discovery:Crawling recursively for packages in '/home/abdy/ros2_ws'
[0.560s] Level 1:colcon.colcon_core.package_identification:_identify(/home/abdy/ros2_ws) by extensions ['ignore', 'ignore_ament_install']
[0.560s] Level 1:colcon.colcon_core.package_identification:_identify(/home/abdy/ros2_ws) by extension 'ignore'
[0.560s] Level 1:colcon.colcon_core.package_identification:_identify(/home/abdy/ros2_ws) by extension 'ignore_ament_install'
[0.560s] Level 1:colcon.colcon_core.package_identification:_identify(/home/abdy/ros2_ws) by extensions ['colcon_pkg']
[0.560s] Level 1:colcon.colcon_core.package_identification:_identify(/home/abdy/ros2_ws) by extension 'colcon_pkg'
[0.561s] Level 1:colcon.colcon_core.package_identification:_identify(/home/abdy/ros2_ws) by extensions ['colcon_meta']
[0.561s] Level 1:colcon.colcon_core.package_identification:_identify(/home/abdy/ros2_ws) by extension 'colcon_meta'
[0.561s] Level 1:colcon.colcon_core.package_identification:_identify(/home/abdy/ros2_ws) by extensions ['ros']
[0.561s] Level 1:colcon.colcon_core.package_identification:_identify(/home/abdy/ros2_ws) by extension 'ros'
[0.579s] Level 1:colcon.colcon_core.package_identification:_identify(/home/abdy/ros2_ws) by extensions ['cmake', 'python']
[0.580s] Level 1:colcon.colcon_core.package_identification:_identify(/home/abdy/ros2_ws) by extension 'cmake'
[0.580s] Level 1:colcon.colcon_core.package_identification:_identify(/home/abdy/ros2_ws) by extension 'python'
[0.580s] Level 1:colcon.colcon_core.package_identification:_identify(/home/abdy/ros2_ws) by extensions ['python_setup_py']
[0.580s] Level 1:colcon.colcon_core.package_identification:_identify(/home/abdy/ros2_ws) by extension 'python_setup_py'
[0.580s] Level 1:colcon.colcon_core.package_identification:_identify(/home/abdy/ros2_ws/build) by extensions ['ignore', 'ignore_ament_install']
[0.580s] Level 1:colcon.colcon_core.package_identification:_identify(/home/abdy/ros2_ws/build) by extension 'ignore'
[0.580s] Level 1:colcon.colcon_core.package_identification:_identify(/home/abdy/ros2_ws/build) ignored
[0.581s] Level 1:colcon.colcon_core.package_identification:_identify(/home/abdy/ros2_ws/install) by extensions ['ignore', 'ignore_ament_install']
[0.581s] Level 1:colcon.colcon_core.package_identification:_identify(/home/abdy/ros2_ws/install) by extension 'ignore'
[0.581s] Level 1:colcon.colcon_core.package_identification:_identify(/home/abdy/ros2_ws/install) ignored
[0.581s] Level 1:colcon.colcon_core.package_identification:_identify(/home/abdy/ros2_ws/log) by extensions ['ignore', 'ignore_ament_install']
[0.581s] Level 1:colcon.colcon_core.package_identification:_identify(/home/abdy/ros2_ws/log) by extension 'ignore'
[0.581s] Level 1:colcon.colcon_core.package_identification:_identify(/home/abdy/ros2_ws/log) ignored
[0.581s] Level 1:colcon.colcon_core.package_identification:_identify(/home/abdy/ros2_ws/src) by extensions ['ignore', 'ignore_ament_install']
[0.581s] Level 1:colcon.colcon_core.package_identification:_identify(/home/abdy/ros2_ws/src) by extension 'ignore'
[0.581s] Level 1:colcon.colcon_core.package_identification:_identify(/home/abdy/ros2_ws/src) by extension 'ignore_ament_install'
[0.582s] Level 1:colcon.colcon_core.package_identification:_identify(/home/abdy/ros2_ws/src) by extensions ['colcon_pkg']
[0.582s] Level 1:colcon.colcon_core.package_identification:_identify(/home/abdy/ros2_ws/src) by extension 'colcon_pkg'
[0.582s] Level 1:colcon.colcon_core.package_identification:_identify(/home/abdy/ros2_ws/src) by extensions ['colcon_meta']
[0.582s] Level 1:colcon.colcon_core.package_identification:_identify(/home/abdy/ros2_ws/src) by extension 'colcon_meta'
[0.582s] Level 1:colcon.colcon_core.package_identification:_identify(/home/abdy/ros2_ws/src) by extensions ['ros']
[0.582s] Level 1:colcon.colcon_core.package_identification:_identify(/home/abdy/ros2_ws/src) by extension 'ros'
[0.582s] Level 1:colcon.colcon_core.package_identification:_identify(/home/abdy/ros2_ws/src) by extensions ['cmake', 'python']
[0.582s] Level 1:colcon.colcon_core.package_identification:_identify(/home/abdy/ros2_ws/src) by extension 'cmake'
[0.582s] Level 1:colcon.colcon_core.package_identification:_identify(/home/abdy/ros2_ws/src) by extension 'python'
[0.582s] Level 1:colcon.colcon_core.package_identification:_identify(/home/abdy/ros2_ws/src) by extensions ['python_setup_py']
[0.582s] Level 1:colcon.colcon_core.package_identification:_identify(/home/abdy/ros2_ws/src) by extension 'python_setup_py'
[0.582s] Level 1:colcon.colcon_core.package_identification:_identify(/home/abdy/ros2_ws/src/basic_comms) by extensions ['ignore', 'ignore_ament_install']
[0.582s] Level 1:colcon.colcon_core.package_identification:_identify(/home/abdy/ros2_ws/src/basic_comms) by extension 'ignore'
[0.582s] Level 1:colcon.colcon_core.package_identification:_identify(/home/abdy/ros2_ws/src/basic_comms) by extension 'ignore_ament_install'
[0.583s] Level 1:colcon.colcon_core.package_identification:_identify(/home/abdy/ros2_ws/src/basic_comms) by extensions ['colcon_pkg']
[0.583s] Level 1:colcon.colcon_core.package_identification:_identify(/home/abdy/ros2_ws/src/basic_comms) by extension 'colcon_pkg'
[0.583s] Level 1:colcon.colcon_core.package_identification:_identify(/home/abdy/ros2_ws/src/basic_comms) by extensions ['colcon_meta']
[0.583s] Level 1:colcon.colcon_core.package_identification:_identify(/home/abdy/ros2_ws/src/basic_comms) by extension 'colcon_meta'
[0.583s] Level 1:colcon.colcon_core.package_identification:_identify(/home/abdy/ros2_ws/src/basic_comms) by extensions ['ros']
[0.583s] Level 1:colcon.colcon_core.package_identification:_identify(/home/abdy/ros2_ws/src/basic_comms) by extension 'ros'
[0.586s] DEBUG:colcon.colcon_core.package_identification:Package '/home/abdy/ros2_ws/src/basic_comms' with type 'ros.ament_python' and name 'basic_comms'
[0.587s] Level 1:colcon.colcon_core.package_identification:_identify(/home/abdy/ros2_ws/src/my_py_pkg) by extensions ['ignore', 'ignore_ament_install']
[0.587s] Level 1:colcon.colcon_core.package_identification:_identify(/home/abdy/ros2_ws/src/my_py_pkg) by extension 'ignore'
[0.587s] Level 1:colcon.colcon_core.package_identification:_identify(/home/abdy/ros2_ws/src/my_py_pkg) by extension 'ignore_ament_install'
[0.587s] Level 1:colcon.colcon_core.package_identification:_identify(/home/abdy/ros2_ws/src/my_py_pkg) by extensions ['colcon_pkg']
[0.587s] Level 1:colcon.colcon_core.package_identification:_identify(/home/abdy/ros2_ws/src/my_py_pkg) by extension 'colcon_pkg'
[0.587s] Level 1:colcon.colcon_core.package_identification:_identify(/home/abdy/ros2_ws/src/my_py_pkg) by extensions ['colcon_meta']
[0.587s] Level 1:colcon.colcon_core.package_identification:_identify(/home/abdy/ros2_ws/src/my_py_pkg) by extension 'colcon_meta'
[0.587s] Level 1:colcon.colcon_core.package_identification:_identify(/home/abdy/ros2_ws/src/my_py_pkg) by extensions ['ros']
[0.587s] Level 1:colcon.colcon_core.package_identification:_identify(/home/abdy/ros2_ws/src/my_py_pkg) by extension 'ros'
[0.589s] DEBUG:colcon.colcon_core.package_identification:Package '/home/abdy/ros2_ws/src/my_py_pkg' with type 'ros.ament_python' and name 'my_py_pkg'
[0.590s] Level 1:colcon.colcon_core.package_identification:_identify(/home/abdy/ros2_ws/src/signal_processing) by extensions ['ignore', 'ignore_ament_install']
[0.590s] Level 1:colcon.colcon_core.package_identification:_identify(/home/abdy/ros2_ws/src/signal_processing) by extension 'ignore'
[0.590s] Level 1:colcon.colcon_core.package_identification:_identify(/home/abdy/ros2_ws/src/signal_processing) by extension 'ignore_ament_install'
[0.590s] Level 1:colcon.colcon_core.package_identification:_identify(/home/abdy/ros2_ws/src/signal_processing) by extensions ['colcon_pkg']
[0.591s] Level 1:colcon.colcon_core.package_identification:_identify(/home/abdy/ros2_ws/src/signal_processing) by extension 'colcon_pkg'
[0.591s] Level 1:colcon.colcon_core.package_identification:_identify(/home/abdy/ros2_ws/src/signal_processing) by extensions ['colcon_meta']
[0.591s] Level 1:colcon.colcon_core.package_identification:_identify(/home/abdy/ros2_ws/src/signal_processing) by extension 'colcon_meta'
[0.591s] Level 1:colcon.colcon_core.package_identification:_identify(/home/abdy/ros2_ws/src/signal_processing) by extensions ['ros']
[0.591s] Level 1:colcon.colcon_core.package_identification:_identify(/home/abdy/ros2_ws/src/signal_processing) by extension 'ros'
[0.592s] DEBUG:colcon.colcon_core.package_identification:Package '/home/abdy/ros2_ws/src/signal_processing' with type 'ros.ament_python' and name 'signal_processing'
[0.592s] Level 1:colcon.colcon_core.package_discovery:discover_packages(recursive) using defaults
